[0.014s] Invoking command in '/home/zihaoye/devel/workspace/build/pybind11': PS1=(myenv) \[\e]0;\u@\h: \w\a\]${debian_chroot:+($debian_chroot)}\[\033[01;32m\]\u@\h\[\033[00m\]:\[\033[01;34m\]\w\[\033[00m\]\$ /usr/bin/cmake --build /home/zihaoye/devel/workspace/build/pybind11 -- -j16 -l16
[0.066s] [  4%] Built target cross_module_gil_utils
[0.066s] [  8%] Built target cross_module_interleaved_error_already_set
[0.067s] [ 12%] Built target pybind11_cross_module_tests
[0.087s] [100%] Built target pybind11_tests
[0.240s] Invoked command in '/home/zihaoye/devel/workspace/build/pybind11' returned '0': PS1=(myenv) \[\e]0;\u@\h: \w\a\]${debian_chroot:+($debian_chroot)}\[\033[01;32m\]\u@\h\[\033[00m\]:\[\033[01;34m\]\w\[\033[00m\]\$ /usr/bin/cmake --build /home/zihaoye/devel/workspace/build/pybind11 -- -j16 -l16
[0.242s] Invoking command in '/home/zihaoye/devel/workspace/build/pybind11': PS1=(myenv) \[\e]0;\u@\h: \w\a\]${debian_chroot:+($debian_chroot)}\[\033[01;32m\]\u@\h\[\033[00m\]:\[\033[01;34m\]\w\[\033[00m\]\$ /usr/bin/cmake --install /home/zihaoye/devel/workspace/build/pybind11
[0.248s] -- Install configuration: "MinSizeRel"
[0.248s] -- Up-to-date: /home/zihaoye/devel/workspace/install/pybind11/include/pybind11
[0.248s] -- Up-to-date: /home/zihaoye/devel/workspace/install/pybind11/include/pybind11/stl.h
[0.248s] -- Up-to-date: /home/zihaoye/devel/workspace/install/pybind11/include/pybind11/embed.h
[0.249s] -- Up-to-date: /home/zihaoye/devel/workspace/install/pybind11/include/pybind11/detail
[0.249s] -- Up-to-date: /home/zihaoye/devel/workspace/install/pybind11/include/pybind11/detail/class.h
[0.249s] -- Up-to-date: /home/zihaoye/devel/workspace/install/pybind11/include/pybind11/detail/internals.h
[0.249s] -- Up-to-date: /home/zihaoye/devel/workspace/install/pybind11/include/pybind11/detail/init.h
[0.249s] -- Up-to-date: /home/zihaoye/devel/workspace/install/pybind11/include/pybind11/detail/common.h
[0.249s] -- Up-to-date: /home/zihaoye/devel/workspace/install/pybind11/include/pybind11/detail/type_caster_base.h
[0.249s] -- Up-to-date: /home/zihaoye/devel/workspace/install/pybind11/include/pybind11/detail/descr.h
[0.249s] -- Up-to-date: /home/zihaoye/devel/workspace/install/pybind11/include/pybind11/detail/typeid.h
[0.249s] -- Up-to-date: /home/zihaoye/devel/workspace/install/pybind11/include/pybind11/pytypes.h
[0.249s] -- Up-to-date: /home/zihaoye/devel/workspace/install/pybind11/include/pybind11/eval.h
[0.249s] -- Up-to-date: /home/zihaoye/devel/workspace/install/pybind11/include/pybind11/stl_bind.h
[0.249s] -- Up-to-date: /home/zihaoye/devel/workspace/install/pybind11/include/pybind11/numpy.h
[0.249s] -- Up-to-date: /home/zihaoye/devel/workspace/install/pybind11/include/pybind11/functional.h
[0.249s] -- Up-to-date: /home/zihaoye/devel/workspace/install/pybind11/include/pybind11/gil.h
[0.249s] -- Up-to-date: /home/zihaoye/devel/workspace/install/pybind11/include/pybind11/common.h
[0.249s] -- Up-to-date: /home/zihaoye/devel/workspace/install/pybind11/include/pybind11/options.h
[0.249s] -- Up-to-date: /home/zihaoye/devel/workspace/install/pybind11/include/pybind11/pybind11.h
[0.249s] -- Up-to-date: /home/zihaoye/devel/workspace/install/pybind11/include/pybind11/stl
[0.250s] -- Up-to-date: /home/zihaoye/devel/workspace/install/pybind11/include/pybind11/stl/filesystem.h
[0.250s] -- Up-to-date: /home/zihaoye/devel/workspace/install/pybind11/include/pybind11/attr.h
[0.250s] -- Up-to-date: /home/zihaoye/devel/workspace/install/pybind11/include/pybind11/iostream.h
[0.250s] -- Up-to-date: /home/zihaoye/devel/workspace/install/pybind11/include/pybind11/cast.h
[0.251s] -- Up-to-date: /home/zihaoye/devel/workspace/install/pybind11/include/pybind11/operators.h
[0.251s] -- Up-to-date: /home/zihaoye/devel/workspace/install/pybind11/include/pybind11/buffer_info.h
[0.252s] -- Up-to-date: /home/zihaoye/devel/workspace/install/pybind11/include/pybind11/eigen.h
[0.252s] -- Up-to-date: /home/zihaoye/devel/workspace/install/pybind11/include/pybind11/complex.h
[0.252s] -- Up-to-date: /home/zihaoye/devel/workspace/install/pybind11/include/pybind11/chrono.h
[0.252s] -- Up-to-date: /home/zihaoye/devel/workspace/install/pybind11/share/cmake/pybind11/pybind11Config.cmake
[0.253s] -- Up-to-date: /home/zihaoye/devel/workspace/install/pybind11/share/cmake/pybind11/pybind11ConfigVersion.cmake
[0.253s] -- Up-to-date: /home/zihaoye/devel/workspace/install/pybind11/share/cmake/pybind11/FindPythonLibsNew.cmake
[0.253s] -- Up-to-date: /home/zihaoye/devel/workspace/install/pybind11/share/cmake/pybind11/pybind11Common.cmake
[0.253s] -- Up-to-date: /home/zihaoye/devel/workspace/install/pybind11/share/cmake/pybind11/pybind11Tools.cmake
[0.254s] -- Up-to-date: /home/zihaoye/devel/workspace/install/pybind11/share/cmake/pybind11/pybind11NewTools.cmake
[0.254s] -- Up-to-date: /home/zihaoye/devel/workspace/install/pybind11/share/cmake/pybind11/pybind11Targets.cmake
[0.258s] Invoked command in '/home/zihaoye/devel/workspace/build/pybind11' returned '0': PS1=(myenv) \[\e]0;\u@\h: \w\a\]${debian_chroot:+($debian_chroot)}\[\033[01;32m\]\u@\h\[\033[00m\]:\[\033[01;34m\]\w\[\033[00m\]\$ /usr/bin/cmake --install /home/zihaoye/devel/workspace/build/pybind11
