[0.013s] Invoking command in '/home/zihaoye/devel/workspace/build/real_time_tools': CMAKE_MODULE_PATH=/home/zihaoye/devel/workspace/install/pybind11/share/cmake/pybind11 CMAKE_PREFIX_PATH=/home/zihaoye/devel/workspace/install/pybind11:/home/zihaoye/devel/workspace/install/mpi_cmake_modules:/home/zihaoye/devel/workspace/install/googletest-distribution:${CMAKE_PREFIX_PATH} PATH=/home/zihaoye/devel/workspace/install/mpi_cmake_modules/bin:${PATH} PS1=(myenv) \[\e]0;\u@\h: \w\a\]${debian_chroot:+($debian_chroot)}\[\033[01;32m\]\u@\h\[\033[00m\]:\[\033[01;34m\]\w\[\033[00m\]\$ PYTHONPATH=/home/zihaoye/devel/workspace/install/mpi_cmake_modules/lib/python3.8/site-packages:${PYTHONPATH} /usr/bin/cmake --build /home/zihaoye/devel/workspace/build/real_time_tools -- -j16 -l16
[0.049s] [ 31%] Built target real_time_tools
[0.068s] [ 37%] Built target demo_checkpoint_timer
[0.074s] [ 44%] Built target demo_thread
[0.075s] [ 51%] Built target demo_timing
[0.077s] [ 58%] Built target demo_spinner
[0.078s] [ 65%] Built target demo_realtime_check
[0.079s] [ 79%] Built target test_real_time_tools
[0.080s] [ 93%] Built target demo_usb_stream_imu_3DM_GX3_25
[0.081s] [ 93%] Built target demo_realtime_strict_check
[0.081s] [100%] Built target real_time_tools_cpp_bindings
[0.089s] Invoked command in '/home/zihaoye/devel/workspace/build/real_time_tools' returned '0': CMAKE_MODULE_PATH=/home/zihaoye/devel/workspace/install/pybind11/share/cmake/pybind11 CMAKE_PREFIX_PATH=/home/zihaoye/devel/workspace/install/pybind11:/home/zihaoye/devel/workspace/install/mpi_cmake_modules:/home/zihaoye/devel/workspace/install/googletest-distribution:${CMAKE_PREFIX_PATH} PATH=/home/zihaoye/devel/workspace/install/mpi_cmake_modules/bin:${PATH} PS1=(myenv) \[\e]0;\u@\h: \w\a\]${debian_chroot:+($debian_chroot)}\[\033[01;32m\]\u@\h\[\033[00m\]:\[\033[01;34m\]\w\[\033[00m\]\$ PYTHONPATH=/home/zihaoye/devel/workspace/install/mpi_cmake_modules/lib/python3.8/site-packages:${PYTHONPATH} /usr/bin/cmake --build /home/zihaoye/devel/workspace/build/real_time_tools -- -j16 -l16
[0.091s] Invoking command in '/home/zihaoye/devel/workspace/build/real_time_tools': CMAKE_MODULE_PATH=/home/zihaoye/devel/workspace/install/pybind11/share/cmake/pybind11 CMAKE_PREFIX_PATH=/home/zihaoye/devel/workspace/install/pybind11:/home/zihaoye/devel/workspace/install/mpi_cmake_modules:/home/zihaoye/devel/workspace/install/googletest-distribution:${CMAKE_PREFIX_PATH} PATH=/home/zihaoye/devel/workspace/install/mpi_cmake_modules/bin:${PATH} PS1=(myenv) \[\e]0;\u@\h: \w\a\]${debian_chroot:+($debian_chroot)}\[\033[01;32m\]\u@\h\[\033[00m\]:\[\033[01;34m\]\w\[\033[00m\]\$ PYTHONPATH=/home/zihaoye/devel/workspace/install/mpi_cmake_modules/lib/python3.8/site-packages:${PYTHONPATH} /usr/bin/cmake --install /home/zihaoye/devel/workspace/build/real_time_tools
[0.096s] -- Install configuration: ""
[0.096s] -- Up-to-date: /home/zihaoye/devel/workspace/install/real_time_tools/lib/python3.8/site-packages/real_time_tools_cpp_bindings.cpython-38-x86_64-linux-gnu.so
[0.097s] -- Up-to-date: /home/zihaoye/devel/workspace/install/real_time_tools/lib/python3.8/site-packages/real_time_tools/__init__.py
[0.097s] -- Up-to-date: /home/zihaoye/devel/workspace/install/real_time_tools/include
[0.097s] -- Up-to-date: /home/zihaoye/devel/workspace/install/real_time_tools/include/real_time_tools
[0.097s] -- Up-to-date: /home/zihaoye/devel/workspace/install/real_time_tools/include/real_time_tools/realtime_check.hpp
[0.097s] -- Up-to-date: /home/zihaoye/devel/workspace/install/real_time_tools/include/real_time_tools/timer.hpp
[0.097s] -- Up-to-date: /home/zihaoye/devel/workspace/install/real_time_tools/include/real_time_tools/thread.hpp
[0.097s] -- Up-to-date: /home/zihaoye/devel/workspace/install/real_time_tools/include/real_time_tools/usb_stream.hpp
[0.097s] -- Up-to-date: /home/zihaoye/devel/workspace/install/real_time_tools/include/real_time_tools/threadsafe
[0.097s] -- Up-to-date: /home/zihaoye/devel/workspace/install/real_time_tools/include/real_time_tools/threadsafe/threadsafe_object.hxx
[0.097s] -- Up-to-date: /home/zihaoye/devel/workspace/install/real_time_tools/include/real_time_tools/threadsafe/threadsafe_object.hpp
[0.097s] -- Up-to-date: /home/zihaoye/devel/workspace/install/real_time_tools/include/real_time_tools/process_manager.hpp
[0.097s] -- Up-to-date: /home/zihaoye/devel/workspace/install/real_time_tools/include/real_time_tools/mutex.hpp
[0.097s] -- Up-to-date: /home/zihaoye/devel/workspace/install/real_time_tools/include/real_time_tools/iostream.hpp
[0.097s] -- Up-to-date: /home/zihaoye/devel/workspace/install/real_time_tools/include/real_time_tools/spinner.hpp
[0.098s] -- Up-to-date: /home/zihaoye/devel/workspace/install/real_time_tools/include/real_time_tools/checkpoint_timer.hpp
[0.098s] -- Up-to-date: /home/zihaoye/devel/workspace/install/real_time_tools/include/real_time_tools/rt_mutex.hpp
[0.098s] -- Up-to-date: /home/zihaoye/devel/workspace/install/real_time_tools/include/real_time_tools/checkpoint_timer.hxx
[0.098s] -- Up-to-date: /home/zihaoye/devel/workspace/install/real_time_tools/include/real_time_tools/frequency_manager.hpp
[0.098s] -- Up-to-date: /home/zihaoye/devel/workspace/install/real_time_tools/lib/libreal_time_tools.so
[0.098s] -- Up-to-date: /home/zihaoye/devel/workspace/install/real_time_tools/bin/demo_realtime_check
[0.098s] -- Up-to-date: /home/zihaoye/devel/workspace/install/real_time_tools/bin/demo_realtime_strict_check
[0.098s] -- Up-to-date: /home/zihaoye/devel/workspace/install/real_time_tools/bin/demo_spinner
[0.098s] -- Up-to-date: /home/zihaoye/devel/workspace/install/real_time_tools/bin/demo_timing
[0.098s] -- Up-to-date: /home/zihaoye/devel/workspace/install/real_time_tools/bin/demo_thread
[0.098s] -- Up-to-date: /home/zihaoye/devel/workspace/install/real_time_tools/bin/demo_usb_stream_imu_3DM_GX3_25
[0.098s] -- Up-to-date: /home/zihaoye/devel/workspace/install/real_time_tools/bin/demo_checkpoint_timer
[0.098s] -- Up-to-date: /home/zihaoye/devel/workspace/install/real_time_tools/share/real_time_tools/cmake/real_time_toolsConfig.cmake
[0.098s] -- Up-to-date: /home/zihaoye/devel/workspace/install/real_time_tools/share/real_time_tools/cmake/real_time_toolsConfigVersion.cmake
[0.098s] -- Up-to-date: /home/zihaoye/devel/workspace/install/real_time_tools/share/real_time_tools/cmake/real_time_toolsTargets.cmake
[0.098s] -- Up-to-date: /home/zihaoye/devel/workspace/install/real_time_tools/share/real_time_tools/cmake/real_time_toolsTargets-noconfig.cmake
[0.100s] Invoked command in '/home/zihaoye/devel/workspace/build/real_time_tools' returned '0': CMAKE_MODULE_PATH=/home/zihaoye/devel/workspace/install/pybind11/share/cmake/pybind11 CMAKE_PREFIX_PATH=/home/zihaoye/devel/workspace/install/pybind11:/home/zihaoye/devel/workspace/install/mpi_cmake_modules:/home/zihaoye/devel/workspace/install/googletest-distribution:${CMAKE_PREFIX_PATH} PATH=/home/zihaoye/devel/workspace/install/mpi_cmake_modules/bin:${PATH} PS1=(myenv) \[\e]0;\u@\h: \w\a\]${debian_chroot:+($debian_chroot)}\[\033[01;32m\]\u@\h\[\033[00m\]:\[\033[01;34m\]\w\[\033[00m\]\$ PYTHONPATH=/home/zihaoye/devel/workspace/install/mpi_cmake_modules/lib/python3.8/site-packages:${PYTHONPATH} /usr/bin/cmake --install /home/zihaoye/devel/workspace/build/real_time_tools
