running egg_info
writing ../../build/bullet_utils/bullet_utils.egg-info/PKG-INFO
writing dependency_links to ../../build/bullet_utils/bullet_utils.egg-info/dependency_links.txt
writing entry points to ../../build/bullet_utils/bullet_utils.egg-info/entry_points.txt
writing requirements to ../../build/bullet_utils/bullet_utils.egg-info/requires.txt
writing top-level names to ../../build/bullet_utils/bullet_utils.egg-info/top_level.txt
reading manifest file '../../build/bullet_utils/bullet_utils.egg-info/SOURCES.txt'
writing manifest file '../../build/bullet_utils/bullet_utils.egg-info/SOURCES.txt'
running build
running build_py
The documentation is not being built as the mpi_cmake_modules is not found
running build_scripts
running install
running install_lib
running install_egg_info
removing '/home/zihaoye/devel/workspace/install/bullet_utils/lib/python3.8/site-packages/bullet_utils-1.0.0-py3.8.egg-info' (and everything under it)
Copying ../../build/bullet_utils/bullet_utils.egg-info to /home/zihaoye/devel/workspace/install/bullet_utils/lib/python3.8/site-packages/bullet_utils-1.0.0-py3.8.egg-info
running install_scripts
changing mode of /home/zihaoye/devel/workspace/install/bullet_utils/lib/bullet_utils/demo_simulate_a_robot.py to 775
writing list of installed files to '/home/zihaoye/devel/workspace/build/bullet_utils/install.log'
