-- The C compiler identification is GNU 9.4.0
-- The CXX compiler identification is GNU 9.4.0
-- Check for working C compiler: /usr/bin/cc
-- Check for working C compiler: /usr/bin/cc -- works
-- Detecting C compiler ABI info
-- Detecting C compiler ABI info - done
-- Detecting C compile features
-- Detecting C compile features - done
-- Check for working CXX compiler: /usr/bin/c++
-- Check for working CXX compiler: /usr/bin/c++ -- works
-- Detecting CXX compiler ABI info
-- Detecting CXX compiler ABI info - done
-- Detecting CXX compile features
-- Detecting CXX compile features - done
-- The OS type is non-real-time
-- Python version: Python 3.8.10

-- Found PythonInterp: /home/zihaoye/myenv/bin/python (found suitable version "3.8.10", minimum required is "3.6") 
-- Found PythonLibs: /usr/lib/x86_64-linux-gnu/libpython3.8.so
-- Performing Test HAS_FLTO
-- Performing Test HAS_FLTO - Success
-- Found pybind11: /home/zihaoye/devel/workspace/install/pybind11/include (found version "2.10.0")
-- Configuring incomplete, errors occurred!
See also "/home/zihaoye/devel/workspace/build/bolt/CMakeFiles/CMakeOutput.log".
