[  3%] [32m[1mLinking CXX shared library libreal_time_tools.so[0m
[ 31%] Built target real_time_tools
[35m[1mScanning dependencies of target demo_checkpoint_timer[0m
[35m[1mScanning dependencies of target real_time_tools_cpp_bindings[0m
[35m[1mScanning dependencies of target demo_thread[0m
[35m[1mScanning dependencies of target test_real_time_tools[0m
[35m[1mScanning dependencies of target demo_realtime_strict_check[0m
[35m[1mScanning dependencies of target demo_spinner[0m
[35m[1mScanning dependencies of target demo_usb_stream_imu_3DM_GX3_25[0m
[35m[1mScanning dependencies of target demo_realtime_check[0m
[35m[1mScanning dependencies of target demo_timing[0m
[ 34%] [32mBuilding CXX object CMakeFiles/demo_thread.dir/demos/demo_thread.cpp.o[0m
[ 37%] [32mBuilding CXX object CMakeFiles/test_real_time_tools.dir/tests/test_real_time_tools.cpp.o[0m
[ 44%] [32mBuilding CXX object CMakeFiles/test_real_time_tools.dir/tests/main.cpp.o[0m
[ 44%] [32mBuilding CXX object CMakeFiles/demo_checkpoint_timer.dir/demos/demo_checkpoint_timer.cpp.o[0m
[ 48%] [32mBuilding CXX object CMakeFiles/test_real_time_tools.dir/tests/threadsafe_object_test.cpp.o[0m
[ 51%] [32mBuilding CXX object CMakeFiles/real_time_tools_cpp_bindings.dir/srcpy/real_time_tools.cpp.o[0m
[ 55%] [32mBuilding CXX object CMakeFiles/demo_timing.dir/demos/demo_timing.cpp.o[0m
[ 58%] [32mBuilding CXX object CMakeFiles/demo_spinner.dir/demos/demo_spinner.cpp.o[0m
[ 62%] [32mBuilding CXX object CMakeFiles/demo_realtime_check.dir/demos/demo_realtime_check.cpp.o[0m
[ 65%] [32mBuilding CXX object CMakeFiles/demo_realtime_strict_check.dir/demos/demo_realtime_strict_check.cpp.o[0m
[ 68%] [32mBuilding CXX object CMakeFiles/demo_usb_stream_imu_3DM_GX3_25.dir/demos/demo_usb_stream_imu_3DM_GX3_25.cpp.o[0m
[ 72%] [32m[1mLinking CXX executable demo_spinner[0m
[ 75%] [32m[1mLinking CXX executable demo_checkpoint_timer[0m
[ 75%] Built target demo_spinner
[ 75%] Built target demo_checkpoint_timer
[ 79%] [32m[1mLinking CXX executable demo_realtime_strict_check[0m
[ 79%] Built target demo_realtime_strict_check
[ 82%] [32m[1mLinking CXX executable demo_timing[0m
[ 86%] [32m[1mLinking CXX executable demo_thread[0m
[ 86%] Built target demo_timing
[ 86%] Built target demo_thread
[ 89%] [32m[1mLinking CXX executable demo_usb_stream_imu_3DM_GX3_25[0m
[ 93%] [32m[1mLinking CXX executable demo_realtime_check[0m
[ 93%] Built target demo_usb_stream_imu_3DM_GX3_25
[ 93%] Built target demo_realtime_check
[ 96%] [32m[1mLinking CXX executable test_real_time_tools[0m
[ 96%] Built target test_real_time_tools
[100%] [32m[1mLinking CXX shared module real_time_tools_cpp_bindings.cpython-38-x86_64-linux-gnu.so[0m
[100%] Built target real_time_tools_cpp_bindings
-- Install configuration: ""
-- Installing: /home/zihaoye/devel/workspace/install/real_time_tools/lib/python3.8/site-packages/real_time_tools_cpp_bindings.cpython-38-x86_64-linux-gnu.so
-- Set runtime path of "/home/zihaoye/devel/workspace/install/real_time_tools/lib/python3.8/site-packages/real_time_tools_cpp_bindings.cpython-38-x86_64-linux-gnu.so" to "/home/zihaoye/devel/workspace/install/real_time_tools/lib:/home/zihaoye/devel/workspace/install/real_time_tools/lib/dynamic_graph_plugins"
-- Installing: /home/zihaoye/devel/workspace/install/real_time_tools/lib/python3.8/site-packages/real_time_tools/__init__.py
-- Installing: /home/zihaoye/devel/workspace/install/real_time_tools/include
-- Installing: /home/zihaoye/devel/workspace/install/real_time_tools/include/real_time_tools
-- Installing: /home/zihaoye/devel/workspace/install/real_time_tools/include/real_time_tools/realtime_check.hpp
-- Installing: /home/zihaoye/devel/workspace/install/real_time_tools/include/real_time_tools/timer.hpp
-- Installing: /home/zihaoye/devel/workspace/install/real_time_tools/include/real_time_tools/thread.hpp
-- Installing: /home/zihaoye/devel/workspace/install/real_time_tools/include/real_time_tools/usb_stream.hpp
-- Installing: /home/zihaoye/devel/workspace/install/real_time_tools/include/real_time_tools/threadsafe
-- Installing: /home/zihaoye/devel/workspace/install/real_time_tools/include/real_time_tools/threadsafe/threadsafe_object.hxx
-- Installing: /home/zihaoye/devel/workspace/install/real_time_tools/include/real_time_tools/threadsafe/threadsafe_object.hpp
-- Installing: /home/zihaoye/devel/workspace/install/real_time_tools/include/real_time_tools/process_manager.hpp
-- Installing: /home/zihaoye/devel/workspace/install/real_time_tools/include/real_time_tools/mutex.hpp
-- Installing: /home/zihaoye/devel/workspace/install/real_time_tools/include/real_time_tools/iostream.hpp
-- Installing: /home/zihaoye/devel/workspace/install/real_time_tools/include/real_time_tools/spinner.hpp
-- Installing: /home/zihaoye/devel/workspace/install/real_time_tools/include/real_time_tools/checkpoint_timer.hpp
-- Installing: /home/zihaoye/devel/workspace/install/real_time_tools/include/real_time_tools/rt_mutex.hpp
-- Installing: /home/zihaoye/devel/workspace/install/real_time_tools/include/real_time_tools/checkpoint_timer.hxx
-- Installing: /home/zihaoye/devel/workspace/install/real_time_tools/include/real_time_tools/frequency_manager.hpp
-- Installing: /home/zihaoye/devel/workspace/install/real_time_tools/lib/libreal_time_tools.so
-- Set runtime path of "/home/zihaoye/devel/workspace/install/real_time_tools/lib/libreal_time_tools.so" to "/home/zihaoye/devel/workspace/install/real_time_tools/lib:/home/zihaoye/devel/workspace/install/real_time_tools/lib/dynamic_graph_plugins"
-- Installing: /home/zihaoye/devel/workspace/install/real_time_tools/bin/demo_realtime_check
-- Set runtime path of "/home/zihaoye/devel/workspace/install/real_time_tools/bin/demo_realtime_check" to "/home/zihaoye/devel/workspace/install/real_time_tools/lib:/home/zihaoye/devel/workspace/install/real_time_tools/lib/dynamic_graph_plugins"
-- Installing: /home/zihaoye/devel/workspace/install/real_time_tools/bin/demo_realtime_strict_check
-- Set runtime path of "/home/zihaoye/devel/workspace/install/real_time_tools/bin/demo_realtime_strict_check" to "/home/zihaoye/devel/workspace/install/real_time_tools/lib:/home/zihaoye/devel/workspace/install/real_time_tools/lib/dynamic_graph_plugins"
-- Installing: /home/zihaoye/devel/workspace/install/real_time_tools/bin/demo_spinner
-- Set runtime path of "/home/zihaoye/devel/workspace/install/real_time_tools/bin/demo_spinner" to "/home/zihaoye/devel/workspace/install/real_time_tools/lib:/home/zihaoye/devel/workspace/install/real_time_tools/lib/dynamic_graph_plugins"
-- Installing: /home/zihaoye/devel/workspace/install/real_time_tools/bin/demo_timing
-- Set runtime path of "/home/zihaoye/devel/workspace/install/real_time_tools/bin/demo_timing" to "/home/zihaoye/devel/workspace/install/real_time_tools/lib:/home/zihaoye/devel/workspace/install/real_time_tools/lib/dynamic_graph_plugins"
-- Installing: /home/zihaoye/devel/workspace/install/real_time_tools/bin/demo_thread
-- Set runtime path of "/home/zihaoye/devel/workspace/install/real_time_tools/bin/demo_thread" to "/home/zihaoye/devel/workspace/install/real_time_tools/lib:/home/zihaoye/devel/workspace/install/real_time_tools/lib/dynamic_graph_plugins"
-- Installing: /home/zihaoye/devel/workspace/install/real_time_tools/bin/demo_usb_stream_imu_3DM_GX3_25
-- Set runtime path of "/home/zihaoye/devel/workspace/install/real_time_tools/bin/demo_usb_stream_imu_3DM_GX3_25" to "/home/zihaoye/devel/workspace/install/real_time_tools/lib:/home/zihaoye/devel/workspace/install/real_time_tools/lib/dynamic_graph_plugins"
-- Installing: /home/zihaoye/devel/workspace/install/real_time_tools/bin/demo_checkpoint_timer
-- Set runtime path of "/home/zihaoye/devel/workspace/install/real_time_tools/bin/demo_checkpoint_timer" to "/home/zihaoye/devel/workspace/install/real_time_tools/lib:/home/zihaoye/devel/workspace/install/real_time_tools/lib/dynamic_graph_plugins"
-- Installing: /home/zihaoye/devel/workspace/install/real_time_tools/share/real_time_tools/cmake/real_time_toolsConfig.cmake
-- Installing: /home/zihaoye/devel/workspace/install/real_time_tools/share/real_time_tools/cmake/real_time_toolsConfigVersion.cmake
-- Installing: /home/zihaoye/devel/workspace/install/real_time_tools/share/real_time_tools/cmake/real_time_toolsTargets.cmake
-- Installing: /home/zihaoye/devel/workspace/install/real_time_tools/share/real_time_tools/cmake/real_time_toolsTargets-noconfig.cmake
