[0.011s] Invoking command in '/home/zihaoye/devel/workspace/build/real_time_tools': CMAKE_MODULE_PATH=/home/zihaoye/devel/workspace/install/pybind11/share/cmake/pybind11 CMAKE_PREFIX_PATH=/home/zihaoye/devel/workspace/install/pybind11:/home/zihaoye/devel/workspace/install/mpi_cmake_modules:/home/zihaoye/devel/workspace/install/googletest-distribution:${CMAKE_PREFIX_PATH} PATH=/home/zihaoye/devel/workspace/install/mpi_cmake_modules/bin:${PATH} PS1=(myenv) \[\e]0;\u@\h: \w\a\]${debian_chroot:+($debian_chroot)}\[\033[01;32m\]\u@\h\[\033[00m\]:\[\033[01;34m\]\w\[\033[00m\]\$ PYTHONPATH=/home/zihaoye/devel/workspace/install/mpi_cmake_modules/lib/python3.8/site-packages:${PYTHONPATH} /usr/bin/cmake --build /home/zihaoye/devel/workspace/build/real_time_tools -- -j16 -l16
[0.048s] [  3%] [32m[1mLinking CXX shared library libreal_time_tools.so[0m
[0.115s] [ 31%] Built target real_time_tools
[0.123s] [35m[1mScanning dependencies of target demo_checkpoint_timer[0m
[0.123s] [35m[1mScanning dependencies of target real_time_tools_cpp_bindings[0m
[0.123s] [35m[1mScanning dependencies of target demo_thread[0m
[0.123s] [35m[1mScanning dependencies of target test_real_time_tools[0m
[0.129s] [35m[1mScanning dependencies of target demo_realtime_strict_check[0m
[0.129s] [35m[1mScanning dependencies of target demo_spinner[0m
[0.129s] [35m[1mScanning dependencies of target demo_usb_stream_imu_3DM_GX3_25[0m
[0.129s] [35m[1mScanning dependencies of target demo_realtime_check[0m
[0.129s] [35m[1mScanning dependencies of target demo_timing[0m
[0.133s] [ 34%] [32mBuilding CXX object CMakeFiles/demo_thread.dir/demos/demo_thread.cpp.o[0m
[0.135s] [ 37%] [32mBuilding CXX object CMakeFiles/test_real_time_tools.dir/tests/test_real_time_tools.cpp.o[0m
[0.135s] [ 44%] [32mBuilding CXX object CMakeFiles/test_real_time_tools.dir/tests/main.cpp.o[0m
[0.135s] [ 44%] [32mBuilding CXX object CMakeFiles/demo_checkpoint_timer.dir/demos/demo_checkpoint_timer.cpp.o[0m
[0.136s] [ 48%] [32mBuilding CXX object CMakeFiles/test_real_time_tools.dir/tests/threadsafe_object_test.cpp.o[0m
[0.139s] [ 51%] [32mBuilding CXX object CMakeFiles/real_time_tools_cpp_bindings.dir/srcpy/real_time_tools.cpp.o[0m
[0.140s] [ 55%] [32mBuilding CXX object CMakeFiles/demo_timing.dir/demos/demo_timing.cpp.o[0m
[0.142s] [ 58%] [32mBuilding CXX object CMakeFiles/demo_spinner.dir/demos/demo_spinner.cpp.o[0m
[0.143s] [ 62%] [32mBuilding CXX object CMakeFiles/demo_realtime_check.dir/demos/demo_realtime_check.cpp.o[0m
[0.143s] [ 65%] [32mBuilding CXX object CMakeFiles/demo_realtime_strict_check.dir/demos/demo_realtime_strict_check.cpp.o[0m
[0.147s] [ 68%] [32mBuilding CXX object CMakeFiles/demo_usb_stream_imu_3DM_GX3_25.dir/demos/demo_usb_stream_imu_3DM_GX3_25.cpp.o[0m
[0.792s] [ 72%] [32m[1mLinking CXX executable demo_spinner[0m
[0.794s] [ 75%] [32m[1mLinking CXX executable demo_checkpoint_timer[0m
[0.874s] [ 75%] Built target demo_spinner
[0.880s] [ 75%] Built target demo_checkpoint_timer
[0.912s] [ 79%] [32m[1mLinking CXX executable demo_realtime_strict_check[0m
[1.015s] [ 79%] Built target demo_realtime_strict_check
[1.164s] [ 82%] [32m[1mLinking CXX executable demo_timing[0m
[1.167s] [ 86%] [32m[1mLinking CXX executable demo_thread[0m
[1.247s] [ 86%] Built target demo_timing
[1.251s] [ 86%] Built target demo_thread
[1.426s] [ 89%] [32m[1mLinking CXX executable demo_usb_stream_imu_3DM_GX3_25[0m
[1.437s] [ 93%] [32m[1mLinking CXX executable demo_realtime_check[0m
[1.495s] [ 93%] Built target demo_usb_stream_imu_3DM_GX3_25
[1.524s] [ 93%] Built target demo_realtime_check
[1.749s] [ 96%] [32m[1mLinking CXX executable test_real_time_tools[0m
[1.857s] [ 96%] Built target test_real_time_tools
[2.452s] [100%] [32m[1mLinking CXX shared module real_time_tools_cpp_bindings.cpython-38-x86_64-linux-gnu.so[0m
[2.532s] [100%] Built target real_time_tools_cpp_bindings
[2.542s] Invoked command in '/home/zihaoye/devel/workspace/build/real_time_tools' returned '0': CMAKE_MODULE_PATH=/home/zihaoye/devel/workspace/install/pybind11/share/cmake/pybind11 CMAKE_PREFIX_PATH=/home/zihaoye/devel/workspace/install/pybind11:/home/zihaoye/devel/workspace/install/mpi_cmake_modules:/home/zihaoye/devel/workspace/install/googletest-distribution:${CMAKE_PREFIX_PATH} PATH=/home/zihaoye/devel/workspace/install/mpi_cmake_modules/bin:${PATH} PS1=(myenv) \[\e]0;\u@\h: \w\a\]${debian_chroot:+($debian_chroot)}\[\033[01;32m\]\u@\h\[\033[00m\]:\[\033[01;34m\]\w\[\033[00m\]\$ PYTHONPATH=/home/zihaoye/devel/workspace/install/mpi_cmake_modules/lib/python3.8/site-packages:${PYTHONPATH} /usr/bin/cmake --build /home/zihaoye/devel/workspace/build/real_time_tools -- -j16 -l16
[2.550s] Invoking command in '/home/zihaoye/devel/workspace/build/real_time_tools': CMAKE_MODULE_PATH=/home/zihaoye/devel/workspace/install/pybind11/share/cmake/pybind11 CMAKE_PREFIX_PATH=/home/zihaoye/devel/workspace/install/pybind11:/home/zihaoye/devel/workspace/install/mpi_cmake_modules:/home/zihaoye/devel/workspace/install/googletest-distribution:${CMAKE_PREFIX_PATH} PATH=/home/zihaoye/devel/workspace/install/mpi_cmake_modules/bin:${PATH} PS1=(myenv) \[\e]0;\u@\h: \w\a\]${debian_chroot:+($debian_chroot)}\[\033[01;32m\]\u@\h\[\033[00m\]:\[\033[01;34m\]\w\[\033[00m\]\$ PYTHONPATH=/home/zihaoye/devel/workspace/install/mpi_cmake_modules/lib/python3.8/site-packages:${PYTHONPATH} /usr/bin/cmake --install /home/zihaoye/devel/workspace/build/real_time_tools
[2.555s] -- Install configuration: ""
[2.555s] -- Installing: /home/zihaoye/devel/workspace/install/real_time_tools/lib/python3.8/site-packages/real_time_tools_cpp_bindings.cpython-38-x86_64-linux-gnu.so
[2.556s] -- Set runtime path of "/home/zihaoye/devel/workspace/install/real_time_tools/lib/python3.8/site-packages/real_time_tools_cpp_bindings.cpython-38-x86_64-linux-gnu.so" to "/home/zihaoye/devel/workspace/install/real_time_tools/lib:/home/zihaoye/devel/workspace/install/real_time_tools/lib/dynamic_graph_plugins"
[2.556s] -- Installing: /home/zihaoye/devel/workspace/install/real_time_tools/lib/python3.8/site-packages/real_time_tools/__init__.py
[2.556s] -- Installing: /home/zihaoye/devel/workspace/install/real_time_tools/include
[2.556s] -- Installing: /home/zihaoye/devel/workspace/install/real_time_tools/include/real_time_tools
[2.556s] -- Installing: /home/zihaoye/devel/workspace/install/real_time_tools/include/real_time_tools/realtime_check.hpp
[2.556s] -- Installing: /home/zihaoye/devel/workspace/install/real_time_tools/include/real_time_tools/timer.hpp
[2.556s] -- Installing: /home/zihaoye/devel/workspace/install/real_time_tools/include/real_time_tools/thread.hpp
[2.556s] -- Installing: /home/zihaoye/devel/workspace/install/real_time_tools/include/real_time_tools/usb_stream.hpp
[2.556s] -- Installing: /home/zihaoye/devel/workspace/install/real_time_tools/include/real_time_tools/threadsafe
[2.556s] -- Installing: /home/zihaoye/devel/workspace/install/real_time_tools/include/real_time_tools/threadsafe/threadsafe_object.hxx
[2.557s] -- Installing: /home/zihaoye/devel/workspace/install/real_time_tools/include/real_time_tools/threadsafe/threadsafe_object.hpp
[2.557s] -- Installing: /home/zihaoye/devel/workspace/install/real_time_tools/include/real_time_tools/process_manager.hpp
[2.557s] -- Installing: /home/zihaoye/devel/workspace/install/real_time_tools/include/real_time_tools/mutex.hpp
[2.557s] -- Installing: /home/zihaoye/devel/workspace/install/real_time_tools/include/real_time_tools/iostream.hpp
[2.557s] -- Installing: /home/zihaoye/devel/workspace/install/real_time_tools/include/real_time_tools/spinner.hpp
[2.557s] -- Installing: /home/zihaoye/devel/workspace/install/real_time_tools/include/real_time_tools/checkpoint_timer.hpp
[2.557s] -- Installing: /home/zihaoye/devel/workspace/install/real_time_tools/include/real_time_tools/rt_mutex.hpp
[2.557s] -- Installing: /home/zihaoye/devel/workspace/install/real_time_tools/include/real_time_tools/checkpoint_timer.hxx
[2.557s] -- Installing: /home/zihaoye/devel/workspace/install/real_time_tools/include/real_time_tools/frequency_manager.hpp
[2.557s] -- Installing: /home/zihaoye/devel/workspace/install/real_time_tools/lib/libreal_time_tools.so
[2.557s] -- Set runtime path of "/home/zihaoye/devel/workspace/install/real_time_tools/lib/libreal_time_tools.so" to "/home/zihaoye/devel/workspace/install/real_time_tools/lib:/home/zihaoye/devel/workspace/install/real_time_tools/lib/dynamic_graph_plugins"
[2.557s] -- Installing: /home/zihaoye/devel/workspace/install/real_time_tools/bin/demo_realtime_check
[2.557s] -- Set runtime path of "/home/zihaoye/devel/workspace/install/real_time_tools/bin/demo_realtime_check" to "/home/zihaoye/devel/workspace/install/real_time_tools/lib:/home/zihaoye/devel/workspace/install/real_time_tools/lib/dynamic_graph_plugins"
[2.557s] -- Installing: /home/zihaoye/devel/workspace/install/real_time_tools/bin/demo_realtime_strict_check
[2.558s] -- Set runtime path of "/home/zihaoye/devel/workspace/install/real_time_tools/bin/demo_realtime_strict_check" to "/home/zihaoye/devel/workspace/install/real_time_tools/lib:/home/zihaoye/devel/workspace/install/real_time_tools/lib/dynamic_graph_plugins"
[2.558s] -- Installing: /home/zihaoye/devel/workspace/install/real_time_tools/bin/demo_spinner
[2.558s] -- Set runtime path of "/home/zihaoye/devel/workspace/install/real_time_tools/bin/demo_spinner" to "/home/zihaoye/devel/workspace/install/real_time_tools/lib:/home/zihaoye/devel/workspace/install/real_time_tools/lib/dynamic_graph_plugins"
[2.558s] -- Installing: /home/zihaoye/devel/workspace/install/real_time_tools/bin/demo_timing
[2.558s] -- Set runtime path of "/home/zihaoye/devel/workspace/install/real_time_tools/bin/demo_timing" to "/home/zihaoye/devel/workspace/install/real_time_tools/lib:/home/zihaoye/devel/workspace/install/real_time_tools/lib/dynamic_graph_plugins"
[2.558s] -- Installing: /home/zihaoye/devel/workspace/install/real_time_tools/bin/demo_thread
[2.558s] -- Set runtime path of "/home/zihaoye/devel/workspace/install/real_time_tools/bin/demo_thread" to "/home/zihaoye/devel/workspace/install/real_time_tools/lib:/home/zihaoye/devel/workspace/install/real_time_tools/lib/dynamic_graph_plugins"
[2.558s] -- Installing: /home/zihaoye/devel/workspace/install/real_time_tools/bin/demo_usb_stream_imu_3DM_GX3_25
[2.558s] -- Set runtime path of "/home/zihaoye/devel/workspace/install/real_time_tools/bin/demo_usb_stream_imu_3DM_GX3_25" to "/home/zihaoye/devel/workspace/install/real_time_tools/lib:/home/zihaoye/devel/workspace/install/real_time_tools/lib/dynamic_graph_plugins"
[2.558s] -- Installing: /home/zihaoye/devel/workspace/install/real_time_tools/bin/demo_checkpoint_timer
[2.558s] -- Set runtime path of "/home/zihaoye/devel/workspace/install/real_time_tools/bin/demo_checkpoint_timer" to "/home/zihaoye/devel/workspace/install/real_time_tools/lib:/home/zihaoye/devel/workspace/install/real_time_tools/lib/dynamic_graph_plugins"
[2.558s] -- Installing: /home/zihaoye/devel/workspace/install/real_time_tools/share/real_time_tools/cmake/real_time_toolsConfig.cmake
[2.558s] -- Installing: /home/zihaoye/devel/workspace/install/real_time_tools/share/real_time_tools/cmake/real_time_toolsConfigVersion.cmake
[2.558s] -- Installing: /home/zihaoye/devel/workspace/install/real_time_tools/share/real_time_tools/cmake/real_time_toolsTargets.cmake
[2.558s] -- Installing: /home/zihaoye/devel/workspace/install/real_time_tools/share/real_time_tools/cmake/real_time_toolsTargets-noconfig.cmake
[2.559s] Invoked command in '/home/zihaoye/devel/workspace/build/real_time_tools' returned '0': CMAKE_MODULE_PATH=/home/zihaoye/devel/workspace/install/pybind11/share/cmake/pybind11 CMAKE_PREFIX_PATH=/home/zihaoye/devel/workspace/install/pybind11:/home/zihaoye/devel/workspace/install/mpi_cmake_modules:/home/zihaoye/devel/workspace/install/googletest-distribution:${CMAKE_PREFIX_PATH} PATH=/home/zihaoye/devel/workspace/install/mpi_cmake_modules/bin:${PATH} PS1=(myenv) \[\e]0;\u@\h: \w\a\]${debian_chroot:+($debian_chroot)}\[\033[01;32m\]\u@\h\[\033[00m\]:\[\033[01;34m\]\w\[\033[00m\]\$ PYTHONPATH=/home/zihaoye/devel/workspace/install/mpi_cmake_modules/lib/python3.8/site-packages:${PYTHONPATH} /usr/bin/cmake --install /home/zihaoye/devel/workspace/build/real_time_tools
