/home/zihaoye/devel/workspace/install/robot_properties_bolt/lib/python3.8/site-packages/robot_properties_bolt/__init__.py
/home/zihaoye/devel/workspace/install/robot_properties_bolt/lib/python3.8/site-packages/robot_properties_bolt/bolt_wrapper.py
/home/zihaoye/devel/workspace/install/robot_properties_bolt/lib/python3.8/site-packages/robot_properties_bolt/bolt_humanoid_wrapper.py
/home/zihaoye/devel/workspace/install/robot_properties_bolt/lib/python3.8/site-packages/robot_properties_bolt/config.py
/home/zihaoye/devel/workspace/install/robot_properties_bolt/lib/python3.8/site-packages/robot_properties_bolt/gepetto_gui_loader.py
/home/zihaoye/devel/workspace/install/robot_properties_bolt/lib/python3.8/site-packages/robot_properties_bolt/resources.py
/home/zihaoye/devel/workspace/install/robot_properties_bolt/lib/python3.8/site-packages/robot_properties_bolt/resources/impedance_ctrl.yaml
/home/zihaoye/devel/workspace/install/robot_properties_bolt/lib/python3.8/site-packages/robot_properties_bolt/resources/odri_control_interface/bolt_driver.yaml
/home/zihaoye/devel/workspace/install/robot_properties_bolt/lib/python3.8/site-packages/robot_properties_bolt/resources/odri_control_interface/bolt_humanoid_driver.yaml
/home/zihaoye/devel/workspace/install/robot_properties_bolt/lib/python3.8/site-packages/robot_properties_bolt/resources/xacro/bolt_humanoid.urdf.xacro
/home/zihaoye/devel/workspace/install/robot_properties_bolt/lib/python3.8/site-packages/robot_properties_bolt/resources/xacro/bolt_humanoid.xacro
/home/zihaoye/devel/workspace/install/robot_properties_bolt/lib/python3.8/site-packages/robot_properties_bolt/resources/xacro/bolt.xacro
/home/zihaoye/devel/workspace/install/robot_properties_bolt/lib/python3.8/site-packages/robot_properties_bolt/resources/xacro/plane_with_restitution.urdf.xacro
/home/zihaoye/devel/workspace/install/robot_properties_bolt/lib/python3.8/site-packages/robot_properties_bolt/resources/xacro/arm.xacro
/home/zihaoye/devel/workspace/install/robot_properties_bolt/lib/python3.8/site-packages/robot_properties_bolt/resources/xacro/leg.xacro
/home/zihaoye/devel/workspace/install/robot_properties_bolt/lib/python3.8/site-packages/robot_properties_bolt/resources/xacro/bolt.urdf.xacro
/home/zihaoye/devel/workspace/install/robot_properties_bolt/lib/python3.8/site-packages/robot_properties_bolt/resources/xacro/bolt_passive_ankle.urdf.xacro
/home/zihaoye/devel/workspace/install/robot_properties_bolt/lib/python3.8/site-packages/robot_properties_bolt/resources/xacro/upper_body.xacro
/home/zihaoye/devel/workspace/install/robot_properties_bolt/lib/python3.8/site-packages/robot_properties_bolt/resources/meshes/plane.mtl
/home/zihaoye/devel/workspace/install/robot_properties_bolt/lib/python3.8/site-packages/robot_properties_bolt/resources/meshes/checker_blue.png
/home/zihaoye/devel/workspace/install/robot_properties_bolt/lib/python3.8/site-packages/robot_properties_bolt/resources/meshes/plane.obj
/home/zihaoye/devel/workspace/install/robot_properties_bolt/lib/python3.8/site-packages/robot_properties_bolt/resources/meshes/stl/lower_leg_200mm_left_side.stl
/home/zihaoye/devel/workspace/install/robot_properties_bolt/lib/python3.8/site-packages/robot_properties_bolt/resources/meshes/stl/lower_leg_200mm_right_side.stl
/home/zihaoye/devel/workspace/install/robot_properties_bolt/lib/python3.8/site-packages/robot_properties_bolt/resources/meshes/stl/bolt_trunk.stl
/home/zihaoye/devel/workspace/install/robot_properties_bolt/lib/python3.8/site-packages/robot_properties_bolt/resources/meshes/stl/upper_leg_200mm_right_side.stl
/home/zihaoye/devel/workspace/install/robot_properties_bolt/lib/python3.8/site-packages/robot_properties_bolt/resources/meshes/stl/bolt_upper_leg_left_side.stl
/home/zihaoye/devel/workspace/install/robot_properties_bolt/lib/python3.8/site-packages/robot_properties_bolt/resources/meshes/stl/bolt_hip_fe_right_side.stl
/home/zihaoye/devel/workspace/install/robot_properties_bolt/lib/python3.8/site-packages/robot_properties_bolt/resources/meshes/stl/upper_leg_200mm_left_side.stl
/home/zihaoye/devel/workspace/install/robot_properties_bolt/lib/python3.8/site-packages/robot_properties_bolt/resources/meshes/stl/bolt_shoulder_fe_left_side.stl
/home/zihaoye/devel/workspace/install/robot_properties_bolt/lib/python3.8/site-packages/robot_properties_bolt/resources/meshes/stl/bolt_foot.stl
/home/zihaoye/devel/workspace/install/robot_properties_bolt/lib/python3.8/site-packages/robot_properties_bolt/resources/meshes/stl/bolt_lower_leg_left_side.stl
/home/zihaoye/devel/workspace/install/robot_properties_bolt/lib/python3.8/site-packages/robot_properties_bolt/resources/meshes/stl/bolt_body.stl
/home/zihaoye/devel/workspace/install/robot_properties_bolt/lib/python3.8/site-packages/robot_properties_bolt/resources/meshes/stl/bolt_shoulder_fe_right_side.stl
/home/zihaoye/devel/workspace/install/robot_properties_bolt/lib/python3.8/site-packages/robot_properties_bolt/resources/meshes/stl/bolt_upper_leg_right_side.stl
/home/zihaoye/devel/workspace/install/robot_properties_bolt/lib/python3.8/site-packages/robot_properties_bolt/resources/meshes/stl/bolt_lower_leg_right_side.stl
/home/zihaoye/devel/workspace/install/robot_properties_bolt/lib/python3.8/site-packages/robot_properties_bolt/resources/meshes/stl/bolt_hip_fe_left_side.stl
/home/zihaoye/devel/workspace/install/robot_properties_bolt/lib/python3.8/site-packages/robot_properties_bolt/resources/meshes/obj/bolt_hip_fe_right_side.obj
/home/zihaoye/devel/workspace/install/robot_properties_bolt/lib/python3.8/site-packages/robot_properties_bolt/resources/meshes/obj/bolt_trunk.obj
/home/zihaoye/devel/workspace/install/robot_properties_bolt/lib/python3.8/site-packages/robot_properties_bolt/resources/meshes/obj/bolt_lower_leg_left_side.obj
/home/zihaoye/devel/workspace/install/robot_properties_bolt/lib/python3.8/site-packages/robot_properties_bolt/resources/meshes/obj/bolt_hip_fe_left_side.obj
/home/zihaoye/devel/workspace/install/robot_properties_bolt/lib/python3.8/site-packages/robot_properties_bolt/resources/meshes/obj/bolt_upper_leg_right_side.obj
/home/zihaoye/devel/workspace/install/robot_properties_bolt/lib/python3.8/site-packages/robot_properties_bolt/resources/meshes/obj/bolt_shoulder_fe_left_side.obj
/home/zihaoye/devel/workspace/install/robot_properties_bolt/lib/python3.8/site-packages/robot_properties_bolt/resources/meshes/obj/bolt_body.obj
/home/zihaoye/devel/workspace/install/robot_properties_bolt/lib/python3.8/site-packages/robot_properties_bolt/resources/meshes/obj/bolt_lower_leg_right_side.obj
/home/zihaoye/devel/workspace/install/robot_properties_bolt/lib/python3.8/site-packages/robot_properties_bolt/resources/meshes/obj/bolt_upper_leg_left_side.obj
/home/zihaoye/devel/workspace/install/robot_properties_bolt/lib/python3.8/site-packages/robot_properties_bolt/resources/meshes/obj/bolt_foot.obj
/home/zihaoye/devel/workspace/install/robot_properties_bolt/lib/python3.8/site-packages/robot_properties_bolt/resources/meshes/obj/bolt_shoulder_fe_right_side.obj
/home/zihaoye/devel/workspace/install/robot_properties_bolt/lib/python3.8/site-packages/robot_properties_bolt/resources/dynamic_graph_manager/dgm_parameters_bolt_humanoid.yaml
/home/zihaoye/devel/workspace/install/robot_properties_bolt/lib/python3.8/site-packages/robot_properties_bolt/resources/dynamic_graph_manager/dgm_parameters_bolt.yaml
/home/zihaoye/devel/workspace/install/robot_properties_bolt/lib/python3.8/site-packages/robot_properties_bolt/__pycache__/__init__.cpython-38.pyc
/home/zihaoye/devel/workspace/install/robot_properties_bolt/lib/python3.8/site-packages/robot_properties_bolt/__pycache__/bolt_wrapper.cpython-38.pyc
/home/zihaoye/devel/workspace/install/robot_properties_bolt/lib/python3.8/site-packages/robot_properties_bolt/__pycache__/bolt_humanoid_wrapper.cpython-38.pyc
/home/zihaoye/devel/workspace/install/robot_properties_bolt/lib/python3.8/site-packages/robot_properties_bolt/__pycache__/config.cpython-38.pyc
/home/zihaoye/devel/workspace/install/robot_properties_bolt/lib/python3.8/site-packages/robot_properties_bolt/__pycache__/gepetto_gui_loader.cpython-38.pyc
/home/zihaoye/devel/workspace/install/robot_properties_bolt/lib/python3.8/site-packages/robot_properties_bolt/__pycache__/resources.cpython-38.pyc
/home/zihaoye/devel/workspace/install/robot_properties_bolt/share/robot_properties_bolt/package.xml
/home/zihaoye/devel/workspace/install/robot_properties_bolt/share/ament_index/resource_index/packages/robot_properties_bolt
/home/zihaoye/devel/workspace/install/robot_properties_bolt/lib/python3.8/site-packages/robot_properties_bolt-1.0.0-py3.8.egg-info/requires.txt
/home/zihaoye/devel/workspace/install/robot_properties_bolt/lib/python3.8/site-packages/robot_properties_bolt-1.0.0-py3.8.egg-info/entry_points.txt
/home/zihaoye/devel/workspace/install/robot_properties_bolt/lib/python3.8/site-packages/robot_properties_bolt-1.0.0-py3.8.egg-info/zip-safe
/home/zihaoye/devel/workspace/install/robot_properties_bolt/lib/python3.8/site-packages/robot_properties_bolt-1.0.0-py3.8.egg-info/SOURCES.txt
/home/zihaoye/devel/workspace/install/robot_properties_bolt/lib/python3.8/site-packages/robot_properties_bolt-1.0.0-py3.8.egg-info/dependency_links.txt
/home/zihaoye/devel/workspace/install/robot_properties_bolt/lib/python3.8/site-packages/robot_properties_bolt-1.0.0-py3.8.egg-info/PKG-INFO
/home/zihaoye/devel/workspace/install/robot_properties_bolt/lib/python3.8/site-packages/robot_properties_bolt-1.0.0-py3.8.egg-info/top_level.txt
/home/zihaoye/devel/workspace/install/robot_properties_bolt/lib/robot_properties_bolt/demo_display_bolt_meshcat.py
/home/zihaoye/devel/workspace/install/robot_properties_bolt/lib/robot_properties_bolt/demo_display_bolt_humanoid_meshcat.py
/home/zihaoye/devel/workspace/install/robot_properties_bolt/lib/robot_properties_bolt/demo_display_bolt_gepetto.py
/home/zihaoye/devel/workspace/install/robot_properties_bolt/lib/robot_properties_bolt/demo_display_bolt_humanoid_gepetto.py
/home/zihaoye/devel/workspace/install/robot_properties_bolt/lib/robot_properties_bolt/demo_simulate_bolt.py
/home/zihaoye/devel/workspace/install/robot_properties_bolt/lib/robot_properties_bolt/demo_simulate_bolt_humanoid.py
