[0.032s] Invoking command in '/home/zihaoye/devel/workspace/build/mpi_cmake_modules': PS1=(myenv) \[\e]0;\u@\h: \w\a\]${debian_chroot:+($debian_chroot)}\[\033[01;32m\]\u@\h\[\033[00m\]:\[\033[01;34m\]\w\[\033[00m\]\$ /usr/bin/cmake --build /home/zihaoye/devel/workspace/build/mpi_cmake_modules -- -j16 -l16
[0.057s] Invoked command in '/home/zihaoye/devel/workspace/build/mpi_cmake_modules' returned '0': PS1=(myenv) \[\e]0;\u@\h: \w\a\]${debian_chroot:+($debian_chroot)}\[\033[01;32m\]\u@\h\[\033[00m\]:\[\033[01;34m\]\w\[\033[00m\]\$ /usr/bin/cmake --build /home/zihaoye/devel/workspace/build/mpi_cmake_modules -- -j16 -l16
[0.068s] Invoking command in '/home/zihaoye/devel/workspace/build/mpi_cmake_modules': PS1=(myenv) \[\e]0;\u@\h: \w\a\]${debian_chroot:+($debian_chroot)}\[\033[01;32m\]\u@\h\[\033[00m\]:\[\033[01;34m\]\w\[\033[00m\]\$ /usr/bin/cmake --install /home/zihaoye/devel/workspace/build/mpi_cmake_modules
[0.076s] -- Install configuration: ""
[0.077s] -- Up-to-date: /home/zihaoye/devel/workspace/install/mpi_cmake_modules/share/mpi_cmake_modules/resources
[0.077s] -- Up-to-date: /home/zihaoye/devel/workspace/install/mpi_cmake_modules/share/mpi_cmake_modules/resources/Doxyfile.in
[0.077s] -- Up-to-date: /home/zihaoye/devel/workspace/install/mpi_cmake_modules/share/mpi_cmake_modules/resources/__init__.py.empty.in
[0.077s] -- Up-to-date: /home/zihaoye/devel/workspace/install/mpi_cmake_modules/share/mpi_cmake_modules/resources/dg_python_module.cc.in
[0.078s] -- Up-to-date: /home/zihaoye/devel/workspace/install/mpi_cmake_modules/share/mpi_cmake_modules/resources/sphinx
[0.078s] -- Up-to-date: /home/zihaoye/devel/workspace/install/mpi_cmake_modules/share/mpi_cmake_modules/resources/sphinx/sphinx
[0.078s] -- Up-to-date: /home/zihaoye/devel/workspace/install/mpi_cmake_modules/share/mpi_cmake_modules/resources/sphinx/sphinx/index.rst.in
[0.078s] -- Up-to-date: /home/zihaoye/devel/workspace/install/mpi_cmake_modules/share/mpi_cmake_modules/resources/sphinx/sphinx/doxygen_index.rst.in
[0.078s] -- Up-to-date: /home/zihaoye/devel/workspace/install/mpi_cmake_modules/share/mpi_cmake_modules/resources/sphinx/sphinx/doxygen_index_one_page.rst.in
[0.078s] -- Up-to-date: /home/zihaoye/devel/workspace/install/mpi_cmake_modules/share/mpi_cmake_modules/resources/sphinx/sphinx/general_documentation.rst.in
[0.078s] -- Up-to-date: /home/zihaoye/devel/workspace/install/mpi_cmake_modules/share/mpi_cmake_modules/resources/sphinx/sphinx/cmake_doc.rst.in
[0.078s] -- Up-to-date: /home/zihaoye/devel/workspace/install/mpi_cmake_modules/share/mpi_cmake_modules/resources/sphinx/sphinx/conf.py.in
[0.078s] -- Up-to-date: /home/zihaoye/devel/workspace/install/mpi_cmake_modules/share/mpi_cmake_modules/resources/sphinx/sphinx/conf.py
[0.078s] -- Up-to-date: /home/zihaoye/devel/workspace/install/mpi_cmake_modules/share/mpi_cmake_modules/resources/sphinx/doxygen
[0.078s] -- Up-to-date: /home/zihaoye/devel/workspace/install/mpi_cmake_modules/share/mpi_cmake_modules/resources/sphinx/doxygen/Doxyfile.in
[0.078s] -- Up-to-date: /home/zihaoye/devel/workspace/install/mpi_cmake_modules/share/mpi_cmake_modules/resources/py_filter
[0.078s] -- Up-to-date: /home/zihaoye/devel/workspace/install/mpi_cmake_modules/share/mpi_cmake_modules/resources/_clang-format
[0.078s] -- Up-to-date: /home/zihaoye/devel/workspace/install/mpi_cmake_modules/lib/python3.8/site-packages/mpi_cmake_modules
[0.078s] -- Up-to-date: /home/zihaoye/devel/workspace/install/mpi_cmake_modules/lib/python3.8/site-packages/mpi_cmake_modules/__init__.py
[0.079s] -- Up-to-date: /home/zihaoye/devel/workspace/install/mpi_cmake_modules/lib/python3.8/site-packages/mpi_cmake_modules/utils.py
[0.079s] -- Up-to-date: /home/zihaoye/devel/workspace/install/mpi_cmake_modules/lib/python3.8/site-packages/mpi_cmake_modules/yaml2oneline.py
[0.079s] -- Up-to-date: /home/zihaoye/devel/workspace/install/mpi_cmake_modules/lib/python3.8/site-packages/mpi_cmake_modules/python_format.py
[0.079s] -- Up-to-date: /home/zihaoye/devel/workspace/install/mpi_cmake_modules/lib/python3.8/site-packages/mpi_cmake_modules/cmake_format.py
[0.080s] -- Up-to-date: /home/zihaoye/devel/workspace/install/mpi_cmake_modules/share/mpi_cmake_modules/cmake
[0.080s] -- Up-to-date: /home/zihaoye/devel/workspace/install/mpi_cmake_modules/share/mpi_cmake_modules/cmake/find_modules.cmake
[0.081s] -- Up-to-date: /home/zihaoye/devel/workspace/install/mpi_cmake_modules/share/mpi_cmake_modules/cmake/doxygen.cmake
[0.081s] -- Up-to-date: /home/zihaoye/devel/workspace/install/mpi_cmake_modules/share/mpi_cmake_modules/cmake/boost_python.cmake
[0.081s] -- Up-to-date: /home/zihaoye/devel/workspace/install/mpi_cmake_modules/share/mpi_cmake_modules/cmake/xacro.cmake
[0.081s] -- Up-to-date: /home/zihaoye/devel/workspace/install/mpi_cmake_modules/share/mpi_cmake_modules/cmake/documentation.cmake
[0.081s] -- Up-to-date: /home/zihaoye/devel/workspace/install/mpi_cmake_modules/share/mpi_cmake_modules/cmake/print_target_properties.cmake
[0.081s] -- Up-to-date: /home/zihaoye/devel/workspace/install/mpi_cmake_modules/share/mpi_cmake_modules/cmake/get_python_interpreter.cmake
[0.082s] -- Up-to-date: /home/zihaoye/devel/workspace/install/mpi_cmake_modules/share/mpi_cmake_modules/cmake/pybind11.cmake
[0.082s] -- Up-to-date: /home/zihaoye/devel/workspace/install/mpi_cmake_modules/share/mpi_cmake_modules/cmake/get_python_install_dir.cmake
[0.082s] -- Up-to-date: /home/zihaoye/devel/workspace/install/mpi_cmake_modules/share/mpi_cmake_modules/cmake/find_modules
[0.083s] -- Up-to-date: /home/zihaoye/devel/workspace/install/mpi_cmake_modules/share/mpi_cmake_modules/cmake/find_modules/Findcereal.cmake
[0.083s] -- Up-to-date: /home/zihaoye/devel/workspace/install/mpi_cmake_modules/share/mpi_cmake_modules/cmake/find_modules/FindPythonModules.cmake
[0.083s] -- Up-to-date: /home/zihaoye/devel/workspace/install/mpi_cmake_modules/share/mpi_cmake_modules/cmake/find_modules/XenomaiConfig.cmake
[0.083s] -- Up-to-date: /home/zihaoye/devel/workspace/install/mpi_cmake_modules/share/mpi_cmake_modules/cmake/find_modules/Findrt.cmake
[0.083s] -- Up-to-date: /home/zihaoye/devel/workspace/install/mpi_cmake_modules/share/mpi_cmake_modules/cmake/find_modules/python
[0.083s] -- Up-to-date: /home/zihaoye/devel/workspace/install/mpi_cmake_modules/share/mpi_cmake_modules/cmake/find_modules/python/FindPython.cmake
[0.083s] -- Up-to-date: /home/zihaoye/devel/workspace/install/mpi_cmake_modules/share/mpi_cmake_modules/cmake/find_modules/python/FindPython.cmake.backup
[0.083s] -- Up-to-date: /home/zihaoye/devel/workspace/install/mpi_cmake_modules/share/mpi_cmake_modules/cmake/find_modules/python/Support.cmake.backup
[0.084s] -- Up-to-date: /home/zihaoye/devel/workspace/install/mpi_cmake_modules/share/mpi_cmake_modules/cmake/find_modules/FindZeroMQPP.cmake
[0.084s] -- Up-to-date: /home/zihaoye/devel/workspace/install/mpi_cmake_modules/share/mpi_cmake_modules/cmake/find_modules/FindZeroMQ.cmake
[0.084s] -- Up-to-date: /home/zihaoye/devel/workspace/install/mpi_cmake_modules/share/mpi_cmake_modules/cmake/os_detection.cmake
[0.084s] -- Up-to-date: /home/zihaoye/devel/workspace/install/mpi_cmake_modules/share/mpi_cmake_modules/cmake/dynamic_graph.cmake
[0.084s] -- Up-to-date: /home/zihaoye/devel/workspace/install/mpi_cmake_modules/share/mpi_cmake_modules/cmake/xenomai.cmake
[0.084s] -- Up-to-date: /home/zihaoye/devel/workspace/install/mpi_cmake_modules/share/mpi_cmake_modules/cmake/install_scripts.cmake
[0.084s] -- Up-to-date: /home/zihaoye/devel/workspace/install/mpi_cmake_modules/share/mpi_cmake_modules/cmake/generate_cmake_package.cmake
[0.084s] -- Up-to-date: /home/zihaoye/devel/workspace/install/mpi_cmake_modules/share/mpi_cmake_modules/cmake/sphinx.cmake
[0.085s] -- Up-to-date: /home/zihaoye/devel/workspace/install/mpi_cmake_modules/share/mpi_cmake_modules/cmake/global_calls.cmake
[0.085s] -- Up-to-date: /home/zihaoye/devel/workspace/install/mpi_cmake_modules/bin/run-clang-format
[0.085s] -- Up-to-date: /home/zihaoye/devel/workspace/install/mpi_cmake_modules/bin/mpi_cpp_format
[0.085s] -- Up-to-date: /home/zihaoye/devel/workspace/install/mpi_cmake_modules/bin/mpi_python_format
[0.085s] -- Up-to-date: /home/zihaoye/devel/workspace/install/mpi_cmake_modules/bin/mpi_cmake_format
[0.085s] -- Up-to-date: /home/zihaoye/devel/workspace/install/mpi_cmake_modules/bin/mpi_code_format
[0.086s] -- Up-to-date: /home/zihaoye/devel/workspace/install/mpi_cmake_modules/bin/mpi_doc_build
[0.087s] -- Up-to-date: /home/zihaoye/devel/workspace/install/mpi_cmake_modules/lib/python3.8/site-packages/mpi_cmake_modules/resources
[0.088s] -- Up-to-date: /home/zihaoye/devel/workspace/install/mpi_cmake_modules/lib/python3.8/site-packages/mpi_cmake_modules/resources/Doxyfile.in
[0.088s] -- Up-to-date: /home/zihaoye/devel/workspace/install/mpi_cmake_modules/lib/python3.8/site-packages/mpi_cmake_modules/resources/__init__.py.empty.in
[0.088s] -- Up-to-date: /home/zihaoye/devel/workspace/install/mpi_cmake_modules/lib/python3.8/site-packages/mpi_cmake_modules/resources/dg_python_module.cc.in
[0.088s] -- Up-to-date: /home/zihaoye/devel/workspace/install/mpi_cmake_modules/lib/python3.8/site-packages/mpi_cmake_modules/resources/sphinx
[0.088s] -- Up-to-date: /home/zihaoye/devel/workspace/install/mpi_cmake_modules/lib/python3.8/site-packages/mpi_cmake_modules/resources/sphinx/sphinx
[0.088s] -- Up-to-date: /home/zihaoye/devel/workspace/install/mpi_cmake_modules/lib/python3.8/site-packages/mpi_cmake_modules/resources/sphinx/sphinx/index.rst.in
[0.089s] -- Up-to-date: /home/zihaoye/devel/workspace/install/mpi_cmake_modules/lib/python3.8/site-packages/mpi_cmake_modules/resources/sphinx/sphinx/doxygen_index.rst.in
[0.089s] -- Up-to-date: /home/zihaoye/devel/workspace/install/mpi_cmake_modules/lib/python3.8/site-packages/mpi_cmake_modules/resources/sphinx/sphinx/doxygen_index_one_page.rst.in
[0.089s] -- Up-to-date: /home/zihaoye/devel/workspace/install/mpi_cmake_modules/lib/python3.8/site-packages/mpi_cmake_modules/resources/sphinx/sphinx/general_documentation.rst.in
[0.089s] -- Up-to-date: /home/zihaoye/devel/workspace/install/mpi_cmake_modules/lib/python3.8/site-packages/mpi_cmake_modules/resources/sphinx/sphinx/cmake_doc.rst.in
[0.089s] -- Up-to-date: /home/zihaoye/devel/workspace/install/mpi_cmake_modules/lib/python3.8/site-packages/mpi_cmake_modules/resources/sphinx/sphinx/conf.py.in
[0.089s] -- Up-to-date: /home/zihaoye/devel/workspace/install/mpi_cmake_modules/lib/python3.8/site-packages/mpi_cmake_modules/resources/sphinx/sphinx/conf.py
[0.089s] -- Up-to-date: /home/zihaoye/devel/workspace/install/mpi_cmake_modules/lib/python3.8/site-packages/mpi_cmake_modules/resources/sphinx/doxygen
[0.089s] -- Up-to-date: /home/zihaoye/devel/workspace/install/mpi_cmake_modules/lib/python3.8/site-packages/mpi_cmake_modules/resources/sphinx/doxygen/Doxyfile.in
[0.089s] -- Up-to-date: /home/zihaoye/devel/workspace/install/mpi_cmake_modules/lib/python3.8/site-packages/mpi_cmake_modules/resources/py_filter
[0.089s] -- Up-to-date: /home/zihaoye/devel/workspace/install/mpi_cmake_modules/lib/python3.8/site-packages/mpi_cmake_modules/resources/_clang-format
[0.089s] -- Up-to-date: /home/zihaoye/devel/workspace/install/mpi_cmake_modules/share/mpi_cmake_modules/cmake/mpi_cmake_modulesConfig.cmake
[0.089s] -- Up-to-date: /home/zihaoye/devel/workspace/install/mpi_cmake_modules/share/mpi_cmake_modules/cmake/mpi_cmake_modulesConfigVersion.cmake
[0.089s] Invoked command in '/home/zihaoye/devel/workspace/build/mpi_cmake_modules' returned '0': PS1=(myenv) \[\e]0;\u@\h: \w\a\]${debian_chroot:+($debian_chroot)}\[\033[01;32m\]\u@\h\[\033[00m\]:\[\033[01;34m\]\w\[\033[00m\]\$ /usr/bin/cmake --install /home/zihaoye/devel/workspace/build/mpi_cmake_modules
