[0.111s] DEBUG:colcon:Command line arguments: ['/home/zihaoye/myenv/bin/colcon', 'build', '--packages-select', 'real_time_tools']
[0.111s] DEBUG:colcon:Parsed command line arguments: Namespace(ament_cmake_args=None, base_paths=['.'], build_base='build', catkin_cmake_args=None, catkin_skip_building_tests=False, cmake_args=None, cmake_clean_cache=False, cmake_clean_first=False, cmake_force_configure=False, cmake_target=None, cmake_target_skip_unavailable=False, continue_on_error=False, event_handlers=None, executor='parallel', ignore_user_meta=False, install_base='install', log_base=None, log_level=None, main=<bound method BuildVerb.main of <colcon_core.verb.build.BuildVerb object at 0x7f18014d5eb0>>, merge_install=False, metas=['./colcon.meta'], packages_above=None, packages_above_and_dependencies=None, packages_above_depth=None, packages_end=None, packages_ignore=None, packages_ignore_regex=None, packages_select=['real_time_tools'], packages_select_build_failed=False, packages_select_by_dep=None, packages_select_regex=None, packages_select_test_failures=False, packages_skip=None, packages_skip_build_finished=False, packages_skip_by_dep=None, packages_skip_regex=None, packages_skip_test_passed=False, packages_skip_up_to=None, packages_start=None, packages_up_to=None, packages_up_to_regex=None, parallel_workers=16, paths=None, symlink_install=False, test_result_base=None, verb_extension=<colcon_core.verb.build.BuildVerb object at 0x7f18014d5eb0>, verb_name='build', verb_parser=<colcon_defaults.argument_parser.defaults.DefaultArgumentsDecorator object at 0x7f180137b370>)
[0.173s] Level 1:colcon.colcon_core.package_discovery:discover_packages(colcon_meta) check parameters
[0.173s] Level 1:colcon.colcon_core.package_discovery:discover_packages(recursive) check parameters
[0.173s] Level 1:colcon.colcon_core.package_discovery:discover_packages(ignore) check parameters
[0.173s] Level 1:colcon.colcon_core.package_discovery:discover_packages(path) check parameters
[0.173s] Level 1:colcon.colcon_core.package_discovery:discover_packages(colcon_meta) discover
[0.173s] Level 1:colcon.colcon_core.package_discovery:discover_packages(recursive) discover
[0.173s] INFO:colcon.colcon_core.package_discovery:Crawling recursively for packages in '/home/zihaoye/devel/workspace'
[0.173s] Level 1:colcon.colcon_core.package_identification:_identify(.) by extensions ['ignore', 'ignore_ament_install']
[0.174s] Level 1:colcon.colcon_core.package_identification:_identify(.) by extension 'ignore'
[0.174s] Level 1:colcon.colcon_core.package_identification:_identify(.) by extension 'ignore_ament_install'
[0.174s] Level 1:colcon.colcon_core.package_identification:_identify(.) by extensions ['colcon_pkg']
[0.174s] Level 1:colcon.colcon_core.package_identification:_identify(.) by extension 'colcon_pkg'
[0.174s] Level 1:colcon.colcon_core.package_identification:_identify(.) by extensions ['colcon_meta']
[0.174s] Level 1:colcon.colcon_core.package_identification:_identify(.) by extension 'colcon_meta'
[0.174s] Level 1:colcon.colcon_core.package_identification:_identify(.) by extensions ['ros']
[0.174s] Level 1:colcon.colcon_core.package_identification:_identify(.) by extension 'ros'
[0.186s] Level 1:colcon.colcon_core.package_identification:_identify(.) by extensions ['cmake', 'python']
[0.186s] Level 1:colcon.colcon_core.package_identification:_identify(.) by extension 'cmake'
[0.186s] Level 1:colcon.colcon_core.package_identification:_identify(.) by extension 'python'
[0.186s] Level 1:colcon.colcon_core.package_identification:_identify(.) by extensions ['python_setup_py']
[0.186s] Level 1:colcon.colcon_core.package_identification:_identify(.) by extension 'python_setup_py'
[0.186s] Level 1:colcon.colcon_core.package_identification:_identify(build) by extensions ['ignore', 'ignore_ament_install']
[0.186s] Level 1:colcon.colcon_core.package_identification:_identify(build) by extension 'ignore'
[0.186s] Level 1:colcon.colcon_core.package_identification:_identify(build) ignored
[0.186s] Level 1:colcon.colcon_core.package_identification:_identify(install) by extensions ['ignore', 'ignore_ament_install']
[0.186s] Level 1:colcon.colcon_core.package_identification:_identify(install) by extension 'ignore'
[0.186s] Level 1:colcon.colcon_core.package_identification:_identify(install) ignored
[0.186s] Level 1:colcon.colcon_core.package_identification:_identify(log) by extensions ['ignore', 'ignore_ament_install']
[0.186s] Level 1:colcon.colcon_core.package_identification:_identify(log) by extension 'ignore'
[0.186s] Level 1:colcon.colcon_core.package_identification:_identify(log) ignored
[0.186s] Level 1:colcon.colcon_core.package_identification:_identify(src) by extensions ['ignore', 'ignore_ament_install']
[0.187s] Level 1:colcon.colcon_core.package_identification:_identify(src) by extension 'ignore'
[0.187s] Level 1:colcon.colcon_core.package_identification:_identify(src) by extension 'ignore_ament_install'
[0.187s] Level 1:colcon.colcon_core.package_identification:_identify(src) by extensions ['colcon_pkg']
[0.187s] Level 1:colcon.colcon_core.package_identification:_identify(src) by extension 'colcon_pkg'
[0.187s] Level 1:colcon.colcon_core.package_identification:_identify(src) by extensions ['colcon_meta']
[0.187s] Level 1:colcon.colcon_core.package_identification:_identify(src) by extension 'colcon_meta'
[0.187s] Level 1:colcon.colcon_core.package_identification:_identify(src) by extensions ['ros']
[0.187s] Level 1:colcon.colcon_core.package_identification:_identify(src) by extension 'ros'
[0.187s] Level 1:colcon.colcon_core.package_identification:_identify(src) by extensions ['cmake', 'python']
[0.187s] Level 1:colcon.colcon_core.package_identification:_identify(src) by extension 'cmake'
[0.187s] Level 1:colcon.colcon_core.package_identification:_identify(src) by extension 'python'
[0.187s] Level 1:colcon.colcon_core.package_identification:_identify(src) by extensions ['python_setup_py']
[0.187s] Level 1:colcon.colcon_core.package_identification:_identify(src) by extension 'python_setup_py'
[0.187s] Level 1:colcon.colcon_core.package_identification:_identify(src/bolt) by extensions ['ignore', 'ignore_ament_install']
[0.187s] Level 1:colcon.colcon_core.package_identification:_identify(src/bolt) by extension 'ignore'
[0.187s] Level 1:colcon.colcon_core.package_identification:_identify(src/bolt) by extension 'ignore_ament_install'
[0.187s] Level 1:colcon.colcon_core.package_identification:_identify(src/bolt) by extensions ['colcon_pkg']
[0.187s] Level 1:colcon.colcon_core.package_identification:_identify(src/bolt) by extension 'colcon_pkg'
[0.187s] Level 1:colcon.colcon_core.package_identification:_identify(src/bolt) by extensions ['colcon_meta']
[0.187s] Level 1:colcon.colcon_core.package_identification:_identify(src/bolt) by extension 'colcon_meta'
[0.187s] Level 1:colcon.colcon_core.package_identification:_identify(src/bolt) by extensions ['ros']
[0.187s] Level 1:colcon.colcon_core.package_identification:_identify(src/bolt) by extension 'ros'
[0.189s] DEBUG:colcon.colcon_core.package_identification:Package 'src/bolt' with type 'ros.ament_cmake' and name 'bolt'
[0.189s] Level 1:colcon.colcon_core.package_identification:_identify(src/bullet_utils) by extensions ['ignore', 'ignore_ament_install']
[0.189s] Level 1:colcon.colcon_core.package_identification:_identify(src/bullet_utils) by extension 'ignore'
[0.189s] Level 1:colcon.colcon_core.package_identification:_identify(src/bullet_utils) by extension 'ignore_ament_install'
[0.189s] Level 1:colcon.colcon_core.package_identification:_identify(src/bullet_utils) by extensions ['colcon_pkg']
[0.189s] Level 1:colcon.colcon_core.package_identification:_identify(src/bullet_utils) by extension 'colcon_pkg'
[0.189s] Level 1:colcon.colcon_core.package_identification:_identify(src/bullet_utils) by extensions ['colcon_meta']
[0.189s] Level 1:colcon.colcon_core.package_identification:_identify(src/bullet_utils) by extension 'colcon_meta'
[0.189s] Level 1:colcon.colcon_core.package_identification:_identify(src/bullet_utils) by extensions ['ros']
[0.189s] Level 1:colcon.colcon_core.package_identification:_identify(src/bullet_utils) by extension 'ros'
[0.189s] Level 1:colcon.colcon_core.package_identification:_identify(src/bullet_utils) by extensions ['cmake', 'python']
[0.189s] Level 1:colcon.colcon_core.package_identification:_identify(src/bullet_utils) by extension 'cmake'
[0.189s] Level 1:colcon.colcon_core.package_identification:_identify(src/bullet_utils) by extension 'python'
[0.189s] DEBUG:colcon.colcon_core.package_identification:Python package in 'src/bullet_utils' passes arguments to the setup() function which requires a different identification extension than 'python'
[0.189s] Level 1:colcon.colcon_core.package_identification:_identify(src/bullet_utils) by extensions ['python_setup_py']
[0.189s] Level 1:colcon.colcon_core.package_identification:_identify(src/bullet_utils) by extension 'python_setup_py'
[0.323s] DEBUG:colcon.colcon_core.package_identification:Package 'src/bullet_utils' with type 'python' and name 'bullet_utils'
[0.323s] Level 1:colcon.colcon_core.package_identification:_identify(src/googletest) by extensions ['ignore', 'ignore_ament_install']
[0.323s] Level 1:colcon.colcon_core.package_identification:_identify(src/googletest) by extension 'ignore'
[0.323s] Level 1:colcon.colcon_core.package_identification:_identify(src/googletest) by extension 'ignore_ament_install'
[0.324s] Level 1:colcon.colcon_core.package_identification:_identify(src/googletest) by extensions ['colcon_pkg']
[0.324s] Level 1:colcon.colcon_core.package_identification:_identify(src/googletest) by extension 'colcon_pkg'
[0.324s] Level 1:colcon.colcon_core.package_identification:_identify(src/googletest) by extensions ['colcon_meta']
[0.324s] Level 1:colcon.colcon_core.package_identification:_identify(src/googletest) by extension 'colcon_meta'
[0.324s] Level 1:colcon.colcon_core.package_identification:_identify(src/googletest) by extensions ['ros']
[0.324s] Level 1:colcon.colcon_core.package_identification:_identify(src/googletest) by extension 'ros'
[0.324s] Level 1:colcon.colcon_core.package_identification:_identify(src/googletest) by extensions ['cmake', 'python']
[0.324s] Level 1:colcon.colcon_core.package_identification:_identify(src/googletest) by extension 'cmake'
[0.326s] Level 1:colcon.colcon_core.package_identification:_identify(src/googletest) by extension 'python'
[0.326s] DEBUG:colcon.colcon_core.package_identification:Package 'src/googletest' with type 'cmake' and name 'googletest-distribution'
[0.326s] Level 1:colcon.colcon_core.package_identification:_identify(src/master-board) by extensions ['ignore', 'ignore_ament_install']
[0.326s] Level 1:colcon.colcon_core.package_identification:_identify(src/master-board) by extension 'ignore'
[0.326s] Level 1:colcon.colcon_core.package_identification:_identify(src/master-board) by extension 'ignore_ament_install'
[0.327s] Level 1:colcon.colcon_core.package_identification:_identify(src/master-board) by extensions ['colcon_pkg']
[0.327s] Level 1:colcon.colcon_core.package_identification:_identify(src/master-board) by extension 'colcon_pkg'
[0.327s] Level 1:colcon.colcon_core.package_identification:_identify(src/master-board) by extensions ['colcon_meta']
[0.327s] Level 1:colcon.colcon_core.package_identification:_identify(src/master-board) by extension 'colcon_meta'
[0.327s] Level 1:colcon.colcon_core.package_identification:_identify(src/master-board) by extensions ['ros']
[0.327s] Level 1:colcon.colcon_core.package_identification:_identify(src/master-board) by extension 'ros'
[0.327s] Level 1:colcon.colcon_core.package_identification:_identify(src/master-board) by extensions ['cmake', 'python']
[0.327s] Level 1:colcon.colcon_core.package_identification:_identify(src/master-board) by extension 'cmake'
[0.327s] Level 1:colcon.colcon_core.package_identification:_identify(src/master-board) by extension 'python'
[0.327s] Level 1:colcon.colcon_core.package_identification:_identify(src/master-board) by extensions ['python_setup_py']
[0.327s] Level 1:colcon.colcon_core.package_identification:_identify(src/master-board) by extension 'python_setup_py'
[0.327s] Level 1:colcon.colcon_core.package_identification:_identify(src/master-board/documentation) by extensions ['ignore', 'ignore_ament_install']
[0.327s] Level 1:colcon.colcon_core.package_identification:_identify(src/master-board/documentation) by extension 'ignore'
[0.327s] Level 1:colcon.colcon_core.package_identification:_identify(src/master-board/documentation) by extension 'ignore_ament_install'
[0.327s] Level 1:colcon.colcon_core.package_identification:_identify(src/master-board/documentation) by extensions ['colcon_pkg']
[0.327s] Level 1:colcon.colcon_core.package_identification:_identify(src/master-board/documentation) by extension 'colcon_pkg'
[0.327s] Level 1:colcon.colcon_core.package_identification:_identify(src/master-board/documentation) by extensions ['colcon_meta']
[0.327s] Level 1:colcon.colcon_core.package_identification:_identify(src/master-board/documentation) by extension 'colcon_meta'
[0.327s] Level 1:colcon.colcon_core.package_identification:_identify(src/master-board/documentation) by extensions ['ros']
[0.327s] Level 1:colcon.colcon_core.package_identification:_identify(src/master-board/documentation) by extension 'ros'
[0.327s] Level 1:colcon.colcon_core.package_identification:_identify(src/master-board/documentation) by extensions ['cmake', 'python']
[0.327s] Level 1:colcon.colcon_core.package_identification:_identify(src/master-board/documentation) by extension 'cmake'
[0.327s] Level 1:colcon.colcon_core.package_identification:_identify(src/master-board/documentation) by extension 'python'
[0.327s] Level 1:colcon.colcon_core.package_identification:_identify(src/master-board/documentation) by extensions ['python_setup_py']
[0.327s] Level 1:colcon.colcon_core.package_identification:_identify(src/master-board/documentation) by extension 'python_setup_py'
[0.327s] Level 1:colcon.colcon_core.package_identification:_identify(src/master-board/firmware) by extensions ['ignore', 'ignore_ament_install']
[0.327s] Level 1:colcon.colcon_core.package_identification:_identify(src/master-board/firmware) by extension 'ignore'
[0.327s] Level 1:colcon.colcon_core.package_identification:_identify(src/master-board/firmware) by extension 'ignore_ament_install'
[0.327s] Level 1:colcon.colcon_core.package_identification:_identify(src/master-board/firmware) by extensions ['colcon_pkg']
[0.327s] Level 1:colcon.colcon_core.package_identification:_identify(src/master-board/firmware) by extension 'colcon_pkg'
[0.327s] Level 1:colcon.colcon_core.package_identification:_identify(src/master-board/firmware) by extensions ['colcon_meta']
[0.327s] Level 1:colcon.colcon_core.package_identification:_identify(src/master-board/firmware) by extension 'colcon_meta'
[0.327s] Level 1:colcon.colcon_core.package_identification:_identify(src/master-board/firmware) by extensions ['ros']
[0.327s] Level 1:colcon.colcon_core.package_identification:_identify(src/master-board/firmware) by extension 'ros'
[0.327s] Level 1:colcon.colcon_core.package_identification:_identify(src/master-board/firmware) by extensions ['cmake', 'python']
[0.327s] Level 1:colcon.colcon_core.package_identification:_identify(src/master-board/firmware) by extension 'cmake'
[0.327s] Level 1:colcon.colcon_core.package_identification:_identify(src/master-board/firmware) by extension 'python'
[0.327s] Level 1:colcon.colcon_core.package_identification:_identify(src/master-board/firmware) by extensions ['python_setup_py']
[0.327s] Level 1:colcon.colcon_core.package_identification:_identify(src/master-board/firmware) by extension 'python_setup_py'
[0.327s] Level 1:colcon.colcon_core.package_identification:_identify(src/master-board/firmware/components) by extensions ['ignore', 'ignore_ament_install']
[0.327s] Level 1:colcon.colcon_core.package_identification:_identify(src/master-board/firmware/components) by extension 'ignore'
[0.328s] Level 1:colcon.colcon_core.package_identification:_identify(src/master-board/firmware/components) by extension 'ignore_ament_install'
[0.328s] Level 1:colcon.colcon_core.package_identification:_identify(src/master-board/firmware/components) by extensions ['colcon_pkg']
[0.328s] Level 1:colcon.colcon_core.package_identification:_identify(src/master-board/firmware/components) by extension 'colcon_pkg'
[0.328s] Level 1:colcon.colcon_core.package_identification:_identify(src/master-board/firmware/components) by extensions ['colcon_meta']
[0.328s] Level 1:colcon.colcon_core.package_identification:_identify(src/master-board/firmware/components) by extension 'colcon_meta'
[0.328s] Level 1:colcon.colcon_core.package_identification:_identify(src/master-board/firmware/components) by extensions ['ros']
[0.328s] Level 1:colcon.colcon_core.package_identification:_identify(src/master-board/firmware/components) by extension 'ros'
[0.328s] Level 1:colcon.colcon_core.package_identification:_identify(src/master-board/firmware/components) by extensions ['cmake', 'python']
[0.328s] Level 1:colcon.colcon_core.package_identification:_identify(src/master-board/firmware/components) by extension 'cmake'
[0.328s] Level 1:colcon.colcon_core.package_identification:_identify(src/master-board/firmware/components) by extension 'python'
[0.328s] Level 1:colcon.colcon_core.package_identification:_identify(src/master-board/firmware/components) by extensions ['python_setup_py']
[0.328s] Level 1:colcon.colcon_core.package_identification:_identify(src/master-board/firmware/components) by extension 'python_setup_py'
[0.328s] Level 1:colcon.colcon_core.package_identification:_identify(src/master-board/firmware/components/direct_ethernet) by extensions ['ignore', 'ignore_ament_install']
[0.328s] Level 1:colcon.colcon_core.package_identification:_identify(src/master-board/firmware/components/direct_ethernet) by extension 'ignore'
[0.328s] Level 1:colcon.colcon_core.package_identification:_identify(src/master-board/firmware/components/direct_ethernet) by extension 'ignore_ament_install'
[0.328s] Level 1:colcon.colcon_core.package_identification:_identify(src/master-board/firmware/components/direct_ethernet) by extensions ['colcon_pkg']
[0.328s] Level 1:colcon.colcon_core.package_identification:_identify(src/master-board/firmware/components/direct_ethernet) by extension 'colcon_pkg'
[0.328s] Level 1:colcon.colcon_core.package_identification:_identify(src/master-board/firmware/components/direct_ethernet) by extensions ['colcon_meta']
[0.328s] Level 1:colcon.colcon_core.package_identification:_identify(src/master-board/firmware/components/direct_ethernet) by extension 'colcon_meta'
[0.328s] Level 1:colcon.colcon_core.package_identification:_identify(src/master-board/firmware/components/direct_ethernet) by extensions ['ros']
[0.328s] Level 1:colcon.colcon_core.package_identification:_identify(src/master-board/firmware/components/direct_ethernet) by extension 'ros'
[0.328s] Level 1:colcon.colcon_core.package_identification:_identify(src/master-board/firmware/components/direct_ethernet) by extensions ['cmake', 'python']
[0.328s] Level 1:colcon.colcon_core.package_identification:_identify(src/master-board/firmware/components/direct_ethernet) by extension 'cmake'
[0.328s] Level 1:colcon.colcon_core.package_identification:_identify(src/master-board/firmware/components/direct_ethernet) by extension 'python'
[0.328s] Level 1:colcon.colcon_core.package_identification:_identify(src/master-board/firmware/components/direct_ethernet) by extensions ['python_setup_py']
[0.328s] Level 1:colcon.colcon_core.package_identification:_identify(src/master-board/firmware/components/direct_ethernet) by extension 'python_setup_py'
[0.328s] Level 1:colcon.colcon_core.package_identification:_identify(src/master-board/firmware/components/direct_wifi) by extensions ['ignore', 'ignore_ament_install']
[0.328s] Level 1:colcon.colcon_core.package_identification:_identify(src/master-board/firmware/components/direct_wifi) by extension 'ignore'
[0.328s] Level 1:colcon.colcon_core.package_identification:_identify(src/master-board/firmware/components/direct_wifi) by extension 'ignore_ament_install'
[0.328s] Level 1:colcon.colcon_core.package_identification:_identify(src/master-board/firmware/components/direct_wifi) by extensions ['colcon_pkg']
[0.328s] Level 1:colcon.colcon_core.package_identification:_identify(src/master-board/firmware/components/direct_wifi) by extension 'colcon_pkg'
[0.328s] Level 1:colcon.colcon_core.package_identification:_identify(src/master-board/firmware/components/direct_wifi) by extensions ['colcon_meta']
[0.328s] Level 1:colcon.colcon_core.package_identification:_identify(src/master-board/firmware/components/direct_wifi) by extension 'colcon_meta'
[0.328s] Level 1:colcon.colcon_core.package_identification:_identify(src/master-board/firmware/components/direct_wifi) by extensions ['ros']
[0.328s] Level 1:colcon.colcon_core.package_identification:_identify(src/master-board/firmware/components/direct_wifi) by extension 'ros'
[0.328s] Level 1:colcon.colcon_core.package_identification:_identify(src/master-board/firmware/components/direct_wifi) by extensions ['cmake', 'python']
[0.328s] Level 1:colcon.colcon_core.package_identification:_identify(src/master-board/firmware/components/direct_wifi) by extension 'cmake'
[0.328s] Level 1:colcon.colcon_core.package_identification:_identify(src/master-board/firmware/components/direct_wifi) by extension 'python'
[0.328s] Level 1:colcon.colcon_core.package_identification:_identify(src/master-board/firmware/components/direct_wifi) by extensions ['python_setup_py']
[0.328s] Level 1:colcon.colcon_core.package_identification:_identify(src/master-board/firmware/components/direct_wifi) by extension 'python_setup_py'
[0.328s] Level 1:colcon.colcon_core.package_identification:_identify(src/master-board/firmware/components/quad_crc) by extensions ['ignore', 'ignore_ament_install']
[0.328s] Level 1:colcon.colcon_core.package_identification:_identify(src/master-board/firmware/components/quad_crc) by extension 'ignore'
[0.328s] Level 1:colcon.colcon_core.package_identification:_identify(src/master-board/firmware/components/quad_crc) by extension 'ignore_ament_install'
[0.328s] Level 1:colcon.colcon_core.package_identification:_identify(src/master-board/firmware/components/quad_crc) by extensions ['colcon_pkg']
[0.328s] Level 1:colcon.colcon_core.package_identification:_identify(src/master-board/firmware/components/quad_crc) by extension 'colcon_pkg'
[0.328s] Level 1:colcon.colcon_core.package_identification:_identify(src/master-board/firmware/components/quad_crc) by extensions ['colcon_meta']
[0.328s] Level 1:colcon.colcon_core.package_identification:_identify(src/master-board/firmware/components/quad_crc) by extension 'colcon_meta'
[0.329s] Level 1:colcon.colcon_core.package_identification:_identify(src/master-board/firmware/components/quad_crc) by extensions ['ros']
[0.329s] Level 1:colcon.colcon_core.package_identification:_identify(src/master-board/firmware/components/quad_crc) by extension 'ros'
[0.329s] Level 1:colcon.colcon_core.package_identification:_identify(src/master-board/firmware/components/quad_crc) by extensions ['cmake', 'python']
[0.329s] Level 1:colcon.colcon_core.package_identification:_identify(src/master-board/firmware/components/quad_crc) by extension 'cmake'
[0.329s] Level 1:colcon.colcon_core.package_identification:_identify(src/master-board/firmware/components/quad_crc) by extension 'python'
[0.329s] Level 1:colcon.colcon_core.package_identification:_identify(src/master-board/firmware/components/quad_crc) by extensions ['python_setup_py']
[0.329s] Level 1:colcon.colcon_core.package_identification:_identify(src/master-board/firmware/components/quad_crc) by extension 'python_setup_py'
[0.329s] Level 1:colcon.colcon_core.package_identification:_identify(src/master-board/firmware/components/spi_manager) by extensions ['ignore', 'ignore_ament_install']
[0.329s] Level 1:colcon.colcon_core.package_identification:_identify(src/master-board/firmware/components/spi_manager) by extension 'ignore'
[0.329s] Level 1:colcon.colcon_core.package_identification:_identify(src/master-board/firmware/components/spi_manager) by extension 'ignore_ament_install'
[0.329s] Level 1:colcon.colcon_core.package_identification:_identify(src/master-board/firmware/components/spi_manager) by extensions ['colcon_pkg']
[0.329s] Level 1:colcon.colcon_core.package_identification:_identify(src/master-board/firmware/components/spi_manager) by extension 'colcon_pkg'
[0.329s] Level 1:colcon.colcon_core.package_identification:_identify(src/master-board/firmware/components/spi_manager) by extensions ['colcon_meta']
[0.329s] Level 1:colcon.colcon_core.package_identification:_identify(src/master-board/firmware/components/spi_manager) by extension 'colcon_meta'
[0.329s] Level 1:colcon.colcon_core.package_identification:_identify(src/master-board/firmware/components/spi_manager) by extensions ['ros']
[0.329s] Level 1:colcon.colcon_core.package_identification:_identify(src/master-board/firmware/components/spi_manager) by extension 'ros'
[0.329s] Level 1:colcon.colcon_core.package_identification:_identify(src/master-board/firmware/components/spi_manager) by extensions ['cmake', 'python']
[0.329s] Level 1:colcon.colcon_core.package_identification:_identify(src/master-board/firmware/components/spi_manager) by extension 'cmake'
[0.329s] Level 1:colcon.colcon_core.package_identification:_identify(src/master-board/firmware/components/spi_manager) by extension 'python'
[0.329s] Level 1:colcon.colcon_core.package_identification:_identify(src/master-board/firmware/components/spi_manager) by extensions ['python_setup_py']
[0.329s] Level 1:colcon.colcon_core.package_identification:_identify(src/master-board/firmware/components/spi_manager) by extension 'python_setup_py'
[0.329s] Level 1:colcon.colcon_core.package_identification:_identify(src/master-board/firmware/components/uart_imu) by extensions ['ignore', 'ignore_ament_install']
[0.329s] Level 1:colcon.colcon_core.package_identification:_identify(src/master-board/firmware/components/uart_imu) by extension 'ignore'
[0.329s] Level 1:colcon.colcon_core.package_identification:_identify(src/master-board/firmware/components/uart_imu) by extension 'ignore_ament_install'
[0.329s] Level 1:colcon.colcon_core.package_identification:_identify(src/master-board/firmware/components/uart_imu) by extensions ['colcon_pkg']
[0.329s] Level 1:colcon.colcon_core.package_identification:_identify(src/master-board/firmware/components/uart_imu) by extension 'colcon_pkg'
[0.329s] Level 1:colcon.colcon_core.package_identification:_identify(src/master-board/firmware/components/uart_imu) by extensions ['colcon_meta']
[0.329s] Level 1:colcon.colcon_core.package_identification:_identify(src/master-board/firmware/components/uart_imu) by extension 'colcon_meta'
[0.329s] Level 1:colcon.colcon_core.package_identification:_identify(src/master-board/firmware/components/uart_imu) by extensions ['ros']
[0.329s] Level 1:colcon.colcon_core.package_identification:_identify(src/master-board/firmware/components/uart_imu) by extension 'ros'
[0.329s] Level 1:colcon.colcon_core.package_identification:_identify(src/master-board/firmware/components/uart_imu) by extensions ['cmake', 'python']
[0.329s] Level 1:colcon.colcon_core.package_identification:_identify(src/master-board/firmware/components/uart_imu) by extension 'cmake'
[0.329s] Level 1:colcon.colcon_core.package_identification:_identify(src/master-board/firmware/components/uart_imu) by extension 'python'
[0.329s] Level 1:colcon.colcon_core.package_identification:_identify(src/master-board/firmware/components/uart_imu) by extensions ['python_setup_py']
[0.329s] Level 1:colcon.colcon_core.package_identification:_identify(src/master-board/firmware/components/uart_imu) by extension 'python_setup_py'
[0.329s] Level 1:colcon.colcon_core.package_identification:_identify(src/master-board/firmware/components/ws2812b_led) by extensions ['ignore', 'ignore_ament_install']
[0.329s] Level 1:colcon.colcon_core.package_identification:_identify(src/master-board/firmware/components/ws2812b_led) by extension 'ignore'
[0.329s] Level 1:colcon.colcon_core.package_identification:_identify(src/master-board/firmware/components/ws2812b_led) by extension 'ignore_ament_install'
[0.329s] Level 1:colcon.colcon_core.package_identification:_identify(src/master-board/firmware/components/ws2812b_led) by extensions ['colcon_pkg']
[0.329s] Level 1:colcon.colcon_core.package_identification:_identify(src/master-board/firmware/components/ws2812b_led) by extension 'colcon_pkg'
[0.329s] Level 1:colcon.colcon_core.package_identification:_identify(src/master-board/firmware/components/ws2812b_led) by extensions ['colcon_meta']
[0.329s] Level 1:colcon.colcon_core.package_identification:_identify(src/master-board/firmware/components/ws2812b_led) by extension 'colcon_meta'
[0.329s] Level 1:colcon.colcon_core.package_identification:_identify(src/master-board/firmware/components/ws2812b_led) by extensions ['ros']
[0.329s] Level 1:colcon.colcon_core.package_identification:_identify(src/master-board/firmware/components/ws2812b_led) by extension 'ros'
[0.330s] Level 1:colcon.colcon_core.package_identification:_identify(src/master-board/firmware/components/ws2812b_led) by extensions ['cmake', 'python']
[0.330s] Level 1:colcon.colcon_core.package_identification:_identify(src/master-board/firmware/components/ws2812b_led) by extension 'cmake'
[0.330s] Level 1:colcon.colcon_core.package_identification:_identify(src/master-board/firmware/components/ws2812b_led) by extension 'python'
[0.330s] Level 1:colcon.colcon_core.package_identification:_identify(src/master-board/firmware/components/ws2812b_led) by extensions ['python_setup_py']
[0.330s] Level 1:colcon.colcon_core.package_identification:_identify(src/master-board/firmware/components/ws2812b_led) by extension 'python_setup_py'
[0.330s] Level 1:colcon.colcon_core.package_identification:_identify(src/master-board/firmware/main) by extensions ['ignore', 'ignore_ament_install']
[0.330s] Level 1:colcon.colcon_core.package_identification:_identify(src/master-board/firmware/main) by extension 'ignore'
[0.330s] Level 1:colcon.colcon_core.package_identification:_identify(src/master-board/firmware/main) by extension 'ignore_ament_install'
[0.330s] Level 1:colcon.colcon_core.package_identification:_identify(src/master-board/firmware/main) by extensions ['colcon_pkg']
[0.330s] Level 1:colcon.colcon_core.package_identification:_identify(src/master-board/firmware/main) by extension 'colcon_pkg'
[0.330s] Level 1:colcon.colcon_core.package_identification:_identify(src/master-board/firmware/main) by extensions ['colcon_meta']
[0.330s] Level 1:colcon.colcon_core.package_identification:_identify(src/master-board/firmware/main) by extension 'colcon_meta'
[0.330s] Level 1:colcon.colcon_core.package_identification:_identify(src/master-board/firmware/main) by extensions ['ros']
[0.330s] Level 1:colcon.colcon_core.package_identification:_identify(src/master-board/firmware/main) by extension 'ros'
[0.330s] Level 1:colcon.colcon_core.package_identification:_identify(src/master-board/firmware/main) by extensions ['cmake', 'python']
[0.330s] Level 1:colcon.colcon_core.package_identification:_identify(src/master-board/firmware/main) by extension 'cmake'
[0.330s] Level 1:colcon.colcon_core.package_identification:_identify(src/master-board/firmware/main) by extension 'python'
[0.330s] Level 1:colcon.colcon_core.package_identification:_identify(src/master-board/firmware/main) by extensions ['python_setup_py']
[0.330s] Level 1:colcon.colcon_core.package_identification:_identify(src/master-board/firmware/main) by extension 'python_setup_py'
[0.330s] Level 1:colcon.colcon_core.package_identification:_identify(src/master-board/hardware) by extensions ['ignore', 'ignore_ament_install']
[0.330s] Level 1:colcon.colcon_core.package_identification:_identify(src/master-board/hardware) by extension 'ignore'
[0.330s] Level 1:colcon.colcon_core.package_identification:_identify(src/master-board/hardware) by extension 'ignore_ament_install'
[0.330s] Level 1:colcon.colcon_core.package_identification:_identify(src/master-board/hardware) by extensions ['colcon_pkg']
[0.330s] Level 1:colcon.colcon_core.package_identification:_identify(src/master-board/hardware) by extension 'colcon_pkg'
[0.330s] Level 1:colcon.colcon_core.package_identification:_identify(src/master-board/hardware) by extensions ['colcon_meta']
[0.330s] Level 1:colcon.colcon_core.package_identification:_identify(src/master-board/hardware) by extension 'colcon_meta'
[0.330s] Level 1:colcon.colcon_core.package_identification:_identify(src/master-board/hardware) by extensions ['ros']
[0.330s] Level 1:colcon.colcon_core.package_identification:_identify(src/master-board/hardware) by extension 'ros'
[0.330s] Level 1:colcon.colcon_core.package_identification:_identify(src/master-board/hardware) by extensions ['cmake', 'python']
[0.330s] Level 1:colcon.colcon_core.package_identification:_identify(src/master-board/hardware) by extension 'cmake'
[0.330s] Level 1:colcon.colcon_core.package_identification:_identify(src/master-board/hardware) by extension 'python'
[0.330s] Level 1:colcon.colcon_core.package_identification:_identify(src/master-board/hardware) by extensions ['python_setup_py']
[0.330s] Level 1:colcon.colcon_core.package_identification:_identify(src/master-board/hardware) by extension 'python_setup_py'
[0.330s] Level 1:colcon.colcon_core.package_identification:_identify(src/master-board/hardware/V1) by extensions ['ignore', 'ignore_ament_install']
[0.330s] Level 1:colcon.colcon_core.package_identification:_identify(src/master-board/hardware/V1) by extension 'ignore'
[0.330s] Level 1:colcon.colcon_core.package_identification:_identify(src/master-board/hardware/V1) by extension 'ignore_ament_install'
[0.330s] Level 1:colcon.colcon_core.package_identification:_identify(src/master-board/hardware/V1) by extensions ['colcon_pkg']
[0.330s] Level 1:colcon.colcon_core.package_identification:_identify(src/master-board/hardware/V1) by extension 'colcon_pkg'
[0.330s] Level 1:colcon.colcon_core.package_identification:_identify(src/master-board/hardware/V1) by extensions ['colcon_meta']
[0.330s] Level 1:colcon.colcon_core.package_identification:_identify(src/master-board/hardware/V1) by extension 'colcon_meta'
[0.330s] Level 1:colcon.colcon_core.package_identification:_identify(src/master-board/hardware/V1) by extensions ['ros']
[0.330s] Level 1:colcon.colcon_core.package_identification:_identify(src/master-board/hardware/V1) by extension 'ros'
[0.330s] Level 1:colcon.colcon_core.package_identification:_identify(src/master-board/hardware/V1) by extensions ['cmake', 'python']
[0.330s] Level 1:colcon.colcon_core.package_identification:_identify(src/master-board/hardware/V1) by extension 'cmake'
[0.330s] Level 1:colcon.colcon_core.package_identification:_identify(src/master-board/hardware/V1) by extension 'python'
[0.330s] Level 1:colcon.colcon_core.package_identification:_identify(src/master-board/hardware/V1) by extensions ['python_setup_py']
[0.330s] Level 1:colcon.colcon_core.package_identification:_identify(src/master-board/hardware/V1) by extension 'python_setup_py'
[0.331s] Level 1:colcon.colcon_core.package_identification:_identify(src/master-board/hardware/V1/fab) by extensions ['ignore', 'ignore_ament_install']
[0.331s] Level 1:colcon.colcon_core.package_identification:_identify(src/master-board/hardware/V1/fab) by extension 'ignore'
[0.331s] Level 1:colcon.colcon_core.package_identification:_identify(src/master-board/hardware/V1/fab) by extension 'ignore_ament_install'
[0.331s] Level 1:colcon.colcon_core.package_identification:_identify(src/master-board/hardware/V1/fab) by extensions ['colcon_pkg']
[0.331s] Level 1:colcon.colcon_core.package_identification:_identify(src/master-board/hardware/V1/fab) by extension 'colcon_pkg'
[0.331s] Level 1:colcon.colcon_core.package_identification:_identify(src/master-board/hardware/V1/fab) by extensions ['colcon_meta']
[0.331s] Level 1:colcon.colcon_core.package_identification:_identify(src/master-board/hardware/V1/fab) by extension 'colcon_meta'
[0.331s] Level 1:colcon.colcon_core.package_identification:_identify(src/master-board/hardware/V1/fab) by extensions ['ros']
[0.331s] Level 1:colcon.colcon_core.package_identification:_identify(src/master-board/hardware/V1/fab) by extension 'ros'
[0.331s] Level 1:colcon.colcon_core.package_identification:_identify(src/master-board/hardware/V1/fab) by extensions ['cmake', 'python']
[0.331s] Level 1:colcon.colcon_core.package_identification:_identify(src/master-board/hardware/V1/fab) by extension 'cmake'
[0.331s] Level 1:colcon.colcon_core.package_identification:_identify(src/master-board/hardware/V1/fab) by extension 'python'
[0.331s] Level 1:colcon.colcon_core.package_identification:_identify(src/master-board/hardware/V1/fab) by extensions ['python_setup_py']
[0.331s] Level 1:colcon.colcon_core.package_identification:_identify(src/master-board/hardware/V1/fab) by extension 'python_setup_py'
[0.331s] Level 1:colcon.colcon_core.package_identification:_identify(src/master-board/hardware/V1/lib) by extensions ['ignore', 'ignore_ament_install']
[0.331s] Level 1:colcon.colcon_core.package_identification:_identify(src/master-board/hardware/V1/lib) by extension 'ignore'
[0.331s] Level 1:colcon.colcon_core.package_identification:_identify(src/master-board/hardware/V1/lib) by extension 'ignore_ament_install'
[0.331s] Level 1:colcon.colcon_core.package_identification:_identify(src/master-board/hardware/V1/lib) by extensions ['colcon_pkg']
[0.331s] Level 1:colcon.colcon_core.package_identification:_identify(src/master-board/hardware/V1/lib) by extension 'colcon_pkg'
[0.331s] Level 1:colcon.colcon_core.package_identification:_identify(src/master-board/hardware/V1/lib) by extensions ['colcon_meta']
[0.331s] Level 1:colcon.colcon_core.package_identification:_identify(src/master-board/hardware/V1/lib) by extension 'colcon_meta'
[0.331s] Level 1:colcon.colcon_core.package_identification:_identify(src/master-board/hardware/V1/lib) by extensions ['ros']
[0.331s] Level 1:colcon.colcon_core.package_identification:_identify(src/master-board/hardware/V1/lib) by extension 'ros'
[0.331s] Level 1:colcon.colcon_core.package_identification:_identify(src/master-board/hardware/V1/lib) by extensions ['cmake', 'python']
[0.331s] Level 1:colcon.colcon_core.package_identification:_identify(src/master-board/hardware/V1/lib) by extension 'cmake'
[0.331s] Level 1:colcon.colcon_core.package_identification:_identify(src/master-board/hardware/V1/lib) by extension 'python'
[0.331s] Level 1:colcon.colcon_core.package_identification:_identify(src/master-board/hardware/V1/lib) by extensions ['python_setup_py']
[0.331s] Level 1:colcon.colcon_core.package_identification:_identify(src/master-board/hardware/V1/lib) by extension 'python_setup_py'
[0.331s] Level 1:colcon.colcon_core.package_identification:_identify(src/master-board/hardware/V2) by extensions ['ignore', 'ignore_ament_install']
[0.331s] Level 1:colcon.colcon_core.package_identification:_identify(src/master-board/hardware/V2) by extension 'ignore'
[0.331s] Level 1:colcon.colcon_core.package_identification:_identify(src/master-board/hardware/V2) by extension 'ignore_ament_install'
[0.331s] Level 1:colcon.colcon_core.package_identification:_identify(src/master-board/hardware/V2) by extensions ['colcon_pkg']
[0.331s] Level 1:colcon.colcon_core.package_identification:_identify(src/master-board/hardware/V2) by extension 'colcon_pkg'
[0.331s] Level 1:colcon.colcon_core.package_identification:_identify(src/master-board/hardware/V2) by extensions ['colcon_meta']
[0.331s] Level 1:colcon.colcon_core.package_identification:_identify(src/master-board/hardware/V2) by extension 'colcon_meta'
[0.331s] Level 1:colcon.colcon_core.package_identification:_identify(src/master-board/hardware/V2) by extensions ['ros']
[0.331s] Level 1:colcon.colcon_core.package_identification:_identify(src/master-board/hardware/V2) by extension 'ros'
[0.331s] Level 1:colcon.colcon_core.package_identification:_identify(src/master-board/hardware/V2) by extensions ['cmake', 'python']
[0.331s] Level 1:colcon.colcon_core.package_identification:_identify(src/master-board/hardware/V2) by extension 'cmake'
[0.331s] Level 1:colcon.colcon_core.package_identification:_identify(src/master-board/hardware/V2) by extension 'python'
[0.331s] Level 1:colcon.colcon_core.package_identification:_identify(src/master-board/hardware/V2) by extensions ['python_setup_py']
[0.331s] Level 1:colcon.colcon_core.package_identification:_identify(src/master-board/hardware/V2) by extension 'python_setup_py'
[0.332s] Level 1:colcon.colcon_core.package_identification:_identify(src/master-board/hardware/V2/lib) by extensions ['ignore', 'ignore_ament_install']
[0.332s] Level 1:colcon.colcon_core.package_identification:_identify(src/master-board/hardware/V2/lib) by extension 'ignore'
[0.332s] Level 1:colcon.colcon_core.package_identification:_identify(src/master-board/hardware/V2/lib) by extension 'ignore_ament_install'
[0.332s] Level 1:colcon.colcon_core.package_identification:_identify(src/master-board/hardware/V2/lib) by extensions ['colcon_pkg']
[0.332s] Level 1:colcon.colcon_core.package_identification:_identify(src/master-board/hardware/V2/lib) by extension 'colcon_pkg'
[0.332s] Level 1:colcon.colcon_core.package_identification:_identify(src/master-board/hardware/V2/lib) by extensions ['colcon_meta']
[0.332s] Level 1:colcon.colcon_core.package_identification:_identify(src/master-board/hardware/V2/lib) by extension 'colcon_meta'
[0.332s] Level 1:colcon.colcon_core.package_identification:_identify(src/master-board/hardware/V2/lib) by extensions ['ros']
[0.332s] Level 1:colcon.colcon_core.package_identification:_identify(src/master-board/hardware/V2/lib) by extension 'ros'
[0.332s] Level 1:colcon.colcon_core.package_identification:_identify(src/master-board/hardware/V2/lib) by extensions ['cmake', 'python']
[0.332s] Level 1:colcon.colcon_core.package_identification:_identify(src/master-board/hardware/V2/lib) by extension 'cmake'
[0.332s] Level 1:colcon.colcon_core.package_identification:_identify(src/master-board/hardware/V2/lib) by extension 'python'
[0.332s] Level 1:colcon.colcon_core.package_identification:_identify(src/master-board/hardware/V2/lib) by extensions ['python_setup_py']
[0.332s] Level 1:colcon.colcon_core.package_identification:_identify(src/master-board/hardware/V2/lib) by extension 'python_setup_py'
[0.332s] Level 1:colcon.colcon_core.package_identification:_identify(src/master-board/hardware/V2/production_files) by extensions ['ignore', 'ignore_ament_install']
[0.332s] Level 1:colcon.colcon_core.package_identification:_identify(src/master-board/hardware/V2/production_files) by extension 'ignore'
[0.332s] Level 1:colcon.colcon_core.package_identification:_identify(src/master-board/hardware/V2/production_files) by extension 'ignore_ament_install'
[0.332s] Level 1:colcon.colcon_core.package_identification:_identify(src/master-board/hardware/V2/production_files) by extensions ['colcon_pkg']
[0.332s] Level 1:colcon.colcon_core.package_identification:_identify(src/master-board/hardware/V2/production_files) by extension 'colcon_pkg'
[0.332s] Level 1:colcon.colcon_core.package_identification:_identify(src/master-board/hardware/V2/production_files) by extensions ['colcon_meta']
[0.332s] Level 1:colcon.colcon_core.package_identification:_identify(src/master-board/hardware/V2/production_files) by extension 'colcon_meta'
[0.332s] Level 1:colcon.colcon_core.package_identification:_identify(src/master-board/hardware/V2/production_files) by extensions ['ros']
[0.332s] Level 1:colcon.colcon_core.package_identification:_identify(src/master-board/hardware/V2/production_files) by extension 'ros'
[0.332s] Level 1:colcon.colcon_core.package_identification:_identify(src/master-board/hardware/V2/production_files) by extensions ['cmake', 'python']
[0.332s] Level 1:colcon.colcon_core.package_identification:_identify(src/master-board/hardware/V2/production_files) by extension 'cmake'
[0.332s] Level 1:colcon.colcon_core.package_identification:_identify(src/master-board/hardware/V2/production_files) by extension 'python'
[0.332s] Level 1:colcon.colcon_core.package_identification:_identify(src/master-board/hardware/V2/production_files) by extensions ['python_setup_py']
[0.332s] Level 1:colcon.colcon_core.package_identification:_identify(src/master-board/hardware/V2/production_files) by extension 'python_setup_py'
[0.332s] Level 1:colcon.colcon_core.package_identification:_identify(src/master-board/images) by extensions ['ignore', 'ignore_ament_install']
[0.332s] Level 1:colcon.colcon_core.package_identification:_identify(src/master-board/images) by extension 'ignore'
[0.332s] Level 1:colcon.colcon_core.package_identification:_identify(src/master-board/images) by extension 'ignore_ament_install'
[0.332s] Level 1:colcon.colcon_core.package_identification:_identify(src/master-board/images) by extensions ['colcon_pkg']
[0.332s] Level 1:colcon.colcon_core.package_identification:_identify(src/master-board/images) by extension 'colcon_pkg'
[0.332s] Level 1:colcon.colcon_core.package_identification:_identify(src/master-board/images) by extensions ['colcon_meta']
[0.332s] Level 1:colcon.colcon_core.package_identification:_identify(src/master-board/images) by extension 'colcon_meta'
[0.332s] Level 1:colcon.colcon_core.package_identification:_identify(src/master-board/images) by extensions ['ros']
[0.332s] Level 1:colcon.colcon_core.package_identification:_identify(src/master-board/images) by extension 'ros'
[0.332s] Level 1:colcon.colcon_core.package_identification:_identify(src/master-board/images) by extensions ['cmake', 'python']
[0.332s] Level 1:colcon.colcon_core.package_identification:_identify(src/master-board/images) by extension 'cmake'
[0.332s] Level 1:colcon.colcon_core.package_identification:_identify(src/master-board/images) by extension 'python'
[0.332s] Level 1:colcon.colcon_core.package_identification:_identify(src/master-board/images) by extensions ['python_setup_py']
[0.332s] Level 1:colcon.colcon_core.package_identification:_identify(src/master-board/images) by extension 'python_setup_py'
[0.332s] Level 1:colcon.colcon_core.package_identification:_identify(src/master-board/sdk) by extensions ['ignore', 'ignore_ament_install']
[0.332s] Level 1:colcon.colcon_core.package_identification:_identify(src/master-board/sdk) by extension 'ignore'
[0.333s] Level 1:colcon.colcon_core.package_identification:_identify(src/master-board/sdk) by extension 'ignore_ament_install'
[0.333s] Level 1:colcon.colcon_core.package_identification:_identify(src/master-board/sdk) by extensions ['colcon_pkg']
[0.333s] Level 1:colcon.colcon_core.package_identification:_identify(src/master-board/sdk) by extension 'colcon_pkg'
[0.333s] Level 1:colcon.colcon_core.package_identification:_identify(src/master-board/sdk) by extensions ['colcon_meta']
[0.333s] Level 1:colcon.colcon_core.package_identification:_identify(src/master-board/sdk) by extension 'colcon_meta'
[0.333s] Level 1:colcon.colcon_core.package_identification:_identify(src/master-board/sdk) by extensions ['ros']
[0.333s] Level 1:colcon.colcon_core.package_identification:_identify(src/master-board/sdk) by extension 'ros'
[0.333s] Level 1:colcon.colcon_core.package_identification:_identify(src/master-board/sdk) by extensions ['cmake', 'python']
[0.333s] Level 1:colcon.colcon_core.package_identification:_identify(src/master-board/sdk) by extension 'cmake'
[0.333s] Level 1:colcon.colcon_core.package_identification:_identify(src/master-board/sdk) by extension 'python'
[0.333s] Level 1:colcon.colcon_core.package_identification:_identify(src/master-board/sdk) by extensions ['python_setup_py']
[0.333s] Level 1:colcon.colcon_core.package_identification:_identify(src/master-board/sdk) by extension 'python_setup_py'
[0.333s] Level 1:colcon.colcon_core.package_identification:_identify(src/master-board/sdk/master_board_sdk) by extensions ['ignore', 'ignore_ament_install']
[0.333s] Level 1:colcon.colcon_core.package_identification:_identify(src/master-board/sdk/master_board_sdk) by extension 'ignore'
[0.333s] Level 1:colcon.colcon_core.package_identification:_identify(src/master-board/sdk/master_board_sdk) by extension 'ignore_ament_install'
[0.333s] Level 1:colcon.colcon_core.package_identification:_identify(src/master-board/sdk/master_board_sdk) by extensions ['colcon_pkg']
[0.333s] Level 1:colcon.colcon_core.package_identification:_identify(src/master-board/sdk/master_board_sdk) by extension 'colcon_pkg'
[0.333s] Level 1:colcon.colcon_core.package_identification:_identify(src/master-board/sdk/master_board_sdk) by extensions ['colcon_meta']
[0.333s] Level 1:colcon.colcon_core.package_identification:_identify(src/master-board/sdk/master_board_sdk) by extension 'colcon_meta'
[0.333s] Level 1:colcon.colcon_core.package_identification:_identify(src/master-board/sdk/master_board_sdk) by extensions ['ros']
[0.333s] Level 1:colcon.colcon_core.package_identification:_identify(src/master-board/sdk/master_board_sdk) by extension 'ros'
[0.337s] DEBUG:colcon.colcon_core.package_identification:Package 'src/master-board/sdk/master_board_sdk' with type 'ros.cmake' and name 'master_board_sdk'
[0.337s] Level 1:colcon.colcon_core.package_identification:_identify(src/master-board/sdk/scripts) by extensions ['ignore', 'ignore_ament_install']
[0.337s] Level 1:colcon.colcon_core.package_identification:_identify(src/master-board/sdk/scripts) by extension 'ignore'
[0.337s] Level 1:colcon.colcon_core.package_identification:_identify(src/master-board/sdk/scripts) by extension 'ignore_ament_install'
[0.337s] Level 1:colcon.colcon_core.package_identification:_identify(src/master-board/sdk/scripts) by extensions ['colcon_pkg']
[0.337s] Level 1:colcon.colcon_core.package_identification:_identify(src/master-board/sdk/scripts) by extension 'colcon_pkg'
[0.337s] Level 1:colcon.colcon_core.package_identification:_identify(src/master-board/sdk/scripts) by extensions ['colcon_meta']
[0.337s] Level 1:colcon.colcon_core.package_identification:_identify(src/master-board/sdk/scripts) by extension 'colcon_meta'
[0.337s] Level 1:colcon.colcon_core.package_identification:_identify(src/master-board/sdk/scripts) by extensions ['ros']
[0.337s] Level 1:colcon.colcon_core.package_identification:_identify(src/master-board/sdk/scripts) by extension 'ros'
[0.337s] Level 1:colcon.colcon_core.package_identification:_identify(src/master-board/sdk/scripts) by extensions ['cmake', 'python']
[0.337s] Level 1:colcon.colcon_core.package_identification:_identify(src/master-board/sdk/scripts) by extension 'cmake'
[0.337s] Level 1:colcon.colcon_core.package_identification:_identify(src/master-board/sdk/scripts) by extension 'python'
[0.337s] Level 1:colcon.colcon_core.package_identification:_identify(src/master-board/sdk/scripts) by extensions ['python_setup_py']
[0.337s] Level 1:colcon.colcon_core.package_identification:_identify(src/master-board/sdk/scripts) by extension 'python_setup_py'
[0.337s] Level 1:colcon.colcon_core.package_identification:_identify(src/mpi_cmake_modules) by extensions ['ignore', 'ignore_ament_install']
[0.337s] Level 1:colcon.colcon_core.package_identification:_identify(src/mpi_cmake_modules) by extension 'ignore'
[0.337s] Level 1:colcon.colcon_core.package_identification:_identify(src/mpi_cmake_modules) by extension 'ignore_ament_install'
[0.337s] Level 1:colcon.colcon_core.package_identification:_identify(src/mpi_cmake_modules) by extensions ['colcon_pkg']
[0.337s] Level 1:colcon.colcon_core.package_identification:_identify(src/mpi_cmake_modules) by extension 'colcon_pkg'
[0.337s] Level 1:colcon.colcon_core.package_identification:_identify(src/mpi_cmake_modules) by extensions ['colcon_meta']
[0.337s] Level 1:colcon.colcon_core.package_identification:_identify(src/mpi_cmake_modules) by extension 'colcon_meta'
[0.337s] Level 1:colcon.colcon_core.package_identification:_identify(src/mpi_cmake_modules) by extensions ['ros']
[0.337s] Level 1:colcon.colcon_core.package_identification:_identify(src/mpi_cmake_modules) by extension 'ros'
[0.337s] Level 1:colcon.colcon_core.package_identification:_identify(src/mpi_cmake_modules) by extensions ['cmake', 'python']
[0.337s] Level 1:colcon.colcon_core.package_identification:_identify(src/mpi_cmake_modules) by extension 'cmake'
[0.340s] Level 1:colcon.colcon_core.package_identification:_identify(src/mpi_cmake_modules) by extension 'python'
[0.340s] DEBUG:colcon.colcon_core.package_identification:Package 'src/mpi_cmake_modules' with type 'cmake' and name 'mpi_cmake_modules'
[0.340s] Level 1:colcon.colcon_core.package_identification:_identify(src/odri_control_interface) by extensions ['ignore', 'ignore_ament_install']
[0.341s] Level 1:colcon.colcon_core.package_identification:_identify(src/odri_control_interface) by extension 'ignore'
[0.341s] Level 1:colcon.colcon_core.package_identification:_identify(src/odri_control_interface) by extension 'ignore_ament_install'
[0.341s] Level 1:colcon.colcon_core.package_identification:_identify(src/odri_control_interface) by extensions ['colcon_pkg']
[0.341s] Level 1:colcon.colcon_core.package_identification:_identify(src/odri_control_interface) by extension 'colcon_pkg'
[0.341s] Level 1:colcon.colcon_core.package_identification:_identify(src/odri_control_interface) by extensions ['colcon_meta']
[0.341s] Level 1:colcon.colcon_core.package_identification:_identify(src/odri_control_interface) by extension 'colcon_meta'
[0.341s] Level 1:colcon.colcon_core.package_identification:_identify(src/odri_control_interface) by extensions ['ros']
[0.341s] Level 1:colcon.colcon_core.package_identification:_identify(src/odri_control_interface) by extension 'ros'
[0.341s] DEBUG:colcon.colcon_core.package_identification:Package 'src/odri_control_interface' with type 'ros.catkin' and name 'odri_control_interface'
[0.341s] Level 1:colcon.colcon_core.package_identification:_identify(src/pybind11) by extensions ['ignore', 'ignore_ament_install']
[0.341s] Level 1:colcon.colcon_core.package_identification:_identify(src/pybind11) by extension 'ignore'
[0.341s] Level 1:colcon.colcon_core.package_identification:_identify(src/pybind11) by extension 'ignore_ament_install'
[0.341s] Level 1:colcon.colcon_core.package_identification:_identify(src/pybind11) by extensions ['colcon_pkg']
[0.341s] Level 1:colcon.colcon_core.package_identification:_identify(src/pybind11) by extension 'colcon_pkg'
[0.341s] Level 1:colcon.colcon_core.package_identification:_identify(src/pybind11) by extensions ['colcon_meta']
[0.341s] Level 1:colcon.colcon_core.package_identification:_identify(src/pybind11) by extension 'colcon_meta'
[0.341s] Level 1:colcon.colcon_core.package_identification:_identify(src/pybind11) by extensions ['ros']
[0.341s] Level 1:colcon.colcon_core.package_identification:_identify(src/pybind11) by extension 'ros'
[0.341s] Level 1:colcon.colcon_core.package_identification:_identify(src/pybind11) by extensions ['cmake', 'python']
[0.341s] Level 1:colcon.colcon_core.package_identification:_identify(src/pybind11) by extension 'cmake'
[0.345s] Level 1:colcon.colcon_core.package_identification:_identify(src/pybind11) by extension 'python'
[0.345s] DEBUG:colcon.colcon_core.package_identification:Python package in 'src/pybind11' passes arguments to the setup() function which requires a different identification extension than 'python'
[0.345s] DEBUG:colcon.colcon_core.package_identification:Package 'src/pybind11' with type 'cmake' and name 'pybind11'
[0.346s] Level 1:colcon.colcon_core.package_identification:_identify(src/real_time_tools) by extensions ['ignore', 'ignore_ament_install']
[0.346s] Level 1:colcon.colcon_core.package_identification:_identify(src/real_time_tools) by extension 'ignore'
[0.346s] Level 1:colcon.colcon_core.package_identification:_identify(src/real_time_tools) by extension 'ignore_ament_install'
[0.346s] Level 1:colcon.colcon_core.package_identification:_identify(src/real_time_tools) by extensions ['colcon_pkg']
[0.346s] Level 1:colcon.colcon_core.package_identification:_identify(src/real_time_tools) by extension 'colcon_pkg'
[0.346s] Level 1:colcon.colcon_core.package_identification:_identify(src/real_time_tools) by extensions ['colcon_meta']
[0.346s] Level 1:colcon.colcon_core.package_identification:_identify(src/real_time_tools) by extension 'colcon_meta'
[0.346s] Level 1:colcon.colcon_core.package_identification:_identify(src/real_time_tools) by extensions ['ros']
[0.346s] Level 1:colcon.colcon_core.package_identification:_identify(src/real_time_tools) by extension 'ros'
[0.346s] Level 1:colcon.colcon_core.package_identification:_identify(src/real_time_tools) by extensions ['cmake', 'python']
[0.346s] Level 1:colcon.colcon_core.package_identification:_identify(src/real_time_tools) by extension 'cmake'
[0.346s] Level 1:colcon.colcon_core.package_identification:_identify(src/real_time_tools) by extension 'python'
[0.347s] DEBUG:colcon.colcon_core.package_identification:Package 'src/real_time_tools' with type 'cmake' and name 'real_time_tools'
[0.347s] Level 1:colcon.colcon_core.package_identification:_identify(src/robot_properties_bolt) by extensions ['ignore', 'ignore_ament_install']
[0.347s] Level 1:colcon.colcon_core.package_identification:_identify(src/robot_properties_bolt) by extension 'ignore'
[0.347s] Level 1:colcon.colcon_core.package_identification:_identify(src/robot_properties_bolt) by extension 'ignore_ament_install'
[0.347s] Level 1:colcon.colcon_core.package_identification:_identify(src/robot_properties_bolt) by extensions ['colcon_pkg']
[0.347s] Level 1:colcon.colcon_core.package_identification:_identify(src/robot_properties_bolt) by extension 'colcon_pkg'
[0.347s] Level 1:colcon.colcon_core.package_identification:_identify(src/robot_properties_bolt) by extensions ['colcon_meta']
[0.347s] Level 1:colcon.colcon_core.package_identification:_identify(src/robot_properties_bolt) by extension 'colcon_meta'
[0.347s] Level 1:colcon.colcon_core.package_identification:_identify(src/robot_properties_bolt) by extensions ['ros']
[0.347s] Level 1:colcon.colcon_core.package_identification:_identify(src/robot_properties_bolt) by extension 'ros'
[0.347s] DEBUG:colcon.colcon_core.package_identification:Package 'src/robot_properties_bolt' with type 'ros.ament_python' and name 'robot_properties_bolt'
[0.347s] Level 1:colcon.colcon_core.package_identification:_identify(src/slider_box) by extensions ['ignore', 'ignore_ament_install']
[0.347s] Level 1:colcon.colcon_core.package_identification:_identify(src/slider_box) by extension 'ignore'
[0.347s] Level 1:colcon.colcon_core.package_identification:_identify(src/slider_box) by extension 'ignore_ament_install'
[0.347s] Level 1:colcon.colcon_core.package_identification:_identify(src/slider_box) by extensions ['colcon_pkg']
[0.347s] Level 1:colcon.colcon_core.package_identification:_identify(src/slider_box) by extension 'colcon_pkg'
[0.347s] Level 1:colcon.colcon_core.package_identification:_identify(src/slider_box) by extensions ['colcon_meta']
[0.347s] Level 1:colcon.colcon_core.package_identification:_identify(src/slider_box) by extension 'colcon_meta'
[0.347s] Level 1:colcon.colcon_core.package_identification:_identify(src/slider_box) by extensions ['ros']
[0.347s] Level 1:colcon.colcon_core.package_identification:_identify(src/slider_box) by extension 'ros'
[0.348s] DEBUG:colcon.colcon_core.package_identification:Package 'src/slider_box' with type 'ros.ament_cmake' and name 'slider_box'
[0.348s] Level 1:colcon.colcon_core.package_identification:_identify(src/yaml_utils) by extensions ['ignore', 'ignore_ament_install']
[0.348s] Level 1:colcon.colcon_core.package_identification:_identify(src/yaml_utils) by extension 'ignore'
[0.348s] Level 1:colcon.colcon_core.package_identification:_identify(src/yaml_utils) by extension 'ignore_ament_install'
[0.348s] Level 1:colcon.colcon_core.package_identification:_identify(src/yaml_utils) by extensions ['colcon_pkg']
[0.348s] Level 1:colcon.colcon_core.package_identification:_identify(src/yaml_utils) by extension 'colcon_pkg'
[0.348s] Level 1:colcon.colcon_core.package_identification:_identify(src/yaml_utils) by extensions ['colcon_meta']
[0.348s] Level 1:colcon.colcon_core.package_identification:_identify(src/yaml_utils) by extension 'colcon_meta'
[0.348s] Level 1:colcon.colcon_core.package_identification:_identify(src/yaml_utils) by extensions ['ros']
[0.348s] Level 1:colcon.colcon_core.package_identification:_identify(src/yaml_utils) by extension 'ros'
[0.348s] Level 1:colcon.colcon_core.package_identification:_identify(src/yaml_utils) by extensions ['cmake', 'python']
[0.348s] Level 1:colcon.colcon_core.package_identification:_identify(src/yaml_utils) by extension 'cmake'
[0.349s] Level 1:colcon.colcon_core.package_identification:_identify(src/yaml_utils) by extension 'python'
[0.349s] DEBUG:colcon.colcon_core.package_identification:Package 'src/yaml_utils' with type 'cmake' and name 'yaml_utils'
[0.349s] Level 1:colcon.colcon_core.package_discovery:discover_packages(recursive) using defaults
[0.349s] Level 1:colcon.colcon_core.package_discovery:discover_packages(ignore) discover
[0.349s] Level 1:colcon.colcon_core.package_discovery:discover_packages(ignore) using defaults
[0.349s] Level 1:colcon.colcon_core.package_discovery:discover_packages(path) discover
[0.349s] Level 1:colcon.colcon_core.package_discovery:discover_packages(path) using defaults
[0.365s] INFO:colcon.colcon_metadata.metadata.colcon_pkg:Updating descriptor of package 'src/yaml_utils' from colcon.pkg: {'test-dependencies': ['googletest-distribution']}
[0.365s] INFO:colcon.colcon_metadata.metadata.colcon_pkg:Updating descriptor of package 'src/real_time_tools' from colcon.pkg: {'test-dependencies': ['googletest-distribution']}
[0.367s] INFO:colcon.colcon_core.package_selection:Skipping not selected package 'googletest-distribution' in 'src/googletest'
[0.367s] INFO:colcon.colcon_core.package_selection:Skipping not selected package 'master_board_sdk' in 'src/master-board/sdk/master_board_sdk'
[0.367s] INFO:colcon.colcon_core.package_selection:Skipping not selected package 'mpi_cmake_modules' in 'src/mpi_cmake_modules'
[0.367s] INFO:colcon.colcon_core.package_selection:Skipping not selected package 'pybind11' in 'src/pybind11'
[0.367s] INFO:colcon.colcon_core.package_selection:Skipping not selected package 'bullet_utils' in 'src/bullet_utils'
[0.367s] INFO:colcon.colcon_core.package_selection:Skipping not selected package 'odri_control_interface' in 'src/odri_control_interface'
[0.367s] INFO:colcon.colcon_core.package_selection:Skipping not selected package 'yaml_utils' in 'src/yaml_utils'
[0.367s] INFO:colcon.colcon_core.package_selection:Skipping not selected package 'robot_properties_bolt' in 'src/robot_properties_bolt'
[0.367s] INFO:colcon.colcon_core.package_selection:Skipping not selected package 'slider_box' in 'src/slider_box'
[0.367s] INFO:colcon.colcon_core.package_selection:Skipping not selected package 'bolt' in 'src/bolt'
[0.367s] Level 5:colcon.colcon_core.verb:set package 'real_time_tools' build argument 'cmake_args' from command line to 'None'
[0.367s] Level 5:colcon.colcon_core.verb:set package 'real_time_tools' build argument 'cmake_target' from command line to 'None'
[0.367s] Level 5:colcon.colcon_core.verb:set package 'real_time_tools' build argument 'cmake_target_skip_unavailable' from command line to 'False'
[0.367s] Level 5:colcon.colcon_core.verb:set package 'real_time_tools' build argument 'cmake_clean_cache' from command line to 'False'
[0.367s] Level 5:colcon.colcon_core.verb:set package 'real_time_tools' build argument 'cmake_clean_first' from command line to 'False'
[0.367s] Level 5:colcon.colcon_core.verb:set package 'real_time_tools' build argument 'cmake_force_configure' from command line to 'False'
[0.367s] Level 5:colcon.colcon_core.verb:set package 'real_time_tools' build argument 'ament_cmake_args' from command line to 'None'
[0.367s] Level 5:colcon.colcon_core.verb:set package 'real_time_tools' build argument 'catkin_cmake_args' from command line to 'None'
[0.367s] Level 5:colcon.colcon_core.verb:set package 'real_time_tools' build argument 'catkin_skip_building_tests' from command line to 'False'
[0.367s] DEBUG:colcon.colcon_core.verb:Building package 'real_time_tools' with the following arguments: {'ament_cmake_args': None, 'build_base': '/home/zihaoye/devel/workspace/build/real_time_tools', 'catkin_cmake_args': None, 'catkin_skip_building_tests': False, 'cmake_args': None, 'cmake_clean_cache': False, 'cmake_clean_first': False, 'cmake_force_configure': False, 'cmake_target': None, 'cmake_target_skip_unavailable': False, 'install_base': '/home/zihaoye/devel/workspace/install/real_time_tools', 'merge_install': False, 'path': '/home/zihaoye/devel/workspace/src/real_time_tools', 'symlink_install': False, 'test_result_base': None}
[0.367s] INFO:colcon.colcon_core.executor:Executing jobs using 'parallel' executor
[0.368s] DEBUG:colcon.colcon_parallel_executor.executor.parallel:run_until_complete
[0.368s] INFO:colcon.colcon_cmake.task.cmake.build:Building CMake package in '/home/zihaoye/devel/workspace/src/real_time_tools'
[0.369s] INFO:colcon.colcon_core.plugin_system:Skipping extension 'colcon_core.shell.bat': Not used on non-Windows systems
[0.370s] INFO:colcon.colcon_core.shell:Skip shell extension 'powershell' for command environment: Not usable outside of PowerShell
[0.370s] DEBUG:colcon.colcon_core.shell:Skip shell extension 'dsv' for command environment
[0.380s] DEBUG:colcon.colcon_core.event_handler.log_command:Invoking command in '/home/zihaoye/devel/workspace/build/real_time_tools': CMAKE_MODULE_PATH=/home/zihaoye/devel/workspace/install/pybind11/share/cmake/pybind11 CMAKE_PREFIX_PATH=/home/zihaoye/devel/workspace/install/pybind11:/home/zihaoye/devel/workspace/install/mpi_cmake_modules:/home/zihaoye/devel/workspace/install/googletest-distribution:${CMAKE_PREFIX_PATH} PATH=/home/zihaoye/devel/workspace/install/mpi_cmake_modules/bin:${PATH} PS1=(myenv) \[\e]0;\u@\h: \w\a\]${debian_chroot:+($debian_chroot)}\[\033[01;32m\]\u@\h\[\033[00m\]:\[\033[01;34m\]\w\[\033[00m\]\$ PYTHONPATH=/home/zihaoye/devel/workspace/install/mpi_cmake_modules/lib/python3.8/site-packages:${PYTHONPATH} /usr/bin/cmake --build /home/zihaoye/devel/workspace/build/real_time_tools -- -j16 -l16
[2.910s] DEBUG:colcon.colcon_core.event_handler.log_command:Invoked command in '/home/zihaoye/devel/workspace/build/real_time_tools' returned '0': CMAKE_MODULE_PATH=/home/zihaoye/devel/workspace/install/pybind11/share/cmake/pybind11 CMAKE_PREFIX_PATH=/home/zihaoye/devel/workspace/install/pybind11:/home/zihaoye/devel/workspace/install/mpi_cmake_modules:/home/zihaoye/devel/workspace/install/googletest-distribution:${CMAKE_PREFIX_PATH} PATH=/home/zihaoye/devel/workspace/install/mpi_cmake_modules/bin:${PATH} PS1=(myenv) \[\e]0;\u@\h: \w\a\]${debian_chroot:+($debian_chroot)}\[\033[01;32m\]\u@\h\[\033[00m\]:\[\033[01;34m\]\w\[\033[00m\]\$ PYTHONPATH=/home/zihaoye/devel/workspace/install/mpi_cmake_modules/lib/python3.8/site-packages:${PYTHONPATH} /usr/bin/cmake --build /home/zihaoye/devel/workspace/build/real_time_tools -- -j16 -l16
[2.919s] DEBUG:colcon.colcon_core.event_handler.log_command:Invoking command in '/home/zihaoye/devel/workspace/build/real_time_tools': CMAKE_MODULE_PATH=/home/zihaoye/devel/workspace/install/pybind11/share/cmake/pybind11 CMAKE_PREFIX_PATH=/home/zihaoye/devel/workspace/install/pybind11:/home/zihaoye/devel/workspace/install/mpi_cmake_modules:/home/zihaoye/devel/workspace/install/googletest-distribution:${CMAKE_PREFIX_PATH} PATH=/home/zihaoye/devel/workspace/install/mpi_cmake_modules/bin:${PATH} PS1=(myenv) \[\e]0;\u@\h: \w\a\]${debian_chroot:+($debian_chroot)}\[\033[01;32m\]\u@\h\[\033[00m\]:\[\033[01;34m\]\w\[\033[00m\]\$ PYTHONPATH=/home/zihaoye/devel/workspace/install/mpi_cmake_modules/lib/python3.8/site-packages:${PYTHONPATH} /usr/bin/cmake --install /home/zihaoye/devel/workspace/build/real_time_tools
[2.928s] Level 1:colcon.colcon_core.environment:create_environment_scripts_only(real_time_tools)
[2.928s] DEBUG:colcon.colcon_core.event_handler.log_command:Invoked command in '/home/zihaoye/devel/workspace/build/real_time_tools' returned '0': CMAKE_MODULE_PATH=/home/zihaoye/devel/workspace/install/pybind11/share/cmake/pybind11 CMAKE_PREFIX_PATH=/home/zihaoye/devel/workspace/install/pybind11:/home/zihaoye/devel/workspace/install/mpi_cmake_modules:/home/zihaoye/devel/workspace/install/googletest-distribution:${CMAKE_PREFIX_PATH} PATH=/home/zihaoye/devel/workspace/install/mpi_cmake_modules/bin:${PATH} PS1=(myenv) \[\e]0;\u@\h: \w\a\]${debian_chroot:+($debian_chroot)}\[\033[01;32m\]\u@\h\[\033[00m\]:\[\033[01;34m\]\w\[\033[00m\]\$ PYTHONPATH=/home/zihaoye/devel/workspace/install/mpi_cmake_modules/lib/python3.8/site-packages:${PYTHONPATH} /usr/bin/cmake --install /home/zihaoye/devel/workspace/build/real_time_tools
[2.929s] Level 1:colcon.colcon_core.environment:checking '/home/zihaoye/devel/workspace/install/real_time_tools' for CMake module files
[2.929s] Level 1:colcon.colcon_core.environment:checking '/home/zihaoye/devel/workspace/install/real_time_tools' for CMake config files
[2.930s] Level 1:colcon.colcon_core.shell:create_environment_hook('real_time_tools', 'cmake_prefix_path')
[2.930s] INFO:colcon.colcon_core.shell:Creating environment hook '/home/zihaoye/devel/workspace/install/real_time_tools/share/real_time_tools/hook/cmake_prefix_path.ps1'
[2.930s] INFO:colcon.colcon_core.shell:Creating environment descriptor '/home/zihaoye/devel/workspace/install/real_time_tools/share/real_time_tools/hook/cmake_prefix_path.dsv'
[2.931s] INFO:colcon.colcon_core.shell:Creating environment hook '/home/zihaoye/devel/workspace/install/real_time_tools/share/real_time_tools/hook/cmake_prefix_path.sh'
[2.931s] Level 1:colcon.colcon_core.environment:checking '/home/zihaoye/devel/workspace/install/real_time_tools/lib'
[2.931s] Level 1:colcon.colcon_core.shell:create_environment_hook('real_time_tools', 'ld_library_path_lib')
[2.932s] INFO:colcon.colcon_core.shell:Creating environment hook '/home/zihaoye/devel/workspace/install/real_time_tools/share/real_time_tools/hook/ld_library_path_lib.ps1'
[2.932s] INFO:colcon.colcon_core.shell:Creating environment descriptor '/home/zihaoye/devel/workspace/install/real_time_tools/share/real_time_tools/hook/ld_library_path_lib.dsv'
[2.932s] INFO:colcon.colcon_core.shell:Creating environment hook '/home/zihaoye/devel/workspace/install/real_time_tools/share/real_time_tools/hook/ld_library_path_lib.sh'
[2.932s] Level 1:colcon.colcon_core.environment:checking '/home/zihaoye/devel/workspace/install/real_time_tools/bin'
[2.932s] Level 1:colcon.colcon_core.shell:create_environment_hook('real_time_tools', 'path')
[2.933s] INFO:colcon.colcon_core.shell:Creating environment hook '/home/zihaoye/devel/workspace/install/real_time_tools/share/real_time_tools/hook/path.ps1'
[2.933s] INFO:colcon.colcon_core.shell:Creating environment descriptor '/home/zihaoye/devel/workspace/install/real_time_tools/share/real_time_tools/hook/path.dsv'
[2.933s] INFO:colcon.colcon_core.shell:Creating environment hook '/home/zihaoye/devel/workspace/install/real_time_tools/share/real_time_tools/hook/path.sh'
[2.933s] Level 1:colcon.colcon_core.environment:checking '/home/zihaoye/devel/workspace/install/real_time_tools/lib/pkgconfig/real_time_tools.pc'
[2.934s] Level 1:colcon.colcon_core.environment:checking '/home/zihaoye/devel/workspace/install/real_time_tools/lib/python3.8/site-packages'
[2.934s] Level 1:colcon.colcon_core.shell:create_environment_hook('real_time_tools', 'pythonpath')
[2.934s] INFO:colcon.colcon_core.shell:Creating environment hook '/home/zihaoye/devel/workspace/install/real_time_tools/share/real_time_tools/hook/pythonpath.ps1'
[2.935s] INFO:colcon.colcon_core.shell:Creating environment descriptor '/home/zihaoye/devel/workspace/install/real_time_tools/share/real_time_tools/hook/pythonpath.dsv'
[2.935s] INFO:colcon.colcon_core.shell:Creating environment hook '/home/zihaoye/devel/workspace/install/real_time_tools/share/real_time_tools/hook/pythonpath.sh'
[2.935s] Level 1:colcon.colcon_core.environment:checking '/home/zihaoye/devel/workspace/install/real_time_tools/bin'
[2.935s] Level 1:colcon.colcon_core.shell:create_environment_hook('real_time_tools', 'pythonscriptspath')
[2.936s] INFO:colcon.colcon_core.shell:Creating environment hook '/home/zihaoye/devel/workspace/install/real_time_tools/share/real_time_tools/hook/pythonscriptspath.ps1'
[2.936s] INFO:colcon.colcon_core.shell:Creating environment descriptor '/home/zihaoye/devel/workspace/install/real_time_tools/share/real_time_tools/hook/pythonscriptspath.dsv'
[2.936s] INFO:colcon.colcon_core.shell:Creating environment hook '/home/zihaoye/devel/workspace/install/real_time_tools/share/real_time_tools/hook/pythonscriptspath.sh'
[2.936s] INFO:colcon.colcon_core.shell:Creating package script '/home/zihaoye/devel/workspace/install/real_time_tools/share/real_time_tools/package.ps1'
[2.937s] INFO:colcon.colcon_core.shell:Creating package descriptor '/home/zihaoye/devel/workspace/install/real_time_tools/share/real_time_tools/package.dsv'
[2.938s] INFO:colcon.colcon_core.shell:Creating package script '/home/zihaoye/devel/workspace/install/real_time_tools/share/real_time_tools/package.sh'
[2.938s] INFO:colcon.colcon_core.shell:Creating package script '/home/zihaoye/devel/workspace/install/real_time_tools/share/real_time_tools/package.bash'
[2.939s] INFO:colcon.colcon_core.shell:Creating package script '/home/zihaoye/devel/workspace/install/real_time_tools/share/real_time_tools/package.zsh'
[2.939s] Level 1:colcon.colcon_core.environment:create_file_with_runtime_dependencies(/home/zihaoye/devel/workspace/install/real_time_tools/share/colcon-core/packages/real_time_tools)
[2.940s] DEBUG:colcon.colcon_parallel_executor.executor.parallel:closing loop
[2.940s] DEBUG:colcon.colcon_parallel_executor.executor.parallel:loop closed
[2.940s] DEBUG:colcon.colcon_parallel_executor.executor.parallel:run_until_complete finished with '0'
[2.940s] DEBUG:colcon.colcon_core.event_reactor:joining thread
[2.942s] INFO:colcon.colcon_core.plugin_system:Skipping extension 'colcon_notification.desktop_notification.notify2': 'notify2' not found
[2.942s] INFO:colcon.colcon_core.plugin_system:Skipping extension 'colcon_notification.desktop_notification.terminal_notifier': Not used on non-Darwin systems
[2.942s] INFO:colcon.colcon_core.plugin_system:Skipping extension 'colcon_notification.desktop_notification.win32': Not used on non-Windows systems
[2.942s] INFO:colcon.colcon_notification.desktop_notification:Sending desktop notification using 'notify_send'
[2.964s] DEBUG:colcon.colcon_core.event_reactor:joined thread
[2.964s] INFO:colcon.colcon_core.shell:Creating prefix script '/home/zihaoye/devel/workspace/install/local_setup.ps1'
[2.966s] INFO:colcon.colcon_core.shell:Creating prefix util module '/home/zihaoye/devel/workspace/install/_local_setup_util_ps1.py'
[2.968s] INFO:colcon.colcon_core.shell:Creating prefix chain script '/home/zihaoye/devel/workspace/install/setup.ps1'
[2.969s] INFO:colcon.colcon_core.shell:Creating prefix script '/home/zihaoye/devel/workspace/install/local_setup.sh'
[2.969s] INFO:colcon.colcon_core.shell:Creating prefix util module '/home/zihaoye/devel/workspace/install/_local_setup_util_sh.py'
[2.970s] INFO:colcon.colcon_core.shell:Creating prefix chain script '/home/zihaoye/devel/workspace/install/setup.sh'
[2.971s] INFO:colcon.colcon_core.shell:Creating prefix script '/home/zihaoye/devel/workspace/install/local_setup.bash'
[2.971s] INFO:colcon.colcon_core.shell:Creating prefix chain script '/home/zihaoye/devel/workspace/install/setup.bash'
[2.972s] INFO:colcon.colcon_core.shell:Creating prefix script '/home/zihaoye/devel/workspace/install/local_setup.zsh'
[2.972s] INFO:colcon.colcon_core.shell:Creating prefix chain script '/home/zihaoye/devel/workspace/install/setup.zsh'
