[  4%] Built target cross_module_gil_utils
[ 10%] Built target cross_module_interleaved_error_already_set
[ 12%] Built target pybind11_cross_module_tests
[100%] Built target pybind11_tests
-- Install configuration: "MinSizeRel"
-- Up-to-date: /home/zihaoye/devel/workspace/install/pybind11/include/pybind11
-- Up-to-date: /home/zihaoye/devel/workspace/install/pybind11/include/pybind11/stl.h
-- Up-to-date: /home/zihaoye/devel/workspace/install/pybind11/include/pybind11/embed.h
-- Up-to-date: /home/zihaoye/devel/workspace/install/pybind11/include/pybind11/detail
-- Up-to-date: /home/zihaoye/devel/workspace/install/pybind11/include/pybind11/detail/class.h
-- Up-to-date: /home/zihaoye/devel/workspace/install/pybind11/include/pybind11/detail/internals.h
-- Up-to-date: /home/zihaoye/devel/workspace/install/pybind11/include/pybind11/detail/init.h
-- Up-to-date: /home/zihaoye/devel/workspace/install/pybind11/include/pybind11/detail/common.h
-- Up-to-date: /home/zihaoye/devel/workspace/install/pybind11/include/pybind11/detail/type_caster_base.h
-- Up-to-date: /home/zihaoye/devel/workspace/install/pybind11/include/pybind11/detail/descr.h
-- Up-to-date: /home/zihaoye/devel/workspace/install/pybind11/include/pybind11/detail/typeid.h
-- Up-to-date: /home/zihaoye/devel/workspace/install/pybind11/include/pybind11/pytypes.h
-- Up-to-date: /home/zihaoye/devel/workspace/install/pybind11/include/pybind11/eval.h
-- Up-to-date: /home/zihaoye/devel/workspace/install/pybind11/include/pybind11/stl_bind.h
-- Up-to-date: /home/zihaoye/devel/workspace/install/pybind11/include/pybind11/numpy.h
-- Up-to-date: /home/zihaoye/devel/workspace/install/pybind11/include/pybind11/functional.h
-- Up-to-date: /home/zihaoye/devel/workspace/install/pybind11/include/pybind11/gil.h
-- Up-to-date: /home/zihaoye/devel/workspace/install/pybind11/include/pybind11/common.h
-- Up-to-date: /home/zihaoye/devel/workspace/install/pybind11/include/pybind11/options.h
-- Up-to-date: /home/zihaoye/devel/workspace/install/pybind11/include/pybind11/pybind11.h
-- Up-to-date: /home/zihaoye/devel/workspace/install/pybind11/include/pybind11/stl
-- Up-to-date: /home/zihaoye/devel/workspace/install/pybind11/include/pybind11/stl/filesystem.h
-- Up-to-date: /home/zihaoye/devel/workspace/install/pybind11/include/pybind11/attr.h
-- Up-to-date: /home/zihaoye/devel/workspace/install/pybind11/include/pybind11/iostream.h
-- Up-to-date: /home/zihaoye/devel/workspace/install/pybind11/include/pybind11/cast.h
-- Up-to-date: /home/zihaoye/devel/workspace/install/pybind11/include/pybind11/operators.h
-- Up-to-date: /home/zihaoye/devel/workspace/install/pybind11/include/pybind11/buffer_info.h
-- Up-to-date: /home/zihaoye/devel/workspace/install/pybind11/include/pybind11/eigen.h
-- Up-to-date: /home/zihaoye/devel/workspace/install/pybind11/include/pybind11/complex.h
-- Up-to-date: /home/zihaoye/devel/workspace/install/pybind11/include/pybind11/chrono.h
-- Up-to-date: /home/zihaoye/devel/workspace/install/pybind11/share/cmake/pybind11/pybind11Config.cmake
-- Up-to-date: /home/zihaoye/devel/workspace/install/pybind11/share/cmake/pybind11/pybind11ConfigVersion.cmake
-- Up-to-date: /home/zihaoye/devel/workspace/install/pybind11/share/cmake/pybind11/FindPythonLibsNew.cmake
-- Up-to-date: /home/zihaoye/devel/workspace/install/pybind11/share/cmake/pybind11/pybind11Common.cmake
-- Up-to-date: /home/zihaoye/devel/workspace/install/pybind11/share/cmake/pybind11/pybind11Tools.cmake
-- Up-to-date: /home/zihaoye/devel/workspace/install/pybind11/share/cmake/pybind11/pybind11NewTools.cmake
-- Up-to-date: /home/zihaoye/devel/workspace/install/pybind11/share/cmake/pybind11/pybind11Targets.cmake
