[0.009s] Invoking command in '/home/zihaoye/devel/workspace/build/master_board_sdk': PS1=(myenv) \[\e]0;\u@\h: \w\a\]${debian_chroot:+($debian_chroot)}\[\033[01;32m\]\u@\h\[\033[00m\]:\[\033[01;34m\]\w\[\033[00m\]\$ /usr/bin/cmake /home/zihaoye/devel/workspace/src/master-board/sdk/master_board_sdk -DCMAKE_BUILD_TYPE=Release -DCMAKE_INSTALL_PREFIX=/home/zihaoye/devel/workspace/install/master_board_sdk
[0.014s] -- JRL cmakemodules found in 'cmake/' git submodule
[0.017s] -- Configuring "master_board_sdk" (https://github.com/open-dynamic-robot-initiative/master-board)
[0.017s] -- Package version (ROS package.xml): 1.0.7
[0.032s] -- Could NOT find Doxygen (missing: DOXYGEN_EXECUTABLE) 
[0.032s] -- Failed to find Doxygen, documentation will not be generated.
[0.200s] -- Default C++ standard: 201402
[0.200s] -- C++ standard sufficient: Minimal required 11, currently defined: 14
[0.200s] -- CMAKE_CXX_STANDARD was not set: automatically set to currently defined standard 14
[0.200s] -- For CMake < 3.18, Development.Module is not available. Falling back to Development
[0.273s] -- PythonLibraryDirs: /usr/lib/x86_64-linux-gnu
[0.273s] -- PythonLibVersionString: 3.8.10
[0.285s] -- Python site lib: lib/python3.8/site-packages
[0.285s] -- Python include dirs: /usr/include/python3.8
[0.319s] -- Boost_PYTHON_LIBRARY: /usr/lib/x86_64-linux-gnu/libboost_python38.so
[0.328s] -- Configuring done
[0.340s] -- Generating done
[0.348s] -- Build files have been written to: /home/zihaoye/devel/workspace/build/master_board_sdk
[0.352s] Invoked command in '/home/zihaoye/devel/workspace/build/master_board_sdk' returned '0': PS1=(myenv) \[\e]0;\u@\h: \w\a\]${debian_chroot:+($debian_chroot)}\[\033[01;32m\]\u@\h\[\033[00m\]:\[\033[01;34m\]\w\[\033[00m\]\$ /usr/bin/cmake /home/zihaoye/devel/workspace/src/master-board/sdk/master_board_sdk -DCMAKE_BUILD_TYPE=Release -DCMAKE_INSTALL_PREFIX=/home/zihaoye/devel/workspace/install/master_board_sdk
[0.353s] Invoking command in '/home/zihaoye/devel/workspace/build/master_board_sdk': PS1=(myenv) \[\e]0;\u@\h: \w\a\]${debian_chroot:+($debian_chroot)}\[\033[01;32m\]\u@\h\[\033[00m\]:\[\033[01;34m\]\w\[\033[00m\]\$ /usr/bin/cmake --build /home/zihaoye/devel/workspace/build/master_board_sdk -- -j16 -l16
[0.360s] /usr/bin/cmake -S/home/zihaoye/devel/workspace/src/master-board/sdk/master_board_sdk -B/home/zihaoye/devel/workspace/build/master_board_sdk --check-build-system CMakeFiles/Makefile.cmake 0
[0.366s] /usr/bin/cmake -E cmake_progress_start /home/zihaoye/devel/workspace/build/master_board_sdk/CMakeFiles /home/zihaoye/devel/workspace/build/master_board_sdk/CMakeFiles/progress.marks
[0.371s] /usr/bin/make -f CMakeFiles/Makefile2 all
[0.372s] make[1]: 进入目录“/home/zihaoye/devel/workspace/build/master_board_sdk”
[0.372s] /usr/bin/make -f CMakeFiles/compile_pyc__home_zihaoye_devel_workspace_src_master-board_sdk_master_board_sdk.dir/build.make CMakeFiles/compile_pyc__home_zihaoye_devel_workspace_src_master-board_sdk_master_board_sdk.dir/depend
[0.373s] /usr/bin/make -f CMakeFiles/master_board_sdk.dir/build.make CMakeFiles/master_board_sdk.dir/depend
[0.373s] /usr/bin/make -f CMakeFiles/test_protocol.dir/build.make CMakeFiles/test_protocol.dir/depend
[0.374s] make[2]: 进入目录“/home/zihaoye/devel/workspace/build/master_board_sdk”
[0.374s] cd /home/zihaoye/devel/workspace/build/master_board_sdk && /usr/bin/cmake -E cmake_depends "Unix Makefiles" /home/zihaoye/devel/workspace/src/master-board/sdk/master_board_sdk /home/zihaoye/devel/workspace/src/master-board/sdk/master_board_sdk /home/zihaoye/devel/workspace/build/master_board_sdk /home/zihaoye/devel/workspace/build/master_board_sdk /home/zihaoye/devel/workspace/build/master_board_sdk/CMakeFiles/compile_pyc__home_zihaoye_devel_workspace_src_master-board_sdk_master_board_sdk.dir/DependInfo.cmake --color=
[0.374s] make[2]: 进入目录“/home/zihaoye/devel/workspace/build/master_board_sdk”
[0.374s] cd /home/zihaoye/devel/workspace/build/master_board_sdk && /usr/bin/cmake -E cmake_depends "Unix Makefiles" /home/zihaoye/devel/workspace/src/master-board/sdk/master_board_sdk /home/zihaoye/devel/workspace/src/master-board/sdk/master_board_sdk /home/zihaoye/devel/workspace/build/master_board_sdk /home/zihaoye/devel/workspace/build/master_board_sdk /home/zihaoye/devel/workspace/build/master_board_sdk/CMakeFiles/master_board_sdk.dir/DependInfo.cmake --color=
[0.374s] make[2]: 进入目录“/home/zihaoye/devel/workspace/build/master_board_sdk”
[0.374s] cd /home/zihaoye/devel/workspace/build/master_board_sdk && /usr/bin/cmake -E cmake_depends "Unix Makefiles" /home/zihaoye/devel/workspace/src/master-board/sdk/master_board_sdk /home/zihaoye/devel/workspace/src/master-board/sdk/master_board_sdk /home/zihaoye/devel/workspace/build/master_board_sdk /home/zihaoye/devel/workspace/build/master_board_sdk /home/zihaoye/devel/workspace/build/master_board_sdk/CMakeFiles/test_protocol.dir/DependInfo.cmake --color=
[0.380s] make[2]: 离开目录“/home/zihaoye/devel/workspace/build/master_board_sdk”
[0.381s] make[2]: 离开目录“/home/zihaoye/devel/workspace/build/master_board_sdk”
[0.381s] /usr/bin/make -f CMakeFiles/master_board_sdk.dir/build.make CMakeFiles/master_board_sdk.dir/build
[0.381s] /usr/bin/make -f CMakeFiles/test_protocol.dir/build.make CMakeFiles/test_protocol.dir/build
[0.382s] make[2]: 离开目录“/home/zihaoye/devel/workspace/build/master_board_sdk”
[0.382s] /usr/bin/make -f CMakeFiles/compile_pyc__home_zihaoye_devel_workspace_src_master-board_sdk_master_board_sdk.dir/build.make CMakeFiles/compile_pyc__home_zihaoye_devel_workspace_src_master-board_sdk_master_board_sdk.dir/build
[0.382s] make[2]: 进入目录“/home/zihaoye/devel/workspace/build/master_board_sdk”
[0.382s] make[2]: 进入目录“/home/zihaoye/devel/workspace/build/master_board_sdk”
[0.383s] make[2]: 进入目录“/home/zihaoye/devel/workspace/build/master_board_sdk”
[0.383s] /usr/bin/cmake -E make_directory /home/zihaoye/devel/workspace/build/master_board_sdk/example
[0.388s] [  5%] [32mBuilding CXX object CMakeFiles/master_board_sdk.dir/src/master_board_interface.cpp.o[0m
[0.389s] [ 11%] [32mBuilding CXX object CMakeFiles/master_board_sdk.dir/src/ESPNOW_types.cpp.o[0m
[0.389s] /home/zihaoye/myenv/bin/python -c "import py_compile; py_compile.compile(\"/home/zihaoye/devel/workspace/src/master-board/sdk/master_board_sdk/example/example.py\",\"/home/zihaoye/devel/workspace/build/master_board_sdk/example/example.pyc\")"
[0.389s] /usr/bin/c++  -DFOUND_CATCH2_MAJOR_VERSION=3 -Dmaster_board_sdk_EXPORTS -I/home/zihaoye/devel/workspace/build/master_board_sdk -I/home/zihaoye/devel/workspace/build/master_board_sdk/include -I/home/zihaoye/devel/workspace/src/master-board/sdk/master_board_sdk/include  -pedantic -Wno-long-long -Wall -Wextra -Wcast-align -Wcast-qual -Wformat -Wwrite-strings -Wconversion  -O3 -DNDEBUG -fPIC   -std=gnu++14 -o CMakeFiles/master_board_sdk.dir/src/master_board_interface.cpp.o -c /home/zihaoye/devel/workspace/src/master-board/sdk/master_board_sdk/src/master_board_interface.cpp
[0.389s] /usr/bin/c++  -DFOUND_CATCH2_MAJOR_VERSION=3 -Dmaster_board_sdk_EXPORTS -I/home/zihaoye/devel/workspace/build/master_board_sdk -I/home/zihaoye/devel/workspace/build/master_board_sdk/include -I/home/zihaoye/devel/workspace/src/master-board/sdk/master_board_sdk/include  -pedantic -Wno-long-long -Wall -Wextra -Wcast-align -Wcast-qual -Wformat -Wwrite-strings -Wconversion  -O3 -DNDEBUG -fPIC   -std=gnu++14 -o CMakeFiles/master_board_sdk.dir/src/ESPNOW_types.cpp.o -c /home/zihaoye/devel/workspace/src/master-board/sdk/master_board_sdk/src/ESPNOW_types.cpp
[0.391s] [ 16%] [32mBuilding CXX object CMakeFiles/test_protocol.dir/tests/test_protocol.cpp.o[0m
[0.391s] /usr/bin/c++  -DFOUND_CATCH2_MAJOR_VERSION=3 -I/home/zihaoye/devel/workspace/build/master_board_sdk -I/home/zihaoye/devel/workspace/build/master_board_sdk/include -I/home/zihaoye/devel/workspace/src/master-board/sdk/master_board_sdk/include  -pedantic -Wno-long-long -Wall -Wextra -Wcast-align -Wcast-qual -Wformat -Wwrite-strings -Wconversion  -O3 -DNDEBUG   -std=gnu++14 -o CMakeFiles/test_protocol.dir/tests/test_protocol.cpp.o -c /home/zihaoye/devel/workspace/src/master-board/sdk/master_board_sdk/tests/test_protocol.cpp
[0.391s] [ 22%] [32mBuilding CXX object CMakeFiles/master_board_sdk.dir/src/ETHERNET_types.cpp.o[0m
[0.392s] [ 27%] [32mBuilding CXX object CMakeFiles/master_board_sdk.dir/src/Link_manager.cpp.o[0m
[0.392s] [ 33%] [32mBuilding CXX object CMakeFiles/master_board_sdk.dir/src/motor.cpp.o[0m
[0.392s] [ 38%] [32mBuilding CXX object CMakeFiles/master_board_sdk.dir/src/motor_driver.cpp.o[0m
[0.393s] /usr/bin/c++  -DFOUND_CATCH2_MAJOR_VERSION=3 -Dmaster_board_sdk_EXPORTS -I/home/zihaoye/devel/workspace/build/master_board_sdk -I/home/zihaoye/devel/workspace/build/master_board_sdk/include -I/home/zihaoye/devel/workspace/src/master-board/sdk/master_board_sdk/include  -pedantic -Wno-long-long -Wall -Wextra -Wcast-align -Wcast-qual -Wformat -Wwrite-strings -Wconversion  -O3 -DNDEBUG -fPIC   -std=gnu++14 -o CMakeFiles/master_board_sdk.dir/src/ETHERNET_types.cpp.o -c /home/zihaoye/devel/workspace/src/master-board/sdk/master_board_sdk/src/ETHERNET_types.cpp
[0.393s] [ 44%] [32mBuilding CXX object CMakeFiles/master_board_sdk.dir/src/ESPNOW_manager.cpp.o[0m
[0.393s] /usr/bin/c++  -DFOUND_CATCH2_MAJOR_VERSION=3 -Dmaster_board_sdk_EXPORTS -I/home/zihaoye/devel/workspace/build/master_board_sdk -I/home/zihaoye/devel/workspace/build/master_board_sdk/include -I/home/zihaoye/devel/workspace/src/master-board/sdk/master_board_sdk/include  -pedantic -Wno-long-long -Wall -Wextra -Wcast-align -Wcast-qual -Wformat -Wwrite-strings -Wconversion  -O3 -DNDEBUG -fPIC   -std=gnu++14 -o CMakeFiles/master_board_sdk.dir/src/Link_manager.cpp.o -c /home/zihaoye/devel/workspace/src/master-board/sdk/master_board_sdk/src/Link_manager.cpp
[0.394s] /usr/bin/c++  -DFOUND_CATCH2_MAJOR_VERSION=3 -Dmaster_board_sdk_EXPORTS -I/home/zihaoye/devel/workspace/build/master_board_sdk -I/home/zihaoye/devel/workspace/build/master_board_sdk/include -I/home/zihaoye/devel/workspace/src/master-board/sdk/master_board_sdk/include  -pedantic -Wno-long-long -Wall -Wextra -Wcast-align -Wcast-qual -Wformat -Wwrite-strings -Wconversion  -O3 -DNDEBUG -fPIC   -std=gnu++14 -o CMakeFiles/master_board_sdk.dir/src/motor.cpp.o -c /home/zihaoye/devel/workspace/src/master-board/sdk/master_board_sdk/src/motor.cpp
[0.394s] /usr/bin/c++  -DFOUND_CATCH2_MAJOR_VERSION=3 -Dmaster_board_sdk_EXPORTS -I/home/zihaoye/devel/workspace/build/master_board_sdk -I/home/zihaoye/devel/workspace/build/master_board_sdk/include -I/home/zihaoye/devel/workspace/src/master-board/sdk/master_board_sdk/include  -pedantic -Wno-long-long -Wall -Wextra -Wcast-align -Wcast-qual -Wformat -Wwrite-strings -Wconversion  -O3 -DNDEBUG -fPIC   -std=gnu++14 -o CMakeFiles/master_board_sdk.dir/src/motor_driver.cpp.o -c /home/zihaoye/devel/workspace/src/master-board/sdk/master_board_sdk/src/motor_driver.cpp
[0.394s] /usr/bin/c++  -DFOUND_CATCH2_MAJOR_VERSION=3 -Dmaster_board_sdk_EXPORTS -I/home/zihaoye/devel/workspace/build/master_board_sdk -I/home/zihaoye/devel/workspace/build/master_board_sdk/include -I/home/zihaoye/devel/workspace/src/master-board/sdk/master_board_sdk/include  -pedantic -Wno-long-long -Wall -Wextra -Wcast-align -Wcast-qual -Wformat -Wwrite-strings -Wconversion  -O3 -DNDEBUG -fPIC   -std=gnu++14 -o CMakeFiles/master_board_sdk.dir/src/ESPNOW_manager.cpp.o -c /home/zihaoye/devel/workspace/src/master-board/sdk/master_board_sdk/src/ESPNOW_manager.cpp
[0.402s] [01m[K/home/zihaoye/devel/workspace/src/master-board/sdk/master_board_sdk/src/ETHERNET_types.cpp:[m[K In member function ‘[01m[Kvirtual int ETHERNET_packet::toBytes(uint8_t*, int)[m[K’:
[0.402s] [01m[K/home/zihaoye/devel/workspace/src/master-board/sdk/master_board_sdk/src/ETHERNET_types.cpp:16:50:[m[K [01;35m[Kwarning: [m[Kunused parameter ‘[01m[Kmax_len[m[K’ [[01;35m[K-Wunused-parameter[m[K]
[0.402s]    16 | int ETHERNET_packet::toBytes(uint8_t *bytes, [01;35m[Kint max_len[m[K) {
[0.402s]       |                                              [01;35m[K~~~~^~~~~~~[m[K
[0.404s] [01m[K/home/zihaoye/devel/workspace/src/master-board/sdk/master_board_sdk/src/ESPNOW_types.cpp:[m[K In member function ‘[01m[Kvirtual int ESPNOW_packet::toBytes(uint8_t*, int)[m[K’:
[0.405s] [01m[K/home/zihaoye/devel/workspace/src/master-board/sdk/master_board_sdk/src/ESPNOW_types.cpp:25:48:[m[K [01;35m[Kwarning: [m[Kunused parameter ‘[01m[Kmax_len[m[K’ [[01;35m[K-Wunused-parameter[m[K]
[0.405s]    25 | int ESPNOW_packet::toBytes(uint8_t *bytes, [01;35m[Kint max_len[m[K) {
[0.405s]       |                                            [01;35m[K~~~~^~~~~~~[m[K
[0.408s] /usr/bin/cmake -E make_directory /home/zihaoye/devel/workspace/build/master_board_sdk/example
[0.414s] /home/zihaoye/myenv/bin/python -c "import py_compile; py_compile.compile(\"/home/zihaoye/devel/workspace/src/master-board/sdk/master_board_sdk/example/listener.py\",\"/home/zihaoye/devel/workspace/build/master_board_sdk/example/listener.pyc\")"
[0.433s] /usr/bin/cmake -E make_directory /home/zihaoye/devel/workspace/build/master_board_sdk/example
[0.442s] /home/zihaoye/myenv/bin/python -c "import py_compile; py_compile.compile(\"/home/zihaoye/devel/workspace/src/master-board/sdk/master_board_sdk/example/com_analyser.py\",\"/home/zihaoye/devel/workspace/build/master_board_sdk/example/com_analyser.pyc\")"
[0.461s] make[2]: 离开目录“/home/zihaoye/devel/workspace/build/master_board_sdk”
[0.467s] [ 44%] Built target compile_pyc__home_zihaoye_devel_workspace_src_master-board_sdk_master_board_sdk
[0.520s] [01m[K/home/zihaoye/devel/workspace/src/master-board/sdk/master_board_sdk/src/ESPNOW_manager.cpp:[m[K In member function ‘[01m[Kvoid ESPNOW_manager::bind_filter()[m[K’:
[0.520s] [01m[K/home/zihaoye/devel/workspace/src/master-board/sdk/master_board_sdk/src/ESPNOW_manager.cpp:99:6:[m[K [01;35m[Kwarning: [m[Kvariable ‘[01m[Kfilter_errno[m[K’ set but not used [[01;35m[K-Wunused-but-set-variable[m[K]
[0.520s]    99 |  int [01;35m[Kfilter_errno[m[K;
[0.520s]       |      [01;35m[K^~~~~~~~~~~~[m[K
[0.530s] [01m[K/home/zihaoye/devel/workspace/src/master-board/sdk/master_board_sdk/src/Link_manager.cpp:[m[K In member function ‘[01m[Kvoid LINK_manager::start()[m[K’:
[0.530s] [01m[K/home/zihaoye/devel/workspace/src/master-board/sdk/master_board_sdk/src/Link_manager.cpp:124:4:[m[K [01;35m[Kwarning: [m[Kvariable ‘[01m[Kioctl_errno[m[K’ set but not used [[01;35m[K-Wunused-but-set-variable[m[K]
[0.530s]   124 |    [01;35m[Kioctl_errno[m[K,  //ioctl errno
[0.530s]       |    [01;35m[K^~~~~~~~~~~[m[K
[0.530s] [01m[K/home/zihaoye/devel/workspace/src/master-board/sdk/master_board_sdk/src/Link_manager.cpp:125:4:[m[K [01;35m[Kwarning: [m[Kvariable ‘[01m[Kbind_errno[m[K’ set but not used [[01;35m[K-Wunused-but-set-variable[m[K]
[0.530s]   125 |    [01;35m[Kbind_errno[m[K,   //bind errno
[0.531s]       |    [01;35m[K^~~~~~~~~~[m[K
[0.563s] In file included from [01m[K/usr/include/string.h:495[m[K,
[0.563s]                  from [01m[K/home/zihaoye/devel/workspace/src/master-board/sdk/master_board_sdk/src/Link_manager.cpp:1[m[K:
[0.563s] In function ‘[01m[Kchar* strncpy(char*, const char*, size_t)[m[K’,
[0.563s]     inlined from ‘[01m[Kvoid LINK_manager::start()[m[K’ at [01m[K/home/zihaoye/devel/workspace/src/master-board/sdk/master_board_sdk/src/Link_manager.cpp:133:9[m[K:
[0.563s] [01m[K/usr/include/x86_64-linux-gnu/bits/string_fortified.h:106:34:[m[K [01;35m[Kwarning: [m[K‘[01m[Kchar* __builtin_strncpy(char*, const char*, long unsigned int)[m[K’ specified bound 16 equals destination size [[01;35m[K-Wstringop-truncation[m[K]
[0.563s]   106 |   return [01;35m[K__builtin___strncpy_chk (__dest, __src, __len, __bos (__dest))[m[K;
[0.563s]       |          [01;35m[K~~~~~~~~~~~~~~~~~~~~~~~~^~~~~~~~~~~~~~~~~~~~~~~~~~~~~~~~~~~~~~[m[K
[0.782s] [ 50%] [32m[1mLinking CXX shared library libmaster_board_sdk.so[0m
[0.782s] /usr/bin/cmake -E cmake_link_script CMakeFiles/master_board_sdk.dir/link.txt --verbose=1
[0.787s] /usr/bin/c++ -fPIC -pedantic -Wno-long-long -Wall -Wextra -Wcast-align -Wcast-qual -Wformat -Wwrite-strings -Wconversion  -O3 -DNDEBUG  -shared -Wl,-soname,libmaster_board_sdk.so -o libmaster_board_sdk.so CMakeFiles/master_board_sdk.dir/src/ETHERNET_types.cpp.o CMakeFiles/master_board_sdk.dir/src/Link_manager.cpp.o CMakeFiles/master_board_sdk.dir/src/master_board_interface.cpp.o CMakeFiles/master_board_sdk.dir/src/motor.cpp.o CMakeFiles/master_board_sdk.dir/src/motor_driver.cpp.o CMakeFiles/master_board_sdk.dir/src/ESPNOW_manager.cpp.o CMakeFiles/master_board_sdk.dir/src/ESPNOW_types.cpp.o  -lpthread 
[0.820s] make[2]: 离开目录“/home/zihaoye/devel/workspace/build/master_board_sdk”
[0.826s] [ 50%] Built target master_board_sdk
[0.827s] /usr/bin/make -f CMakeFiles/master_board_example_imu_data_collection.dir/build.make CMakeFiles/master_board_example_imu_data_collection.dir/depend
[0.827s] /usr/bin/make -f CMakeFiles/master_board_example.dir/build.make CMakeFiles/master_board_example.dir/depend
[0.827s] /usr/bin/make -f CMakeFiles/master_board_sdk_pywrap.dir/build.make CMakeFiles/master_board_sdk_pywrap.dir/depend
[0.828s] /usr/bin/make -f CMakeFiles/master_board_example_pd.dir/build.make CMakeFiles/master_board_example_pd.dir/depend
[0.828s] make[2]: 进入目录“/home/zihaoye/devel/workspace/build/master_board_sdk”
[0.828s] cd /home/zihaoye/devel/workspace/build/master_board_sdk && /usr/bin/cmake -E cmake_depends "Unix Makefiles" /home/zihaoye/devel/workspace/src/master-board/sdk/master_board_sdk /home/zihaoye/devel/workspace/src/master-board/sdk/master_board_sdk /home/zihaoye/devel/workspace/build/master_board_sdk /home/zihaoye/devel/workspace/build/master_board_sdk /home/zihaoye/devel/workspace/build/master_board_sdk/CMakeFiles/master_board_example_imu_data_collection.dir/DependInfo.cmake --color=
[0.829s] make[2]: 进入目录“/home/zihaoye/devel/workspace/build/master_board_sdk”
[0.829s] cd /home/zihaoye/devel/workspace/build/master_board_sdk && /usr/bin/cmake -E cmake_depends "Unix Makefiles" /home/zihaoye/devel/workspace/src/master-board/sdk/master_board_sdk /home/zihaoye/devel/workspace/src/master-board/sdk/master_board_sdk /home/zihaoye/devel/workspace/build/master_board_sdk /home/zihaoye/devel/workspace/build/master_board_sdk /home/zihaoye/devel/workspace/build/master_board_sdk/CMakeFiles/master_board_example.dir/DependInfo.cmake --color=
[0.829s] make[2]: 进入目录“/home/zihaoye/devel/workspace/build/master_board_sdk”
[0.829s] cd /home/zihaoye/devel/workspace/build/master_board_sdk && /usr/bin/cmake -E cmake_depends "Unix Makefiles" /home/zihaoye/devel/workspace/src/master-board/sdk/master_board_sdk /home/zihaoye/devel/workspace/src/master-board/sdk/master_board_sdk /home/zihaoye/devel/workspace/build/master_board_sdk /home/zihaoye/devel/workspace/build/master_board_sdk /home/zihaoye/devel/workspace/build/master_board_sdk/CMakeFiles/master_board_sdk_pywrap.dir/DependInfo.cmake --color=
[0.829s] make[2]: 进入目录“/home/zihaoye/devel/workspace/build/master_board_sdk”
[0.829s] cd /home/zihaoye/devel/workspace/build/master_board_sdk && /usr/bin/cmake -E cmake_depends "Unix Makefiles" /home/zihaoye/devel/workspace/src/master-board/sdk/master_board_sdk /home/zihaoye/devel/workspace/src/master-board/sdk/master_board_sdk /home/zihaoye/devel/workspace/build/master_board_sdk /home/zihaoye/devel/workspace/build/master_board_sdk /home/zihaoye/devel/workspace/build/master_board_sdk/CMakeFiles/master_board_example_pd.dir/DependInfo.cmake --color=
[0.836s] make[2]: 离开目录“/home/zihaoye/devel/workspace/build/master_board_sdk”
[0.836s] make[2]: 离开目录“/home/zihaoye/devel/workspace/build/master_board_sdk”
[0.836s] /usr/bin/make -f CMakeFiles/master_board_example.dir/build.make CMakeFiles/master_board_example.dir/build
[0.836s] /usr/bin/make -f CMakeFiles/master_board_sdk_pywrap.dir/build.make CMakeFiles/master_board_sdk_pywrap.dir/build
[0.836s] make[2]: 离开目录“/home/zihaoye/devel/workspace/build/master_board_sdk”
[0.836s] /usr/bin/make -f CMakeFiles/master_board_example_imu_data_collection.dir/build.make CMakeFiles/master_board_example_imu_data_collection.dir/build
[0.837s] make[2]: 进入目录“/home/zihaoye/devel/workspace/build/master_board_sdk”
[0.837s] make[2]: 进入目录“/home/zihaoye/devel/workspace/build/master_board_sdk”
[0.838s] make[2]: 离开目录“/home/zihaoye/devel/workspace/build/master_board_sdk”
[0.838s] make[2]: 进入目录“/home/zihaoye/devel/workspace/build/master_board_sdk”
[0.839s] /usr/bin/make -f CMakeFiles/master_board_example_pd.dir/build.make CMakeFiles/master_board_example_pd.dir/build
[0.840s] make[2]: 进入目录“/home/zihaoye/devel/workspace/build/master_board_sdk”
[0.843s] [ 55%] [32mBuilding CXX object CMakeFiles/master_board_example.dir/example/example.cpp.o[0m
[0.843s] /usr/bin/c++  -DFOUND_CATCH2_MAJOR_VERSION=3 -I/home/zihaoye/devel/workspace/build/master_board_sdk -I/home/zihaoye/devel/workspace/build/master_board_sdk/include -I/home/zihaoye/devel/workspace/src/master-board/sdk/master_board_sdk/include  -pedantic -Wno-long-long -Wall -Wextra -Wcast-align -Wcast-qual -Wformat -Wwrite-strings -Wconversion  -O3 -DNDEBUG   -std=gnu++14 -o CMakeFiles/master_board_example.dir/example/example.cpp.o -c /home/zihaoye/devel/workspace/src/master-board/sdk/master_board_sdk/example/example.cpp
[0.844s] [ 61%] [32mBuilding CXX object CMakeFiles/master_board_example_imu_data_collection.dir/example/example_imu_data_collection.cpp.o[0m
[0.845s] /usr/bin/c++  -DFOUND_CATCH2_MAJOR_VERSION=3 -I/home/zihaoye/devel/workspace/build/master_board_sdk -I/home/zihaoye/devel/workspace/build/master_board_sdk/include -I/home/zihaoye/devel/workspace/src/master-board/sdk/master_board_sdk/include  -pedantic -Wno-long-long -Wall -Wextra -Wcast-align -Wcast-qual -Wformat -Wwrite-strings -Wconversion  -O3 -DNDEBUG   -std=gnu++14 -o CMakeFiles/master_board_example_imu_data_collection.dir/example/example_imu_data_collection.cpp.o -c /home/zihaoye/devel/workspace/src/master-board/sdk/master_board_sdk/example/example_imu_data_collection.cpp
[0.846s] [ 66%] [32mBuilding CXX object CMakeFiles/master_board_sdk_pywrap.dir/srcpy/my_bindings_headr.cpp.o[0m
[0.846s] [ 72%] [32mBuilding CXX object CMakeFiles/master_board_example_pd.dir/example/example_pd.cpp.o[0m
[0.847s] /usr/bin/c++  -DFOUND_CATCH2_MAJOR_VERSION=3 -Dmaster_board_sdk_pywrap_EXPORTS -I/home/zihaoye/devel/workspace/build/master_board_sdk -I/home/zihaoye/devel/workspace/build/master_board_sdk/include -I/home/zihaoye/devel/workspace/src/master-board/sdk/master_board_sdk/include -isystem /usr/include/python3.8  -pedantic -Wno-long-long -Wall -Wextra -Wcast-align -Wcast-qual -Wformat -Wwrite-strings -Wconversion  -O3 -DNDEBUG -fPIC   -std=gnu++14 -o CMakeFiles/master_board_sdk_pywrap.dir/srcpy/my_bindings_headr.cpp.o -c /home/zihaoye/devel/workspace/src/master-board/sdk/master_board_sdk/srcpy/my_bindings_headr.cpp
[0.847s] /usr/bin/c++  -DFOUND_CATCH2_MAJOR_VERSION=3 -I/home/zihaoye/devel/workspace/build/master_board_sdk -I/home/zihaoye/devel/workspace/build/master_board_sdk/include -I/home/zihaoye/devel/workspace/src/master-board/sdk/master_board_sdk/include  -pedantic -Wno-long-long -Wall -Wextra -Wcast-align -Wcast-qual -Wformat -Wwrite-strings -Wconversion  -O3 -DNDEBUG   -std=gnu++14 -o CMakeFiles/master_board_example_pd.dir/example/example_pd.cpp.o -c /home/zihaoye/devel/workspace/src/master-board/sdk/master_board_sdk/example/example_pd.cpp
[0.906s] [ 77%] [32m[1mLinking CXX executable test_protocol[0m
[0.907s] /usr/bin/cmake -E cmake_link_script CMakeFiles/test_protocol.dir/link.txt --verbose=1
[0.912s] /usr/bin/c++  -pedantic -Wno-long-long -Wall -Wextra -Wcast-align -Wcast-qual -Wformat -Wwrite-strings -Wconversion  -O3 -DNDEBUG   CMakeFiles/test_protocol.dir/tests/test_protocol.cpp.o  -o test_protocol  /usr/local/lib/libCatch2Main.a /usr/local/lib/libCatch2.a 
[1.016s] [01m[K/home/zihaoye/devel/workspace/src/master-board/sdk/master_board_sdk/example/example.cpp:[m[K In function ‘[01m[Kint main(int, char**)[m[K’:
[1.016s] [01m[K/home/zihaoye/devel/workspace/src/master-board/sdk/master_board_sdk/example/example.cpp:34:6:[m[K [01;35m[Kwarning: [m[Kignoring return value of ‘[01m[Kint nice(int)[m[K’, declared with attribute warn_unused_result [[01;35m[K-Wunused-result[m[K]
[1.016s]    34 |  [01;35m[Knice(-20)[m[K; //give the process a high priority
[1.016s]       |  [01;35m[K~~~~^~~~~[m[K
[1.059s] [01m[K/home/zihaoye/devel/workspace/src/master-board/sdk/master_board_sdk/example/example_pd.cpp:[m[K In function ‘[01m[Kint main(int, char**)[m[K’:
[1.059s] [01m[K/home/zihaoye/devel/workspace/src/master-board/sdk/master_board_sdk/example/example_pd.cpp:33:6:[m[K [01;35m[Kwarning: [m[Kignoring return value of ‘[01m[Kint nice(int)[m[K’, declared with attribute warn_unused_result [[01;35m[K-Wunused-result[m[K]
[1.059s]    33 |  [01;35m[Knice(-20)[m[K; //give the process a high priority
[1.059s]       |  [01;35m[K~~~~^~~~~[m[K
[1.063s] [01m[K/home/zihaoye/devel/workspace/src/master-board/sdk/master_board_sdk/example/example_imu_data_collection.cpp:[m[K In function ‘[01m[Kint main(int, char**)[m[K’:
[1.063s] [01m[K/home/zihaoye/devel/workspace/src/master-board/sdk/master_board_sdk/example/example_imu_data_collection.cpp:27:6:[m[K [01;35m[Kwarning: [m[Kignoring return value of ‘[01m[Kint nice(int)[m[K’, declared with attribute warn_unused_result [[01;35m[K-Wunused-result[m[K]
[1.063s]    27 |  [01;35m[Knice(-20)[m[K; //give the process a high priority
[1.063s]       |  [01;35m[K~~~~^~~~~[m[K
[1.080s] [ 83%] [32m[1mLinking CXX executable master_board_example[0m
[1.080s] /usr/bin/cmake -E cmake_link_script CMakeFiles/master_board_example.dir/link.txt --verbose=1
[1.086s] /usr/bin/c++  -pedantic -Wno-long-long -Wall -Wextra -Wcast-align -Wcast-qual -Wformat -Wwrite-strings -Wconversion  -O3 -DNDEBUG   CMakeFiles/master_board_example.dir/example/example.cpp.o  -o master_board_example  -Wl,-rpath,/home/zihaoye/devel/workspace/build/master_board_sdk:::::: libmaster_board_sdk.so -lpthread 
[1.109s] [ 88%] [32m[1mLinking CXX executable master_board_example_pd[0m
[1.109s] /usr/bin/cmake -E cmake_link_script CMakeFiles/master_board_example_pd.dir/link.txt --verbose=1
[1.113s] [ 94%] [32m[1mLinking CXX executable master_board_example_imu_data_collection[0m
[1.113s] /usr/bin/cmake -E cmake_link_script CMakeFiles/master_board_example_imu_data_collection.dir/link.txt --verbose=1
[1.115s] /usr/bin/c++  -pedantic -Wno-long-long -Wall -Wextra -Wcast-align -Wcast-qual -Wformat -Wwrite-strings -Wconversion  -O3 -DNDEBUG   CMakeFiles/master_board_example_pd.dir/example/example_pd.cpp.o  -o master_board_example_pd  -Wl,-rpath,/home/zihaoye/devel/workspace/build/master_board_sdk:::::: libmaster_board_sdk.so -lpthread 
[1.119s] /usr/bin/c++  -pedantic -Wno-long-long -Wall -Wextra -Wcast-align -Wcast-qual -Wformat -Wwrite-strings -Wconversion  -O3 -DNDEBUG   CMakeFiles/master_board_example_imu_data_collection.dir/example/example_imu_data_collection.cpp.o  -o master_board_example_imu_data_collection  -Wl,-rpath,/home/zihaoye/devel/workspace/build/master_board_sdk: libmaster_board_sdk.so -lpthread 
[1.129s] make[2]: 离开目录“/home/zihaoye/devel/workspace/build/master_board_sdk”
[1.136s] [ 94%] Built target master_board_example
[1.159s] make[2]: 离开目录“/home/zihaoye/devel/workspace/build/master_board_sdk”
[1.160s] make[2]: 离开目录“/home/zihaoye/devel/workspace/build/master_board_sdk”
[1.168s] [ 94%] Built target master_board_example_imu_data_collection
[1.168s] [ 94%] Built target master_board_example_pd
[1.196s] make[2]: 离开目录“/home/zihaoye/devel/workspace/build/master_board_sdk”
[1.202s] [ 94%] Built target test_protocol
[3.299s] [100%] [32m[1mLinking CXX shared library libmaster_board_sdk_pywrap.cpython-38-x86_64-linux-gnu.so[0m
[3.300s] /usr/bin/cmake -E cmake_link_script CMakeFiles/master_board_sdk_pywrap.dir/link.txt --verbose=1
[3.305s] /usr/bin/c++ -fPIC -pedantic -Wno-long-long -Wall -Wextra -Wcast-align -Wcast-qual -Wformat -Wwrite-strings -Wconversion  -O3 -DNDEBUG  -shared -Wl,-soname,libmaster_board_sdk_pywrap.cpython-38-x86_64-linux-gnu.so -o libmaster_board_sdk_pywrap.cpython-38-x86_64-linux-gnu.so CMakeFiles/master_board_sdk_pywrap.dir/srcpy/my_bindings_headr.cpp.o  -Wl,-rpath,/home/zihaoye/devel/workspace/build/master_board_sdk: libmaster_board_sdk.so /usr/lib/x86_64-linux-gnu/libboost_python38.so -lpthread 
[3.344s] make[2]: 离开目录“/home/zihaoye/devel/workspace/build/master_board_sdk”
[3.350s] [100%] Built target master_board_sdk_pywrap
[3.351s] make[1]: 离开目录“/home/zihaoye/devel/workspace/build/master_board_sdk”
[3.351s] /usr/bin/cmake -E cmake_progress_start /home/zihaoye/devel/workspace/build/master_board_sdk/CMakeFiles 0
[3.358s] Invoked command in '/home/zihaoye/devel/workspace/build/master_board_sdk' returned '0': PS1=(myenv) \[\e]0;\u@\h: \w\a\]${debian_chroot:+($debian_chroot)}\[\033[01;32m\]\u@\h\[\033[00m\]:\[\033[01;34m\]\w\[\033[00m\]\$ /usr/bin/cmake --build /home/zihaoye/devel/workspace/build/master_board_sdk -- -j16 -l16
[3.366s] Invoking command in '/home/zihaoye/devel/workspace/build/master_board_sdk': PS1=(myenv) \[\e]0;\u@\h: \w\a\]${debian_chroot:+($debian_chroot)}\[\033[01;32m\]\u@\h\[\033[00m\]:\[\033[01;34m\]\w\[\033[00m\]\$ /usr/bin/cmake --install /home/zihaoye/devel/workspace/build/master_board_sdk
[3.371s] -- Install configuration: "Release"
[3.378s] /usr/bin/cmake -S/home/zihaoye/devel/workspace/src/master-board/sdk/master_board_sdk -B/home/zihaoye/devel/workspace/build/master_board_sdk --check-build-system CMakeFiles/Makefile.cmake 0
[3.385s] /usr/bin/make -f CMakeFiles/Makefile2 uninstall
[3.386s] make[1]: 进入目录“/home/zihaoye/devel/workspace/build/master_board_sdk”
[3.386s] /usr/bin/cmake -S/home/zihaoye/devel/workspace/src/master-board/sdk/master_board_sdk -B/home/zihaoye/devel/workspace/build/master_board_sdk --check-build-system CMakeFiles/Makefile.cmake 0
[3.392s] /usr/bin/cmake -E cmake_progress_start /home/zihaoye/devel/workspace/build/master_board_sdk/CMakeFiles 0
[3.397s] /usr/bin/make -f CMakeFiles/Makefile2 CMakeFiles/uninstall.dir/all
[3.398s] make[2]: 进入目录“/home/zihaoye/devel/workspace/build/master_board_sdk”
[3.398s] /usr/bin/make -f CMakeFiles/uninstall.dir/build.make CMakeFiles/uninstall.dir/depend
[3.400s] make[3]: 进入目录“/home/zihaoye/devel/workspace/build/master_board_sdk”
[3.400s] cd /home/zihaoye/devel/workspace/build/master_board_sdk && /usr/bin/cmake -E cmake_depends "Unix Makefiles" /home/zihaoye/devel/workspace/src/master-board/sdk/master_board_sdk /home/zihaoye/devel/workspace/src/master-board/sdk/master_board_sdk /home/zihaoye/devel/workspace/build/master_board_sdk /home/zihaoye/devel/workspace/build/master_board_sdk /home/zihaoye/devel/workspace/build/master_board_sdk/CMakeFiles/uninstall.dir/DependInfo.cmake --color=
[3.406s] make[3]: 离开目录“/home/zihaoye/devel/workspace/build/master_board_sdk”
[3.406s] /usr/bin/make -f CMakeFiles/uninstall.dir/build.make CMakeFiles/uninstall.dir/build
[3.407s] make[3]: 进入目录“/home/zihaoye/devel/workspace/build/master_board_sdk”
[3.407s] /usr/bin/cmake -DPACKAGE_CREATES_DOT_CATKIN=TRUE -P /home/zihaoye/devel/workspace/build/master_board_sdk/cmake/cmake_uninstall.cmake
[3.412s] -- catkin path: /home/zihaoye/devel/workspace/install/master_board_sdk/.catkin
[3.413s] -- Uninstalling "/home/zihaoye/devel/workspace/install/master_board_sdk/lib/cmake/master_board_sdk/master_board_sdkTargets-noconfig.cmake"
[3.418s] -- Uninstalling "/home/zihaoye/devel/workspace/install/master_board_sdk/lib/cmake/master_board_sdk/master_board_sdkTargets.cmake"
[3.423s] -- Uninstalling "/home/zihaoye/devel/workspace/install/master_board_sdk/lib/cmake/master_board_sdk/master_board_sdkConfigVersion.cmake"
[3.428s] -- Uninstalling "/home/zihaoye/devel/workspace/install/master_board_sdk/lib/cmake/master_board_sdk/master_board_sdkConfig.cmake"
[3.433s] -- Uninstalling "/home/zihaoye/devel/workspace/install/master_board_sdk/lib/cmake/master_board_sdk/cxx-standard.cmake"
[3.439s] -- Uninstalling "/home/zihaoye/devel/workspace/install/master_board_sdk/include/master_board_sdk/protocol.h"
[3.444s] -- Uninstalling "/home/zihaoye/devel/workspace/install/master_board_sdk/include/master_board_sdk/motor_driver.h"
[3.449s] -- Uninstalling "/home/zihaoye/devel/workspace/install/master_board_sdk/include/master_board_sdk/motor.h"
[3.454s] -- Uninstalling "/home/zihaoye/devel/workspace/install/master_board_sdk/include/master_board_sdk/master_board_interface.h"
[3.459s] -- Uninstalling "/home/zihaoye/devel/workspace/install/master_board_sdk/include/master_board_sdk/Link_types.h"
[3.464s] -- Uninstalling "/home/zihaoye/devel/workspace/install/master_board_sdk/include/master_board_sdk/Link_manager.h"
[3.469s] -- Uninstalling "/home/zihaoye/devel/workspace/install/master_board_sdk/include/master_board_sdk/ETHERNET_types.h"
[3.474s] -- Uninstalling "/home/zihaoye/devel/workspace/install/master_board_sdk/include/master_board_sdk/ETHERNET_manager.h"
[3.479s] -- Uninstalling "/home/zihaoye/devel/workspace/install/master_board_sdk/include/master_board_sdk/ESPNOW_types.h"
[3.484s] -- Uninstalling "/home/zihaoye/devel/workspace/install/master_board_sdk/include/master_board_sdk/ESPNOW_manager.h"
[3.489s] -- Uninstalling "/home/zihaoye/devel/workspace/install/master_board_sdk/include/master_board_sdk/defines.h"
[3.494s] -- Uninstalling "/home/zihaoye/devel/workspace/install/master_board_sdk/lib/pkgconfig/master_board_sdk.pc"
[3.499s] -- Uninstalling "/home/zihaoye/devel/workspace/install/master_board_sdk/share/master_board_sdk/hook/python_path.dsv"
[3.504s] -- Uninstalling "/home/zihaoye/devel/workspace/install/master_board_sdk/share/master_board_sdk/hook/ament_prefix_path.dsv"
[3.509s] -- Uninstalling "/home/zihaoye/devel/workspace/install/master_board_sdk/share/ament_index/resource_index/packages/master_board_sdk"
[3.516s] -- Uninstalling "/home/zihaoye/devel/workspace/install/master_board_sdk/bin/master_board_example_imu_data_collection"
[3.523s] -- Uninstalling "/home/zihaoye/devel/workspace/install/master_board_sdk/bin/master_board_example_pd"
[3.529s] -- Uninstalling "/home/zihaoye/devel/workspace/install/master_board_sdk/bin/master_board_example"
[3.534s] -- Uninstalling "/home/zihaoye/devel/workspace/install/master_board_sdk/lib/python3.8/site-packages/libmaster_board_sdk_pywrap.cpython-38-x86_64-linux-gnu.so"
[3.540s] -- Uninstalling "/home/zihaoye/devel/workspace/install/master_board_sdk/share/master_board_sdk/package.xml"
[3.545s] -- Uninstalling "/home/zihaoye/devel/workspace/install/master_board_sdk/lib/libmaster_board_sdk.so"
[3.550s] -- Uninstalling "/home/zihaoye/devel/workspace/install/master_board_sdk/include/master/board/sdk/warning.hh"
[3.555s] -- Uninstalling "/home/zihaoye/devel/workspace/install/master_board_sdk/include/master/board/sdk/deprecated.hh"
[3.560s] -- Uninstalling "/home/zihaoye/devel/workspace/install/master_board_sdk/include/master/board/sdk/config.hh"
[3.571s] make[3]: 离开目录“/home/zihaoye/devel/workspace/build/master_board_sdk”
[3.576s] Built target uninstall
[3.577s] make[2]: 离开目录“/home/zihaoye/devel/workspace/build/master_board_sdk”
[3.577s] /usr/bin/cmake -E cmake_progress_start /home/zihaoye/devel/workspace/build/master_board_sdk/CMakeFiles 0
[3.582s] make[1]: 离开目录“/home/zihaoye/devel/workspace/build/master_board_sdk”
[3.583s] -- Installing: /home/zihaoye/devel/workspace/install/master_board_sdk/include/master/board/sdk/config.hh
[3.584s] -- Installing: /home/zihaoye/devel/workspace/install/master_board_sdk/include/master/board/sdk/deprecated.hh
[3.584s] -- Installing: /home/zihaoye/devel/workspace/install/master_board_sdk/include/master/board/sdk/warning.hh
[3.584s] -- Installing: /home/zihaoye/devel/workspace/install/master_board_sdk/lib/libmaster_board_sdk.so
[3.584s] -- Installing: /home/zihaoye/devel/workspace/install/master_board_sdk/share/master_board_sdk/package.xml
[3.584s] -- Installing: /home/zihaoye/devel/workspace/install/master_board_sdk/lib/python3.8/site-packages/libmaster_board_sdk_pywrap.cpython-38-x86_64-linux-gnu.so
[3.584s] -- Set runtime path of "/home/zihaoye/devel/workspace/install/master_board_sdk/lib/python3.8/site-packages/libmaster_board_sdk_pywrap.cpython-38-x86_64-linux-gnu.so" to "$ORIGIN/../../../lib"
[3.584s] -- Installing: /home/zihaoye/devel/workspace/install/master_board_sdk/bin/master_board_example
[3.584s] -- Set runtime path of "/home/zihaoye/devel/workspace/install/master_board_sdk/bin/master_board_example" to "/home/zihaoye/devel/workspace/install/master_board_sdk/lib"
[3.584s] -- Installing: /home/zihaoye/devel/workspace/install/master_board_sdk/bin/master_board_example_pd
[3.584s] -- Set runtime path of "/home/zihaoye/devel/workspace/install/master_board_sdk/bin/master_board_example_pd" to "/home/zihaoye/devel/workspace/install/master_board_sdk/lib"
[3.584s] -- Installing: /home/zihaoye/devel/workspace/install/master_board_sdk/bin/master_board_example_imu_data_collection
[3.584s] -- Set runtime path of "/home/zihaoye/devel/workspace/install/master_board_sdk/bin/master_board_example_imu_data_collection" to ""
[3.584s] -- Installing: /home/zihaoye/devel/workspace/install/master_board_sdk/share/ament_index/resource_index/packages/master_board_sdk
[3.584s] -- Installing: /home/zihaoye/devel/workspace/install/master_board_sdk/share/master_board_sdk/hook/ament_prefix_path.dsv
[3.584s] -- Installing: /home/zihaoye/devel/workspace/install/master_board_sdk/share/master_board_sdk/hook/python_path.dsv
[3.585s] -- Installing: /home/zihaoye/devel/workspace/install/master_board_sdk/lib/pkgconfig/master_board_sdk.pc
[3.585s] -- Installing: /home/zihaoye/devel/workspace/install/master_board_sdk/include/master_board_sdk/defines.h
[3.585s] -- Installing: /home/zihaoye/devel/workspace/install/master_board_sdk/include/master_board_sdk/ESPNOW_manager.h
[3.585s] -- Installing: /home/zihaoye/devel/workspace/install/master_board_sdk/include/master_board_sdk/ESPNOW_types.h
[3.585s] -- Installing: /home/zihaoye/devel/workspace/install/master_board_sdk/include/master_board_sdk/ETHERNET_manager.h
[3.585s] -- Installing: /home/zihaoye/devel/workspace/install/master_board_sdk/include/master_board_sdk/ETHERNET_types.h
[3.585s] -- Installing: /home/zihaoye/devel/workspace/install/master_board_sdk/include/master_board_sdk/Link_manager.h
[3.585s] -- Installing: /home/zihaoye/devel/workspace/install/master_board_sdk/include/master_board_sdk/Link_types.h
[3.585s] -- Installing: /home/zihaoye/devel/workspace/install/master_board_sdk/include/master_board_sdk/master_board_interface.h
[3.585s] -- Installing: /home/zihaoye/devel/workspace/install/master_board_sdk/include/master_board_sdk/motor.h
[3.585s] -- Installing: /home/zihaoye/devel/workspace/install/master_board_sdk/include/master_board_sdk/motor_driver.h
[3.585s] -- Installing: /home/zihaoye/devel/workspace/install/master_board_sdk/include/master_board_sdk/protocol.h
[3.585s] -- Installing: /home/zihaoye/devel/workspace/install/master_board_sdk/lib/cmake/master_board_sdk/cxx-standard.cmake
[3.585s] -- Installing: /home/zihaoye/devel/workspace/install/master_board_sdk/lib/cmake/master_board_sdk/master_board_sdkConfig.cmake
[3.585s] -- Installing: /home/zihaoye/devel/workspace/install/master_board_sdk/lib/cmake/master_board_sdk/master_board_sdkConfigVersion.cmake
[3.585s] -- Installing: /home/zihaoye/devel/workspace/install/master_board_sdk/lib/cmake/master_board_sdk/master_board_sdkTargets.cmake
[3.585s] -- Installing: /home/zihaoye/devel/workspace/install/master_board_sdk/lib/cmake/master_board_sdk/master_board_sdkTargets-release.cmake
[3.587s] Invoked command in '/home/zihaoye/devel/workspace/build/master_board_sdk' returned '0': PS1=(myenv) \[\e]0;\u@\h: \w\a\]${debian_chroot:+($debian_chroot)}\[\033[01;32m\]\u@\h\[\033[00m\]:\[\033[01;34m\]\w\[\033[00m\]\$ /usr/bin/cmake --install /home/zihaoye/devel/workspace/build/master_board_sdk
