resources =  ['resources/impedance_ctrl.yaml', 'resources/odri_control_interface/bolt_driver.yaml', 'resources/odri_control_interface/bolt_humanoid_driver.yaml', 'resources/xacro/bolt_humanoid.urdf.xacro', 'resources/xacro/bolt_humanoid.xacro', 'resources/xacro/bolt.xacro', 'resources/xacro/plane_with_restitution.urdf.xacro', 'resources/xacro/arm.xacro', 'resources/xacro/leg.xacro', 'resources/xacro/bolt.urdf.xacro', 'resources/xacro/bolt_passive_ankle.urdf.xacro', 'resources/xacro/upper_body.xacro', 'resources/meshes/plane.mtl', 'resources/meshes/checker_blue.png', 'resources/meshes/plane.obj', 'resources/meshes/stl/lower_leg_200mm_left_side.stl', 'resources/meshes/stl/lower_leg_200mm_right_side.stl', 'resources/meshes/stl/bolt_trunk.stl', 'resources/meshes/stl/upper_leg_200mm_right_side.stl', 'resources/meshes/stl/bolt_upper_leg_left_side.stl', 'resources/meshes/stl/bolt_hip_fe_right_side.stl', 'resources/meshes/stl/upper_leg_200mm_left_side.stl', 'resources/meshes/stl/bolt_shoulder_fe_left_side.stl', 'resources/meshes/stl/bolt_foot.stl', 'resources/meshes/stl/bolt_lower_leg_left_side.stl', 'resources/meshes/stl/bolt_body.stl', 'resources/meshes/stl/bolt_shoulder_fe_right_side.stl', 'resources/meshes/stl/bolt_upper_leg_right_side.stl', 'resources/meshes/stl/bolt_lower_leg_right_side.stl', 'resources/meshes/stl/bolt_hip_fe_left_side.stl', 'resources/meshes/obj/bolt_hip_fe_right_side.obj', 'resources/meshes/obj/bolt_trunk.obj', 'resources/meshes/obj/bolt_lower_leg_left_side.obj', 'resources/meshes/obj/bolt_hip_fe_left_side.obj', 'resources/meshes/obj/bolt_upper_leg_right_side.obj', 'resources/meshes/obj/bolt_shoulder_fe_left_side.obj', 'resources/meshes/obj/bolt_body.obj', 'resources/meshes/obj/bolt_lower_leg_right_side.obj', 'resources/meshes/obj/bolt_upper_leg_left_side.obj', 'resources/meshes/obj/bolt_foot.obj', 'resources/meshes/obj/bolt_shoulder_fe_right_side.obj', 'resources/dynamic_graph_manager/dgm_parameters_bolt_humanoid.yaml', 'resources/dynamic_graph_manager/dgm_parameters_bolt.yaml']
running egg_info
writing ../../build/robot_properties_bolt/robot_properties_bolt.egg-info/PKG-INFO
writing dependency_links to ../../build/robot_properties_bolt/robot_properties_bolt.egg-info/dependency_links.txt
writing entry points to ../../build/robot_properties_bolt/robot_properties_bolt.egg-info/entry_points.txt
writing requirements to ../../build/robot_properties_bolt/robot_properties_bolt.egg-info/requires.txt
writing top-level names to ../../build/robot_properties_bolt/robot_properties_bolt.egg-info/top_level.txt
reading manifest file '../../build/robot_properties_bolt/robot_properties_bolt.egg-info/SOURCES.txt'
writing manifest file '../../build/robot_properties_bolt/robot_properties_bolt.egg-info/SOURCES.txt'
running build
running build_py

building xacro file ( /home/zihaoye/devel/workspace/src/robot_properties_bolt/src/robot_properties_bolt/resources/xacro/bolt_humanoid.urdf.xacro ) into ( /home/zihaoye/devel/workspace/build/robot_properties_bolt/build/lib/robot_properties_bolt/resources/urdf/bolt_humanoid.urdf )
building xacro file ( /home/zihaoye/devel/workspace/src/robot_properties_bolt/src/robot_properties_bolt/resources/xacro/plane_with_restitution.urdf.xacro ) into ( /home/zihaoye/devel/workspace/build/robot_properties_bolt/build/lib/robot_properties_bolt/resources/urdf/plane_with_restitution.urdf )
building xacro file ( /home/zihaoye/devel/workspace/src/robot_properties_bolt/src/robot_properties_bolt/resources/xacro/bolt.urdf.xacro ) into ( /home/zihaoye/devel/workspace/build/robot_properties_bolt/build/lib/robot_properties_bolt/resources/urdf/bolt.urdf )
building xacro file ( /home/zihaoye/devel/workspace/src/robot_properties_bolt/src/robot_properties_bolt/resources/xacro/bolt_passive_ankle.urdf.xacro ) into ( /home/zihaoye/devel/workspace/build/robot_properties_bolt/build/lib/robot_properties_bolt/resources/urdf/bolt_passive_ankle.urdf )
building xacro file ( /home/zihaoye/devel/workspace/src/robot_properties_bolt/src/robot_properties_bolt/resources/xacro/bolt_humanoid.urdf.xacro ) into ( /home/zihaoye/devel/workspace/build/robot_properties_bolt/build/lib/robot_properties_bolt/resources/urdf/bolt_humanoid.urdf )
building xacro file ( /home/zihaoye/devel/workspace/src/robot_properties_bolt/src/robot_properties_bolt/resources/xacro/plane_with_restitution.urdf.xacro ) into ( /home/zihaoye/devel/workspace/build/robot_properties_bolt/build/lib/robot_properties_bolt/resources/urdf/plane_with_restitution.urdf )
building xacro file ( /home/zihaoye/devel/workspace/src/robot_properties_bolt/src/robot_properties_bolt/resources/xacro/bolt.urdf.xacro ) into ( /home/zihaoye/devel/workspace/build/robot_properties_bolt/build/lib/robot_properties_bolt/resources/urdf/bolt.urdf )
building xacro file ( /home/zihaoye/devel/workspace/src/robot_properties_bolt/src/robot_properties_bolt/resources/xacro/bolt_passive_ankle.urdf.xacro ) into ( /home/zihaoye/devel/workspace/build/robot_properties_bolt/build/lib/robot_properties_bolt/resources/urdf/bolt_passive_ankle.urdf )
building xacro file ( /home/zihaoye/devel/workspace/src/robot_properties_bolt/src/robot_properties_bolt/resources/xacro/bolt_humanoid.urdf.xacro ) into ( /home/zihaoye/devel/workspace/build/robot_properties_bolt/build/lib/robot_properties_bolt/resources/urdf/bolt_humanoid.urdf )
building xacro file ( /home/zihaoye/devel/workspace/src/robot_properties_bolt/src/robot_properties_bolt/resources/xacro/plane_with_restitution.urdf.xacro ) into ( /home/zihaoye/devel/workspace/build/robot_properties_bolt/build/lib/robot_properties_bolt/resources/urdf/plane_with_restitution.urdf )
building xacro file ( /home/zihaoye/devel/workspace/src/robot_properties_bolt/src/robot_properties_bolt/resources/xacro/bolt.urdf.xacro ) into ( /home/zihaoye/devel/workspace/build/robot_properties_bolt/build/lib/robot_properties_bolt/resources/urdf/bolt.urdf )
building xacro file ( /home/zihaoye/devel/workspace/src/robot_properties_bolt/src/robot_properties_bolt/resources/xacro/bolt_passive_ankle.urdf.xacro ) into ( /home/zihaoye/devel/workspace/build/robot_properties_bolt/build/lib/robot_properties_bolt/resources/urdf/bolt_passive_ankle.urdf )
building xacro file ( /home/zihaoye/devel/workspace/src/robot_properties_bolt/src/robot_properties_bolt/resources/xacro/bolt_humanoid.urdf.xacro ) into ( /home/zihaoye/devel/workspace/build/robot_properties_bolt/build/lib/robot_properties_bolt/resources/urdf/bolt_humanoid.urdf )
building xacro file ( /home/zihaoye/devel/workspace/src/robot_properties_bolt/src/robot_properties_bolt/resources/xacro/plane_with_restitution.urdf.xacro ) into ( /home/zihaoye/devel/workspace/build/robot_properties_bolt/build/lib/robot_properties_bolt/resources/urdf/plane_with_restitution.urdf )
building xacro file ( /home/zihaoye/devel/workspace/src/robot_properties_bolt/src/robot_properties_bolt/resources/xacro/bolt.urdf.xacro ) into ( /home/zihaoye/devel/workspace/build/robot_properties_bolt/build/lib/robot_properties_bolt/resources/urdf/bolt.urdf )
building xacro file ( /home/zihaoye/devel/workspace/src/robot_properties_bolt/src/robot_properties_bolt/resources/xacro/bolt_passive_ankle.urdf.xacro ) into ( /home/zihaoye/devel/workspace/build/robot_properties_bolt/build/lib/robot_properties_bolt/resources/urdf/bolt_passive_ankle.urdf )
running build_scripts
running install
running install_lib
copying /home/zihaoye/devel/workspace/build/robot_properties_bolt/build/lib/robot_properties_bolt/resources/urdf/bolt_passive_ankle.urdf -> /home/zihaoye/devel/workspace/install/robot_properties_bolt/lib/python3.8/site-packages/robot_properties_bolt/resources/urdf
copying /home/zihaoye/devel/workspace/build/robot_properties_bolt/build/lib/robot_properties_bolt/resources/urdf/bolt.urdf -> /home/zihaoye/devel/workspace/install/robot_properties_bolt/lib/python3.8/site-packages/robot_properties_bolt/resources/urdf
copying /home/zihaoye/devel/workspace/build/robot_properties_bolt/build/lib/robot_properties_bolt/resources/urdf/plane_with_restitution.urdf -> /home/zihaoye/devel/workspace/install/robot_properties_bolt/lib/python3.8/site-packages/robot_properties_bolt/resources/urdf
copying /home/zihaoye/devel/workspace/build/robot_properties_bolt/build/lib/robot_properties_bolt/resources/urdf/bolt_humanoid.urdf -> /home/zihaoye/devel/workspace/install/robot_properties_bolt/lib/python3.8/site-packages/robot_properties_bolt/resources/urdf
running install_data
running install_egg_info
removing '/home/zihaoye/devel/workspace/install/robot_properties_bolt/lib/python3.8/site-packages/robot_properties_bolt-1.0.0-py3.8.egg-info' (and everything under it)
Copying ../../build/robot_properties_bolt/robot_properties_bolt.egg-info to /home/zihaoye/devel/workspace/install/robot_properties_bolt/lib/python3.8/site-packages/robot_properties_bolt-1.0.0-py3.8.egg-info
running install_scripts
changing mode of /home/zihaoye/devel/workspace/install/robot_properties_bolt/lib/robot_properties_bolt/demo_display_bolt_meshcat.py to 775
changing mode of /home/zihaoye/devel/workspace/install/robot_properties_bolt/lib/robot_properties_bolt/demo_display_bolt_humanoid_meshcat.py to 775
changing mode of /home/zihaoye/devel/workspace/install/robot_properties_bolt/lib/robot_properties_bolt/demo_display_bolt_gepetto.py to 775
changing mode of /home/zihaoye/devel/workspace/install/robot_properties_bolt/lib/robot_properties_bolt/demo_display_bolt_humanoid_gepetto.py to 775
changing mode of /home/zihaoye/devel/workspace/install/robot_properties_bolt/lib/robot_properties_bolt/demo_simulate_bolt.py to 775
changing mode of /home/zihaoye/devel/workspace/install/robot_properties_bolt/lib/robot_properties_bolt/demo_simulate_bolt_humanoid.py to 775
writing list of installed files to '/home/zihaoye/devel/workspace/build/robot_properties_bolt/install.log'
