[0.401s] Invoking command in '/home/zihaoye/devel/workspace/src/robot_properties_bolt': CMAKE_PREFIX_PATH=/home/zihaoye/devel/workspace/install/mpi_cmake_modules:${CMAKE_PREFIX_PATH} PATH=/home/zihaoye/devel/workspace/install/mpi_cmake_modules/bin:${PATH} PS1=(myenv) \[\e]0;\u@\h: \w\a\]${debian_chroot:+($debian_chroot)}\[\033[01;32m\]\u@\h\[\033[00m\]:\[\033[01;34m\]\w\[\033[00m\]\$ PYTHONPATH=/home/zihaoye/devel/workspace/build/robot_properties_bolt/prefix_override:/home/zihaoye/myenv/lib/python3.8/site-packages/colcon_core/task/python/colcon_distutils_commands:/home/zihaoye/devel/workspace/install/robot_properties_bolt/lib/python3.8/site-packages:/home/zihaoye/devel/workspace/install/bullet_utils/lib/python3.8/site-packages:/home/zihaoye/devel/workspace/install/mpi_cmake_modules/lib/python3.8/site-packages:${PYTHONPATH} /home/zihaoye/myenv/bin/python3.8 -W ignore:setup.py install is deprecated -W ignore:easy_install command is deprecated setup.py egg_info --egg-base ../../build/robot_properties_bolt build --build-base /home/zihaoye/devel/workspace/build/robot_properties_bolt/build install --record /home/zihaoye/devel/workspace/build/robot_properties_bolt/install.log --install-scripts $base/lib/robot_properties_bolt --single-version-externally-managed install_data
[0.520s] resources =  ['resources/impedance_ctrl.yaml', 'resources/odri_control_interface/bolt_driver.yaml', 'resources/odri_control_interface/bolt_humanoid_driver.yaml', 'resources/xacro/bolt_humanoid.urdf.xacro', 'resources/xacro/bolt_humanoid.xacro', 'resources/xacro/bolt.xacro', 'resources/xacro/plane_with_restitution.urdf.xacro', 'resources/xacro/arm.xacro', 'resources/xacro/leg.xacro', 'resources/xacro/bolt.urdf.xacro', 'resources/xacro/bolt_passive_ankle.urdf.xacro', 'resources/xacro/upper_body.xacro', 'resources/meshes/plane.mtl', 'resources/meshes/checker_blue.png', 'resources/meshes/plane.obj', 'resources/meshes/stl/lower_leg_200mm_left_side.stl', 'resources/meshes/stl/lower_leg_200mm_right_side.stl', 'resources/meshes/stl/bolt_trunk.stl', 'resources/meshes/stl/upper_leg_200mm_right_side.stl', 'resources/meshes/stl/bolt_upper_leg_left_side.stl', 'resources/meshes/stl/bolt_hip_fe_right_side.stl', 'resources/meshes/stl/upper_leg_200mm_left_side.stl', 'resources/meshes/stl/bolt_shoulder_fe_left_side.stl', 'resources/meshes/stl/bolt_foot.stl', 'resources/meshes/stl/bolt_lower_leg_left_side.stl', 'resources/meshes/stl/bolt_body.stl', 'resources/meshes/stl/bolt_shoulder_fe_right_side.stl', 'resources/meshes/stl/bolt_upper_leg_right_side.stl', 'resources/meshes/stl/bolt_lower_leg_right_side.stl', 'resources/meshes/stl/bolt_hip_fe_left_side.stl', 'resources/meshes/obj/bolt_hip_fe_right_side.obj', 'resources/meshes/obj/bolt_trunk.obj', 'resources/meshes/obj/bolt_lower_leg_left_side.obj', 'resources/meshes/obj/bolt_hip_fe_left_side.obj', 'resources/meshes/obj/bolt_upper_leg_right_side.obj', 'resources/meshes/obj/bolt_shoulder_fe_left_side.obj', 'resources/meshes/obj/bolt_body.obj', 'resources/meshes/obj/bolt_lower_leg_right_side.obj', 'resources/meshes/obj/bolt_upper_leg_left_side.obj', 'resources/meshes/obj/bolt_foot.obj', 'resources/meshes/obj/bolt_shoulder_fe_right_side.obj', 'resources/dynamic_graph_manager/dgm_parameters_bolt_humanoid.yaml', 'resources/dynamic_graph_manager/dgm_parameters_bolt.yaml']
[0.530s] running egg_info
[0.530s] writing ../../build/robot_properties_bolt/robot_properties_bolt.egg-info/PKG-INFO
[0.530s] writing dependency_links to ../../build/robot_properties_bolt/robot_properties_bolt.egg-info/dependency_links.txt
[0.531s] writing entry points to ../../build/robot_properties_bolt/robot_properties_bolt.egg-info/entry_points.txt
[0.531s] writing requirements to ../../build/robot_properties_bolt/robot_properties_bolt.egg-info/requires.txt
[0.531s] writing top-level names to ../../build/robot_properties_bolt/robot_properties_bolt.egg-info/top_level.txt
[0.532s] reading manifest file '../../build/robot_properties_bolt/robot_properties_bolt.egg-info/SOURCES.txt'
[0.533s] writing manifest file '../../build/robot_properties_bolt/robot_properties_bolt.egg-info/SOURCES.txt'
[0.533s] running build
[0.533s] running build_py
[0.533s] 
[0.540s] building xacro file ( /home/zihaoye/devel/workspace/src/robot_properties_bolt/src/robot_properties_bolt/resources/xacro/bolt_humanoid.urdf.xacro ) into ( /home/zihaoye/devel/workspace/build/robot_properties_bolt/build/lib/robot_properties_bolt/resources/urdf/bolt_humanoid.urdf )
[0.561s] building xacro file ( /home/zihaoye/devel/workspace/src/robot_properties_bolt/src/robot_properties_bolt/resources/xacro/plane_with_restitution.urdf.xacro ) into ( /home/zihaoye/devel/workspace/build/robot_properties_bolt/build/lib/robot_properties_bolt/resources/urdf/plane_with_restitution.urdf )
[0.561s] building xacro file ( /home/zihaoye/devel/workspace/src/robot_properties_bolt/src/robot_properties_bolt/resources/xacro/bolt.urdf.xacro ) into ( /home/zihaoye/devel/workspace/build/robot_properties_bolt/build/lib/robot_properties_bolt/resources/urdf/bolt.urdf )
[0.575s] building xacro file ( /home/zihaoye/devel/workspace/src/robot_properties_bolt/src/robot_properties_bolt/resources/xacro/bolt_passive_ankle.urdf.xacro ) into ( /home/zihaoye/devel/workspace/build/robot_properties_bolt/build/lib/robot_properties_bolt/resources/urdf/bolt_passive_ankle.urdf )
[0.591s] building xacro file ( /home/zihaoye/devel/workspace/src/robot_properties_bolt/src/robot_properties_bolt/resources/xacro/bolt_humanoid.urdf.xacro ) into ( /home/zihaoye/devel/workspace/build/robot_properties_bolt/build/lib/robot_properties_bolt/resources/urdf/bolt_humanoid.urdf )
[0.616s] building xacro file ( /home/zihaoye/devel/workspace/src/robot_properties_bolt/src/robot_properties_bolt/resources/xacro/plane_with_restitution.urdf.xacro ) into ( /home/zihaoye/devel/workspace/build/robot_properties_bolt/build/lib/robot_properties_bolt/resources/urdf/plane_with_restitution.urdf )
[0.617s] building xacro file ( /home/zihaoye/devel/workspace/src/robot_properties_bolt/src/robot_properties_bolt/resources/xacro/bolt.urdf.xacro ) into ( /home/zihaoye/devel/workspace/build/robot_properties_bolt/build/lib/robot_properties_bolt/resources/urdf/bolt.urdf )
[0.630s] building xacro file ( /home/zihaoye/devel/workspace/src/robot_properties_bolt/src/robot_properties_bolt/resources/xacro/bolt_passive_ankle.urdf.xacro ) into ( /home/zihaoye/devel/workspace/build/robot_properties_bolt/build/lib/robot_properties_bolt/resources/urdf/bolt_passive_ankle.urdf )
[0.644s] building xacro file ( /home/zihaoye/devel/workspace/src/robot_properties_bolt/src/robot_properties_bolt/resources/xacro/bolt_humanoid.urdf.xacro ) into ( /home/zihaoye/devel/workspace/build/robot_properties_bolt/build/lib/robot_properties_bolt/resources/urdf/bolt_humanoid.urdf )
[0.662s] building xacro file ( /home/zihaoye/devel/workspace/src/robot_properties_bolt/src/robot_properties_bolt/resources/xacro/plane_with_restitution.urdf.xacro ) into ( /home/zihaoye/devel/workspace/build/robot_properties_bolt/build/lib/robot_properties_bolt/resources/urdf/plane_with_restitution.urdf )
[0.663s] building xacro file ( /home/zihaoye/devel/workspace/src/robot_properties_bolt/src/robot_properties_bolt/resources/xacro/bolt.urdf.xacro ) into ( /home/zihaoye/devel/workspace/build/robot_properties_bolt/build/lib/robot_properties_bolt/resources/urdf/bolt.urdf )
[0.676s] building xacro file ( /home/zihaoye/devel/workspace/src/robot_properties_bolt/src/robot_properties_bolt/resources/xacro/bolt_passive_ankle.urdf.xacro ) into ( /home/zihaoye/devel/workspace/build/robot_properties_bolt/build/lib/robot_properties_bolt/resources/urdf/bolt_passive_ankle.urdf )
[0.689s] building xacro file ( /home/zihaoye/devel/workspace/src/robot_properties_bolt/src/robot_properties_bolt/resources/xacro/bolt_humanoid.urdf.xacro ) into ( /home/zihaoye/devel/workspace/build/robot_properties_bolt/build/lib/robot_properties_bolt/resources/urdf/bolt_humanoid.urdf )
[0.708s] building xacro file ( /home/zihaoye/devel/workspace/src/robot_properties_bolt/src/robot_properties_bolt/resources/xacro/plane_with_restitution.urdf.xacro ) into ( /home/zihaoye/devel/workspace/build/robot_properties_bolt/build/lib/robot_properties_bolt/resources/urdf/plane_with_restitution.urdf )
[0.709s] building xacro file ( /home/zihaoye/devel/workspace/src/robot_properties_bolt/src/robot_properties_bolt/resources/xacro/bolt.urdf.xacro ) into ( /home/zihaoye/devel/workspace/build/robot_properties_bolt/build/lib/robot_properties_bolt/resources/urdf/bolt.urdf )
[0.721s] building xacro file ( /home/zihaoye/devel/workspace/src/robot_properties_bolt/src/robot_properties_bolt/resources/xacro/bolt_passive_ankle.urdf.xacro ) into ( /home/zihaoye/devel/workspace/build/robot_properties_bolt/build/lib/robot_properties_bolt/resources/urdf/bolt_passive_ankle.urdf )
[0.735s] running build_scripts
[0.735s] running install
[0.736s] running install_lib
[0.737s] copying /home/zihaoye/devel/workspace/build/robot_properties_bolt/build/lib/robot_properties_bolt/resources/urdf/bolt_passive_ankle.urdf -> /home/zihaoye/devel/workspace/install/robot_properties_bolt/lib/python3.8/site-packages/robot_properties_bolt/resources/urdf
[0.737s] copying /home/zihaoye/devel/workspace/build/robot_properties_bolt/build/lib/robot_properties_bolt/resources/urdf/bolt.urdf -> /home/zihaoye/devel/workspace/install/robot_properties_bolt/lib/python3.8/site-packages/robot_properties_bolt/resources/urdf
[0.737s] copying /home/zihaoye/devel/workspace/build/robot_properties_bolt/build/lib/robot_properties_bolt/resources/urdf/plane_with_restitution.urdf -> /home/zihaoye/devel/workspace/install/robot_properties_bolt/lib/python3.8/site-packages/robot_properties_bolt/resources/urdf
[0.737s] copying /home/zihaoye/devel/workspace/build/robot_properties_bolt/build/lib/robot_properties_bolt/resources/urdf/bolt_humanoid.urdf -> /home/zihaoye/devel/workspace/install/robot_properties_bolt/lib/python3.8/site-packages/robot_properties_bolt/resources/urdf
[0.738s] running install_data
[0.738s] running install_egg_info
[0.738s] removing '/home/zihaoye/devel/workspace/install/robot_properties_bolt/lib/python3.8/site-packages/robot_properties_bolt-1.0.0-py3.8.egg-info' (and everything under it)
[0.739s] Copying ../../build/robot_properties_bolt/robot_properties_bolt.egg-info to /home/zihaoye/devel/workspace/install/robot_properties_bolt/lib/python3.8/site-packages/robot_properties_bolt-1.0.0-py3.8.egg-info
[0.739s] running install_scripts
[0.747s] changing mode of /home/zihaoye/devel/workspace/install/robot_properties_bolt/lib/robot_properties_bolt/demo_display_bolt_meshcat.py to 775
[0.747s] changing mode of /home/zihaoye/devel/workspace/install/robot_properties_bolt/lib/robot_properties_bolt/demo_display_bolt_humanoid_meshcat.py to 775
[0.747s] changing mode of /home/zihaoye/devel/workspace/install/robot_properties_bolt/lib/robot_properties_bolt/demo_display_bolt_gepetto.py to 775
[0.747s] changing mode of /home/zihaoye/devel/workspace/install/robot_properties_bolt/lib/robot_properties_bolt/demo_display_bolt_humanoid_gepetto.py to 775
[0.747s] changing mode of /home/zihaoye/devel/workspace/install/robot_properties_bolt/lib/robot_properties_bolt/demo_simulate_bolt.py to 775
[0.747s] changing mode of /home/zihaoye/devel/workspace/install/robot_properties_bolt/lib/robot_properties_bolt/demo_simulate_bolt_humanoid.py to 775
[0.748s] writing list of installed files to '/home/zihaoye/devel/workspace/build/robot_properties_bolt/install.log'
[0.769s] Invoked command in '/home/zihaoye/devel/workspace/src/robot_properties_bolt' returned '0': CMAKE_PREFIX_PATH=/home/zihaoye/devel/workspace/install/mpi_cmake_modules:${CMAKE_PREFIX_PATH} PATH=/home/zihaoye/devel/workspace/install/mpi_cmake_modules/bin:${PATH} PS1=(myenv) \[\e]0;\u@\h: \w\a\]${debian_chroot:+($debian_chroot)}\[\033[01;32m\]\u@\h\[\033[00m\]:\[\033[01;34m\]\w\[\033[00m\]\$ PYTHONPATH=/home/zihaoye/devel/workspace/build/robot_properties_bolt/prefix_override:/home/zihaoye/myenv/lib/python3.8/site-packages/colcon_core/task/python/colcon_distutils_commands:/home/zihaoye/devel/workspace/install/robot_properties_bolt/lib/python3.8/site-packages:/home/zihaoye/devel/workspace/install/bullet_utils/lib/python3.8/site-packages:/home/zihaoye/devel/workspace/install/mpi_cmake_modules/lib/python3.8/site-packages:${PYTHONPATH} /home/zihaoye/myenv/bin/python3.8 -W ignore:setup.py install is deprecated -W ignore:easy_install command is deprecated setup.py egg_info --egg-base ../../build/robot_properties_bolt build --build-base /home/zihaoye/devel/workspace/build/robot_properties_bolt/build install --record /home/zihaoye/devel/workspace/build/robot_properties_bolt/install.log --install-scripts $base/lib/robot_properties_bolt --single-version-externally-managed install_data
