-- JRL cmakemodules found in 'cmake/' git submodule
-- Configuring "master_board_sdk" (https://github.com/open-dynamic-robot-initiative/master-board)
-- Package version (ROS package.xml): 1.0.7
-- The CXX compiler identification is GNU 9.4.0
-- Check for working CXX compiler: /usr/bin/c++
-- Check for working CXX compiler: /usr/bin/c++ -- works
-- Detecting CXX compiler ABI info
-- Detecting CXX compiler ABI info - done
-- Detecting CXX compile features
-- Detecting CXX compile features - done
-- Found PkgConfig: /usr/bin/pkg-config (found version "0.29.1") 
-- Performing Test res_-pedantic
-- Performing Test res_-pedantic - Success
-- Performing Test res_-Wno-long-long
-- Performing Test res_-Wno-long-long - Success
-- Performing Test res_-Wall
-- Performing Test res_-Wall - Success
-- Performing Test res_-Wextra
-- Performing Test res_-Wextra - Success
-- Performing Test res_-Wcast-align
-- Performing Test res_-Wcast-align - Success
-- Performing Test res_-Wcast-qual
-- Performing Test res_-Wcast-qual - Success
-- Performing Test res_-Wformat
-- Performing Test res_-Wformat - Success
-- Performing Test res_-Wwrite-strings
-- Performing Test res_-Wwrite-strings - Success
-- Performing Test res_-Wconversion
-- Performing Test res_-Wconversion - Success
-- Could NOT find Doxygen (missing: DOXYGEN_EXECUTABLE) 
-- Failed to find Doxygen, documentation will not be generated.
-- Default C++ standard: 201402
-- Minimal C++ standard upgraded to 11
-- C++ standard sufficient: Minimal required 11, currently defined: 14
-- CMAKE_CXX_STANDARD was not set: automatically set to currently defined standard 14
-- For CMake < 3.18, Development.Module is not available. Falling back to Development
-- Found Python3: /home/zihaoye/myenv/bin/python (found version "3.8.10") found components: Interpreter Development 
-- PythonLibraryDirs: /usr/lib/x86_64-linux-gnu
-- PythonLibVersionString: 3.8.10
-- Python site lib: lib/python3.8/site-packages
-- Python include dirs: /usr/include/python3.8
-- Found Boost: /usr/include (found version "1.71.0") found components: python38 
-- Boost_PYTHON_LIBRARY: /usr/lib/x86_64-linux-gnu/libboost_python38.so
-- Configuring done
-- Generating done
-- Build files have been written to: /home/zihaoye/devel/workspace/build/master_board_sdk
/usr/bin/cmake -S/home/zihaoye/devel/workspace/src/master-board/sdk/master_board_sdk -B/home/zihaoye/devel/workspace/build/master_board_sdk --check-build-system CMakeFiles/Makefile.cmake 0
/usr/bin/cmake -E cmake_progress_start /home/zihaoye/devel/workspace/build/master_board_sdk/CMakeFiles /home/zihaoye/devel/workspace/build/master_board_sdk/CMakeFiles/progress.marks
/usr/bin/make -f CMakeFiles/Makefile2 all
make[1]: 进入目录“/home/zihaoye/devel/workspace/build/master_board_sdk”
/usr/bin/make -f CMakeFiles/compile_pyc__home_zihaoye_devel_workspace_src_master-board_sdk_master_board_sdk.dir/build.make CMakeFiles/compile_pyc__home_zihaoye_devel_workspace_src_master-board_sdk_master_board_sdk.dir/depend
/usr/bin/make -f CMakeFiles/master_board_sdk.dir/build.make CMakeFiles/master_board_sdk.dir/depend
/usr/bin/make -f CMakeFiles/test_protocol.dir/build.make CMakeFiles/test_protocol.dir/depend
make[2]: 进入目录“/home/zihaoye/devel/workspace/build/master_board_sdk”
cd /home/zihaoye/devel/workspace/build/master_board_sdk && /usr/bin/cmake -E cmake_depends "Unix Makefiles" /home/zihaoye/devel/workspace/src/master-board/sdk/master_board_sdk /home/zihaoye/devel/workspace/src/master-board/sdk/master_board_sdk /home/zihaoye/devel/workspace/build/master_board_sdk /home/zihaoye/devel/workspace/build/master_board_sdk /home/zihaoye/devel/workspace/build/master_board_sdk/CMakeFiles/compile_pyc__home_zihaoye_devel_workspace_src_master-board_sdk_master_board_sdk.dir/DependInfo.cmake --color=
make[2]: 进入目录“/home/zihaoye/devel/workspace/build/master_board_sdk”
cd /home/zihaoye/devel/workspace/build/master_board_sdk && /usr/bin/cmake -E cmake_depends "Unix Makefiles" /home/zihaoye/devel/workspace/src/master-board/sdk/master_board_sdk /home/zihaoye/devel/workspace/src/master-board/sdk/master_board_sdk /home/zihaoye/devel/workspace/build/master_board_sdk /home/zihaoye/devel/workspace/build/master_board_sdk /home/zihaoye/devel/workspace/build/master_board_sdk/CMakeFiles/master_board_sdk.dir/DependInfo.cmake --color=
make[2]: 进入目录“/home/zihaoye/devel/workspace/build/master_board_sdk”
cd /home/zihaoye/devel/workspace/build/master_board_sdk && /usr/bin/cmake -E cmake_depends "Unix Makefiles" /home/zihaoye/devel/workspace/src/master-board/sdk/master_board_sdk /home/zihaoye/devel/workspace/src/master-board/sdk/master_board_sdk /home/zihaoye/devel/workspace/build/master_board_sdk /home/zihaoye/devel/workspace/build/master_board_sdk /home/zihaoye/devel/workspace/build/master_board_sdk/CMakeFiles/test_protocol.dir/DependInfo.cmake --color=
[35m[1mScanning dependencies of target compile_pyc__home_zihaoye_devel_workspace_src_master-board_sdk_master_board_sdk[0m
make[2]: 离开目录“/home/zihaoye/devel/workspace/build/master_board_sdk”
/usr/bin/make -f CMakeFiles/compile_pyc__home_zihaoye_devel_workspace_src_master-board_sdk_master_board_sdk.dir/build.make CMakeFiles/compile_pyc__home_zihaoye_devel_workspace_src_master-board_sdk_master_board_sdk.dir/build
make[2]: 进入目录“/home/zihaoye/devel/workspace/build/master_board_sdk”
/usr/bin/cmake -E make_directory /home/zihaoye/devel/workspace/build/master_board_sdk/example
[35m[1mScanning dependencies of target test_protocol[0m
[35m[1mScanning dependencies of target master_board_sdk[0m
make[2]: 离开目录“/home/zihaoye/devel/workspace/build/master_board_sdk”
/usr/bin/make -f CMakeFiles/test_protocol.dir/build.make CMakeFiles/test_protocol.dir/build
make[2]: 离开目录“/home/zihaoye/devel/workspace/build/master_board_sdk”
/home/zihaoye/myenv/bin/python -c "import py_compile; py_compile.compile(\"/home/zihaoye/devel/workspace/src/master-board/sdk/master_board_sdk/example/example.py\",\"/home/zihaoye/devel/workspace/build/master_board_sdk/example/example.pyc\")"
/usr/bin/make -f CMakeFiles/master_board_sdk.dir/build.make CMakeFiles/master_board_sdk.dir/build
make[2]: 进入目录“/home/zihaoye/devel/workspace/build/master_board_sdk”
make[2]: 进入目录“/home/zihaoye/devel/workspace/build/master_board_sdk”
[  5%] [32mBuilding CXX object CMakeFiles/master_board_sdk.dir/src/motor_driver.cpp.o[0m
/usr/bin/c++  -DFOUND_CATCH2_MAJOR_VERSION=3 -Dmaster_board_sdk_EXPORTS -I/home/zihaoye/devel/workspace/build/master_board_sdk -I/home/zihaoye/devel/workspace/build/master_board_sdk/include -I/home/zihaoye/devel/workspace/src/master-board/sdk/master_board_sdk/include  -pedantic -Wno-long-long -Wall -Wextra -Wcast-align -Wcast-qual -Wformat -Wwrite-strings -Wconversion  -fPIC   -std=gnu++14 -o CMakeFiles/master_board_sdk.dir/src/motor_driver.cpp.o -c /home/zihaoye/devel/workspace/src/master-board/sdk/master_board_sdk/src/motor_driver.cpp
[ 16%] [32mBuilding CXX object CMakeFiles/test_protocol.dir/tests/test_protocol.cpp.o[0m
[ 16%] [32mBuilding CXX object CMakeFiles/master_board_sdk.dir/src/ETHERNET_types.cpp.o[0m
/usr/bin/c++  -DFOUND_CATCH2_MAJOR_VERSION=3 -Dmaster_board_sdk_EXPORTS -I/home/zihaoye/devel/workspace/build/master_board_sdk -I/home/zihaoye/devel/workspace/build/master_board_sdk/include -I/home/zihaoye/devel/workspace/src/master-board/sdk/master_board_sdk/include  -pedantic -Wno-long-long -Wall -Wextra -Wcast-align -Wcast-qual -Wformat -Wwrite-strings -Wconversion  -fPIC   -std=gnu++14 -o CMakeFiles/master_board_sdk.dir/src/ETHERNET_types.cpp.o -c /home/zihaoye/devel/workspace/src/master-board/sdk/master_board_sdk/src/ETHERNET_types.cpp
[ 22%] [32mBuilding CXX object CMakeFiles/master_board_sdk.dir/src/Link_manager.cpp.o[0m
/usr/bin/c++  -DFOUND_CATCH2_MAJOR_VERSION=3 -I/home/zihaoye/devel/workspace/build/master_board_sdk -I/home/zihaoye/devel/workspace/build/master_board_sdk/include -I/home/zihaoye/devel/workspace/src/master-board/sdk/master_board_sdk/include  -pedantic -Wno-long-long -Wall -Wextra -Wcast-align -Wcast-qual -Wformat -Wwrite-strings -Wconversion    -std=gnu++14 -o CMakeFiles/test_protocol.dir/tests/test_protocol.cpp.o -c /home/zihaoye/devel/workspace/src/master-board/sdk/master_board_sdk/tests/test_protocol.cpp
[ 33%] [32mBuilding CXX object CMakeFiles/master_board_sdk.dir/src/master_board_interface.cpp.o[0m
[ 33%] [32mBuilding CXX object CMakeFiles/master_board_sdk.dir/src/motor.cpp.o[0m
[ 44%] [32mBuilding CXX object CMakeFiles/master_board_sdk.dir/src/ESPNOW_manager.cpp.o[0m
[ 44%] [32mBuilding CXX object CMakeFiles/master_board_sdk.dir/src/ESPNOW_types.cpp.o[0m
/usr/bin/c++  -DFOUND_CATCH2_MAJOR_VERSION=3 -Dmaster_board_sdk_EXPORTS -I/home/zihaoye/devel/workspace/build/master_board_sdk -I/home/zihaoye/devel/workspace/build/master_board_sdk/include -I/home/zihaoye/devel/workspace/src/master-board/sdk/master_board_sdk/include  -pedantic -Wno-long-long -Wall -Wextra -Wcast-align -Wcast-qual -Wformat -Wwrite-strings -Wconversion  -fPIC   -std=gnu++14 -o CMakeFiles/master_board_sdk.dir/src/Link_manager.cpp.o -c /home/zihaoye/devel/workspace/src/master-board/sdk/master_board_sdk/src/Link_manager.cpp
/usr/bin/c++  -DFOUND_CATCH2_MAJOR_VERSION=3 -Dmaster_board_sdk_EXPORTS -I/home/zihaoye/devel/workspace/build/master_board_sdk -I/home/zihaoye/devel/workspace/build/master_board_sdk/include -I/home/zihaoye/devel/workspace/src/master-board/sdk/master_board_sdk/include  -pedantic -Wno-long-long -Wall -Wextra -Wcast-align -Wcast-qual -Wformat -Wwrite-strings -Wconversion  -fPIC   -std=gnu++14 -o CMakeFiles/master_board_sdk.dir/src/master_board_interface.cpp.o -c /home/zihaoye/devel/workspace/src/master-board/sdk/master_board_sdk/src/master_board_interface.cpp
/usr/bin/c++  -DFOUND_CATCH2_MAJOR_VERSION=3 -Dmaster_board_sdk_EXPORTS -I/home/zihaoye/devel/workspace/build/master_board_sdk -I/home/zihaoye/devel/workspace/build/master_board_sdk/include -I/home/zihaoye/devel/workspace/src/master-board/sdk/master_board_sdk/include  -pedantic -Wno-long-long -Wall -Wextra -Wcast-align -Wcast-qual -Wformat -Wwrite-strings -Wconversion  -fPIC   -std=gnu++14 -o CMakeFiles/master_board_sdk.dir/src/motor.cpp.o -c /home/zihaoye/devel/workspace/src/master-board/sdk/master_board_sdk/src/motor.cpp
/usr/bin/c++  -DFOUND_CATCH2_MAJOR_VERSION=3 -Dmaster_board_sdk_EXPORTS -I/home/zihaoye/devel/workspace/build/master_board_sdk -I/home/zihaoye/devel/workspace/build/master_board_sdk/include -I/home/zihaoye/devel/workspace/src/master-board/sdk/master_board_sdk/include  -pedantic -Wno-long-long -Wall -Wextra -Wcast-align -Wcast-qual -Wformat -Wwrite-strings -Wconversion  -fPIC   -std=gnu++14 -o CMakeFiles/master_board_sdk.dir/src/ESPNOW_manager.cpp.o -c /home/zihaoye/devel/workspace/src/master-board/sdk/master_board_sdk/src/ESPNOW_manager.cpp
/usr/bin/c++  -DFOUND_CATCH2_MAJOR_VERSION=3 -Dmaster_board_sdk_EXPORTS -I/home/zihaoye/devel/workspace/build/master_board_sdk -I/home/zihaoye/devel/workspace/build/master_board_sdk/include -I/home/zihaoye/devel/workspace/src/master-board/sdk/master_board_sdk/include  -pedantic -Wno-long-long -Wall -Wextra -Wcast-align -Wcast-qual -Wformat -Wwrite-strings -Wconversion  -fPIC   -std=gnu++14 -o CMakeFiles/master_board_sdk.dir/src/ESPNOW_types.cpp.o -c /home/zihaoye/devel/workspace/src/master-board/sdk/master_board_sdk/src/ESPNOW_types.cpp
/usr/bin/cmake -E make_directory /home/zihaoye/devel/workspace/build/master_board_sdk/example
/home/zihaoye/myenv/bin/python -c "import py_compile; py_compile.compile(\"/home/zihaoye/devel/workspace/src/master-board/sdk/master_board_sdk/example/listener.py\",\"/home/zihaoye/devel/workspace/build/master_board_sdk/example/listener.pyc\")"
/usr/bin/cmake -E make_directory /home/zihaoye/devel/workspace/build/master_board_sdk/example
/home/zihaoye/myenv/bin/python -c "import py_compile; py_compile.compile(\"/home/zihaoye/devel/workspace/src/master-board/sdk/master_board_sdk/example/com_analyser.py\",\"/home/zihaoye/devel/workspace/build/master_board_sdk/example/com_analyser.pyc\")"
make[2]: 离开目录“/home/zihaoye/devel/workspace/build/master_board_sdk”
[ 44%] Built target compile_pyc__home_zihaoye_devel_workspace_src_master-board_sdk_master_board_sdk
[ 50%] [32m[1mLinking CXX shared library libmaster_board_sdk.so[0m
/usr/bin/cmake -E cmake_link_script CMakeFiles/master_board_sdk.dir/link.txt --verbose=1
/usr/bin/c++ -fPIC -pedantic -Wno-long-long -Wall -Wextra -Wcast-align -Wcast-qual -Wformat -Wwrite-strings -Wconversion   -shared -Wl,-soname,libmaster_board_sdk.so -o libmaster_board_sdk.so CMakeFiles/master_board_sdk.dir/src/ETHERNET_types.cpp.o CMakeFiles/master_board_sdk.dir/src/Link_manager.cpp.o CMakeFiles/master_board_sdk.dir/src/master_board_interface.cpp.o CMakeFiles/master_board_sdk.dir/src/motor.cpp.o CMakeFiles/master_board_sdk.dir/src/motor_driver.cpp.o CMakeFiles/master_board_sdk.dir/src/ESPNOW_manager.cpp.o CMakeFiles/master_board_sdk.dir/src/ESPNOW_types.cpp.o  -lpthread 
make[2]: 离开目录“/home/zihaoye/devel/workspace/build/master_board_sdk”
[ 50%] Built target master_board_sdk
/usr/bin/make -f CMakeFiles/master_board_example_imu_data_collection.dir/build.make CMakeFiles/master_board_example_imu_data_collection.dir/depend
/usr/bin/make -f CMakeFiles/master_board_example.dir/build.make CMakeFiles/master_board_example.dir/depend
make[2]: 进入目录“/home/zihaoye/devel/workspace/build/master_board_sdk”
cd /home/zihaoye/devel/workspace/build/master_board_sdk && /usr/bin/cmake -E cmake_depends "Unix Makefiles" /home/zihaoye/devel/workspace/src/master-board/sdk/master_board_sdk /home/zihaoye/devel/workspace/src/master-board/sdk/master_board_sdk /home/zihaoye/devel/workspace/build/master_board_sdk /home/zihaoye/devel/workspace/build/master_board_sdk /home/zihaoye/devel/workspace/build/master_board_sdk/CMakeFiles/master_board_example_imu_data_collection.dir/DependInfo.cmake --color=
/usr/bin/make -f CMakeFiles/master_board_sdk_pywrap.dir/build.make CMakeFiles/master_board_sdk_pywrap.dir/depend
make[2]: 进入目录“/home/zihaoye/devel/workspace/build/master_board_sdk”
cd /home/zihaoye/devel/workspace/build/master_board_sdk && /usr/bin/cmake -E cmake_depends "Unix Makefiles" /home/zihaoye/devel/workspace/src/master-board/sdk/master_board_sdk /home/zihaoye/devel/workspace/src/master-board/sdk/master_board_sdk /home/zihaoye/devel/workspace/build/master_board_sdk /home/zihaoye/devel/workspace/build/master_board_sdk /home/zihaoye/devel/workspace/build/master_board_sdk/CMakeFiles/master_board_example.dir/DependInfo.cmake --color=
/usr/bin/make -f CMakeFiles/master_board_example_pd.dir/build.make CMakeFiles/master_board_example_pd.dir/depend
make[2]: 进入目录“/home/zihaoye/devel/workspace/build/master_board_sdk”
make[2]: 进入目录“/home/zihaoye/devel/workspace/build/master_board_sdk”
cd /home/zihaoye/devel/workspace/build/master_board_sdk && /usr/bin/cmake -E cmake_depends "Unix Makefiles" /home/zihaoye/devel/workspace/src/master-board/sdk/master_board_sdk /home/zihaoye/devel/workspace/src/master-board/sdk/master_board_sdk /home/zihaoye/devel/workspace/build/master_board_sdk /home/zihaoye/devel/workspace/build/master_board_sdk /home/zihaoye/devel/workspace/build/master_board_sdk/CMakeFiles/master_board_example_pd.dir/DependInfo.cmake --color=
cd /home/zihaoye/devel/workspace/build/master_board_sdk && /usr/bin/cmake -E cmake_depends "Unix Makefiles" /home/zihaoye/devel/workspace/src/master-board/sdk/master_board_sdk /home/zihaoye/devel/workspace/src/master-board/sdk/master_board_sdk /home/zihaoye/devel/workspace/build/master_board_sdk /home/zihaoye/devel/workspace/build/master_board_sdk /home/zihaoye/devel/workspace/build/master_board_sdk/CMakeFiles/master_board_sdk_pywrap.dir/DependInfo.cmake --color=
[35m[1mScanning dependencies of target master_board_example_imu_data_collection[0m
make[2]: 离开目录“/home/zihaoye/devel/workspace/build/master_board_sdk”
/usr/bin/make -f CMakeFiles/master_board_example_imu_data_collection.dir/build.make CMakeFiles/master_board_example_imu_data_collection.dir/build
[35m[1mScanning dependencies of target master_board_example[0m
make[2]: 离开目录“/home/zihaoye/devel/workspace/build/master_board_sdk”
/usr/bin/make -f CMakeFiles/master_board_example.dir/build.make CMakeFiles/master_board_example.dir/build
make[2]: 进入目录“/home/zihaoye/devel/workspace/build/master_board_sdk”
make[2]: 进入目录“/home/zihaoye/devel/workspace/build/master_board_sdk”
[35m[1mScanning dependencies of target master_board_example_pd[0m
make[2]: 离开目录“/home/zihaoye/devel/workspace/build/master_board_sdk”
[35m[1mScanning dependencies of target master_board_sdk_pywrap[0m
/usr/bin/make -f CMakeFiles/master_board_example_pd.dir/build.make CMakeFiles/master_board_example_pd.dir/build
make[2]: 离开目录“/home/zihaoye/devel/workspace/build/master_board_sdk”
[ 55%] [32mBuilding CXX object CMakeFiles/master_board_example_imu_data_collection.dir/example/example_imu_data_collection.cpp.o[0m
/usr/bin/c++  -DFOUND_CATCH2_MAJOR_VERSION=3 -I/home/zihaoye/devel/workspace/build/master_board_sdk -I/home/zihaoye/devel/workspace/build/master_board_sdk/include -I/home/zihaoye/devel/workspace/src/master-board/sdk/master_board_sdk/include  -pedantic -Wno-long-long -Wall -Wextra -Wcast-align -Wcast-qual -Wformat -Wwrite-strings -Wconversion    -std=gnu++14 -o CMakeFiles/master_board_example_imu_data_collection.dir/example/example_imu_data_collection.cpp.o -c /home/zihaoye/devel/workspace/src/master-board/sdk/master_board_sdk/example/example_imu_data_collection.cpp
/usr/bin/make -f CMakeFiles/master_board_sdk_pywrap.dir/build.make CMakeFiles/master_board_sdk_pywrap.dir/build
make[2]: 进入目录“/home/zihaoye/devel/workspace/build/master_board_sdk”
make[2]: 进入目录“/home/zihaoye/devel/workspace/build/master_board_sdk”
[ 61%] [32mBuilding CXX object CMakeFiles/master_board_example.dir/example/example.cpp.o[0m
/usr/bin/c++  -DFOUND_CATCH2_MAJOR_VERSION=3 -I/home/zihaoye/devel/workspace/build/master_board_sdk -I/home/zihaoye/devel/workspace/build/master_board_sdk/include -I/home/zihaoye/devel/workspace/src/master-board/sdk/master_board_sdk/include  -pedantic -Wno-long-long -Wall -Wextra -Wcast-align -Wcast-qual -Wformat -Wwrite-strings -Wconversion    -std=gnu++14 -o CMakeFiles/master_board_example.dir/example/example.cpp.o -c /home/zihaoye/devel/workspace/src/master-board/sdk/master_board_sdk/example/example.cpp
[ 66%] [32m[1mLinking CXX executable test_protocol[0m
/usr/bin/cmake -E cmake_link_script CMakeFiles/test_protocol.dir/link.txt --verbose=1
[ 72%] [32mBuilding CXX object CMakeFiles/master_board_example_pd.dir/example/example_pd.cpp.o[0m
/usr/bin/c++  -DFOUND_CATCH2_MAJOR_VERSION=3 -I/home/zihaoye/devel/workspace/build/master_board_sdk -I/home/zihaoye/devel/workspace/build/master_board_sdk/include -I/home/zihaoye/devel/workspace/src/master-board/sdk/master_board_sdk/include  -pedantic -Wno-long-long -Wall -Wextra -Wcast-align -Wcast-qual -Wformat -Wwrite-strings -Wconversion    -std=gnu++14 -o CMakeFiles/master_board_example_pd.dir/example/example_pd.cpp.o -c /home/zihaoye/devel/workspace/src/master-board/sdk/master_board_sdk/example/example_pd.cpp
/usr/bin/c++  -pedantic -Wno-long-long -Wall -Wextra -Wcast-align -Wcast-qual -Wformat -Wwrite-strings -Wconversion    CMakeFiles/test_protocol.dir/tests/test_protocol.cpp.o  -o test_protocol  /usr/local/lib/libCatch2Main.a /usr/local/lib/libCatch2.a 
[ 77%] [32mBuilding CXX object CMakeFiles/master_board_sdk_pywrap.dir/srcpy/my_bindings_headr.cpp.o[0m
/usr/bin/c++  -DFOUND_CATCH2_MAJOR_VERSION=3 -Dmaster_board_sdk_pywrap_EXPORTS -I/home/zihaoye/devel/workspace/build/master_board_sdk -I/home/zihaoye/devel/workspace/build/master_board_sdk/include -I/home/zihaoye/devel/workspace/src/master-board/sdk/master_board_sdk/include -isystem /usr/include/python3.8  -pedantic -Wno-long-long -Wall -Wextra -Wcast-align -Wcast-qual -Wformat -Wwrite-strings -Wconversion  -fPIC   -std=gnu++14 -o CMakeFiles/master_board_sdk_pywrap.dir/srcpy/my_bindings_headr.cpp.o -c /home/zihaoye/devel/workspace/src/master-board/sdk/master_board_sdk/srcpy/my_bindings_headr.cpp
[ 83%] [32m[1mLinking CXX executable master_board_example[0m
/usr/bin/cmake -E cmake_link_script CMakeFiles/master_board_example.dir/link.txt --verbose=1
/usr/bin/c++  -pedantic -Wno-long-long -Wall -Wextra -Wcast-align -Wcast-qual -Wformat -Wwrite-strings -Wconversion    CMakeFiles/master_board_example.dir/example/example.cpp.o  -o master_board_example  -Wl,-rpath,/home/zihaoye/devel/workspace/build/master_board_sdk:::::: libmaster_board_sdk.so -lpthread 
make[2]: 离开目录“/home/zihaoye/devel/workspace/build/master_board_sdk”
[ 88%] [32m[1mLinking CXX executable master_board_example_pd[0m
/usr/bin/cmake -E cmake_link_script CMakeFiles/master_board_example_pd.dir/link.txt --verbose=1
/usr/bin/c++  -pedantic -Wno-long-long -Wall -Wextra -Wcast-align -Wcast-qual -Wformat -Wwrite-strings -Wconversion    CMakeFiles/master_board_example_pd.dir/example/example_pd.cpp.o  -o master_board_example_pd  -Wl,-rpath,/home/zihaoye/devel/workspace/build/master_board_sdk:::::: libmaster_board_sdk.so -lpthread 
[ 88%] Built target master_board_example
make[2]: 离开目录“/home/zihaoye/devel/workspace/build/master_board_sdk”
[ 88%] Built target test_protocol
make[2]: 离开目录“/home/zihaoye/devel/workspace/build/master_board_sdk”
[ 94%] [32m[1mLinking CXX executable master_board_example_imu_data_collection[0m
/usr/bin/cmake -E cmake_link_script CMakeFiles/master_board_example_imu_data_collection.dir/link.txt --verbose=1
/usr/bin/c++  -pedantic -Wno-long-long -Wall -Wextra -Wcast-align -Wcast-qual -Wformat -Wwrite-strings -Wconversion    CMakeFiles/master_board_example_imu_data_collection.dir/example/example_imu_data_collection.cpp.o  -o master_board_example_imu_data_collection  -Wl,-rpath,/home/zihaoye/devel/workspace/build/master_board_sdk: libmaster_board_sdk.so -lpthread 
[ 94%] Built target master_board_example_pd
make[2]: 离开目录“/home/zihaoye/devel/workspace/build/master_board_sdk”
[ 94%] Built target master_board_example_imu_data_collection
[100%] [32m[1mLinking CXX shared library libmaster_board_sdk_pywrap.cpython-38-x86_64-linux-gnu.so[0m
/usr/bin/cmake -E cmake_link_script CMakeFiles/master_board_sdk_pywrap.dir/link.txt --verbose=1
/usr/bin/c++ -fPIC -pedantic -Wno-long-long -Wall -Wextra -Wcast-align -Wcast-qual -Wformat -Wwrite-strings -Wconversion   -shared -Wl,-soname,libmaster_board_sdk_pywrap.cpython-38-x86_64-linux-gnu.so -o libmaster_board_sdk_pywrap.cpython-38-x86_64-linux-gnu.so CMakeFiles/master_board_sdk_pywrap.dir/srcpy/my_bindings_headr.cpp.o  -Wl,-rpath,/home/zihaoye/devel/workspace/build/master_board_sdk: libmaster_board_sdk.so /usr/lib/x86_64-linux-gnu/libboost_python38.so -lpthread 
make[2]: 离开目录“/home/zihaoye/devel/workspace/build/master_board_sdk”
[100%] Built target master_board_sdk_pywrap
make[1]: 离开目录“/home/zihaoye/devel/workspace/build/master_board_sdk”
/usr/bin/cmake -E cmake_progress_start /home/zihaoye/devel/workspace/build/master_board_sdk/CMakeFiles 0
-- Install configuration: ""
/usr/bin/cmake -S/home/zihaoye/devel/workspace/src/master-board/sdk/master_board_sdk -B/home/zihaoye/devel/workspace/build/master_board_sdk --check-build-system CMakeFiles/Makefile.cmake 0
/usr/bin/make -f CMakeFiles/Makefile2 uninstall
make[1]: 进入目录“/home/zihaoye/devel/workspace/build/master_board_sdk”
/usr/bin/cmake -S/home/zihaoye/devel/workspace/src/master-board/sdk/master_board_sdk -B/home/zihaoye/devel/workspace/build/master_board_sdk --check-build-system CMakeFiles/Makefile.cmake 0
/usr/bin/cmake -E cmake_progress_start /home/zihaoye/devel/workspace/build/master_board_sdk/CMakeFiles 0
/usr/bin/make -f CMakeFiles/Makefile2 CMakeFiles/uninstall.dir/all
make[2]: 进入目录“/home/zihaoye/devel/workspace/build/master_board_sdk”
/usr/bin/make -f CMakeFiles/uninstall.dir/build.make CMakeFiles/uninstall.dir/depend
make[3]: 进入目录“/home/zihaoye/devel/workspace/build/master_board_sdk”
cd /home/zihaoye/devel/workspace/build/master_board_sdk && /usr/bin/cmake -E cmake_depends "Unix Makefiles" /home/zihaoye/devel/workspace/src/master-board/sdk/master_board_sdk /home/zihaoye/devel/workspace/src/master-board/sdk/master_board_sdk /home/zihaoye/devel/workspace/build/master_board_sdk /home/zihaoye/devel/workspace/build/master_board_sdk /home/zihaoye/devel/workspace/build/master_board_sdk/CMakeFiles/uninstall.dir/DependInfo.cmake --color=
Scanning dependencies of target uninstall
make[3]: 离开目录“/home/zihaoye/devel/workspace/build/master_board_sdk”
/usr/bin/make -f CMakeFiles/uninstall.dir/build.make CMakeFiles/uninstall.dir/build
make[3]: 进入目录“/home/zihaoye/devel/workspace/build/master_board_sdk”
/usr/bin/cmake -DPACKAGE_CREATES_DOT_CATKIN=TRUE -P /home/zihaoye/devel/workspace/build/master_board_sdk/cmake/cmake_uninstall.cmake
make[3]: 离开目录“/home/zihaoye/devel/workspace/build/master_board_sdk”
Built target uninstall
make[2]: 离开目录“/home/zihaoye/devel/workspace/build/master_board_sdk”
/usr/bin/cmake -E cmake_progress_start /home/zihaoye/devel/workspace/build/master_board_sdk/CMakeFiles 0
make[1]: 离开目录“/home/zihaoye/devel/workspace/build/master_board_sdk”
-- Installing: /home/zihaoye/devel/workspace/install/master_board_sdk/include/master/board/sdk/config.hh
-- Installing: /home/zihaoye/devel/workspace/install/master_board_sdk/include/master/board/sdk/deprecated.hh
-- Installing: /home/zihaoye/devel/workspace/install/master_board_sdk/include/master/board/sdk/warning.hh
-- Installing: /home/zihaoye/devel/workspace/install/master_board_sdk/lib/libmaster_board_sdk.so
-- Installing: /home/zihaoye/devel/workspace/install/master_board_sdk/share/master_board_sdk/package.xml
-- Installing: /home/zihaoye/devel/workspace/install/master_board_sdk/lib/python3.8/site-packages/libmaster_board_sdk_pywrap.cpython-38-x86_64-linux-gnu.so
-- Set runtime path of "/home/zihaoye/devel/workspace/install/master_board_sdk/lib/python3.8/site-packages/libmaster_board_sdk_pywrap.cpython-38-x86_64-linux-gnu.so" to "$ORIGIN/../../../lib"
-- Installing: /home/zihaoye/devel/workspace/install/master_board_sdk/bin/master_board_example
-- Set runtime path of "/home/zihaoye/devel/workspace/install/master_board_sdk/bin/master_board_example" to "/home/zihaoye/devel/workspace/install/master_board_sdk/lib"
-- Installing: /home/zihaoye/devel/workspace/install/master_board_sdk/bin/master_board_example_pd
-- Set runtime path of "/home/zihaoye/devel/workspace/install/master_board_sdk/bin/master_board_example_pd" to "/home/zihaoye/devel/workspace/install/master_board_sdk/lib"
-- Installing: /home/zihaoye/devel/workspace/install/master_board_sdk/bin/master_board_example_imu_data_collection
-- Set runtime path of "/home/zihaoye/devel/workspace/install/master_board_sdk/bin/master_board_example_imu_data_collection" to ""
-- Installing: /home/zihaoye/devel/workspace/install/master_board_sdk/share/ament_index/resource_index/packages/master_board_sdk
-- Installing: /home/zihaoye/devel/workspace/install/master_board_sdk/share/master_board_sdk/hook/ament_prefix_path.dsv
-- Installing: /home/zihaoye/devel/workspace/install/master_board_sdk/share/master_board_sdk/hook/python_path.dsv
-- Installing: /home/zihaoye/devel/workspace/install/master_board_sdk/lib/pkgconfig/master_board_sdk.pc
-- Installing: /home/zihaoye/devel/workspace/install/master_board_sdk/include/master_board_sdk/defines.h
-- Installing: /home/zihaoye/devel/workspace/install/master_board_sdk/include/master_board_sdk/ESPNOW_manager.h
-- Installing: /home/zihaoye/devel/workspace/install/master_board_sdk/include/master_board_sdk/ESPNOW_types.h
-- Installing: /home/zihaoye/devel/workspace/install/master_board_sdk/include/master_board_sdk/ETHERNET_manager.h
-- Installing: /home/zihaoye/devel/workspace/install/master_board_sdk/include/master_board_sdk/ETHERNET_types.h
-- Installing: /home/zihaoye/devel/workspace/install/master_board_sdk/include/master_board_sdk/Link_manager.h
-- Installing: /home/zihaoye/devel/workspace/install/master_board_sdk/include/master_board_sdk/Link_types.h
-- Installing: /home/zihaoye/devel/workspace/install/master_board_sdk/include/master_board_sdk/master_board_interface.h
-- Installing: /home/zihaoye/devel/workspace/install/master_board_sdk/include/master_board_sdk/motor.h
-- Installing: /home/zihaoye/devel/workspace/install/master_board_sdk/include/master_board_sdk/motor_driver.h
-- Installing: /home/zihaoye/devel/workspace/install/master_board_sdk/include/master_board_sdk/protocol.h
-- Installing: /home/zihaoye/devel/workspace/install/master_board_sdk/lib/cmake/master_board_sdk/cxx-standard.cmake
-- Installing: /home/zihaoye/devel/workspace/install/master_board_sdk/lib/cmake/master_board_sdk/master_board_sdkConfig.cmake
-- Installing: /home/zihaoye/devel/workspace/install/master_board_sdk/lib/cmake/master_board_sdk/master_board_sdkConfigVersion.cmake
-- Installing: /home/zihaoye/devel/workspace/install/master_board_sdk/lib/cmake/master_board_sdk/master_board_sdkTargets.cmake
-- Installing: /home/zihaoye/devel/workspace/install/master_board_sdk/lib/cmake/master_board_sdk/master_board_sdkTargets-noconfig.cmake
