running egg_info
creating ../../build/robot_properties_bolt/robot_properties_bolt.egg-info
writing ../../build/robot_properties_bolt/robot_properties_bolt.egg-info/PKG-INFO
writing dependency_links to ../../build/robot_properties_bolt/robot_properties_bolt.egg-info/dependency_links.txt
writing entry points to ../../build/robot_properties_bolt/robot_properties_bolt.egg-info/entry_points.txt
writing requirements to ../../build/robot_properties_bolt/robot_properties_bolt.egg-info/requires.txt
writing top-level names to ../../build/robot_properties_bolt/robot_properties_bolt.egg-info/top_level.txt
writing manifest file '../../build/robot_properties_bolt/robot_properties_bolt.egg-info/SOURCES.txt'
reading manifest file '../../build/robot_properties_bolt/robot_properties_bolt.egg-info/SOURCES.txt'
writing manifest file '../../build/robot_properties_bolt/robot_properties_bolt.egg-info/SOURCES.txt'
running build
running build_py
copying src/robot_properties_bolt/__init__.py -> /home/zihaoye/devel/workspace/build/robot_properties_bolt/build/lib/robot_properties_bolt
copying src/robot_properties_bolt/bolt_wrapper.py -> /home/zihaoye/devel/workspace/build/robot_properties_bolt/build/lib/robot_properties_bolt
copying src/robot_properties_bolt/bolt_humanoid_wrapper.py -> /home/zihaoye/devel/workspace/build/robot_properties_bolt/build/lib/robot_properties_bolt
copying src/robot_properties_bolt/config.py -> /home/zihaoye/devel/workspace/build/robot_properties_bolt/build/lib/robot_properties_bolt
copying src/robot_properties_bolt/gepetto_gui_loader.py -> /home/zihaoye/devel/workspace/build/robot_properties_bolt/build/lib/robot_properties_bolt
copying src/robot_properties_bolt/resources.py -> /home/zihaoye/devel/workspace/build/robot_properties_bolt/build/lib/robot_properties_bolt
copying src/robot_properties_bolt/resources/impedance_ctrl.yaml -> /home/zihaoye/devel/workspace/build/robot_properties_bolt/build/lib/robot_properties_bolt/resources
creating /home/zihaoye/devel/workspace/build/robot_properties_bolt/build/lib/robot_properties_bolt/resources/odri_control_interface
copying src/robot_properties_bolt/resources/odri_control_interface/bolt_driver.yaml -> /home/zihaoye/devel/workspace/build/robot_properties_bolt/build/lib/robot_properties_bolt/resources/odri_control_interface
copying src/robot_properties_bolt/resources/odri_control_interface/bolt_humanoid_driver.yaml -> /home/zihaoye/devel/workspace/build/robot_properties_bolt/build/lib/robot_properties_bolt/resources/odri_control_interface
creating /home/zihaoye/devel/workspace/build/robot_properties_bolt/build/lib/robot_properties_bolt/resources/xacro
copying src/robot_properties_bolt/resources/xacro/bolt_humanoid.urdf.xacro -> /home/zihaoye/devel/workspace/build/robot_properties_bolt/build/lib/robot_properties_bolt/resources/xacro
copying src/robot_properties_bolt/resources/xacro/bolt_humanoid.xacro -> /home/zihaoye/devel/workspace/build/robot_properties_bolt/build/lib/robot_properties_bolt/resources/xacro
copying src/robot_properties_bolt/resources/xacro/bolt.xacro -> /home/zihaoye/devel/workspace/build/robot_properties_bolt/build/lib/robot_properties_bolt/resources/xacro
copying src/robot_properties_bolt/resources/xacro/plane_with_restitution.urdf.xacro -> /home/zihaoye/devel/workspace/build/robot_properties_bolt/build/lib/robot_properties_bolt/resources/xacro
copying src/robot_properties_bolt/resources/xacro/arm.xacro -> /home/zihaoye/devel/workspace/build/robot_properties_bolt/build/lib/robot_properties_bolt/resources/xacro
copying src/robot_properties_bolt/resources/xacro/leg.xacro -> /home/zihaoye/devel/workspace/build/robot_properties_bolt/build/lib/robot_properties_bolt/resources/xacro
copying src/robot_properties_bolt/resources/xacro/bolt.urdf.xacro -> /home/zihaoye/devel/workspace/build/robot_properties_bolt/build/lib/robot_properties_bolt/resources/xacro
copying src/robot_properties_bolt/resources/xacro/bolt_passive_ankle.urdf.xacro -> /home/zihaoye/devel/workspace/build/robot_properties_bolt/build/lib/robot_properties_bolt/resources/xacro
copying src/robot_properties_bolt/resources/xacro/upper_body.xacro -> /home/zihaoye/devel/workspace/build/robot_properties_bolt/build/lib/robot_properties_bolt/resources/xacro
creating /home/zihaoye/devel/workspace/build/robot_properties_bolt/build/lib/robot_properties_bolt/resources/meshes
copying src/robot_properties_bolt/resources/meshes/plane.mtl -> /home/zihaoye/devel/workspace/build/robot_properties_bolt/build/lib/robot_properties_bolt/resources/meshes
copying src/robot_properties_bolt/resources/meshes/checker_blue.png -> /home/zihaoye/devel/workspace/build/robot_properties_bolt/build/lib/robot_properties_bolt/resources/meshes
copying src/robot_properties_bolt/resources/meshes/plane.obj -> /home/zihaoye/devel/workspace/build/robot_properties_bolt/build/lib/robot_properties_bolt/resources/meshes
creating /home/zihaoye/devel/workspace/build/robot_properties_bolt/build/lib/robot_properties_bolt/resources/meshes/stl
copying src/robot_properties_bolt/resources/meshes/stl/lower_leg_200mm_left_side.stl -> /home/zihaoye/devel/workspace/build/robot_properties_bolt/build/lib/robot_properties_bolt/resources/meshes/stl
copying src/robot_properties_bolt/resources/meshes/stl/lower_leg_200mm_right_side.stl -> /home/zihaoye/devel/workspace/build/robot_properties_bolt/build/lib/robot_properties_bolt/resources/meshes/stl
copying src/robot_properties_bolt/resources/meshes/stl/bolt_trunk.stl -> /home/zihaoye/devel/workspace/build/robot_properties_bolt/build/lib/robot_properties_bolt/resources/meshes/stl
copying src/robot_properties_bolt/resources/meshes/stl/upper_leg_200mm_right_side.stl -> /home/zihaoye/devel/workspace/build/robot_properties_bolt/build/lib/robot_properties_bolt/resources/meshes/stl
copying src/robot_properties_bolt/resources/meshes/stl/bolt_upper_leg_left_side.stl -> /home/zihaoye/devel/workspace/build/robot_properties_bolt/build/lib/robot_properties_bolt/resources/meshes/stl
copying src/robot_properties_bolt/resources/meshes/stl/bolt_hip_fe_right_side.stl -> /home/zihaoye/devel/workspace/build/robot_properties_bolt/build/lib/robot_properties_bolt/resources/meshes/stl
copying src/robot_properties_bolt/resources/meshes/stl/upper_leg_200mm_left_side.stl -> /home/zihaoye/devel/workspace/build/robot_properties_bolt/build/lib/robot_properties_bolt/resources/meshes/stl
copying src/robot_properties_bolt/resources/meshes/stl/bolt_shoulder_fe_left_side.stl -> /home/zihaoye/devel/workspace/build/robot_properties_bolt/build/lib/robot_properties_bolt/resources/meshes/stl
copying src/robot_properties_bolt/resources/meshes/stl/bolt_foot.stl -> /home/zihaoye/devel/workspace/build/robot_properties_bolt/build/lib/robot_properties_bolt/resources/meshes/stl
copying src/robot_properties_bolt/resources/meshes/stl/bolt_lower_leg_left_side.stl -> /home/zihaoye/devel/workspace/build/robot_properties_bolt/build/lib/robot_properties_bolt/resources/meshes/stl
copying src/robot_properties_bolt/resources/meshes/stl/bolt_body.stl -> /home/zihaoye/devel/workspace/build/robot_properties_bolt/build/lib/robot_properties_bolt/resources/meshes/stl
copying src/robot_properties_bolt/resources/meshes/stl/bolt_shoulder_fe_right_side.stl -> /home/zihaoye/devel/workspace/build/robot_properties_bolt/build/lib/robot_properties_bolt/resources/meshes/stl
copying src/robot_properties_bolt/resources/meshes/stl/bolt_upper_leg_right_side.stl -> /home/zihaoye/devel/workspace/build/robot_properties_bolt/build/lib/robot_properties_bolt/resources/meshes/stl
copying src/robot_properties_bolt/resources/meshes/stl/bolt_lower_leg_right_side.stl -> /home/zihaoye/devel/workspace/build/robot_properties_bolt/build/lib/robot_properties_bolt/resources/meshes/stl
copying src/robot_properties_bolt/resources/meshes/stl/bolt_hip_fe_left_side.stl -> /home/zihaoye/devel/workspace/build/robot_properties_bolt/build/lib/robot_properties_bolt/resources/meshes/stl
creating /home/zihaoye/devel/workspace/build/robot_properties_bolt/build/lib/robot_properties_bolt/resources/meshes/obj
copying src/robot_properties_bolt/resources/meshes/obj/bolt_hip_fe_right_side.obj -> /home/zihaoye/devel/workspace/build/robot_properties_bolt/build/lib/robot_properties_bolt/resources/meshes/obj
copying src/robot_properties_bolt/resources/meshes/obj/bolt_trunk.obj -> /home/zihaoye/devel/workspace/build/robot_properties_bolt/build/lib/robot_properties_bolt/resources/meshes/obj
copying src/robot_properties_bolt/resources/meshes/obj/bolt_lower_leg_left_side.obj -> /home/zihaoye/devel/workspace/build/robot_properties_bolt/build/lib/robot_properties_bolt/resources/meshes/obj
copying src/robot_properties_bolt/resources/meshes/obj/bolt_hip_fe_left_side.obj -> /home/zihaoye/devel/workspace/build/robot_properties_bolt/build/lib/robot_properties_bolt/resources/meshes/obj
copying src/robot_properties_bolt/resources/meshes/obj/bolt_upper_leg_right_side.obj -> /home/zihaoye/devel/workspace/build/robot_properties_bolt/build/lib/robot_properties_bolt/resources/meshes/obj
copying src/robot_properties_bolt/resources/meshes/obj/bolt_shoulder_fe_left_side.obj -> /home/zihaoye/devel/workspace/build/robot_properties_bolt/build/lib/robot_properties_bolt/resources/meshes/obj
copying src/robot_properties_bolt/resources/meshes/obj/bolt_body.obj -> /home/zihaoye/devel/workspace/build/robot_properties_bolt/build/lib/robot_properties_bolt/resources/meshes/obj
copying src/robot_properties_bolt/resources/meshes/obj/bolt_lower_leg_right_side.obj -> /home/zihaoye/devel/workspace/build/robot_properties_bolt/build/lib/robot_properties_bolt/resources/meshes/obj
copying src/robot_properties_bolt/resources/meshes/obj/bolt_upper_leg_left_side.obj -> /home/zihaoye/devel/workspace/build/robot_properties_bolt/build/lib/robot_properties_bolt/resources/meshes/obj
copying src/robot_properties_bolt/resources/meshes/obj/bolt_foot.obj -> /home/zihaoye/devel/workspace/build/robot_properties_bolt/build/lib/robot_properties_bolt/resources/meshes/obj
copying src/robot_properties_bolt/resources/meshes/obj/bolt_shoulder_fe_right_side.obj -> /home/zihaoye/devel/workspace/build/robot_properties_bolt/build/lib/robot_properties_bolt/resources/meshes/obj
creating /home/zihaoye/devel/workspace/build/robot_properties_bolt/build/lib/robot_properties_bolt/resources/dynamic_graph_manager
copying src/robot_properties_bolt/resources/dynamic_graph_manager/dgm_parameters_bolt_humanoid.yaml -> /home/zihaoye/devel/workspace/build/robot_properties_bolt/build/lib/robot_properties_bolt/resources/dynamic_graph_manager
copying src/robot_properties_bolt/resources/dynamic_graph_manager/dgm_parameters_bolt.yaml -> /home/zihaoye/devel/workspace/build/robot_properties_bolt/build/lib/robot_properties_bolt/resources/dynamic_graph_manager
running build_scripts
creating /home/zihaoye/devel/workspace/build/robot_properties_bolt/build/scripts-3.8
copying and adjusting demos/demo_display_bolt_meshcat.py -> /home/zihaoye/devel/workspace/build/robot_properties_bolt/build/scripts-3.8
copying and adjusting demos/demo_display_bolt_humanoid_meshcat.py -> /home/zihaoye/devel/workspace/build/robot_properties_bolt/build/scripts-3.8
copying and adjusting demos/demo_display_bolt_gepetto.py -> /home/zihaoye/devel/workspace/build/robot_properties_bolt/build/scripts-3.8
copying and adjusting demos/demo_display_bolt_humanoid_gepetto.py -> /home/zihaoye/devel/workspace/build/robot_properties_bolt/build/scripts-3.8
copying and adjusting demos/demo_simulate_bolt.py -> /home/zihaoye/devel/workspace/build/robot_properties_bolt/build/scripts-3.8
copying and adjusting demos/demo_simulate_bolt_humanoid.py -> /home/zihaoye/devel/workspace/build/robot_properties_bolt/build/scripts-3.8
changing mode of /home/zihaoye/devel/workspace/build/robot_properties_bolt/build/scripts-3.8/demo_display_bolt_meshcat.py from 664 to 775
changing mode of /home/zihaoye/devel/workspace/build/robot_properties_bolt/build/scripts-3.8/demo_display_bolt_humanoid_meshcat.py from 664 to 775
changing mode of /home/zihaoye/devel/workspace/build/robot_properties_bolt/build/scripts-3.8/demo_display_bolt_gepetto.py from 664 to 775
changing mode of /home/zihaoye/devel/workspace/build/robot_properties_bolt/build/scripts-3.8/demo_display_bolt_humanoid_gepetto.py from 664 to 775
changing mode of /home/zihaoye/devel/workspace/build/robot_properties_bolt/build/scripts-3.8/demo_simulate_bolt.py from 664 to 775
changing mode of /home/zihaoye/devel/workspace/build/robot_properties_bolt/build/scripts-3.8/demo_simulate_bolt_humanoid.py from 664 to 775
running install
running install_lib
creating /home/zihaoye/devel/workspace/install/robot_properties_bolt/lib/python3.8/site-packages/robot_properties_bolt
copying /home/zihaoye/devel/workspace/build/robot_properties_bolt/build/lib/robot_properties_bolt/__init__.py -> /home/zihaoye/devel/workspace/install/robot_properties_bolt/lib/python3.8/site-packages/robot_properties_bolt
creating /home/zihaoye/devel/workspace/install/robot_properties_bolt/lib/python3.8/site-packages/robot_properties_bolt/resources
creating /home/zihaoye/devel/workspace/install/robot_properties_bolt/lib/python3.8/site-packages/robot_properties_bolt/resources/odri_control_interface
copying /home/zihaoye/devel/workspace/build/robot_properties_bolt/build/lib/robot_properties_bolt/resources/odri_control_interface/bolt_driver.yaml -> /home/zihaoye/devel/workspace/install/robot_properties_bolt/lib/python3.8/site-packages/robot_properties_bolt/resources/odri_control_interface
copying /home/zihaoye/devel/workspace/build/robot_properties_bolt/build/lib/robot_properties_bolt/resources/odri_control_interface/bolt_humanoid_driver.yaml -> /home/zihaoye/devel/workspace/install/robot_properties_bolt/lib/python3.8/site-packages/robot_properties_bolt/resources/odri_control_interface
creating /home/zihaoye/devel/workspace/install/robot_properties_bolt/lib/python3.8/site-packages/robot_properties_bolt/resources/xacro
copying /home/zihaoye/devel/workspace/build/robot_properties_bolt/build/lib/robot_properties_bolt/resources/xacro/bolt_humanoid.urdf.xacro -> /home/zihaoye/devel/workspace/install/robot_properties_bolt/lib/python3.8/site-packages/robot_properties_bolt/resources/xacro
copying /home/zihaoye/devel/workspace/build/robot_properties_bolt/build/lib/robot_properties_bolt/resources/xacro/bolt_humanoid.xacro -> /home/zihaoye/devel/workspace/install/robot_properties_bolt/lib/python3.8/site-packages/robot_properties_bolt/resources/xacro
copying /home/zihaoye/devel/workspace/build/robot_properties_bolt/build/lib/robot_properties_bolt/resources/xacro/bolt.xacro -> /home/zihaoye/devel/workspace/install/robot_properties_bolt/lib/python3.8/site-packages/robot_properties_bolt/resources/xacro
copying /home/zihaoye/devel/workspace/build/robot_properties_bolt/build/lib/robot_properties_bolt/resources/xacro/plane_with_restitution.urdf.xacro -> /home/zihaoye/devel/workspace/install/robot_properties_bolt/lib/python3.8/site-packages/robot_properties_bolt/resources/xacro
copying /home/zihaoye/devel/workspace/build/robot_properties_bolt/build/lib/robot_properties_bolt/resources/xacro/arm.xacro -> /home/zihaoye/devel/workspace/install/robot_properties_bolt/lib/python3.8/site-packages/robot_properties_bolt/resources/xacro
copying /home/zihaoye/devel/workspace/build/robot_properties_bolt/build/lib/robot_properties_bolt/resources/xacro/leg.xacro -> /home/zihaoye/devel/workspace/install/robot_properties_bolt/lib/python3.8/site-packages/robot_properties_bolt/resources/xacro
copying /home/zihaoye/devel/workspace/build/robot_properties_bolt/build/lib/robot_properties_bolt/resources/xacro/bolt.urdf.xacro -> /home/zihaoye/devel/workspace/install/robot_properties_bolt/lib/python3.8/site-packages/robot_properties_bolt/resources/xacro
copying /home/zihaoye/devel/workspace/build/robot_properties_bolt/build/lib/robot_properties_bolt/resources/xacro/bolt_passive_ankle.urdf.xacro -> /home/zihaoye/devel/workspace/install/robot_properties_bolt/lib/python3.8/site-packages/robot_properties_bolt/resources/xacro
copying /home/zihaoye/devel/workspace/build/robot_properties_bolt/build/lib/robot_properties_bolt/resources/xacro/upper_body.xacro -> /home/zihaoye/devel/workspace/install/robot_properties_bolt/lib/python3.8/site-packages/robot_properties_bolt/resources/xacro
creating /home/zihaoye/devel/workspace/install/robot_properties_bolt/lib/python3.8/site-packages/robot_properties_bolt/resources/urdf
copying /home/zihaoye/devel/workspace/build/robot_properties_bolt/build/lib/robot_properties_bolt/resources/urdf/bolt_passive_ankle.urdf -> /home/zihaoye/devel/workspace/install/robot_properties_bolt/lib/python3.8/site-packages/robot_properties_bolt/resources/urdf
copying /home/zihaoye/devel/workspace/build/robot_properties_bolt/build/lib/robot_properties_bolt/resources/urdf/bolt.urdf -> /home/zihaoye/devel/workspace/install/robot_properties_bolt/lib/python3.8/site-packages/robot_properties_bolt/resources/urdf
copying /home/zihaoye/devel/workspace/build/robot_properties_bolt/build/lib/robot_properties_bolt/resources/urdf/plane_with_restitution.urdf -> /home/zihaoye/devel/workspace/install/robot_properties_bolt/lib/python3.8/site-packages/robot_properties_bolt/resources/urdf
copying /home/zihaoye/devel/workspace/build/robot_properties_bolt/build/lib/robot_properties_bolt/resources/urdf/bolt_humanoid.urdf -> /home/zihaoye/devel/workspace/install/robot_properties_bolt/lib/python3.8/site-packages/robot_properties_bolt/resources/urdf
copying /home/zihaoye/devel/workspace/build/robot_properties_bolt/build/lib/robot_properties_bolt/resources/impedance_ctrl.yaml -> /home/zihaoye/devel/workspace/install/robot_properties_bolt/lib/python3.8/site-packages/robot_properties_bolt/resources
creating /home/zihaoye/devel/workspace/install/robot_properties_bolt/lib/python3.8/site-packages/robot_properties_bolt/resources/meshes
copying /home/zihaoye/devel/workspace/build/robot_properties_bolt/build/lib/robot_properties_bolt/resources/meshes/plane.mtl -> /home/zihaoye/devel/workspace/install/robot_properties_bolt/lib/python3.8/site-packages/robot_properties_bolt/resources/meshes
copying /home/zihaoye/devel/workspace/build/robot_properties_bolt/build/lib/robot_properties_bolt/resources/meshes/checker_blue.png -> /home/zihaoye/devel/workspace/install/robot_properties_bolt/lib/python3.8/site-packages/robot_properties_bolt/resources/meshes
creating /home/zihaoye/devel/workspace/install/robot_properties_bolt/lib/python3.8/site-packages/robot_properties_bolt/resources/meshes/stl
copying /home/zihaoye/devel/workspace/build/robot_properties_bolt/build/lib/robot_properties_bolt/resources/meshes/stl/lower_leg_200mm_left_side.stl -> /home/zihaoye/devel/workspace/install/robot_properties_bolt/lib/python3.8/site-packages/robot_properties_bolt/resources/meshes/stl
copying /home/zihaoye/devel/workspace/build/robot_properties_bolt/build/lib/robot_properties_bolt/resources/meshes/stl/lower_leg_200mm_right_side.stl -> /home/zihaoye/devel/workspace/install/robot_properties_bolt/lib/python3.8/site-packages/robot_properties_bolt/resources/meshes/stl
copying /home/zihaoye/devel/workspace/build/robot_properties_bolt/build/lib/robot_properties_bolt/resources/meshes/stl/bolt_trunk.stl -> /home/zihaoye/devel/workspace/install/robot_properties_bolt/lib/python3.8/site-packages/robot_properties_bolt/resources/meshes/stl
copying /home/zihaoye/devel/workspace/build/robot_properties_bolt/build/lib/robot_properties_bolt/resources/meshes/stl/upper_leg_200mm_right_side.stl -> /home/zihaoye/devel/workspace/install/robot_properties_bolt/lib/python3.8/site-packages/robot_properties_bolt/resources/meshes/stl
copying /home/zihaoye/devel/workspace/build/robot_properties_bolt/build/lib/robot_properties_bolt/resources/meshes/stl/bolt_upper_leg_left_side.stl -> /home/zihaoye/devel/workspace/install/robot_properties_bolt/lib/python3.8/site-packages/robot_properties_bolt/resources/meshes/stl
copying /home/zihaoye/devel/workspace/build/robot_properties_bolt/build/lib/robot_properties_bolt/resources/meshes/stl/bolt_hip_fe_right_side.stl -> /home/zihaoye/devel/workspace/install/robot_properties_bolt/lib/python3.8/site-packages/robot_properties_bolt/resources/meshes/stl
copying /home/zihaoye/devel/workspace/build/robot_properties_bolt/build/lib/robot_properties_bolt/resources/meshes/stl/upper_leg_200mm_left_side.stl -> /home/zihaoye/devel/workspace/install/robot_properties_bolt/lib/python3.8/site-packages/robot_properties_bolt/resources/meshes/stl
copying /home/zihaoye/devel/workspace/build/robot_properties_bolt/build/lib/robot_properties_bolt/resources/meshes/stl/bolt_shoulder_fe_left_side.stl -> /home/zihaoye/devel/workspace/install/robot_properties_bolt/lib/python3.8/site-packages/robot_properties_bolt/resources/meshes/stl
copying /home/zihaoye/devel/workspace/build/robot_properties_bolt/build/lib/robot_properties_bolt/resources/meshes/stl/bolt_foot.stl -> /home/zihaoye/devel/workspace/install/robot_properties_bolt/lib/python3.8/site-packages/robot_properties_bolt/resources/meshes/stl
copying /home/zihaoye/devel/workspace/build/robot_properties_bolt/build/lib/robot_properties_bolt/resources/meshes/stl/bolt_lower_leg_left_side.stl -> /home/zihaoye/devel/workspace/install/robot_properties_bolt/lib/python3.8/site-packages/robot_properties_bolt/resources/meshes/stl
copying /home/zihaoye/devel/workspace/build/robot_properties_bolt/build/lib/robot_properties_bolt/resources/meshes/stl/bolt_body.stl -> /home/zihaoye/devel/workspace/install/robot_properties_bolt/lib/python3.8/site-packages/robot_properties_bolt/resources/meshes/stl
copying /home/zihaoye/devel/workspace/build/robot_properties_bolt/build/lib/robot_properties_bolt/resources/meshes/stl/bolt_shoulder_fe_right_side.stl -> /home/zihaoye/devel/workspace/install/robot_properties_bolt/lib/python3.8/site-packages/robot_properties_bolt/resources/meshes/stl
copying /home/zihaoye/devel/workspace/build/robot_properties_bolt/build/lib/robot_properties_bolt/resources/meshes/stl/bolt_upper_leg_right_side.stl -> /home/zihaoye/devel/workspace/install/robot_properties_bolt/lib/python3.8/site-packages/robot_properties_bolt/resources/meshes/stl
copying /home/zihaoye/devel/workspace/build/robot_properties_bolt/build/lib/robot_properties_bolt/resources/meshes/stl/bolt_lower_leg_right_side.stl -> /home/zihaoye/devel/workspace/install/robot_properties_bolt/lib/python3.8/site-packages/robot_properties_bolt/resources/meshes/stl
copying /home/zihaoye/devel/workspace/build/robot_properties_bolt/build/lib/robot_properties_bolt/resources/meshes/stl/bolt_hip_fe_left_side.stl -> /home/zihaoye/devel/workspace/install/robot_properties_bolt/lib/python3.8/site-packages/robot_properties_bolt/resources/meshes/stl
copying /home/zihaoye/devel/workspace/build/robot_properties_bolt/build/lib/robot_properties_bolt/resources/meshes/plane.obj -> /home/zihaoye/devel/workspace/install/robot_properties_bolt/lib/python3.8/site-packages/robot_properties_bolt/resources/meshes
creating /home/zihaoye/devel/workspace/install/robot_properties_bolt/lib/python3.8/site-packages/robot_properties_bolt/resources/meshes/obj
copying /home/zihaoye/devel/workspace/build/robot_properties_bolt/build/lib/robot_properties_bolt/resources/meshes/obj/bolt_hip_fe_right_side.obj -> /home/zihaoye/devel/workspace/install/robot_properties_bolt/lib/python3.8/site-packages/robot_properties_bolt/resources/meshes/obj
copying /home/zihaoye/devel/workspace/build/robot_properties_bolt/build/lib/robot_properties_bolt/resources/meshes/obj/bolt_trunk.obj -> /home/zihaoye/devel/workspace/install/robot_properties_bolt/lib/python3.8/site-packages/robot_properties_bolt/resources/meshes/obj
copying /home/zihaoye/devel/workspace/build/robot_properties_bolt/build/lib/robot_properties_bolt/resources/meshes/obj/bolt_lower_leg_left_side.obj -> /home/zihaoye/devel/workspace/install/robot_properties_bolt/lib/python3.8/site-packages/robot_properties_bolt/resources/meshes/obj
copying /home/zihaoye/devel/workspace/build/robot_properties_bolt/build/lib/robot_properties_bolt/resources/meshes/obj/bolt_hip_fe_left_side.obj -> /home/zihaoye/devel/workspace/install/robot_properties_bolt/lib/python3.8/site-packages/robot_properties_bolt/resources/meshes/obj
copying /home/zihaoye/devel/workspace/build/robot_properties_bolt/build/lib/robot_properties_bolt/resources/meshes/obj/bolt_upper_leg_right_side.obj -> /home/zihaoye/devel/workspace/install/robot_properties_bolt/lib/python3.8/site-packages/robot_properties_bolt/resources/meshes/obj
copying /home/zihaoye/devel/workspace/build/robot_properties_bolt/build/lib/robot_properties_bolt/resources/meshes/obj/bolt_shoulder_fe_left_side.obj -> /home/zihaoye/devel/workspace/install/robot_properties_bolt/lib/python3.8/site-packages/robot_properties_bolt/resources/meshes/obj
copying /home/zihaoye/devel/workspace/build/robot_properties_bolt/build/lib/robot_properties_bolt/resources/meshes/obj/bolt_body.obj -> /home/zihaoye/devel/workspace/install/robot_properties_bolt/lib/python3.8/site-packages/robot_properties_bolt/resources/meshes/obj
copying /home/zihaoye/devel/workspace/build/robot_properties_bolt/build/lib/robot_properties_bolt/resources/meshes/obj/bolt_lower_leg_right_side.obj -> /home/zihaoye/devel/workspace/install/robot_properties_bolt/lib/python3.8/site-packages/robot_properties_bolt/resources/meshes/obj
copying /home/zihaoye/devel/workspace/build/robot_properties_bolt/build/lib/robot_properties_bolt/resources/meshes/obj/bolt_upper_leg_left_side.obj -> /home/zihaoye/devel/workspace/install/robot_properties_bolt/lib/python3.8/site-packages/robot_properties_bolt/resources/meshes/obj
copying /home/zihaoye/devel/workspace/build/robot_properties_bolt/build/lib/robot_properties_bolt/resources/meshes/obj/bolt_foot.obj -> /home/zihaoye/devel/workspace/install/robot_properties_bolt/lib/python3.8/site-packages/robot_properties_bolt/resources/meshes/obj
copying /home/zihaoye/devel/workspace/build/robot_properties_bolt/build/lib/robot_properties_bolt/resources/meshes/obj/bolt_shoulder_fe_right_side.obj -> /home/zihaoye/devel/workspace/install/robot_properties_bolt/lib/python3.8/site-packages/robot_properties_bolt/resources/meshes/obj
creating /home/zihaoye/devel/workspace/install/robot_properties_bolt/lib/python3.8/site-packages/robot_properties_bolt/resources/dynamic_graph_manager
copying /home/zihaoye/devel/workspace/build/robot_properties_bolt/build/lib/robot_properties_bolt/resources/dynamic_graph_manager/dgm_parameters_bolt_humanoid.yaml -> /home/zihaoye/devel/workspace/install/robot_properties_bolt/lib/python3.8/site-packages/robot_properties_bolt/resources/dynamic_graph_manager
copying /home/zihaoye/devel/workspace/build/robot_properties_bolt/build/lib/robot_properties_bolt/resources/dynamic_graph_manager/dgm_parameters_bolt.yaml -> /home/zihaoye/devel/workspace/install/robot_properties_bolt/lib/python3.8/site-packages/robot_properties_bolt/resources/dynamic_graph_manager
copying /home/zihaoye/devel/workspace/build/robot_properties_bolt/build/lib/robot_properties_bolt/bolt_wrapper.py -> /home/zihaoye/devel/workspace/install/robot_properties_bolt/lib/python3.8/site-packages/robot_properties_bolt
copying /home/zihaoye/devel/workspace/build/robot_properties_bolt/build/lib/robot_properties_bolt/bolt_humanoid_wrapper.py -> /home/zihaoye/devel/workspace/install/robot_properties_bolt/lib/python3.8/site-packages/robot_properties_bolt
copying /home/zihaoye/devel/workspace/build/robot_properties_bolt/build/lib/robot_properties_bolt/config.py -> /home/zihaoye/devel/workspace/install/robot_properties_bolt/lib/python3.8/site-packages/robot_properties_bolt
copying /home/zihaoye/devel/workspace/build/robot_properties_bolt/build/lib/robot_properties_bolt/gepetto_gui_loader.py -> /home/zihaoye/devel/workspace/install/robot_properties_bolt/lib/python3.8/site-packages/robot_properties_bolt
copying /home/zihaoye/devel/workspace/build/robot_properties_bolt/build/lib/robot_properties_bolt/resources.py -> /home/zihaoye/devel/workspace/install/robot_properties_bolt/lib/python3.8/site-packages/robot_properties_bolt
byte-compiling /home/zihaoye/devel/workspace/install/robot_properties_bolt/lib/python3.8/site-packages/robot_properties_bolt/__init__.py to __init__.cpython-38.pyc
byte-compiling /home/zihaoye/devel/workspace/install/robot_properties_bolt/lib/python3.8/site-packages/robot_properties_bolt/bolt_wrapper.py to bolt_wrapper.cpython-38.pyc
byte-compiling /home/zihaoye/devel/workspace/install/robot_properties_bolt/lib/python3.8/site-packages/robot_properties_bolt/bolt_humanoid_wrapper.py to bolt_humanoid_wrapper.cpython-38.pyc
byte-compiling /home/zihaoye/devel/workspace/install/robot_properties_bolt/lib/python3.8/site-packages/robot_properties_bolt/config.py to config.cpython-38.pyc
byte-compiling /home/zihaoye/devel/workspace/install/robot_properties_bolt/lib/python3.8/site-packages/robot_properties_bolt/gepetto_gui_loader.py to gepetto_gui_loader.cpython-38.pyc
byte-compiling /home/zihaoye/devel/workspace/install/robot_properties_bolt/lib/python3.8/site-packages/robot_properties_bolt/resources.py to resources.cpython-38.pyc
running install_data
copying package.xml -> /home/zihaoye/devel/workspace/install/robot_properties_bolt/share/robot_properties_bolt
creating /home/zihaoye/devel/workspace/install/robot_properties_bolt/share/ament_index
creating /home/zihaoye/devel/workspace/install/robot_properties_bolt/share/ament_index/resource_index
creating /home/zihaoye/devel/workspace/install/robot_properties_bolt/share/ament_index/resource_index/packages
copying src/robot_properties_bolt/resources/robot_properties_bolt -> /home/zihaoye/devel/workspace/install/robot_properties_bolt/share/ament_index/resource_index/packages
running install_egg_info
Copying ../../build/robot_properties_bolt/robot_properties_bolt.egg-info to /home/zihaoye/devel/workspace/install/robot_properties_bolt/lib/python3.8/site-packages/robot_properties_bolt-1.0.0-py3.8.egg-info
running install_scripts
creating /home/zihaoye/devel/workspace/install/robot_properties_bolt/lib/robot_properties_bolt
copying /home/zihaoye/devel/workspace/build/robot_properties_bolt/build/scripts-3.8/demo_display_bolt_meshcat.py -> /home/zihaoye/devel/workspace/install/robot_properties_bolt/lib/robot_properties_bolt
copying /home/zihaoye/devel/workspace/build/robot_properties_bolt/build/scripts-3.8/demo_display_bolt_humanoid_meshcat.py -> /home/zihaoye/devel/workspace/install/robot_properties_bolt/lib/robot_properties_bolt
copying /home/zihaoye/devel/workspace/build/robot_properties_bolt/build/scripts-3.8/demo_display_bolt_gepetto.py -> /home/zihaoye/devel/workspace/install/robot_properties_bolt/lib/robot_properties_bolt
copying /home/zihaoye/devel/workspace/build/robot_properties_bolt/build/scripts-3.8/demo_display_bolt_humanoid_gepetto.py -> /home/zihaoye/devel/workspace/install/robot_properties_bolt/lib/robot_properties_bolt
copying /home/zihaoye/devel/workspace/build/robot_properties_bolt/build/scripts-3.8/demo_simulate_bolt.py -> /home/zihaoye/devel/workspace/install/robot_properties_bolt/lib/robot_properties_bolt
copying /home/zihaoye/devel/workspace/build/robot_properties_bolt/build/scripts-3.8/demo_simulate_bolt_humanoid.py -> /home/zihaoye/devel/workspace/install/robot_properties_bolt/lib/robot_properties_bolt
changing mode of /home/zihaoye/devel/workspace/install/robot_properties_bolt/lib/robot_properties_bolt/demo_display_bolt_meshcat.py to 775
changing mode of /home/zihaoye/devel/workspace/install/robot_properties_bolt/lib/robot_properties_bolt/demo_display_bolt_humanoid_meshcat.py to 775
changing mode of /home/zihaoye/devel/workspace/install/robot_properties_bolt/lib/robot_properties_bolt/demo_display_bolt_gepetto.py to 775
changing mode of /home/zihaoye/devel/workspace/install/robot_properties_bolt/lib/robot_properties_bolt/demo_display_bolt_humanoid_gepetto.py to 775
changing mode of /home/zihaoye/devel/workspace/install/robot_properties_bolt/lib/robot_properties_bolt/demo_simulate_bolt.py to 775
changing mode of /home/zihaoye/devel/workspace/install/robot_properties_bolt/lib/robot_properties_bolt/demo_simulate_bolt_humanoid.py to 775
writing list of installed files to '/home/zihaoye/devel/workspace/build/robot_properties_bolt/install.log'
