[0.444s] Invoking command in '/home/zihaoye/devel/workspace/src/robot_properties_bolt': CMAKE_PREFIX_PATH=/home/zihaoye/devel/workspace/install/mpi_cmake_modules:${CMAKE_PREFIX_PATH} PATH=/home/zihaoye/devel/workspace/install/mpi_cmake_modules/bin:${PATH} PS1=(myenv) \[\e]0;\u@\h: \w\a\]${debian_chroot:+($debian_chroot)}\[\033[01;32m\]\u@\h\[\033[00m\]:\[\033[01;34m\]\w\[\033[00m\]\$ PYTHONPATH=/home/zihaoye/devel/workspace/build/robot_properties_bolt/prefix_override:/home/zihaoye/myenv/lib/python3.8/site-packages/colcon_core/task/python/colcon_distutils_commands:/home/zihaoye/devel/workspace/install/robot_properties_bolt/lib/python3.8/site-packages:/home/zihaoye/devel/workspace/install/bullet_utils/lib/python3.8/site-packages:/home/zihaoye/devel/workspace/install/mpi_cmake_modules/lib/python3.8/site-packages:${PYTHONPATH} /home/zihaoye/myenv/bin/python3.8 -W ignore:setup.py install is deprecated -W ignore:easy_install command is deprecated setup.py egg_info --egg-base ../../build/robot_properties_bolt build --build-base /home/zihaoye/devel/workspace/build/robot_properties_bolt/build install --record /home/zihaoye/devel/workspace/build/robot_properties_bolt/install.log --install-scripts $base/lib/robot_properties_bolt --single-version-externally-managed install_data
[0.618s] resources =  ['resources/impedance_ctrl.yaml', 'resources/odri_control_interface/bolt_driver.yaml', 'resources/odri_control_interface/bolt_humanoid_driver.yaml', 'resources/xacro/bolt_humanoid.urdf.xacro', 'resources/xacro/bolt_humanoid.xacro', 'resources/xacro/bolt.xacro', 'resources/xacro/plane_with_restitution.urdf.xacro', 'resources/xacro/arm.xacro', 'resources/xacro/leg.xacro', 'resources/xacro/bolt.urdf.xacro', 'resources/xacro/bolt_passive_ankle.urdf.xacro', 'resources/xacro/upper_body.xacro', 'resources/meshes/plane.mtl', 'resources/meshes/checker_blue.png', 'resources/meshes/plane.obj', 'resources/meshes/stl/lower_leg_200mm_left_side.stl', 'resources/meshes/stl/lower_leg_200mm_right_side.stl', 'resources/meshes/stl/bolt_trunk.stl', 'resources/meshes/stl/upper_leg_200mm_right_side.stl', 'resources/meshes/stl/bolt_upper_leg_left_side.stl', 'resources/meshes/stl/bolt_hip_fe_right_side.stl', 'resources/meshes/stl/upper_leg_200mm_left_side.stl', 'resources/meshes/stl/bolt_shoulder_fe_left_side.stl', 'resources/meshes/stl/bolt_foot.stl', 'resources/meshes/stl/bolt_lower_leg_left_side.stl', 'resources/meshes/stl/bolt_body.stl', 'resources/meshes/stl/bolt_shoulder_fe_right_side.stl', 'resources/meshes/stl/bolt_upper_leg_right_side.stl', 'resources/meshes/stl/bolt_lower_leg_right_side.stl', 'resources/meshes/stl/bolt_hip_fe_left_side.stl', 'resources/meshes/obj/bolt_hip_fe_right_side.obj', 'resources/meshes/obj/bolt_trunk.obj', 'resources/meshes/obj/bolt_lower_leg_left_side.obj', 'resources/meshes/obj/bolt_hip_fe_left_side.obj', 'resources/meshes/obj/bolt_upper_leg_right_side.obj', 'resources/meshes/obj/bolt_shoulder_fe_left_side.obj', 'resources/meshes/obj/bolt_body.obj', 'resources/meshes/obj/bolt_lower_leg_right_side.obj', 'resources/meshes/obj/bolt_upper_leg_left_side.obj', 'resources/meshes/obj/bolt_foot.obj', 'resources/meshes/obj/bolt_shoulder_fe_right_side.obj', 'resources/dynamic_graph_manager/dgm_parameters_bolt_humanoid.yaml', 'resources/dynamic_graph_manager/dgm_parameters_bolt.yaml']
[0.639s] running egg_info
[0.640s] creating ../../build/robot_properties_bolt/robot_properties_bolt.egg-info
[0.640s] writing ../../build/robot_properties_bolt/robot_properties_bolt.egg-info/PKG-INFO
[0.640s] writing dependency_links to ../../build/robot_properties_bolt/robot_properties_bolt.egg-info/dependency_links.txt
[0.641s] writing entry points to ../../build/robot_properties_bolt/robot_properties_bolt.egg-info/entry_points.txt
[0.641s] writing requirements to ../../build/robot_properties_bolt/robot_properties_bolt.egg-info/requires.txt
[0.641s] writing top-level names to ../../build/robot_properties_bolt/robot_properties_bolt.egg-info/top_level.txt
[0.641s] writing manifest file '../../build/robot_properties_bolt/robot_properties_bolt.egg-info/SOURCES.txt'
[0.644s] reading manifest file '../../build/robot_properties_bolt/robot_properties_bolt.egg-info/SOURCES.txt'
[0.645s] writing manifest file '../../build/robot_properties_bolt/robot_properties_bolt.egg-info/SOURCES.txt'
[0.646s] running build
[0.646s] running build_py
[0.646s] 
[0.672s] building xacro file ( /home/zihaoye/devel/workspace/src/robot_properties_bolt/src/robot_properties_bolt/resources/xacro/bolt_humanoid.urdf.xacro ) into ( /home/zihaoye/devel/workspace/build/robot_properties_bolt/build/lib/robot_properties_bolt/resources/urdf/bolt_humanoid.urdf )
[0.741s] building xacro file ( /home/zihaoye/devel/workspace/src/robot_properties_bolt/src/robot_properties_bolt/resources/xacro/plane_with_restitution.urdf.xacro ) into ( /home/zihaoye/devel/workspace/build/robot_properties_bolt/build/lib/robot_properties_bolt/resources/urdf/plane_with_restitution.urdf )
[0.742s] building xacro file ( /home/zihaoye/devel/workspace/src/robot_properties_bolt/src/robot_properties_bolt/resources/xacro/bolt.urdf.xacro ) into ( /home/zihaoye/devel/workspace/build/robot_properties_bolt/build/lib/robot_properties_bolt/resources/urdf/bolt.urdf )
[0.790s] building xacro file ( /home/zihaoye/devel/workspace/src/robot_properties_bolt/src/robot_properties_bolt/resources/xacro/bolt_passive_ankle.urdf.xacro ) into ( /home/zihaoye/devel/workspace/build/robot_properties_bolt/build/lib/robot_properties_bolt/resources/urdf/bolt_passive_ankle.urdf )
[0.848s] building xacro file ( /home/zihaoye/devel/workspace/src/robot_properties_bolt/src/robot_properties_bolt/resources/xacro/bolt_humanoid.urdf.xacro ) into ( /home/zihaoye/devel/workspace/build/robot_properties_bolt/build/lib/robot_properties_bolt/resources/urdf/bolt_humanoid.urdf )
[0.946s] building xacro file ( /home/zihaoye/devel/workspace/src/robot_properties_bolt/src/robot_properties_bolt/resources/xacro/plane_with_restitution.urdf.xacro ) into ( /home/zihaoye/devel/workspace/build/robot_properties_bolt/build/lib/robot_properties_bolt/resources/urdf/plane_with_restitution.urdf )
[0.947s] building xacro file ( /home/zihaoye/devel/workspace/src/robot_properties_bolt/src/robot_properties_bolt/resources/xacro/bolt.urdf.xacro ) into ( /home/zihaoye/devel/workspace/build/robot_properties_bolt/build/lib/robot_properties_bolt/resources/urdf/bolt.urdf )
[0.989s] building xacro file ( /home/zihaoye/devel/workspace/src/robot_properties_bolt/src/robot_properties_bolt/resources/xacro/bolt_passive_ankle.urdf.xacro ) into ( /home/zihaoye/devel/workspace/build/robot_properties_bolt/build/lib/robot_properties_bolt/resources/urdf/bolt_passive_ankle.urdf )
[1.047s] building xacro file ( /home/zihaoye/devel/workspace/src/robot_properties_bolt/src/robot_properties_bolt/resources/xacro/bolt_humanoid.urdf.xacro ) into ( /home/zihaoye/devel/workspace/build/robot_properties_bolt/build/lib/robot_properties_bolt/resources/urdf/bolt_humanoid.urdf )
[1.116s] building xacro file ( /home/zihaoye/devel/workspace/src/robot_properties_bolt/src/robot_properties_bolt/resources/xacro/plane_with_restitution.urdf.xacro ) into ( /home/zihaoye/devel/workspace/build/robot_properties_bolt/build/lib/robot_properties_bolt/resources/urdf/plane_with_restitution.urdf )
[1.117s] building xacro file ( /home/zihaoye/devel/workspace/src/robot_properties_bolt/src/robot_properties_bolt/resources/xacro/bolt.urdf.xacro ) into ( /home/zihaoye/devel/workspace/build/robot_properties_bolt/build/lib/robot_properties_bolt/resources/urdf/bolt.urdf )
[1.178s] building xacro file ( /home/zihaoye/devel/workspace/src/robot_properties_bolt/src/robot_properties_bolt/resources/xacro/bolt_passive_ankle.urdf.xacro ) into ( /home/zihaoye/devel/workspace/build/robot_properties_bolt/build/lib/robot_properties_bolt/resources/urdf/bolt_passive_ankle.urdf )
[1.231s] building xacro file ( /home/zihaoye/devel/workspace/src/robot_properties_bolt/src/robot_properties_bolt/resources/xacro/bolt_humanoid.urdf.xacro ) into ( /home/zihaoye/devel/workspace/build/robot_properties_bolt/build/lib/robot_properties_bolt/resources/urdf/bolt_humanoid.urdf )
[1.300s] building xacro file ( /home/zihaoye/devel/workspace/src/robot_properties_bolt/src/robot_properties_bolt/resources/xacro/plane_with_restitution.urdf.xacro ) into ( /home/zihaoye/devel/workspace/build/robot_properties_bolt/build/lib/robot_properties_bolt/resources/urdf/plane_with_restitution.urdf )
[1.301s] building xacro file ( /home/zihaoye/devel/workspace/src/robot_properties_bolt/src/robot_properties_bolt/resources/xacro/bolt.urdf.xacro ) into ( /home/zihaoye/devel/workspace/build/robot_properties_bolt/build/lib/robot_properties_bolt/resources/urdf/bolt.urdf )
[1.342s] building xacro file ( /home/zihaoye/devel/workspace/src/robot_properties_bolt/src/robot_properties_bolt/resources/xacro/bolt_passive_ankle.urdf.xacro ) into ( /home/zihaoye/devel/workspace/build/robot_properties_bolt/build/lib/robot_properties_bolt/resources/urdf/bolt_passive_ankle.urdf )
[1.367s] copying src/robot_properties_bolt/__init__.py -> /home/zihaoye/devel/workspace/build/robot_properties_bolt/build/lib/robot_properties_bolt
[1.367s] copying src/robot_properties_bolt/bolt_wrapper.py -> /home/zihaoye/devel/workspace/build/robot_properties_bolt/build/lib/robot_properties_bolt
[1.367s] copying src/robot_properties_bolt/bolt_humanoid_wrapper.py -> /home/zihaoye/devel/workspace/build/robot_properties_bolt/build/lib/robot_properties_bolt
[1.367s] copying src/robot_properties_bolt/config.py -> /home/zihaoye/devel/workspace/build/robot_properties_bolt/build/lib/robot_properties_bolt
[1.368s] copying src/robot_properties_bolt/gepetto_gui_loader.py -> /home/zihaoye/devel/workspace/build/robot_properties_bolt/build/lib/robot_properties_bolt
[1.368s] copying src/robot_properties_bolt/resources.py -> /home/zihaoye/devel/workspace/build/robot_properties_bolt/build/lib/robot_properties_bolt
[1.368s] copying src/robot_properties_bolt/resources/impedance_ctrl.yaml -> /home/zihaoye/devel/workspace/build/robot_properties_bolt/build/lib/robot_properties_bolt/resources
[1.368s] creating /home/zihaoye/devel/workspace/build/robot_properties_bolt/build/lib/robot_properties_bolt/resources/odri_control_interface
[1.369s] copying src/robot_properties_bolt/resources/odri_control_interface/bolt_driver.yaml -> /home/zihaoye/devel/workspace/build/robot_properties_bolt/build/lib/robot_properties_bolt/resources/odri_control_interface
[1.369s] copying src/robot_properties_bolt/resources/odri_control_interface/bolt_humanoid_driver.yaml -> /home/zihaoye/devel/workspace/build/robot_properties_bolt/build/lib/robot_properties_bolt/resources/odri_control_interface
[1.369s] creating /home/zihaoye/devel/workspace/build/robot_properties_bolt/build/lib/robot_properties_bolt/resources/xacro
[1.369s] copying src/robot_properties_bolt/resources/xacro/bolt_humanoid.urdf.xacro -> /home/zihaoye/devel/workspace/build/robot_properties_bolt/build/lib/robot_properties_bolt/resources/xacro
[1.369s] copying src/robot_properties_bolt/resources/xacro/bolt_humanoid.xacro -> /home/zihaoye/devel/workspace/build/robot_properties_bolt/build/lib/robot_properties_bolt/resources/xacro
[1.370s] copying src/robot_properties_bolt/resources/xacro/bolt.xacro -> /home/zihaoye/devel/workspace/build/robot_properties_bolt/build/lib/robot_properties_bolt/resources/xacro
[1.370s] copying src/robot_properties_bolt/resources/xacro/plane_with_restitution.urdf.xacro -> /home/zihaoye/devel/workspace/build/robot_properties_bolt/build/lib/robot_properties_bolt/resources/xacro
[1.370s] copying src/robot_properties_bolt/resources/xacro/arm.xacro -> /home/zihaoye/devel/workspace/build/robot_properties_bolt/build/lib/robot_properties_bolt/resources/xacro
[1.370s] copying src/robot_properties_bolt/resources/xacro/leg.xacro -> /home/zihaoye/devel/workspace/build/robot_properties_bolt/build/lib/robot_properties_bolt/resources/xacro
[1.371s] copying src/robot_properties_bolt/resources/xacro/bolt.urdf.xacro -> /home/zihaoye/devel/workspace/build/robot_properties_bolt/build/lib/robot_properties_bolt/resources/xacro
[1.371s] copying src/robot_properties_bolt/resources/xacro/bolt_passive_ankle.urdf.xacro -> /home/zihaoye/devel/workspace/build/robot_properties_bolt/build/lib/robot_properties_bolt/resources/xacro
[1.371s] copying src/robot_properties_bolt/resources/xacro/upper_body.xacro -> /home/zihaoye/devel/workspace/build/robot_properties_bolt/build/lib/robot_properties_bolt/resources/xacro
[1.371s] creating /home/zihaoye/devel/workspace/build/robot_properties_bolt/build/lib/robot_properties_bolt/resources/meshes
[1.371s] copying src/robot_properties_bolt/resources/meshes/plane.mtl -> /home/zihaoye/devel/workspace/build/robot_properties_bolt/build/lib/robot_properties_bolt/resources/meshes
[1.372s] copying src/robot_properties_bolt/resources/meshes/checker_blue.png -> /home/zihaoye/devel/workspace/build/robot_properties_bolt/build/lib/robot_properties_bolt/resources/meshes
[1.372s] copying src/robot_properties_bolt/resources/meshes/plane.obj -> /home/zihaoye/devel/workspace/build/robot_properties_bolt/build/lib/robot_properties_bolt/resources/meshes
[1.372s] creating /home/zihaoye/devel/workspace/build/robot_properties_bolt/build/lib/robot_properties_bolt/resources/meshes/stl
[1.372s] copying src/robot_properties_bolt/resources/meshes/stl/lower_leg_200mm_left_side.stl -> /home/zihaoye/devel/workspace/build/robot_properties_bolt/build/lib/robot_properties_bolt/resources/meshes/stl
[1.373s] copying src/robot_properties_bolt/resources/meshes/stl/lower_leg_200mm_right_side.stl -> /home/zihaoye/devel/workspace/build/robot_properties_bolt/build/lib/robot_properties_bolt/resources/meshes/stl
[1.373s] copying src/robot_properties_bolt/resources/meshes/stl/bolt_trunk.stl -> /home/zihaoye/devel/workspace/build/robot_properties_bolt/build/lib/robot_properties_bolt/resources/meshes/stl
[1.373s] copying src/robot_properties_bolt/resources/meshes/stl/upper_leg_200mm_right_side.stl -> /home/zihaoye/devel/workspace/build/robot_properties_bolt/build/lib/robot_properties_bolt/resources/meshes/stl
[1.373s] copying src/robot_properties_bolt/resources/meshes/stl/bolt_upper_leg_left_side.stl -> /home/zihaoye/devel/workspace/build/robot_properties_bolt/build/lib/robot_properties_bolt/resources/meshes/stl
[1.374s] copying src/robot_properties_bolt/resources/meshes/stl/bolt_hip_fe_right_side.stl -> /home/zihaoye/devel/workspace/build/robot_properties_bolt/build/lib/robot_properties_bolt/resources/meshes/stl
[1.374s] copying src/robot_properties_bolt/resources/meshes/stl/upper_leg_200mm_left_side.stl -> /home/zihaoye/devel/workspace/build/robot_properties_bolt/build/lib/robot_properties_bolt/resources/meshes/stl
[1.374s] copying src/robot_properties_bolt/resources/meshes/stl/bolt_shoulder_fe_left_side.stl -> /home/zihaoye/devel/workspace/build/robot_properties_bolt/build/lib/robot_properties_bolt/resources/meshes/stl
[1.375s] copying src/robot_properties_bolt/resources/meshes/stl/bolt_foot.stl -> /home/zihaoye/devel/workspace/build/robot_properties_bolt/build/lib/robot_properties_bolt/resources/meshes/stl
[1.375s] copying src/robot_properties_bolt/resources/meshes/stl/bolt_lower_leg_left_side.stl -> /home/zihaoye/devel/workspace/build/robot_properties_bolt/build/lib/robot_properties_bolt/resources/meshes/stl
[1.375s] copying src/robot_properties_bolt/resources/meshes/stl/bolt_body.stl -> /home/zihaoye/devel/workspace/build/robot_properties_bolt/build/lib/robot_properties_bolt/resources/meshes/stl
[1.376s] copying src/robot_properties_bolt/resources/meshes/stl/bolt_shoulder_fe_right_side.stl -> /home/zihaoye/devel/workspace/build/robot_properties_bolt/build/lib/robot_properties_bolt/resources/meshes/stl
[1.376s] copying src/robot_properties_bolt/resources/meshes/stl/bolt_upper_leg_right_side.stl -> /home/zihaoye/devel/workspace/build/robot_properties_bolt/build/lib/robot_properties_bolt/resources/meshes/stl
[1.376s] copying src/robot_properties_bolt/resources/meshes/stl/bolt_lower_leg_right_side.stl -> /home/zihaoye/devel/workspace/build/robot_properties_bolt/build/lib/robot_properties_bolt/resources/meshes/stl
[1.377s] copying src/robot_properties_bolt/resources/meshes/stl/bolt_hip_fe_left_side.stl -> /home/zihaoye/devel/workspace/build/robot_properties_bolt/build/lib/robot_properties_bolt/resources/meshes/stl
[1.377s] creating /home/zihaoye/devel/workspace/build/robot_properties_bolt/build/lib/robot_properties_bolt/resources/meshes/obj
[1.377s] copying src/robot_properties_bolt/resources/meshes/obj/bolt_hip_fe_right_side.obj -> /home/zihaoye/devel/workspace/build/robot_properties_bolt/build/lib/robot_properties_bolt/resources/meshes/obj
[1.378s] copying src/robot_properties_bolt/resources/meshes/obj/bolt_trunk.obj -> /home/zihaoye/devel/workspace/build/robot_properties_bolt/build/lib/robot_properties_bolt/resources/meshes/obj
[1.378s] copying src/robot_properties_bolt/resources/meshes/obj/bolt_lower_leg_left_side.obj -> /home/zihaoye/devel/workspace/build/robot_properties_bolt/build/lib/robot_properties_bolt/resources/meshes/obj
[1.378s] copying src/robot_properties_bolt/resources/meshes/obj/bolt_hip_fe_left_side.obj -> /home/zihaoye/devel/workspace/build/robot_properties_bolt/build/lib/robot_properties_bolt/resources/meshes/obj
[1.379s] copying src/robot_properties_bolt/resources/meshes/obj/bolt_upper_leg_right_side.obj -> /home/zihaoye/devel/workspace/build/robot_properties_bolt/build/lib/robot_properties_bolt/resources/meshes/obj
[1.379s] copying src/robot_properties_bolt/resources/meshes/obj/bolt_shoulder_fe_left_side.obj -> /home/zihaoye/devel/workspace/build/robot_properties_bolt/build/lib/robot_properties_bolt/resources/meshes/obj
[1.379s] copying src/robot_properties_bolt/resources/meshes/obj/bolt_body.obj -> /home/zihaoye/devel/workspace/build/robot_properties_bolt/build/lib/robot_properties_bolt/resources/meshes/obj
[1.380s] copying src/robot_properties_bolt/resources/meshes/obj/bolt_lower_leg_right_side.obj -> /home/zihaoye/devel/workspace/build/robot_properties_bolt/build/lib/robot_properties_bolt/resources/meshes/obj
[1.380s] copying src/robot_properties_bolt/resources/meshes/obj/bolt_upper_leg_left_side.obj -> /home/zihaoye/devel/workspace/build/robot_properties_bolt/build/lib/robot_properties_bolt/resources/meshes/obj
[1.381s] copying src/robot_properties_bolt/resources/meshes/obj/bolt_foot.obj -> /home/zihaoye/devel/workspace/build/robot_properties_bolt/build/lib/robot_properties_bolt/resources/meshes/obj
[1.381s] copying src/robot_properties_bolt/resources/meshes/obj/bolt_shoulder_fe_right_side.obj -> /home/zihaoye/devel/workspace/build/robot_properties_bolt/build/lib/robot_properties_bolt/resources/meshes/obj
[1.381s] creating /home/zihaoye/devel/workspace/build/robot_properties_bolt/build/lib/robot_properties_bolt/resources/dynamic_graph_manager
[1.381s] copying src/robot_properties_bolt/resources/dynamic_graph_manager/dgm_parameters_bolt_humanoid.yaml -> /home/zihaoye/devel/workspace/build/robot_properties_bolt/build/lib/robot_properties_bolt/resources/dynamic_graph_manager
[1.382s] copying src/robot_properties_bolt/resources/dynamic_graph_manager/dgm_parameters_bolt.yaml -> /home/zihaoye/devel/workspace/build/robot_properties_bolt/build/lib/robot_properties_bolt/resources/dynamic_graph_manager
[1.382s] running build_scripts
[1.382s] creating /home/zihaoye/devel/workspace/build/robot_properties_bolt/build/scripts-3.8
[1.382s] copying and adjusting demos/demo_display_bolt_meshcat.py -> /home/zihaoye/devel/workspace/build/robot_properties_bolt/build/scripts-3.8
[1.383s] copying and adjusting demos/demo_display_bolt_humanoid_meshcat.py -> /home/zihaoye/devel/workspace/build/robot_properties_bolt/build/scripts-3.8
[1.383s] copying and adjusting demos/demo_display_bolt_gepetto.py -> /home/zihaoye/devel/workspace/build/robot_properties_bolt/build/scripts-3.8
[1.383s] copying and adjusting demos/demo_display_bolt_humanoid_gepetto.py -> /home/zihaoye/devel/workspace/build/robot_properties_bolt/build/scripts-3.8
[1.383s] copying and adjusting demos/demo_simulate_bolt.py -> /home/zihaoye/devel/workspace/build/robot_properties_bolt/build/scripts-3.8
[1.383s] copying and adjusting demos/demo_simulate_bolt_humanoid.py -> /home/zihaoye/devel/workspace/build/robot_properties_bolt/build/scripts-3.8
[1.384s] changing mode of /home/zihaoye/devel/workspace/build/robot_properties_bolt/build/scripts-3.8/demo_display_bolt_meshcat.py from 664 to 775
[1.384s] changing mode of /home/zihaoye/devel/workspace/build/robot_properties_bolt/build/scripts-3.8/demo_display_bolt_humanoid_meshcat.py from 664 to 775
[1.384s] changing mode of /home/zihaoye/devel/workspace/build/robot_properties_bolt/build/scripts-3.8/demo_display_bolt_gepetto.py from 664 to 775
[1.384s] changing mode of /home/zihaoye/devel/workspace/build/robot_properties_bolt/build/scripts-3.8/demo_display_bolt_humanoid_gepetto.py from 664 to 775
[1.384s] changing mode of /home/zihaoye/devel/workspace/build/robot_properties_bolt/build/scripts-3.8/demo_simulate_bolt.py from 664 to 775
[1.384s] changing mode of /home/zihaoye/devel/workspace/build/robot_properties_bolt/build/scripts-3.8/demo_simulate_bolt_humanoid.py from 664 to 775
[1.384s] running install
[1.385s] running install_lib
[1.387s] creating /home/zihaoye/devel/workspace/install/robot_properties_bolt/lib/python3.8/site-packages/robot_properties_bolt
[1.387s] copying /home/zihaoye/devel/workspace/build/robot_properties_bolt/build/lib/robot_properties_bolt/__init__.py -> /home/zihaoye/devel/workspace/install/robot_properties_bolt/lib/python3.8/site-packages/robot_properties_bolt
[1.387s] creating /home/zihaoye/devel/workspace/install/robot_properties_bolt/lib/python3.8/site-packages/robot_properties_bolt/resources
[1.387s] creating /home/zihaoye/devel/workspace/install/robot_properties_bolt/lib/python3.8/site-packages/robot_properties_bolt/resources/odri_control_interface
[1.388s] copying /home/zihaoye/devel/workspace/build/robot_properties_bolt/build/lib/robot_properties_bolt/resources/odri_control_interface/bolt_driver.yaml -> /home/zihaoye/devel/workspace/install/robot_properties_bolt/lib/python3.8/site-packages/robot_properties_bolt/resources/odri_control_interface
[1.388s] copying /home/zihaoye/devel/workspace/build/robot_properties_bolt/build/lib/robot_properties_bolt/resources/odri_control_interface/bolt_humanoid_driver.yaml -> /home/zihaoye/devel/workspace/install/robot_properties_bolt/lib/python3.8/site-packages/robot_properties_bolt/resources/odri_control_interface
[1.388s] creating /home/zihaoye/devel/workspace/install/robot_properties_bolt/lib/python3.8/site-packages/robot_properties_bolt/resources/xacro
[1.388s] copying /home/zihaoye/devel/workspace/build/robot_properties_bolt/build/lib/robot_properties_bolt/resources/xacro/bolt_humanoid.urdf.xacro -> /home/zihaoye/devel/workspace/install/robot_properties_bolt/lib/python3.8/site-packages/robot_properties_bolt/resources/xacro
[1.388s] copying /home/zihaoye/devel/workspace/build/robot_properties_bolt/build/lib/robot_properties_bolt/resources/xacro/bolt_humanoid.xacro -> /home/zihaoye/devel/workspace/install/robot_properties_bolt/lib/python3.8/site-packages/robot_properties_bolt/resources/xacro
[1.389s] copying /home/zihaoye/devel/workspace/build/robot_properties_bolt/build/lib/robot_properties_bolt/resources/xacro/bolt.xacro -> /home/zihaoye/devel/workspace/install/robot_properties_bolt/lib/python3.8/site-packages/robot_properties_bolt/resources/xacro
[1.389s] copying /home/zihaoye/devel/workspace/build/robot_properties_bolt/build/lib/robot_properties_bolt/resources/xacro/plane_with_restitution.urdf.xacro -> /home/zihaoye/devel/workspace/install/robot_properties_bolt/lib/python3.8/site-packages/robot_properties_bolt/resources/xacro
[1.389s] copying /home/zihaoye/devel/workspace/build/robot_properties_bolt/build/lib/robot_properties_bolt/resources/xacro/arm.xacro -> /home/zihaoye/devel/workspace/install/robot_properties_bolt/lib/python3.8/site-packages/robot_properties_bolt/resources/xacro
[1.389s] copying /home/zihaoye/devel/workspace/build/robot_properties_bolt/build/lib/robot_properties_bolt/resources/xacro/leg.xacro -> /home/zihaoye/devel/workspace/install/robot_properties_bolt/lib/python3.8/site-packages/robot_properties_bolt/resources/xacro
[1.389s] copying /home/zihaoye/devel/workspace/build/robot_properties_bolt/build/lib/robot_properties_bolt/resources/xacro/bolt.urdf.xacro -> /home/zihaoye/devel/workspace/install/robot_properties_bolt/lib/python3.8/site-packages/robot_properties_bolt/resources/xacro
[1.390s] copying /home/zihaoye/devel/workspace/build/robot_properties_bolt/build/lib/robot_properties_bolt/resources/xacro/bolt_passive_ankle.urdf.xacro -> /home/zihaoye/devel/workspace/install/robot_properties_bolt/lib/python3.8/site-packages/robot_properties_bolt/resources/xacro
[1.390s] copying /home/zihaoye/devel/workspace/build/robot_properties_bolt/build/lib/robot_properties_bolt/resources/xacro/upper_body.xacro -> /home/zihaoye/devel/workspace/install/robot_properties_bolt/lib/python3.8/site-packages/robot_properties_bolt/resources/xacro
[1.390s] creating /home/zihaoye/devel/workspace/install/robot_properties_bolt/lib/python3.8/site-packages/robot_properties_bolt/resources/urdf
[1.390s] copying /home/zihaoye/devel/workspace/build/robot_properties_bolt/build/lib/robot_properties_bolt/resources/urdf/bolt_passive_ankle.urdf -> /home/zihaoye/devel/workspace/install/robot_properties_bolt/lib/python3.8/site-packages/robot_properties_bolt/resources/urdf
[1.390s] copying /home/zihaoye/devel/workspace/build/robot_properties_bolt/build/lib/robot_properties_bolt/resources/urdf/bolt.urdf -> /home/zihaoye/devel/workspace/install/robot_properties_bolt/lib/python3.8/site-packages/robot_properties_bolt/resources/urdf
[1.391s] copying /home/zihaoye/devel/workspace/build/robot_properties_bolt/build/lib/robot_properties_bolt/resources/urdf/plane_with_restitution.urdf -> /home/zihaoye/devel/workspace/install/robot_properties_bolt/lib/python3.8/site-packages/robot_properties_bolt/resources/urdf
[1.391s] copying /home/zihaoye/devel/workspace/build/robot_properties_bolt/build/lib/robot_properties_bolt/resources/urdf/bolt_humanoid.urdf -> /home/zihaoye/devel/workspace/install/robot_properties_bolt/lib/python3.8/site-packages/robot_properties_bolt/resources/urdf
[1.391s] copying /home/zihaoye/devel/workspace/build/robot_properties_bolt/build/lib/robot_properties_bolt/resources/impedance_ctrl.yaml -> /home/zihaoye/devel/workspace/install/robot_properties_bolt/lib/python3.8/site-packages/robot_properties_bolt/resources
[1.391s] creating /home/zihaoye/devel/workspace/install/robot_properties_bolt/lib/python3.8/site-packages/robot_properties_bolt/resources/meshes
[1.391s] copying /home/zihaoye/devel/workspace/build/robot_properties_bolt/build/lib/robot_properties_bolt/resources/meshes/plane.mtl -> /home/zihaoye/devel/workspace/install/robot_properties_bolt/lib/python3.8/site-packages/robot_properties_bolt/resources/meshes
[1.392s] copying /home/zihaoye/devel/workspace/build/robot_properties_bolt/build/lib/robot_properties_bolt/resources/meshes/checker_blue.png -> /home/zihaoye/devel/workspace/install/robot_properties_bolt/lib/python3.8/site-packages/robot_properties_bolt/resources/meshes
[1.392s] creating /home/zihaoye/devel/workspace/install/robot_properties_bolt/lib/python3.8/site-packages/robot_properties_bolt/resources/meshes/stl
[1.392s] copying /home/zihaoye/devel/workspace/build/robot_properties_bolt/build/lib/robot_properties_bolt/resources/meshes/stl/lower_leg_200mm_left_side.stl -> /home/zihaoye/devel/workspace/install/robot_properties_bolt/lib/python3.8/site-packages/robot_properties_bolt/resources/meshes/stl
[1.392s] copying /home/zihaoye/devel/workspace/build/robot_properties_bolt/build/lib/robot_properties_bolt/resources/meshes/stl/lower_leg_200mm_right_side.stl -> /home/zihaoye/devel/workspace/install/robot_properties_bolt/lib/python3.8/site-packages/robot_properties_bolt/resources/meshes/stl
[1.392s] copying /home/zihaoye/devel/workspace/build/robot_properties_bolt/build/lib/robot_properties_bolt/resources/meshes/stl/bolt_trunk.stl -> /home/zihaoye/devel/workspace/install/robot_properties_bolt/lib/python3.8/site-packages/robot_properties_bolt/resources/meshes/stl
[1.393s] copying /home/zihaoye/devel/workspace/build/robot_properties_bolt/build/lib/robot_properties_bolt/resources/meshes/stl/upper_leg_200mm_right_side.stl -> /home/zihaoye/devel/workspace/install/robot_properties_bolt/lib/python3.8/site-packages/robot_properties_bolt/resources/meshes/stl
[1.393s] copying /home/zihaoye/devel/workspace/build/robot_properties_bolt/build/lib/robot_properties_bolt/resources/meshes/stl/bolt_upper_leg_left_side.stl -> /home/zihaoye/devel/workspace/install/robot_properties_bolt/lib/python3.8/site-packages/robot_properties_bolt/resources/meshes/stl
[1.393s] copying /home/zihaoye/devel/workspace/build/robot_properties_bolt/build/lib/robot_properties_bolt/resources/meshes/stl/bolt_hip_fe_right_side.stl -> /home/zihaoye/devel/workspace/install/robot_properties_bolt/lib/python3.8/site-packages/robot_properties_bolt/resources/meshes/stl
[1.394s] copying /home/zihaoye/devel/workspace/build/robot_properties_bolt/build/lib/robot_properties_bolt/resources/meshes/stl/upper_leg_200mm_left_side.stl -> /home/zihaoye/devel/workspace/install/robot_properties_bolt/lib/python3.8/site-packages/robot_properties_bolt/resources/meshes/stl
[1.394s] copying /home/zihaoye/devel/workspace/build/robot_properties_bolt/build/lib/robot_properties_bolt/resources/meshes/stl/bolt_shoulder_fe_left_side.stl -> /home/zihaoye/devel/workspace/install/robot_properties_bolt/lib/python3.8/site-packages/robot_properties_bolt/resources/meshes/stl
[1.394s] copying /home/zihaoye/devel/workspace/build/robot_properties_bolt/build/lib/robot_properties_bolt/resources/meshes/stl/bolt_foot.stl -> /home/zihaoye/devel/workspace/install/robot_properties_bolt/lib/python3.8/site-packages/robot_properties_bolt/resources/meshes/stl
[1.394s] copying /home/zihaoye/devel/workspace/build/robot_properties_bolt/build/lib/robot_properties_bolt/resources/meshes/stl/bolt_lower_leg_left_side.stl -> /home/zihaoye/devel/workspace/install/robot_properties_bolt/lib/python3.8/site-packages/robot_properties_bolt/resources/meshes/stl
[1.395s] copying /home/zihaoye/devel/workspace/build/robot_properties_bolt/build/lib/robot_properties_bolt/resources/meshes/stl/bolt_body.stl -> /home/zihaoye/devel/workspace/install/robot_properties_bolt/lib/python3.8/site-packages/robot_properties_bolt/resources/meshes/stl
[1.395s] copying /home/zihaoye/devel/workspace/build/robot_properties_bolt/build/lib/robot_properties_bolt/resources/meshes/stl/bolt_shoulder_fe_right_side.stl -> /home/zihaoye/devel/workspace/install/robot_properties_bolt/lib/python3.8/site-packages/robot_properties_bolt/resources/meshes/stl
[1.395s] copying /home/zihaoye/devel/workspace/build/robot_properties_bolt/build/lib/robot_properties_bolt/resources/meshes/stl/bolt_upper_leg_right_side.stl -> /home/zihaoye/devel/workspace/install/robot_properties_bolt/lib/python3.8/site-packages/robot_properties_bolt/resources/meshes/stl
[1.396s] copying /home/zihaoye/devel/workspace/build/robot_properties_bolt/build/lib/robot_properties_bolt/resources/meshes/stl/bolt_lower_leg_right_side.stl -> /home/zihaoye/devel/workspace/install/robot_properties_bolt/lib/python3.8/site-packages/robot_properties_bolt/resources/meshes/stl
[1.396s] copying /home/zihaoye/devel/workspace/build/robot_properties_bolt/build/lib/robot_properties_bolt/resources/meshes/stl/bolt_hip_fe_left_side.stl -> /home/zihaoye/devel/workspace/install/robot_properties_bolt/lib/python3.8/site-packages/robot_properties_bolt/resources/meshes/stl
[1.396s] copying /home/zihaoye/devel/workspace/build/robot_properties_bolt/build/lib/robot_properties_bolt/resources/meshes/plane.obj -> /home/zihaoye/devel/workspace/install/robot_properties_bolt/lib/python3.8/site-packages/robot_properties_bolt/resources/meshes
[1.396s] creating /home/zihaoye/devel/workspace/install/robot_properties_bolt/lib/python3.8/site-packages/robot_properties_bolt/resources/meshes/obj
[1.397s] copying /home/zihaoye/devel/workspace/build/robot_properties_bolt/build/lib/robot_properties_bolt/resources/meshes/obj/bolt_hip_fe_right_side.obj -> /home/zihaoye/devel/workspace/install/robot_properties_bolt/lib/python3.8/site-packages/robot_properties_bolt/resources/meshes/obj
[1.397s] copying /home/zihaoye/devel/workspace/build/robot_properties_bolt/build/lib/robot_properties_bolt/resources/meshes/obj/bolt_trunk.obj -> /home/zihaoye/devel/workspace/install/robot_properties_bolt/lib/python3.8/site-packages/robot_properties_bolt/resources/meshes/obj
[1.397s] copying /home/zihaoye/devel/workspace/build/robot_properties_bolt/build/lib/robot_properties_bolt/resources/meshes/obj/bolt_lower_leg_left_side.obj -> /home/zihaoye/devel/workspace/install/robot_properties_bolt/lib/python3.8/site-packages/robot_properties_bolt/resources/meshes/obj
[1.398s] copying /home/zihaoye/devel/workspace/build/robot_properties_bolt/build/lib/robot_properties_bolt/resources/meshes/obj/bolt_hip_fe_left_side.obj -> /home/zihaoye/devel/workspace/install/robot_properties_bolt/lib/python3.8/site-packages/robot_properties_bolt/resources/meshes/obj
[1.398s] copying /home/zihaoye/devel/workspace/build/robot_properties_bolt/build/lib/robot_properties_bolt/resources/meshes/obj/bolt_upper_leg_right_side.obj -> /home/zihaoye/devel/workspace/install/robot_properties_bolt/lib/python3.8/site-packages/robot_properties_bolt/resources/meshes/obj
[1.398s] copying /home/zihaoye/devel/workspace/build/robot_properties_bolt/build/lib/robot_properties_bolt/resources/meshes/obj/bolt_shoulder_fe_left_side.obj -> /home/zihaoye/devel/workspace/install/robot_properties_bolt/lib/python3.8/site-packages/robot_properties_bolt/resources/meshes/obj
[1.399s] copying /home/zihaoye/devel/workspace/build/robot_properties_bolt/build/lib/robot_properties_bolt/resources/meshes/obj/bolt_body.obj -> /home/zihaoye/devel/workspace/install/robot_properties_bolt/lib/python3.8/site-packages/robot_properties_bolt/resources/meshes/obj
[1.399s] copying /home/zihaoye/devel/workspace/build/robot_properties_bolt/build/lib/robot_properties_bolt/resources/meshes/obj/bolt_lower_leg_right_side.obj -> /home/zihaoye/devel/workspace/install/robot_properties_bolt/lib/python3.8/site-packages/robot_properties_bolt/resources/meshes/obj
[1.399s] copying /home/zihaoye/devel/workspace/build/robot_properties_bolt/build/lib/robot_properties_bolt/resources/meshes/obj/bolt_upper_leg_left_side.obj -> /home/zihaoye/devel/workspace/install/robot_properties_bolt/lib/python3.8/site-packages/robot_properties_bolt/resources/meshes/obj
[1.400s] copying /home/zihaoye/devel/workspace/build/robot_properties_bolt/build/lib/robot_properties_bolt/resources/meshes/obj/bolt_foot.obj -> /home/zihaoye/devel/workspace/install/robot_properties_bolt/lib/python3.8/site-packages/robot_properties_bolt/resources/meshes/obj
[1.400s] copying /home/zihaoye/devel/workspace/build/robot_properties_bolt/build/lib/robot_properties_bolt/resources/meshes/obj/bolt_shoulder_fe_right_side.obj -> /home/zihaoye/devel/workspace/install/robot_properties_bolt/lib/python3.8/site-packages/robot_properties_bolt/resources/meshes/obj
[1.400s] creating /home/zihaoye/devel/workspace/install/robot_properties_bolt/lib/python3.8/site-packages/robot_properties_bolt/resources/dynamic_graph_manager
[1.401s] copying /home/zihaoye/devel/workspace/build/robot_properties_bolt/build/lib/robot_properties_bolt/resources/dynamic_graph_manager/dgm_parameters_bolt_humanoid.yaml -> /home/zihaoye/devel/workspace/install/robot_properties_bolt/lib/python3.8/site-packages/robot_properties_bolt/resources/dynamic_graph_manager
[1.401s] copying /home/zihaoye/devel/workspace/build/robot_properties_bolt/build/lib/robot_properties_bolt/resources/dynamic_graph_manager/dgm_parameters_bolt.yaml -> /home/zihaoye/devel/workspace/install/robot_properties_bolt/lib/python3.8/site-packages/robot_properties_bolt/resources/dynamic_graph_manager
[1.401s] copying /home/zihaoye/devel/workspace/build/robot_properties_bolt/build/lib/robot_properties_bolt/bolt_wrapper.py -> /home/zihaoye/devel/workspace/install/robot_properties_bolt/lib/python3.8/site-packages/robot_properties_bolt
[1.401s] copying /home/zihaoye/devel/workspace/build/robot_properties_bolt/build/lib/robot_properties_bolt/bolt_humanoid_wrapper.py -> /home/zihaoye/devel/workspace/install/robot_properties_bolt/lib/python3.8/site-packages/robot_properties_bolt
[1.401s] copying /home/zihaoye/devel/workspace/build/robot_properties_bolt/build/lib/robot_properties_bolt/config.py -> /home/zihaoye/devel/workspace/install/robot_properties_bolt/lib/python3.8/site-packages/robot_properties_bolt
[1.402s] copying /home/zihaoye/devel/workspace/build/robot_properties_bolt/build/lib/robot_properties_bolt/gepetto_gui_loader.py -> /home/zihaoye/devel/workspace/install/robot_properties_bolt/lib/python3.8/site-packages/robot_properties_bolt
[1.402s] copying /home/zihaoye/devel/workspace/build/robot_properties_bolt/build/lib/robot_properties_bolt/resources.py -> /home/zihaoye/devel/workspace/install/robot_properties_bolt/lib/python3.8/site-packages/robot_properties_bolt
[1.403s] byte-compiling /home/zihaoye/devel/workspace/install/robot_properties_bolt/lib/python3.8/site-packages/robot_properties_bolt/__init__.py to __init__.cpython-38.pyc
[1.403s] byte-compiling /home/zihaoye/devel/workspace/install/robot_properties_bolt/lib/python3.8/site-packages/robot_properties_bolt/bolt_wrapper.py to bolt_wrapper.cpython-38.pyc
[1.404s] byte-compiling /home/zihaoye/devel/workspace/install/robot_properties_bolt/lib/python3.8/site-packages/robot_properties_bolt/bolt_humanoid_wrapper.py to bolt_humanoid_wrapper.cpython-38.pyc
[1.406s] byte-compiling /home/zihaoye/devel/workspace/install/robot_properties_bolt/lib/python3.8/site-packages/robot_properties_bolt/config.py to config.cpython-38.pyc
[1.407s] byte-compiling /home/zihaoye/devel/workspace/install/robot_properties_bolt/lib/python3.8/site-packages/robot_properties_bolt/gepetto_gui_loader.py to gepetto_gui_loader.cpython-38.pyc
[1.408s] byte-compiling /home/zihaoye/devel/workspace/install/robot_properties_bolt/lib/python3.8/site-packages/robot_properties_bolt/resources.py to resources.cpython-38.pyc
[1.409s] running install_data
[1.409s] copying package.xml -> /home/zihaoye/devel/workspace/install/robot_properties_bolt/share/robot_properties_bolt
[1.409s] creating /home/zihaoye/devel/workspace/install/robot_properties_bolt/share/ament_index
[1.409s] creating /home/zihaoye/devel/workspace/install/robot_properties_bolt/share/ament_index/resource_index
[1.409s] creating /home/zihaoye/devel/workspace/install/robot_properties_bolt/share/ament_index/resource_index/packages
[1.410s] copying src/robot_properties_bolt/resources/robot_properties_bolt -> /home/zihaoye/devel/workspace/install/robot_properties_bolt/share/ament_index/resource_index/packages
[1.410s] running install_egg_info
[1.412s] Copying ../../build/robot_properties_bolt/robot_properties_bolt.egg-info to /home/zihaoye/devel/workspace/install/robot_properties_bolt/lib/python3.8/site-packages/robot_properties_bolt-1.0.0-py3.8.egg-info
[1.413s] running install_scripts
[1.429s] creating /home/zihaoye/devel/workspace/install/robot_properties_bolt/lib/robot_properties_bolt
[1.429s] copying /home/zihaoye/devel/workspace/build/robot_properties_bolt/build/scripts-3.8/demo_display_bolt_meshcat.py -> /home/zihaoye/devel/workspace/install/robot_properties_bolt/lib/robot_properties_bolt
[1.429s] copying /home/zihaoye/devel/workspace/build/robot_properties_bolt/build/scripts-3.8/demo_display_bolt_humanoid_meshcat.py -> /home/zihaoye/devel/workspace/install/robot_properties_bolt/lib/robot_properties_bolt
[1.430s] copying /home/zihaoye/devel/workspace/build/robot_properties_bolt/build/scripts-3.8/demo_display_bolt_gepetto.py -> /home/zihaoye/devel/workspace/install/robot_properties_bolt/lib/robot_properties_bolt
[1.430s] copying /home/zihaoye/devel/workspace/build/robot_properties_bolt/build/scripts-3.8/demo_display_bolt_humanoid_gepetto.py -> /home/zihaoye/devel/workspace/install/robot_properties_bolt/lib/robot_properties_bolt
[1.430s] copying /home/zihaoye/devel/workspace/build/robot_properties_bolt/build/scripts-3.8/demo_simulate_bolt.py -> /home/zihaoye/devel/workspace/install/robot_properties_bolt/lib/robot_properties_bolt
[1.430s] copying /home/zihaoye/devel/workspace/build/robot_properties_bolt/build/scripts-3.8/demo_simulate_bolt_humanoid.py -> /home/zihaoye/devel/workspace/install/robot_properties_bolt/lib/robot_properties_bolt
[1.430s] changing mode of /home/zihaoye/devel/workspace/install/robot_properties_bolt/lib/robot_properties_bolt/demo_display_bolt_meshcat.py to 775
[1.431s] changing mode of /home/zihaoye/devel/workspace/install/robot_properties_bolt/lib/robot_properties_bolt/demo_display_bolt_humanoid_meshcat.py to 775
[1.431s] changing mode of /home/zihaoye/devel/workspace/install/robot_properties_bolt/lib/robot_properties_bolt/demo_display_bolt_gepetto.py to 775
[1.431s] changing mode of /home/zihaoye/devel/workspace/install/robot_properties_bolt/lib/robot_properties_bolt/demo_display_bolt_humanoid_gepetto.py to 775
[1.431s] changing mode of /home/zihaoye/devel/workspace/install/robot_properties_bolt/lib/robot_properties_bolt/demo_simulate_bolt.py to 775
[1.431s] changing mode of /home/zihaoye/devel/workspace/install/robot_properties_bolt/lib/robot_properties_bolt/demo_simulate_bolt_humanoid.py to 775
[1.434s] writing list of installed files to '/home/zihaoye/devel/workspace/build/robot_properties_bolt/install.log'
[1.550s] Invoked command in '/home/zihaoye/devel/workspace/src/robot_properties_bolt' returned '0': CMAKE_PREFIX_PATH=/home/zihaoye/devel/workspace/install/mpi_cmake_modules:${CMAKE_PREFIX_PATH} PATH=/home/zihaoye/devel/workspace/install/mpi_cmake_modules/bin:${PATH} PS1=(myenv) \[\e]0;\u@\h: \w\a\]${debian_chroot:+($debian_chroot)}\[\033[01;32m\]\u@\h\[\033[00m\]:\[\033[01;34m\]\w\[\033[00m\]\$ PYTHONPATH=/home/zihaoye/devel/workspace/build/robot_properties_bolt/prefix_override:/home/zihaoye/myenv/lib/python3.8/site-packages/colcon_core/task/python/colcon_distutils_commands:/home/zihaoye/devel/workspace/install/robot_properties_bolt/lib/python3.8/site-packages:/home/zihaoye/devel/workspace/install/bullet_utils/lib/python3.8/site-packages:/home/zihaoye/devel/workspace/install/mpi_cmake_modules/lib/python3.8/site-packages:${PYTHONPATH} /home/zihaoye/myenv/bin/python3.8 -W ignore:setup.py install is deprecated -W ignore:easy_install command is deprecated setup.py egg_info --egg-base ../../build/robot_properties_bolt build --build-base /home/zihaoye/devel/workspace/build/robot_properties_bolt/build install --record /home/zihaoye/devel/workspace/build/robot_properties_bolt/install.log --install-scripts $base/lib/robot_properties_bolt --single-version-externally-managed install_data
