[0.010s] Invoking command in '/home/zihaoye/devel/workspace/build/odri_control_interface': CMAKE_MODULE_PATH=/home/zihaoye/devel/workspace/install/pybind11/share/cmake/pybind11 CMAKE_PREFIX_PATH=/home/zihaoye/devel/workspace/install/pybind11:/home/zihaoye/devel/workspace/install/mpi_cmake_modules:/home/zihaoye/devel/workspace/install/master_board_sdk:${CMAKE_PREFIX_PATH} LD_LIBRARY_PATH=/home/zihaoye/devel/workspace/install/master_board_sdk/lib:${LD_LIBRARY_PATH} PATH=/home/zihaoye/devel/workspace/install/mpi_cmake_modules/bin:/home/zihaoye/devel/workspace/install/master_board_sdk/bin:${PATH} PKG_CONFIG_PATH=/home/zihaoye/devel/workspace/install/master_board_sdk/lib/x86_64-linux-gnu/pkgconfig:/home/zihaoye/devel/workspace/install/master_board_sdk/lib/pkgconfig:${PKG_CONFIG_PATH} PS1=(myenv) \[\e]0;\u@\h: \w\a\]${debian_chroot:+($debian_chroot)}\[\033[01;32m\]\u@\h\[\033[00m\]:\[\033[01;34m\]\w\[\033[00m\]\$ PYTHONPATH=/home/zihaoye/devel/workspace/install/mpi_cmake_modules/lib/python3.8/site-packages:/home/zihaoye/devel/workspace/install/master_board_sdk/lib/python3.8/site-packages:${PYTHONPATH} /usr/bin/cmake /home/zihaoye/devel/workspace/src/odri_control_interface -DCATKIN_INSTALL_INTO_PREFIX_ROOT=0 -DCMAKE_INSTALL_PREFIX=/home/zihaoye/devel/workspace/install/odri_control_interface
[0.015s] -- JRL cmakemodules found in 'cmake/' git submodule
[0.019s] -- Configuring "odri_control_interface" (https://github.com/open-dynamic-robot-initiative/odri_control_interface)
[0.019s] -- Package version (ROS package.xml): 1.0.1
[0.061s] -- The CXX compiler identification is GNU 9.4.0
[0.065s] -- Check for working CXX compiler: /usr/bin/c++
[0.118s] -- Check for working CXX compiler: /usr/bin/c++ -- works
[0.118s] -- Detecting CXX compiler ABI info
[0.171s] -- Detecting CXX compiler ABI info - done
[0.182s] -- Detecting CXX compile features
[0.183s] -- Detecting CXX compile features - done
[0.192s] -- Found PkgConfig: /usr/bin/pkg-config (found version "0.29.1") 
[0.198s] -- Performing Test res_-pedantic
[0.251s] -- Performing Test res_-pedantic - Success
[0.251s] -- Performing Test res_-Wno-long-long
[0.304s] -- Performing Test res_-Wno-long-long - Success
[0.305s] -- Performing Test res_-Wall
[0.361s] -- Performing Test res_-Wall - Success
[0.361s] -- Performing Test res_-Wextra
[0.417s] -- Performing Test res_-Wextra - Success
[0.417s] -- Performing Test res_-Wcast-align
[0.472s] -- Performing Test res_-Wcast-align - Success
[0.473s] -- Performing Test res_-Wcast-qual
[0.526s] -- Performing Test res_-Wcast-qual - Success
[0.526s] -- Performing Test res_-Wformat
[0.582s] -- Performing Test res_-Wformat - Success
[0.582s] -- Performing Test res_-Wwrite-strings
[0.636s] -- Performing Test res_-Wwrite-strings - Success
[0.636s] -- Performing Test res_-Wconversion
[0.690s] -- Performing Test res_-Wconversion - Success
[0.694s] -- Could NOT find Doxygen (missing: DOXYGEN_EXECUTABLE) 
[0.694s] -- Failed to find Doxygen, documentation will not be generated.
[0.912s] -- Default C++ standard: 201402
[0.912s] -- Minimal C++ standard upgraded to 11
[0.912s] -- C++ standard sufficient: Minimal required 11, currently defined: 14
[0.912s] -- CMAKE_CXX_STANDARD was not set: automatically set to currently defined standard 14
[0.919s] -- C++ standard sufficient: Minimal required 11, currently defined: 14
[0.930s] CMake Error at cmake/package-config.cmake:113 (find_package):
[0.930s]   By not providing "Findeigenpy.cmake" in CMAKE_MODULE_PATH this project has
[0.930s]   asked CMake to find a package configuration file provided by "eigenpy", but
[0.930s]   CMake did not find one.
[0.931s] 
[0.931s]   Could not find a package configuration file provided by "eigenpy"
[0.931s]   (requested version 2.7.10) with any of the following names:
[0.931s] 
[0.931s]     eigenpyConfig.cmake
[0.931s]     eigenpy-config.cmake
[0.931s] 
[0.931s]   Add the installation prefix of "eigenpy" to CMAKE_PREFIX_PATH or set
[0.931s]   "eigenpy_DIR" to a directory containing one of the above files.  If
[0.931s]   "eigenpy" provides a separate development package or SDK, be sure it has
[0.931s]   been installed.
[0.931s] Call Stack (most recent call first):
[0.931s]   CMakeLists.txt:82 (add_project_dependency)
[0.932s] 
[0.932s] 
[0.932s] -- Configuring incomplete, errors occurred!
[0.932s] See also "/home/zihaoye/devel/workspace/build/odri_control_interface/CMakeFiles/CMakeOutput.log".
[0.935s] Invoked command in '/home/zihaoye/devel/workspace/build/odri_control_interface' returned '1': CMAKE_MODULE_PATH=/home/zihaoye/devel/workspace/install/pybind11/share/cmake/pybind11 CMAKE_PREFIX_PATH=/home/zihaoye/devel/workspace/install/pybind11:/home/zihaoye/devel/workspace/install/mpi_cmake_modules:/home/zihaoye/devel/workspace/install/master_board_sdk:${CMAKE_PREFIX_PATH} LD_LIBRARY_PATH=/home/zihaoye/devel/workspace/install/master_board_sdk/lib:${LD_LIBRARY_PATH} PATH=/home/zihaoye/devel/workspace/install/mpi_cmake_modules/bin:/home/zihaoye/devel/workspace/install/master_board_sdk/bin:${PATH} PKG_CONFIG_PATH=/home/zihaoye/devel/workspace/install/master_board_sdk/lib/x86_64-linux-gnu/pkgconfig:/home/zihaoye/devel/workspace/install/master_board_sdk/lib/pkgconfig:${PKG_CONFIG_PATH} PS1=(myenv) \[\e]0;\u@\h: \w\a\]${debian_chroot:+($debian_chroot)}\[\033[01;32m\]\u@\h\[\033[00m\]:\[\033[01;34m\]\w\[\033[00m\]\$ PYTHONPATH=/home/zihaoye/devel/workspace/install/mpi_cmake_modules/lib/python3.8/site-packages:/home/zihaoye/devel/workspace/install/master_board_sdk/lib/python3.8/site-packages:${PYTHONPATH} /usr/bin/cmake /home/zihaoye/devel/workspace/src/odri_control_interface -DCATKIN_INSTALL_INTO_PREFIX_ROOT=0 -DCMAKE_INSTALL_PREFIX=/home/zihaoye/devel/workspace/install/odri_control_interface
