[ 31%] Built target real_time_tools
[ 37%] Built target demo_realtime_strict_check
[ 44%] Built target demo_checkpoint_timer
[ 51%] Built target demo_realtime_check
[ 58%] Built target demo_spinner
[ 65%] Built target demo_thread
[ 79%] Built target demo_usb_stream_imu_3DM_GX3_25
[ 86%] Built target test_real_time_tools
[ 93%] Built target demo_timing
[100%] Built target real_time_tools_cpp_bindings
-- Install configuration: ""
-- Up-to-date: /home/zihaoye/devel/workspace/install/real_time_tools/lib/python3.8/site-packages/real_time_tools_cpp_bindings.cpython-38-x86_64-linux-gnu.so
-- Up-to-date: /home/zihaoye/devel/workspace/install/real_time_tools/lib/python3.8/site-packages/real_time_tools/__init__.py
-- Up-to-date: /home/zihaoye/devel/workspace/install/real_time_tools/include
-- Up-to-date: /home/zihaoye/devel/workspace/install/real_time_tools/include/real_time_tools
-- Up-to-date: /home/zihaoye/devel/workspace/install/real_time_tools/include/real_time_tools/realtime_check.hpp
-- Up-to-date: /home/zihaoye/devel/workspace/install/real_time_tools/include/real_time_tools/timer.hpp
-- Up-to-date: /home/zihaoye/devel/workspace/install/real_time_tools/include/real_time_tools/thread.hpp
-- Up-to-date: /home/zihaoye/devel/workspace/install/real_time_tools/include/real_time_tools/usb_stream.hpp
-- Up-to-date: /home/zihaoye/devel/workspace/install/real_time_tools/include/real_time_tools/threadsafe
-- Up-to-date: /home/zihaoye/devel/workspace/install/real_time_tools/include/real_time_tools/threadsafe/threadsafe_object.hxx
-- Up-to-date: /home/zihaoye/devel/workspace/install/real_time_tools/include/real_time_tools/threadsafe/threadsafe_object.hpp
-- Up-to-date: /home/zihaoye/devel/workspace/install/real_time_tools/include/real_time_tools/process_manager.hpp
-- Up-to-date: /home/zihaoye/devel/workspace/install/real_time_tools/include/real_time_tools/mutex.hpp
-- Up-to-date: /home/zihaoye/devel/workspace/install/real_time_tools/include/real_time_tools/iostream.hpp
-- Up-to-date: /home/zihaoye/devel/workspace/install/real_time_tools/include/real_time_tools/spinner.hpp
-- Up-to-date: /home/zihaoye/devel/workspace/install/real_time_tools/include/real_time_tools/checkpoint_timer.hpp
-- Up-to-date: /home/zihaoye/devel/workspace/install/real_time_tools/include/real_time_tools/rt_mutex.hpp
-- Up-to-date: /home/zihaoye/devel/workspace/install/real_time_tools/include/real_time_tools/checkpoint_timer.hxx
-- Up-to-date: /home/zihaoye/devel/workspace/install/real_time_tools/include/real_time_tools/frequency_manager.hpp
-- Up-to-date: /home/zihaoye/devel/workspace/install/real_time_tools/lib/libreal_time_tools.so
-- Up-to-date: /home/zihaoye/devel/workspace/install/real_time_tools/bin/demo_realtime_check
-- Up-to-date: /home/zihaoye/devel/workspace/install/real_time_tools/bin/demo_realtime_strict_check
-- Up-to-date: /home/zihaoye/devel/workspace/install/real_time_tools/bin/demo_spinner
-- Up-to-date: /home/zihaoye/devel/workspace/install/real_time_tools/bin/demo_timing
-- Up-to-date: /home/zihaoye/devel/workspace/install/real_time_tools/bin/demo_thread
-- Up-to-date: /home/zihaoye/devel/workspace/install/real_time_tools/bin/demo_usb_stream_imu_3DM_GX3_25
-- Up-to-date: /home/zihaoye/devel/workspace/install/real_time_tools/bin/demo_checkpoint_timer
-- Up-to-date: /home/zihaoye/devel/workspace/install/real_time_tools/share/real_time_tools/cmake/real_time_toolsConfig.cmake
-- Up-to-date: /home/zihaoye/devel/workspace/install/real_time_tools/share/real_time_tools/cmake/real_time_toolsConfigVersion.cmake
-- Up-to-date: /home/zihaoye/devel/workspace/install/real_time_tools/share/real_time_tools/cmake/real_time_toolsTargets.cmake
-- Up-to-date: /home/zihaoye/devel/workspace/install/real_time_tools/share/real_time_tools/cmake/real_time_toolsTargets-noconfig.cmake
