[0.016s] Invoking command in '/home/zihaoye/devel/workspace/build/master_board_sdk': PS1=(myenv) \[\e]0;\u@\h: \w\a\]${debian_chroot:+($debian_chroot)}\[\033[01;32m\]\u@\h\[\033[00m\]:\[\033[01;34m\]\w\[\033[00m\]\$ /usr/bin/cmake --build /home/zihaoye/devel/workspace/build/master_board_sdk -- -j16 -l16
[0.021s] /usr/bin/cmake -S/home/zihaoye/devel/workspace/src/master-board/sdk/master_board_sdk -B/home/zihaoye/devel/workspace/build/master_board_sdk --check-build-system CMakeFiles/Makefile.cmake 0
[0.027s] /usr/bin/cmake -E cmake_progress_start /home/zihaoye/devel/workspace/build/master_board_sdk/CMakeFiles /home/zihaoye/devel/workspace/build/master_board_sdk/CMakeFiles/progress.marks
[0.033s] /usr/bin/make -f CMakeFiles/Makefile2 all
[0.034s] make[1]: 进入目录“/home/zihaoye/devel/workspace/build/master_board_sdk”
[0.034s] /usr/bin/make -f CMakeFiles/compile_pyc__home_zihaoye_devel_workspace_src_master-board_sdk_master_board_sdk.dir/build.make CMakeFiles/compile_pyc__home_zihaoye_devel_workspace_src_master-board_sdk_master_board_sdk.dir/depend
[0.034s] /usr/bin/make -f CMakeFiles/master_board_sdk.dir/build.make CMakeFiles/master_board_sdk.dir/depend
[0.035s] /usr/bin/make -f CMakeFiles/test_protocol.dir/build.make CMakeFiles/test_protocol.dir/depend
[0.035s] make[2]: 进入目录“/home/zihaoye/devel/workspace/build/master_board_sdk”
[0.035s] cd /home/zihaoye/devel/workspace/build/master_board_sdk && /usr/bin/cmake -E cmake_depends "Unix Makefiles" /home/zihaoye/devel/workspace/src/master-board/sdk/master_board_sdk /home/zihaoye/devel/workspace/src/master-board/sdk/master_board_sdk /home/zihaoye/devel/workspace/build/master_board_sdk /home/zihaoye/devel/workspace/build/master_board_sdk /home/zihaoye/devel/workspace/build/master_board_sdk/CMakeFiles/compile_pyc__home_zihaoye_devel_workspace_src_master-board_sdk_master_board_sdk.dir/DependInfo.cmake --color=
[0.036s] make[2]: 进入目录“/home/zihaoye/devel/workspace/build/master_board_sdk”
[0.036s] cd /home/zihaoye/devel/workspace/build/master_board_sdk && /usr/bin/cmake -E cmake_depends "Unix Makefiles" /home/zihaoye/devel/workspace/src/master-board/sdk/master_board_sdk /home/zihaoye/devel/workspace/src/master-board/sdk/master_board_sdk /home/zihaoye/devel/workspace/build/master_board_sdk /home/zihaoye/devel/workspace/build/master_board_sdk /home/zihaoye/devel/workspace/build/master_board_sdk/CMakeFiles/master_board_sdk.dir/DependInfo.cmake --color=
[0.037s] make[2]: 进入目录“/home/zihaoye/devel/workspace/build/master_board_sdk”
[0.037s] cd /home/zihaoye/devel/workspace/build/master_board_sdk && /usr/bin/cmake -E cmake_depends "Unix Makefiles" /home/zihaoye/devel/workspace/src/master-board/sdk/master_board_sdk /home/zihaoye/devel/workspace/src/master-board/sdk/master_board_sdk /home/zihaoye/devel/workspace/build/master_board_sdk /home/zihaoye/devel/workspace/build/master_board_sdk /home/zihaoye/devel/workspace/build/master_board_sdk/CMakeFiles/test_protocol.dir/DependInfo.cmake --color=
[0.043s] make[2]: 离开目录“/home/zihaoye/devel/workspace/build/master_board_sdk”
[0.043s] /usr/bin/make -f CMakeFiles/compile_pyc__home_zihaoye_devel_workspace_src_master-board_sdk_master_board_sdk.dir/build.make CMakeFiles/compile_pyc__home_zihaoye_devel_workspace_src_master-board_sdk_master_board_sdk.dir/build
[0.043s] make[2]: 进入目录“/home/zihaoye/devel/workspace/build/master_board_sdk”
[0.043s] /usr/bin/cmake -E make_directory /home/zihaoye/devel/workspace/build/master_board_sdk/example
[0.048s] make[2]: 离开目录“/home/zihaoye/devel/workspace/build/master_board_sdk”
[0.048s] make[2]: 离开目录“/home/zihaoye/devel/workspace/build/master_board_sdk”
[0.048s] /usr/bin/make -f CMakeFiles/test_protocol.dir/build.make CMakeFiles/test_protocol.dir/build
[0.048s] /usr/bin/make -f CMakeFiles/master_board_sdk.dir/build.make CMakeFiles/master_board_sdk.dir/build
[0.048s] /home/zihaoye/myenv/bin/python -c "import py_compile; py_compile.compile(\"/home/zihaoye/devel/workspace/src/master-board/sdk/master_board_sdk/example/example.py\",\"/home/zihaoye/devel/workspace/build/master_board_sdk/example/example.pyc\")"
[0.050s] make[2]: 进入目录“/home/zihaoye/devel/workspace/build/master_board_sdk”
[0.050s] make[2]: 对“CMakeFiles/test_protocol.dir/build”无需做任何事。
[0.050s] make[2]: 离开目录“/home/zihaoye/devel/workspace/build/master_board_sdk”
[0.051s] make[2]: 进入目录“/home/zihaoye/devel/workspace/build/master_board_sdk”
[0.051s] make[2]: 对“CMakeFiles/master_board_sdk.dir/build”无需做任何事。
[0.051s] make[2]: 离开目录“/home/zihaoye/devel/workspace/build/master_board_sdk”
[0.064s] [ 44%] Built target master_board_sdk
[0.064s] /usr/bin/make -f CMakeFiles/master_board_example_imu_data_collection.dir/build.make CMakeFiles/master_board_example_imu_data_collection.dir/depend
[0.065s] /usr/bin/make -f CMakeFiles/master_board_example.dir/build.make CMakeFiles/master_board_example.dir/depend
[0.065s] /usr/bin/make -f CMakeFiles/master_board_sdk_pywrap.dir/build.make CMakeFiles/master_board_sdk_pywrap.dir/depend
[0.065s] /usr/bin/make -f CMakeFiles/master_board_example_pd.dir/build.make CMakeFiles/master_board_example_pd.dir/depend
[0.065s] make[2]: 进入目录“/home/zihaoye/devel/workspace/build/master_board_sdk”
[0.065s] cd /home/zihaoye/devel/workspace/build/master_board_sdk && /usr/bin/cmake -E cmake_depends "Unix Makefiles" /home/zihaoye/devel/workspace/src/master-board/sdk/master_board_sdk /home/zihaoye/devel/workspace/src/master-board/sdk/master_board_sdk /home/zihaoye/devel/workspace/build/master_board_sdk /home/zihaoye/devel/workspace/build/master_board_sdk /home/zihaoye/devel/workspace/build/master_board_sdk/CMakeFiles/master_board_example_imu_data_collection.dir/DependInfo.cmake --color=
[0.065s] [ 55%] Built target test_protocol
[0.065s] make[2]: 进入目录“/home/zihaoye/devel/workspace/build/master_board_sdk”
[0.065s] cd /home/zihaoye/devel/workspace/build/master_board_sdk && /usr/bin/cmake -E cmake_depends "Unix Makefiles" /home/zihaoye/devel/workspace/src/master-board/sdk/master_board_sdk /home/zihaoye/devel/workspace/src/master-board/sdk/master_board_sdk /home/zihaoye/devel/workspace/build/master_board_sdk /home/zihaoye/devel/workspace/build/master_board_sdk /home/zihaoye/devel/workspace/build/master_board_sdk/CMakeFiles/master_board_example.dir/DependInfo.cmake --color=
[0.065s] make[2]: 进入目录“/home/zihaoye/devel/workspace/build/master_board_sdk”
[0.065s] cd /home/zihaoye/devel/workspace/build/master_board_sdk && /usr/bin/cmake -E cmake_depends "Unix Makefiles" /home/zihaoye/devel/workspace/src/master-board/sdk/master_board_sdk /home/zihaoye/devel/workspace/src/master-board/sdk/master_board_sdk /home/zihaoye/devel/workspace/build/master_board_sdk /home/zihaoye/devel/workspace/build/master_board_sdk /home/zihaoye/devel/workspace/build/master_board_sdk/CMakeFiles/master_board_sdk_pywrap.dir/DependInfo.cmake --color=
[0.066s] make[2]: 进入目录“/home/zihaoye/devel/workspace/build/master_board_sdk”
[0.066s] cd /home/zihaoye/devel/workspace/build/master_board_sdk && /usr/bin/cmake -E cmake_depends "Unix Makefiles" /home/zihaoye/devel/workspace/src/master-board/sdk/master_board_sdk /home/zihaoye/devel/workspace/src/master-board/sdk/master_board_sdk /home/zihaoye/devel/workspace/build/master_board_sdk /home/zihaoye/devel/workspace/build/master_board_sdk /home/zihaoye/devel/workspace/build/master_board_sdk/CMakeFiles/master_board_example_pd.dir/DependInfo.cmake --color=
[0.066s] make[2]: 离开目录“/home/zihaoye/devel/workspace/build/master_board_sdk”
[0.066s] /usr/bin/make -f CMakeFiles/master_board_example_imu_data_collection.dir/build.make CMakeFiles/master_board_example_imu_data_collection.dir/build
[0.067s] /usr/bin/cmake -E make_directory /home/zihaoye/devel/workspace/build/master_board_sdk/example
[0.067s] make[2]: 进入目录“/home/zihaoye/devel/workspace/build/master_board_sdk”
[0.068s] make[2]: 对“CMakeFiles/master_board_example_imu_data_collection.dir/build”无需做任何事。
[0.068s] make[2]: 离开目录“/home/zihaoye/devel/workspace/build/master_board_sdk”
[0.072s] make[2]: 离开目录“/home/zihaoye/devel/workspace/build/master_board_sdk”
[0.072s] make[2]: 离开目录“/home/zihaoye/devel/workspace/build/master_board_sdk”
[0.073s] make[2]: 离开目录“/home/zihaoye/devel/workspace/build/master_board_sdk”
[0.073s] /usr/bin/make -f CMakeFiles/master_board_example.dir/build.make CMakeFiles/master_board_example.dir/build
[0.073s] /usr/bin/make -f CMakeFiles/master_board_sdk_pywrap.dir/build.make CMakeFiles/master_board_sdk_pywrap.dir/build
[0.073s] /usr/bin/make -f CMakeFiles/master_board_example_pd.dir/build.make CMakeFiles/master_board_example_pd.dir/build
[0.073s] /home/zihaoye/myenv/bin/python -c "import py_compile; py_compile.compile(\"/home/zihaoye/devel/workspace/src/master-board/sdk/master_board_sdk/example/listener.py\",\"/home/zihaoye/devel/workspace/build/master_board_sdk/example/listener.pyc\")"
[0.074s] [ 66%] Built target master_board_example_imu_data_collection
[0.074s] make[2]: 进入目录“/home/zihaoye/devel/workspace/build/master_board_sdk”
[0.075s] make[2]: 对“CMakeFiles/master_board_example.dir/build”无需做任何事。
[0.075s] make[2]: 离开目录“/home/zihaoye/devel/workspace/build/master_board_sdk”
[0.075s] make[2]: 进入目录“/home/zihaoye/devel/workspace/build/master_board_sdk”
[0.075s] make[2]: 对“CMakeFiles/master_board_example_pd.dir/build”无需做任何事。
[0.075s] make[2]: 离开目录“/home/zihaoye/devel/workspace/build/master_board_sdk”
[0.078s] make[2]: 进入目录“/home/zihaoye/devel/workspace/build/master_board_sdk”
[0.078s] make[2]: 对“CMakeFiles/master_board_sdk_pywrap.dir/build”无需做任何事。
[0.078s] make[2]: 离开目录“/home/zihaoye/devel/workspace/build/master_board_sdk”
[0.081s] [ 77%] Built target master_board_example
[0.084s] [ 88%] Built target master_board_sdk_pywrap
[0.084s] [100%] Built target master_board_example_pd
[0.091s] /usr/bin/cmake -E make_directory /home/zihaoye/devel/workspace/build/master_board_sdk/example
[0.096s] /home/zihaoye/myenv/bin/python -c "import py_compile; py_compile.compile(\"/home/zihaoye/devel/workspace/src/master-board/sdk/master_board_sdk/example/com_analyser.py\",\"/home/zihaoye/devel/workspace/build/master_board_sdk/example/com_analyser.pyc\")"
[0.114s] make[2]: 离开目录“/home/zihaoye/devel/workspace/build/master_board_sdk”
[0.120s] [100%] Built target compile_pyc__home_zihaoye_devel_workspace_src_master-board_sdk_master_board_sdk
[0.121s] make[1]: 离开目录“/home/zihaoye/devel/workspace/build/master_board_sdk”
[0.121s] /usr/bin/cmake -E cmake_progress_start /home/zihaoye/devel/workspace/build/master_board_sdk/CMakeFiles 0
[0.255s] Invoked command in '/home/zihaoye/devel/workspace/build/master_board_sdk' returned '0': PS1=(myenv) \[\e]0;\u@\h: \w\a\]${debian_chroot:+($debian_chroot)}\[\033[01;32m\]\u@\h\[\033[00m\]:\[\033[01;34m\]\w\[\033[00m\]\$ /usr/bin/cmake --build /home/zihaoye/devel/workspace/build/master_board_sdk -- -j16 -l16
[0.255s] Invoking command in '/home/zihaoye/devel/workspace/build/master_board_sdk': PS1=(myenv) \[\e]0;\u@\h: \w\a\]${debian_chroot:+($debian_chroot)}\[\033[01;32m\]\u@\h\[\033[00m\]:\[\033[01;34m\]\w\[\033[00m\]\$ /usr/bin/cmake --install /home/zihaoye/devel/workspace/build/master_board_sdk
[0.265s] -- Install configuration: ""
[0.269s] /usr/bin/cmake -S/home/zihaoye/devel/workspace/src/master-board/sdk/master_board_sdk -B/home/zihaoye/devel/workspace/build/master_board_sdk --check-build-system CMakeFiles/Makefile.cmake 0
[0.274s] /usr/bin/make -f CMakeFiles/Makefile2 uninstall
[0.276s] make[1]: 进入目录“/home/zihaoye/devel/workspace/build/master_board_sdk”
[0.276s] /usr/bin/cmake -S/home/zihaoye/devel/workspace/src/master-board/sdk/master_board_sdk -B/home/zihaoye/devel/workspace/build/master_board_sdk --check-build-system CMakeFiles/Makefile.cmake 0
[0.282s] /usr/bin/cmake -E cmake_progress_start /home/zihaoye/devel/workspace/build/master_board_sdk/CMakeFiles 0
[0.287s] /usr/bin/make -f CMakeFiles/Makefile2 CMakeFiles/uninstall.dir/all
[0.289s] make[2]: 进入目录“/home/zihaoye/devel/workspace/build/master_board_sdk”
[0.289s] /usr/bin/make -f CMakeFiles/uninstall.dir/build.make CMakeFiles/uninstall.dir/depend
[0.290s] make[3]: 进入目录“/home/zihaoye/devel/workspace/build/master_board_sdk”
[0.290s] cd /home/zihaoye/devel/workspace/build/master_board_sdk && /usr/bin/cmake -E cmake_depends "Unix Makefiles" /home/zihaoye/devel/workspace/src/master-board/sdk/master_board_sdk /home/zihaoye/devel/workspace/src/master-board/sdk/master_board_sdk /home/zihaoye/devel/workspace/build/master_board_sdk /home/zihaoye/devel/workspace/build/master_board_sdk /home/zihaoye/devel/workspace/build/master_board_sdk/CMakeFiles/uninstall.dir/DependInfo.cmake --color=
[0.296s] make[3]: 离开目录“/home/zihaoye/devel/workspace/build/master_board_sdk”
[0.297s] /usr/bin/make -f CMakeFiles/uninstall.dir/build.make CMakeFiles/uninstall.dir/build
[0.298s] make[3]: 进入目录“/home/zihaoye/devel/workspace/build/master_board_sdk”
[0.298s] /usr/bin/cmake -DPACKAGE_CREATES_DOT_CATKIN=TRUE -P /home/zihaoye/devel/workspace/build/master_board_sdk/cmake/cmake_uninstall.cmake
[0.303s] -- catkin path: /home/zihaoye/devel/workspace/install/master_board_sdk/.catkin
[0.303s] -- Uninstalling "/home/zihaoye/devel/workspace/install/master_board_sdk/lib/cmake/master_board_sdk/master_board_sdkTargets-noconfig.cmake"
[0.309s] -- Uninstalling "/home/zihaoye/devel/workspace/install/master_board_sdk/lib/cmake/master_board_sdk/master_board_sdkTargets.cmake"
[0.315s] -- Uninstalling "/home/zihaoye/devel/workspace/install/master_board_sdk/lib/cmake/master_board_sdk/master_board_sdkConfigVersion.cmake"
[0.322s] -- Uninstalling "/home/zihaoye/devel/workspace/install/master_board_sdk/lib/cmake/master_board_sdk/master_board_sdkConfig.cmake"
[0.327s] -- Uninstalling "/home/zihaoye/devel/workspace/install/master_board_sdk/lib/cmake/master_board_sdk/cxx-standard.cmake"
[0.333s] -- Uninstalling "/home/zihaoye/devel/workspace/install/master_board_sdk/include/master_board_sdk/protocol.h"
[0.338s] -- Uninstalling "/home/zihaoye/devel/workspace/install/master_board_sdk/include/master_board_sdk/motor_driver.h"
[0.344s] -- Uninstalling "/home/zihaoye/devel/workspace/install/master_board_sdk/include/master_board_sdk/motor.h"
[0.349s] -- Uninstalling "/home/zihaoye/devel/workspace/install/master_board_sdk/include/master_board_sdk/master_board_interface.h"
[0.356s] -- Uninstalling "/home/zihaoye/devel/workspace/install/master_board_sdk/include/master_board_sdk/Link_types.h"
[0.362s] -- Uninstalling "/home/zihaoye/devel/workspace/install/master_board_sdk/include/master_board_sdk/Link_manager.h"
[0.369s] -- Uninstalling "/home/zihaoye/devel/workspace/install/master_board_sdk/include/master_board_sdk/ETHERNET_types.h"
[0.376s] -- Uninstalling "/home/zihaoye/devel/workspace/install/master_board_sdk/include/master_board_sdk/ETHERNET_manager.h"
[0.380s] -- Uninstalling "/home/zihaoye/devel/workspace/install/master_board_sdk/include/master_board_sdk/ESPNOW_types.h"
[0.387s] -- Uninstalling "/home/zihaoye/devel/workspace/install/master_board_sdk/include/master_board_sdk/ESPNOW_manager.h"
[0.394s] -- Uninstalling "/home/zihaoye/devel/workspace/install/master_board_sdk/include/master_board_sdk/defines.h"
[0.400s] -- Uninstalling "/home/zihaoye/devel/workspace/install/master_board_sdk/lib/pkgconfig/master_board_sdk.pc"
[0.406s] -- Uninstalling "/home/zihaoye/devel/workspace/install/master_board_sdk/share/master_board_sdk/hook/python_path.dsv"
[0.412s] -- Uninstalling "/home/zihaoye/devel/workspace/install/master_board_sdk/share/master_board_sdk/hook/ament_prefix_path.dsv"
[0.418s] -- Uninstalling "/home/zihaoye/devel/workspace/install/master_board_sdk/share/ament_index/resource_index/packages/master_board_sdk"
[0.424s] -- Uninstalling "/home/zihaoye/devel/workspace/install/master_board_sdk/bin/master_board_example_imu_data_collection"
[0.430s] -- Uninstalling "/home/zihaoye/devel/workspace/install/master_board_sdk/bin/master_board_example_pd"
[0.436s] -- Uninstalling "/home/zihaoye/devel/workspace/install/master_board_sdk/bin/master_board_example"
[0.442s] -- Uninstalling "/home/zihaoye/devel/workspace/install/master_board_sdk/lib/python3.8/site-packages/libmaster_board_sdk_pywrap.cpython-38-x86_64-linux-gnu.so"
[0.448s] -- Uninstalling "/home/zihaoye/devel/workspace/install/master_board_sdk/share/master_board_sdk/package.xml"
[0.454s] -- Uninstalling "/home/zihaoye/devel/workspace/install/master_board_sdk/lib/libmaster_board_sdk.so"
[0.461s] -- Uninstalling "/home/zihaoye/devel/workspace/install/master_board_sdk/include/master/board/sdk/warning.hh"
[0.467s] -- Uninstalling "/home/zihaoye/devel/workspace/install/master_board_sdk/include/master/board/sdk/deprecated.hh"
[0.473s] -- Uninstalling "/home/zihaoye/devel/workspace/install/master_board_sdk/include/master/board/sdk/config.hh"
[0.487s] make[3]: 离开目录“/home/zihaoye/devel/workspace/build/master_board_sdk”
[0.495s] Built target uninstall
[0.497s] make[2]: 离开目录“/home/zihaoye/devel/workspace/build/master_board_sdk”
[0.497s] /usr/bin/cmake -E cmake_progress_start /home/zihaoye/devel/workspace/build/master_board_sdk/CMakeFiles 0
[0.499s] make[1]: 离开目录“/home/zihaoye/devel/workspace/build/master_board_sdk”
[0.501s] -- Installing: /home/zihaoye/devel/workspace/install/master_board_sdk/include/master/board/sdk/config.hh
[0.501s] -- Installing: /home/zihaoye/devel/workspace/install/master_board_sdk/include/master/board/sdk/deprecated.hh
[0.501s] -- Installing: /home/zihaoye/devel/workspace/install/master_board_sdk/include/master/board/sdk/warning.hh
[0.501s] -- Installing: /home/zihaoye/devel/workspace/install/master_board_sdk/lib/libmaster_board_sdk.so
[0.501s] -- Installing: /home/zihaoye/devel/workspace/install/master_board_sdk/share/master_board_sdk/package.xml
[0.501s] -- Installing: /home/zihaoye/devel/workspace/install/master_board_sdk/lib/python3.8/site-packages/libmaster_board_sdk_pywrap.cpython-38-x86_64-linux-gnu.so
[0.502s] -- Set runtime path of "/home/zihaoye/devel/workspace/install/master_board_sdk/lib/python3.8/site-packages/libmaster_board_sdk_pywrap.cpython-38-x86_64-linux-gnu.so" to "$ORIGIN/../../../lib"
[0.502s] -- Installing: /home/zihaoye/devel/workspace/install/master_board_sdk/bin/master_board_example
[0.502s] -- Set runtime path of "/home/zihaoye/devel/workspace/install/master_board_sdk/bin/master_board_example" to "/home/zihaoye/devel/workspace/install/master_board_sdk/lib"
[0.502s] -- Installing: /home/zihaoye/devel/workspace/install/master_board_sdk/bin/master_board_example_pd
[0.503s] -- Set runtime path of "/home/zihaoye/devel/workspace/install/master_board_sdk/bin/master_board_example_pd" to "/home/zihaoye/devel/workspace/install/master_board_sdk/lib"
[0.503s] -- Installing: /home/zihaoye/devel/workspace/install/master_board_sdk/bin/master_board_example_imu_data_collection
[0.503s] -- Set runtime path of "/home/zihaoye/devel/workspace/install/master_board_sdk/bin/master_board_example_imu_data_collection" to ""
[0.503s] -- Installing: /home/zihaoye/devel/workspace/install/master_board_sdk/share/ament_index/resource_index/packages/master_board_sdk
[0.503s] -- Installing: /home/zihaoye/devel/workspace/install/master_board_sdk/share/master_board_sdk/hook/ament_prefix_path.dsv
[0.503s] -- Installing: /home/zihaoye/devel/workspace/install/master_board_sdk/share/master_board_sdk/hook/python_path.dsv
[0.503s] -- Installing: /home/zihaoye/devel/workspace/install/master_board_sdk/lib/pkgconfig/master_board_sdk.pc
[0.503s] -- Installing: /home/zihaoye/devel/workspace/install/master_board_sdk/include/master_board_sdk/defines.h
[0.503s] -- Installing: /home/zihaoye/devel/workspace/install/master_board_sdk/include/master_board_sdk/ESPNOW_manager.h
[0.503s] -- Installing: /home/zihaoye/devel/workspace/install/master_board_sdk/include/master_board_sdk/ESPNOW_types.h
[0.503s] -- Installing: /home/zihaoye/devel/workspace/install/master_board_sdk/include/master_board_sdk/ETHERNET_manager.h
[0.504s] -- Installing: /home/zihaoye/devel/workspace/install/master_board_sdk/include/master_board_sdk/ETHERNET_types.h
[0.504s] -- Installing: /home/zihaoye/devel/workspace/install/master_board_sdk/include/master_board_sdk/Link_manager.h
[0.504s] -- Installing: /home/zihaoye/devel/workspace/install/master_board_sdk/include/master_board_sdk/Link_types.h
[0.504s] -- Installing: /home/zihaoye/devel/workspace/install/master_board_sdk/include/master_board_sdk/master_board_interface.h
[0.504s] -- Installing: /home/zihaoye/devel/workspace/install/master_board_sdk/include/master_board_sdk/motor.h
[0.504s] -- Installing: /home/zihaoye/devel/workspace/install/master_board_sdk/include/master_board_sdk/motor_driver.h
[0.504s] -- Installing: /home/zihaoye/devel/workspace/install/master_board_sdk/include/master_board_sdk/protocol.h
[0.504s] -- Installing: /home/zihaoye/devel/workspace/install/master_board_sdk/lib/cmake/master_board_sdk/cxx-standard.cmake
[0.504s] -- Installing: /home/zihaoye/devel/workspace/install/master_board_sdk/lib/cmake/master_board_sdk/master_board_sdkConfig.cmake
[0.504s] -- Installing: /home/zihaoye/devel/workspace/install/master_board_sdk/lib/cmake/master_board_sdk/master_board_sdkConfigVersion.cmake
[0.505s] -- Installing: /home/zihaoye/devel/workspace/install/master_board_sdk/lib/cmake/master_board_sdk/master_board_sdkTargets.cmake
[0.505s] -- Installing: /home/zihaoye/devel/workspace/install/master_board_sdk/lib/cmake/master_board_sdk/master_board_sdkTargets-noconfig.cmake
[0.505s] Invoked command in '/home/zihaoye/devel/workspace/build/master_board_sdk' returned '0': PS1=(myenv) \[\e]0;\u@\h: \w\a\]${debian_chroot:+($debian_chroot)}\[\033[01;32m\]\u@\h\[\033[00m\]:\[\033[01;34m\]\w\[\033[00m\]\$ /usr/bin/cmake --install /home/zihaoye/devel/workspace/build/master_board_sdk
