[0.008s] Invoking command in '/home/zihaoye/devel/workspace/build/real_time_tools': CMAKE_MODULE_PATH=/home/zihaoye/devel/workspace/install/pybind11/share/cmake/pybind11 CMAKE_PREFIX_PATH=/home/zihaoye/devel/workspace/install/pybind11:/home/zihaoye/devel/workspace/install/mpi_cmake_modules:/home/zihaoye/devel/workspace/install/googletest-distribution:${CMAKE_PREFIX_PATH} PATH=/home/zihaoye/devel/workspace/install/mpi_cmake_modules/bin:${PATH} PS1=(myenv) \[\e]0;\u@\h: \w\a\]${debian_chroot:+($debian_chroot)}\[\033[01;32m\]\u@\h\[\033[00m\]:\[\033[01;34m\]\w\[\033[00m\]\$ PYTHONPATH=/home/zihaoye/devel/workspace/install/mpi_cmake_modules/lib/python3.8/site-packages:${PYTHONPATH} /usr/bin/cmake /home/zihaoye/devel/workspace/src/real_time_tools -DCMAKE_INSTALL_PREFIX=/home/zihaoye/devel/workspace/install/real_time_tools
[0.049s] -- The C compiler identification is GNU 9.4.0
[0.084s] -- The CXX compiler identification is GNU 9.4.0
[0.087s] -- Check for working C compiler: /usr/bin/cc
[0.134s] -- Check for working C compiler: /usr/bin/cc -- works
[0.134s] -- Detecting C compiler ABI info
[0.184s] -- Detecting C compiler ABI info - done
[0.191s] -- Detecting C compile features
[0.191s] -- Detecting C compile features - done
[0.192s] -- Check for working CXX compiler: /usr/bin/c++
[0.245s] -- Check for working CXX compiler: /usr/bin/c++ -- works
[0.246s] -- Detecting CXX compiler ABI info
[0.300s] -- Detecting CXX compiler ABI info - done
[0.307s] -- Detecting CXX compile features
[0.307s] -- Detecting CXX compile features - done
[0.309s] -- The OS type is non-real-time
[0.311s] -- Python version: Python 3.8.10
[0.311s] 
[0.327s] -- Found PythonInterp: /home/zihaoye/myenv/bin/python (found suitable version "3.8.10", minimum required is "3.6") 
[0.350s] -- Found PythonLibs: /usr/lib/x86_64-linux-gnu/libpython3.8.so
[0.351s] -- Performing Test HAS_FLTO
[0.439s] -- Performing Test HAS_FLTO - Success
[0.439s] -- Found pybind11: /home/zihaoye/devel/workspace/install/pybind11/include (found version "2.10.0")
[0.446s] -- Found Boost: /usr/lib/x86_64-linux-gnu/cmake/Boost-1.71.0/BoostConfig.cmake (found version "1.71.0") found components: filesystem 
[0.447s] -- Looking for pthread.h
[0.496s] -- Looking for pthread.h - found
[0.496s] -- Performing Test CMAKE_HAVE_LIBC_PTHREAD
[0.545s] -- Performing Test CMAKE_HAVE_LIBC_PTHREAD - Failed
[0.545s] -- Looking for pthread_create in pthreads
[0.587s] -- Looking for pthread_create in pthreads - not found
[0.587s] -- Looking for pthread_create in pthread
[0.634s] -- Looking for pthread_create in pthread - found
[0.635s] -- Found Threads: TRUE  
[0.635s] -- The OS type is non-real-time
[0.696s] -- Found Python: /home/zihaoye/myenv/bin/python (found version "3.8.10") found components: Interpreter 
[0.720s] -- Configuring done
[0.734s] -- Generating done
[0.739s] -- Build files have been written to: /home/zihaoye/devel/workspace/build/real_time_tools
[0.744s] Invoked command in '/home/zihaoye/devel/workspace/build/real_time_tools' returned '0': CMAKE_MODULE_PATH=/home/zihaoye/devel/workspace/install/pybind11/share/cmake/pybind11 CMAKE_PREFIX_PATH=/home/zihaoye/devel/workspace/install/pybind11:/home/zihaoye/devel/workspace/install/mpi_cmake_modules:/home/zihaoye/devel/workspace/install/googletest-distribution:${CMAKE_PREFIX_PATH} PATH=/home/zihaoye/devel/workspace/install/mpi_cmake_modules/bin:${PATH} PS1=(myenv) \[\e]0;\u@\h: \w\a\]${debian_chroot:+($debian_chroot)}\[\033[01;32m\]\u@\h\[\033[00m\]:\[\033[01;34m\]\w\[\033[00m\]\$ PYTHONPATH=/home/zihaoye/devel/workspace/install/mpi_cmake_modules/lib/python3.8/site-packages:${PYTHONPATH} /usr/bin/cmake /home/zihaoye/devel/workspace/src/real_time_tools -DCMAKE_INSTALL_PREFIX=/home/zihaoye/devel/workspace/install/real_time_tools
[0.744s] Invoking command in '/home/zihaoye/devel/workspace/build/real_time_tools': CMAKE_MODULE_PATH=/home/zihaoye/devel/workspace/install/pybind11/share/cmake/pybind11 CMAKE_PREFIX_PATH=/home/zihaoye/devel/workspace/install/pybind11:/home/zihaoye/devel/workspace/install/mpi_cmake_modules:/home/zihaoye/devel/workspace/install/googletest-distribution:${CMAKE_PREFIX_PATH} PATH=/home/zihaoye/devel/workspace/install/mpi_cmake_modules/bin:${PATH} PS1=(myenv) \[\e]0;\u@\h: \w\a\]${debian_chroot:+($debian_chroot)}\[\033[01;32m\]\u@\h\[\033[00m\]:\[\033[01;34m\]\w\[\033[00m\]\$ PYTHONPATH=/home/zihaoye/devel/workspace/install/mpi_cmake_modules/lib/python3.8/site-packages:${PYTHONPATH} /usr/bin/cmake --build /home/zihaoye/devel/workspace/build/real_time_tools -- -j16 -l16
[0.772s] [35m[1mScanning dependencies of target real_time_tools[0m
[0.782s] [  6%] [32mBuilding CXX object CMakeFiles/real_time_tools.dir/src/realtime_check.cpp.o[0m
[0.782s] [  6%] [32mBuilding CXX object CMakeFiles/real_time_tools.dir/src/thread.cpp.o[0m
[0.782s] [ 10%] [32mBuilding CXX object CMakeFiles/real_time_tools.dir/src/spinner.cpp.o[0m
[0.785s] [ 13%] [32mBuilding CXX object CMakeFiles/real_time_tools.dir/src/frequency_manager.cpp.o[0m
[0.786s] [ 17%] [32mBuilding CXX object CMakeFiles/real_time_tools.dir/src/usb_stream.cpp.o[0m
[0.786s] [ 24%] [32mBuilding CXX object CMakeFiles/real_time_tools.dir/src/timer.cpp.o[0m
[0.786s] [ 24%] [32mBuilding CXX object CMakeFiles/real_time_tools.dir/src/iostream.cpp.o[0m
[0.787s] [ 27%] [32mBuilding CXX object CMakeFiles/real_time_tools.dir/src/process_manager.cpp.o[0m
[1.768s] [ 31%] [32m[1mLinking CXX shared library libreal_time_tools.so[0m
[1.797s] /usr/bin/ld: 找不到 -ledit
[1.797s] collect2: error: ld returned 1 exit status
[1.798s] make[2]: *** [CMakeFiles/real_time_tools.dir/build.make:190：libreal_time_tools.so] 错误 1
[1.798s] make[1]: *** [CMakeFiles/Makefile2:771：CMakeFiles/real_time_tools.dir/all] 错误 2
[1.799s] make: *** [Makefile:141：all] 错误 2
