[0.017s] Invoking command in '/home/zihaoye/devel/workspace/build/master_board_sdk': PS1=(myenv) \[\e]0;\u@\h: \w\a\]${debian_chroot:+($debian_chroot)}\[\033[01;32m\]\u@\h\[\033[00m\]:\[\033[01;34m\]\w\[\033[00m\]\$ /usr/bin/cmake --build /home/zihaoye/devel/workspace/build/master_board_sdk -- -j16 -l16
[0.023s] /usr/bin/cmake -S/home/zihaoye/devel/workspace/src/master-board/sdk/master_board_sdk -B/home/zihaoye/devel/workspace/build/master_board_sdk --check-build-system CMakeFiles/Makefile.cmake 0
[0.029s] /usr/bin/cmake -E cmake_progress_start /home/zihaoye/devel/workspace/build/master_board_sdk/CMakeFiles /home/zihaoye/devel/workspace/build/master_board_sdk/CMakeFiles/progress.marks
[0.034s] /usr/bin/make -f CMakeFiles/Makefile2 all
[0.036s] make[1]: 进入目录“/home/zihaoye/devel/workspace/build/master_board_sdk”
[0.036s] /usr/bin/make -f CMakeFiles/compile_pyc__home_zihaoye_devel_workspace_src_master-board_sdk_master_board_sdk.dir/build.make CMakeFiles/compile_pyc__home_zihaoye_devel_workspace_src_master-board_sdk_master_board_sdk.dir/depend
[0.036s] /usr/bin/make -f CMakeFiles/master_board_sdk.dir/build.make CMakeFiles/master_board_sdk.dir/depend
[0.036s] /usr/bin/make -f CMakeFiles/test_protocol.dir/build.make CMakeFiles/test_protocol.dir/depend
[0.037s] make[2]: 进入目录“/home/zihaoye/devel/workspace/build/master_board_sdk”
[0.037s] cd /home/zihaoye/devel/workspace/build/master_board_sdk && /usr/bin/cmake -E cmake_depends "Unix Makefiles" /home/zihaoye/devel/workspace/src/master-board/sdk/master_board_sdk /home/zihaoye/devel/workspace/src/master-board/sdk/master_board_sdk /home/zihaoye/devel/workspace/build/master_board_sdk /home/zihaoye/devel/workspace/build/master_board_sdk /home/zihaoye/devel/workspace/build/master_board_sdk/CMakeFiles/compile_pyc__home_zihaoye_devel_workspace_src_master-board_sdk_master_board_sdk.dir/DependInfo.cmake --color=
[0.037s] make[2]: 进入目录“/home/zihaoye/devel/workspace/build/master_board_sdk”
[0.037s] cd /home/zihaoye/devel/workspace/build/master_board_sdk && /usr/bin/cmake -E cmake_depends "Unix Makefiles" /home/zihaoye/devel/workspace/src/master-board/sdk/master_board_sdk /home/zihaoye/devel/workspace/src/master-board/sdk/master_board_sdk /home/zihaoye/devel/workspace/build/master_board_sdk /home/zihaoye/devel/workspace/build/master_board_sdk /home/zihaoye/devel/workspace/build/master_board_sdk/CMakeFiles/master_board_sdk.dir/DependInfo.cmake --color=
[0.038s] make[2]: 进入目录“/home/zihaoye/devel/workspace/build/master_board_sdk”
[0.038s] cd /home/zihaoye/devel/workspace/build/master_board_sdk && /usr/bin/cmake -E cmake_depends "Unix Makefiles" /home/zihaoye/devel/workspace/src/master-board/sdk/master_board_sdk /home/zihaoye/devel/workspace/src/master-board/sdk/master_board_sdk /home/zihaoye/devel/workspace/build/master_board_sdk /home/zihaoye/devel/workspace/build/master_board_sdk /home/zihaoye/devel/workspace/build/master_board_sdk/CMakeFiles/test_protocol.dir/DependInfo.cmake --color=
[0.043s] make[2]: 离开目录“/home/zihaoye/devel/workspace/build/master_board_sdk”
[0.043s] make[2]: 离开目录“/home/zihaoye/devel/workspace/build/master_board_sdk”
[0.043s] /usr/bin/make -f CMakeFiles/compile_pyc__home_zihaoye_devel_workspace_src_master-board_sdk_master_board_sdk.dir/build.make CMakeFiles/compile_pyc__home_zihaoye_devel_workspace_src_master-board_sdk_master_board_sdk.dir/build
[0.043s] /usr/bin/make -f CMakeFiles/master_board_sdk.dir/build.make CMakeFiles/master_board_sdk.dir/build
[0.044s] make[2]: 进入目录“/home/zihaoye/devel/workspace/build/master_board_sdk”
[0.044s] /usr/bin/cmake -E make_directory /home/zihaoye/devel/workspace/build/master_board_sdk/example
[0.045s] make[2]: 进入目录“/home/zihaoye/devel/workspace/build/master_board_sdk”
[0.045s] make[2]: 对“CMakeFiles/master_board_sdk.dir/build”无需做任何事。
[0.045s] make[2]: 离开目录“/home/zihaoye/devel/workspace/build/master_board_sdk”
[0.049s] make[2]: 离开目录“/home/zihaoye/devel/workspace/build/master_board_sdk”
[0.049s] /usr/bin/make -f CMakeFiles/test_protocol.dir/build.make CMakeFiles/test_protocol.dir/build
[0.049s] /home/zihaoye/myenv/bin/python -c "import py_compile; py_compile.compile(\"/home/zihaoye/devel/workspace/src/master-board/sdk/master_board_sdk/example/example.py\",\"/home/zihaoye/devel/workspace/build/master_board_sdk/example/example.pyc\")"
[0.060s] make[2]: 进入目录“/home/zihaoye/devel/workspace/build/master_board_sdk”
[0.060s] make[2]: 对“CMakeFiles/test_protocol.dir/build”无需做任何事。
[0.061s] make[2]: 离开目录“/home/zihaoye/devel/workspace/build/master_board_sdk”
[0.064s] [ 44%] Built target master_board_sdk
[0.064s] /usr/bin/make -f CMakeFiles/master_board_example_imu_data_collection.dir/build.make CMakeFiles/master_board_example_imu_data_collection.dir/depend
[0.064s] /usr/bin/make -f CMakeFiles/master_board_example.dir/build.make CMakeFiles/master_board_example.dir/depend
[0.064s] /usr/bin/make -f CMakeFiles/master_board_sdk_pywrap.dir/build.make CMakeFiles/master_board_sdk_pywrap.dir/depend
[0.064s] /usr/bin/make -f CMakeFiles/master_board_example_pd.dir/build.make CMakeFiles/master_board_example_pd.dir/depend
[0.064s] make[2]: 进入目录“/home/zihaoye/devel/workspace/build/master_board_sdk”
[0.064s] cd /home/zihaoye/devel/workspace/build/master_board_sdk && /usr/bin/cmake -E cmake_depends "Unix Makefiles" /home/zihaoye/devel/workspace/src/master-board/sdk/master_board_sdk /home/zihaoye/devel/workspace/src/master-board/sdk/master_board_sdk /home/zihaoye/devel/workspace/build/master_board_sdk /home/zihaoye/devel/workspace/build/master_board_sdk /home/zihaoye/devel/workspace/build/master_board_sdk/CMakeFiles/master_board_example_imu_data_collection.dir/DependInfo.cmake --color=
[0.065s] make[2]: 进入目录“/home/zihaoye/devel/workspace/build/master_board_sdk”
[0.065s] cd /home/zihaoye/devel/workspace/build/master_board_sdk && /usr/bin/cmake -E cmake_depends "Unix Makefiles" /home/zihaoye/devel/workspace/src/master-board/sdk/master_board_sdk /home/zihaoye/devel/workspace/src/master-board/sdk/master_board_sdk /home/zihaoye/devel/workspace/build/master_board_sdk /home/zihaoye/devel/workspace/build/master_board_sdk /home/zihaoye/devel/workspace/build/master_board_sdk/CMakeFiles/master_board_example.dir/DependInfo.cmake --color=
[0.065s] make[2]: 进入目录“/home/zihaoye/devel/workspace/build/master_board_sdk”
[0.065s] cd /home/zihaoye/devel/workspace/build/master_board_sdk && /usr/bin/cmake -E cmake_depends "Unix Makefiles" /home/zihaoye/devel/workspace/src/master-board/sdk/master_board_sdk /home/zihaoye/devel/workspace/src/master-board/sdk/master_board_sdk /home/zihaoye/devel/workspace/build/master_board_sdk /home/zihaoye/devel/workspace/build/master_board_sdk /home/zihaoye/devel/workspace/build/master_board_sdk/CMakeFiles/master_board_sdk_pywrap.dir/DependInfo.cmake --color=
[0.065s] make[2]: 进入目录“/home/zihaoye/devel/workspace/build/master_board_sdk”
[0.065s] cd /home/zihaoye/devel/workspace/build/master_board_sdk && /usr/bin/cmake -E cmake_depends "Unix Makefiles" /home/zihaoye/devel/workspace/src/master-board/sdk/master_board_sdk /home/zihaoye/devel/workspace/src/master-board/sdk/master_board_sdk /home/zihaoye/devel/workspace/build/master_board_sdk /home/zihaoye/devel/workspace/build/master_board_sdk /home/zihaoye/devel/workspace/build/master_board_sdk/CMakeFiles/master_board_example_pd.dir/DependInfo.cmake --color=
[0.065s] [ 55%] Built target test_protocol
[0.065s] make[2]: 离开目录“/home/zihaoye/devel/workspace/build/master_board_sdk”
[0.065s] /usr/bin/make -f CMakeFiles/master_board_example_imu_data_collection.dir/build.make CMakeFiles/master_board_example_imu_data_collection.dir/build
[0.067s] make[2]: 离开目录“/home/zihaoye/devel/workspace/build/master_board_sdk”
[0.067s] make[2]: 进入目录“/home/zihaoye/devel/workspace/build/master_board_sdk”
[0.067s] make[2]: 对“CMakeFiles/master_board_example_imu_data_collection.dir/build”无需做任何事。
[0.067s] make[2]: 离开目录“/home/zihaoye/devel/workspace/build/master_board_sdk”
[0.068s] /usr/bin/make -f CMakeFiles/master_board_example.dir/build.make CMakeFiles/master_board_example.dir/build
[0.068s] make[2]: 进入目录“/home/zihaoye/devel/workspace/build/master_board_sdk”
[0.068s] make[2]: 对“CMakeFiles/master_board_example.dir/build”无需做任何事。
[0.068s] make[2]: 离开目录“/home/zihaoye/devel/workspace/build/master_board_sdk”
[0.069s] /usr/bin/cmake -E make_directory /home/zihaoye/devel/workspace/build/master_board_sdk/example
[0.071s] make[2]: 离开目录“/home/zihaoye/devel/workspace/build/master_board_sdk”
[0.071s] make[2]: 离开目录“/home/zihaoye/devel/workspace/build/master_board_sdk”
[0.071s] /usr/bin/make -f CMakeFiles/master_board_sdk_pywrap.dir/build.make CMakeFiles/master_board_sdk_pywrap.dir/build
[0.071s] /usr/bin/make -f CMakeFiles/master_board_example_pd.dir/build.make CMakeFiles/master_board_example_pd.dir/build
[0.072s] [ 66%] Built target master_board_example_imu_data_collection
[0.073s] make[2]: 进入目录“/home/zihaoye/devel/workspace/build/master_board_sdk”
[0.073s] make[2]: 对“CMakeFiles/master_board_example_pd.dir/build”无需做任何事。
[0.073s] make[2]: 离开目录“/home/zihaoye/devel/workspace/build/master_board_sdk”
[0.073s] [ 77%] Built target master_board_example
[0.074s] /home/zihaoye/myenv/bin/python -c "import py_compile; py_compile.compile(\"/home/zihaoye/devel/workspace/src/master-board/sdk/master_board_sdk/example/listener.py\",\"/home/zihaoye/devel/workspace/build/master_board_sdk/example/listener.pyc\")"
[0.077s] make[2]: 进入目录“/home/zihaoye/devel/workspace/build/master_board_sdk”
[0.077s] make[2]: 对“CMakeFiles/master_board_sdk_pywrap.dir/build”无需做任何事。
[0.077s] make[2]: 离开目录“/home/zihaoye/devel/workspace/build/master_board_sdk”
[0.079s] [ 88%] Built target master_board_example_pd
[0.083s] [100%] Built target master_board_sdk_pywrap
[0.091s] /usr/bin/cmake -E make_directory /home/zihaoye/devel/workspace/build/master_board_sdk/example
[0.097s] /home/zihaoye/myenv/bin/python -c "import py_compile; py_compile.compile(\"/home/zihaoye/devel/workspace/src/master-board/sdk/master_board_sdk/example/com_analyser.py\",\"/home/zihaoye/devel/workspace/build/master_board_sdk/example/com_analyser.pyc\")"
[0.114s] make[2]: 离开目录“/home/zihaoye/devel/workspace/build/master_board_sdk”
[0.121s] [100%] Built target compile_pyc__home_zihaoye_devel_workspace_src_master-board_sdk_master_board_sdk
[0.122s] make[1]: 离开目录“/home/zihaoye/devel/workspace/build/master_board_sdk”
[0.122s] /usr/bin/cmake -E cmake_progress_start /home/zihaoye/devel/workspace/build/master_board_sdk/CMakeFiles 0
[0.242s] Invoked command in '/home/zihaoye/devel/workspace/build/master_board_sdk' returned '0': PS1=(myenv) \[\e]0;\u@\h: \w\a\]${debian_chroot:+($debian_chroot)}\[\033[01;32m\]\u@\h\[\033[00m\]:\[\033[01;34m\]\w\[\033[00m\]\$ /usr/bin/cmake --build /home/zihaoye/devel/workspace/build/master_board_sdk -- -j16 -l16
[0.243s] Invoking command in '/home/zihaoye/devel/workspace/build/master_board_sdk': PS1=(myenv) \[\e]0;\u@\h: \w\a\]${debian_chroot:+($debian_chroot)}\[\033[01;32m\]\u@\h\[\033[00m\]:\[\033[01;34m\]\w\[\033[00m\]\$ /usr/bin/cmake --install /home/zihaoye/devel/workspace/build/master_board_sdk
[0.253s] -- Install configuration: ""
[0.257s] /usr/bin/cmake -S/home/zihaoye/devel/workspace/src/master-board/sdk/master_board_sdk -B/home/zihaoye/devel/workspace/build/master_board_sdk --check-build-system CMakeFiles/Makefile.cmake 0
[0.263s] /usr/bin/make -f CMakeFiles/Makefile2 uninstall
[0.265s] make[1]: 进入目录“/home/zihaoye/devel/workspace/build/master_board_sdk”
[0.266s] /usr/bin/cmake -S/home/zihaoye/devel/workspace/src/master-board/sdk/master_board_sdk -B/home/zihaoye/devel/workspace/build/master_board_sdk --check-build-system CMakeFiles/Makefile.cmake 0
[0.272s] /usr/bin/cmake -E cmake_progress_start /home/zihaoye/devel/workspace/build/master_board_sdk/CMakeFiles 0
[0.276s] /usr/bin/make -f CMakeFiles/Makefile2 CMakeFiles/uninstall.dir/all
[0.278s] make[2]: 进入目录“/home/zihaoye/devel/workspace/build/master_board_sdk”
[0.278s] /usr/bin/make -f CMakeFiles/uninstall.dir/build.make CMakeFiles/uninstall.dir/depend
[0.279s] make[3]: 进入目录“/home/zihaoye/devel/workspace/build/master_board_sdk”
[0.279s] cd /home/zihaoye/devel/workspace/build/master_board_sdk && /usr/bin/cmake -E cmake_depends "Unix Makefiles" /home/zihaoye/devel/workspace/src/master-board/sdk/master_board_sdk /home/zihaoye/devel/workspace/src/master-board/sdk/master_board_sdk /home/zihaoye/devel/workspace/build/master_board_sdk /home/zihaoye/devel/workspace/build/master_board_sdk /home/zihaoye/devel/workspace/build/master_board_sdk/CMakeFiles/uninstall.dir/DependInfo.cmake --color=
[0.286s] make[3]: 离开目录“/home/zihaoye/devel/workspace/build/master_board_sdk”
[0.286s] /usr/bin/make -f CMakeFiles/uninstall.dir/build.make CMakeFiles/uninstall.dir/build
[0.288s] make[3]: 进入目录“/home/zihaoye/devel/workspace/build/master_board_sdk”
[0.288s] /usr/bin/cmake -DPACKAGE_CREATES_DOT_CATKIN=TRUE -P /home/zihaoye/devel/workspace/build/master_board_sdk/cmake/cmake_uninstall.cmake
[0.293s] -- catkin path: /home/zihaoye/devel/workspace/install/master_board_sdk/.catkin
[0.293s] -- Uninstalling "/home/zihaoye/devel/workspace/install/master_board_sdk/lib/cmake/master_board_sdk/master_board_sdkTargets-noconfig.cmake"
[0.299s] -- Uninstalling "/home/zihaoye/devel/workspace/install/master_board_sdk/lib/cmake/master_board_sdk/master_board_sdkTargets.cmake"
[0.305s] -- Uninstalling "/home/zihaoye/devel/workspace/install/master_board_sdk/lib/cmake/master_board_sdk/master_board_sdkConfigVersion.cmake"
[0.310s] -- Uninstalling "/home/zihaoye/devel/workspace/install/master_board_sdk/lib/cmake/master_board_sdk/master_board_sdkConfig.cmake"
[0.318s] -- Uninstalling "/home/zihaoye/devel/workspace/install/master_board_sdk/lib/cmake/master_board_sdk/cxx-standard.cmake"
[0.327s] -- Uninstalling "/home/zihaoye/devel/workspace/install/master_board_sdk/include/master_board_sdk/protocol.h"
[0.336s] -- Uninstalling "/home/zihaoye/devel/workspace/install/master_board_sdk/include/master_board_sdk/motor_driver.h"
[0.344s] -- Uninstalling "/home/zihaoye/devel/workspace/install/master_board_sdk/include/master_board_sdk/motor.h"
[0.350s] -- Uninstalling "/home/zihaoye/devel/workspace/install/master_board_sdk/include/master_board_sdk/master_board_interface.h"
[0.356s] -- Uninstalling "/home/zihaoye/devel/workspace/install/master_board_sdk/include/master_board_sdk/Link_types.h"
[0.362s] -- Uninstalling "/home/zihaoye/devel/workspace/install/master_board_sdk/include/master_board_sdk/Link_manager.h"
[0.367s] -- Uninstalling "/home/zihaoye/devel/workspace/install/master_board_sdk/include/master_board_sdk/ETHERNET_types.h"
[0.373s] -- Uninstalling "/home/zihaoye/devel/workspace/install/master_board_sdk/include/master_board_sdk/ETHERNET_manager.h"
[0.379s] -- Uninstalling "/home/zihaoye/devel/workspace/install/master_board_sdk/include/master_board_sdk/ESPNOW_types.h"
[0.385s] -- Uninstalling "/home/zihaoye/devel/workspace/install/master_board_sdk/include/master_board_sdk/ESPNOW_manager.h"
[0.390s] -- Uninstalling "/home/zihaoye/devel/workspace/install/master_board_sdk/include/master_board_sdk/defines.h"
[0.396s] -- Uninstalling "/home/zihaoye/devel/workspace/install/master_board_sdk/lib/pkgconfig/master_board_sdk.pc"
[0.402s] -- Uninstalling "/home/zihaoye/devel/workspace/install/master_board_sdk/share/master_board_sdk/hook/python_path.dsv"
[0.408s] -- Uninstalling "/home/zihaoye/devel/workspace/install/master_board_sdk/share/master_board_sdk/hook/ament_prefix_path.dsv"
[0.413s] -- Uninstalling "/home/zihaoye/devel/workspace/install/master_board_sdk/share/ament_index/resource_index/packages/master_board_sdk"
[0.419s] -- Uninstalling "/home/zihaoye/devel/workspace/install/master_board_sdk/bin/master_board_example_imu_data_collection"
[0.424s] -- Uninstalling "/home/zihaoye/devel/workspace/install/master_board_sdk/bin/master_board_example_pd"
[0.430s] -- Uninstalling "/home/zihaoye/devel/workspace/install/master_board_sdk/bin/master_board_example"
[0.436s] -- Uninstalling "/home/zihaoye/devel/workspace/install/master_board_sdk/lib/python3.8/site-packages/libmaster_board_sdk_pywrap.cpython-38-x86_64-linux-gnu.so"
[0.441s] -- Uninstalling "/home/zihaoye/devel/workspace/install/master_board_sdk/share/master_board_sdk/package.xml"
[0.446s] -- Uninstalling "/home/zihaoye/devel/workspace/install/master_board_sdk/lib/libmaster_board_sdk.so"
[0.452s] -- Uninstalling "/home/zihaoye/devel/workspace/install/master_board_sdk/include/master/board/sdk/warning.hh"
[0.458s] -- Uninstalling "/home/zihaoye/devel/workspace/install/master_board_sdk/include/master/board/sdk/deprecated.hh"
[0.464s] -- Uninstalling "/home/zihaoye/devel/workspace/install/master_board_sdk/include/master/board/sdk/config.hh"
[0.477s] make[3]: 离开目录“/home/zihaoye/devel/workspace/build/master_board_sdk”
[0.484s] Built target uninstall
[0.485s] make[2]: 离开目录“/home/zihaoye/devel/workspace/build/master_board_sdk”
[0.485s] /usr/bin/cmake -E cmake_progress_start /home/zihaoye/devel/workspace/build/master_board_sdk/CMakeFiles 0
[0.490s] make[1]: 离开目录“/home/zihaoye/devel/workspace/build/master_board_sdk”
[0.491s] -- Installing: /home/zihaoye/devel/workspace/install/master_board_sdk/include/master/board/sdk/config.hh
[0.492s] -- Installing: /home/zihaoye/devel/workspace/install/master_board_sdk/include/master/board/sdk/deprecated.hh
[0.492s] -- Installing: /home/zihaoye/devel/workspace/install/master_board_sdk/include/master/board/sdk/warning.hh
[0.492s] -- Installing: /home/zihaoye/devel/workspace/install/master_board_sdk/lib/libmaster_board_sdk.so
[0.492s] -- Installing: /home/zihaoye/devel/workspace/install/master_board_sdk/share/master_board_sdk/package.xml
[0.492s] -- Installing: /home/zihaoye/devel/workspace/install/master_board_sdk/lib/python3.8/site-packages/libmaster_board_sdk_pywrap.cpython-38-x86_64-linux-gnu.so
[0.493s] -- Set runtime path of "/home/zihaoye/devel/workspace/install/master_board_sdk/lib/python3.8/site-packages/libmaster_board_sdk_pywrap.cpython-38-x86_64-linux-gnu.so" to "$ORIGIN/../../../lib"
[0.493s] -- Installing: /home/zihaoye/devel/workspace/install/master_board_sdk/bin/master_board_example
[0.493s] -- Set runtime path of "/home/zihaoye/devel/workspace/install/master_board_sdk/bin/master_board_example" to "/home/zihaoye/devel/workspace/install/master_board_sdk/lib"
[0.493s] -- Installing: /home/zihaoye/devel/workspace/install/master_board_sdk/bin/master_board_example_pd
[0.493s] -- Set runtime path of "/home/zihaoye/devel/workspace/install/master_board_sdk/bin/master_board_example_pd" to "/home/zihaoye/devel/workspace/install/master_board_sdk/lib"
[0.493s] -- Installing: /home/zihaoye/devel/workspace/install/master_board_sdk/bin/master_board_example_imu_data_collection
[0.493s] -- Set runtime path of "/home/zihaoye/devel/workspace/install/master_board_sdk/bin/master_board_example_imu_data_collection" to ""
[0.494s] -- Installing: /home/zihaoye/devel/workspace/install/master_board_sdk/share/ament_index/resource_index/packages/master_board_sdk
[0.494s] -- Installing: /home/zihaoye/devel/workspace/install/master_board_sdk/share/master_board_sdk/hook/ament_prefix_path.dsv
[0.494s] -- Installing: /home/zihaoye/devel/workspace/install/master_board_sdk/share/master_board_sdk/hook/python_path.dsv
[0.494s] -- Installing: /home/zihaoye/devel/workspace/install/master_board_sdk/lib/pkgconfig/master_board_sdk.pc
[0.494s] -- Installing: /home/zihaoye/devel/workspace/install/master_board_sdk/include/master_board_sdk/defines.h
[0.494s] -- Installing: /home/zihaoye/devel/workspace/install/master_board_sdk/include/master_board_sdk/ESPNOW_manager.h
[0.494s] -- Installing: /home/zihaoye/devel/workspace/install/master_board_sdk/include/master_board_sdk/ESPNOW_types.h
[0.494s] -- Installing: /home/zihaoye/devel/workspace/install/master_board_sdk/include/master_board_sdk/ETHERNET_manager.h
[0.494s] -- Installing: /home/zihaoye/devel/workspace/install/master_board_sdk/include/master_board_sdk/ETHERNET_types.h
[0.494s] -- Installing: /home/zihaoye/devel/workspace/install/master_board_sdk/include/master_board_sdk/Link_manager.h
[0.494s] -- Installing: /home/zihaoye/devel/workspace/install/master_board_sdk/include/master_board_sdk/Link_types.h
[0.494s] -- Installing: /home/zihaoye/devel/workspace/install/master_board_sdk/include/master_board_sdk/master_board_interface.h
[0.494s] -- Installing: /home/zihaoye/devel/workspace/install/master_board_sdk/include/master_board_sdk/motor.h
[0.494s] -- Installing: /home/zihaoye/devel/workspace/install/master_board_sdk/include/master_board_sdk/motor_driver.h
[0.494s] -- Installing: /home/zihaoye/devel/workspace/install/master_board_sdk/include/master_board_sdk/protocol.h
[0.494s] -- Installing: /home/zihaoye/devel/workspace/install/master_board_sdk/lib/cmake/master_board_sdk/cxx-standard.cmake
[0.494s] -- Installing: /home/zihaoye/devel/workspace/install/master_board_sdk/lib/cmake/master_board_sdk/master_board_sdkConfig.cmake
[0.494s] -- Installing: /home/zihaoye/devel/workspace/install/master_board_sdk/lib/cmake/master_board_sdk/master_board_sdkConfigVersion.cmake
[0.494s] -- Installing: /home/zihaoye/devel/workspace/install/master_board_sdk/lib/cmake/master_board_sdk/master_board_sdkTargets.cmake
[0.494s] -- Installing: /home/zihaoye/devel/workspace/install/master_board_sdk/lib/cmake/master_board_sdk/master_board_sdkTargets-noconfig.cmake
[0.496s] Invoked command in '/home/zihaoye/devel/workspace/build/master_board_sdk' returned '0': PS1=(myenv) \[\e]0;\u@\h: \w\a\]${debian_chroot:+($debian_chroot)}\[\033[01;32m\]\u@\h\[\033[00m\]:\[\033[01;34m\]\w\[\033[00m\]\$ /usr/bin/cmake --install /home/zihaoye/devel/workspace/build/master_board_sdk
