-- The CXX compiler identification is GNU 9.4.0
-- Check for working CXX compiler: /usr/bin/c++
-- Check for working CXX compiler: /usr/bin/c++ -- works
-- Detecting CXX compiler ABI info
-- Detecting CXX compiler ABI info - done
-- Detecting CXX compile features
-- Detecting CXX compile features - done
-- pybind11 v2.10.0 
-- CMake 3.16.3
-- Found PythonInterp: /home/zihaoye/myenv/bin/python (found suitable version "3.8.10", minimum required is "3.6") 
-- Found PythonLibs: /usr/lib/x86_64-linux-gnu/libpython3.8.so
-- PYTHON 3.8.10
-- Performing Test HAS_FLTO
-- Performing Test HAS_FLTO - Success
-- pybind11::lto enabled
-- pybind11::thin_lto enabled
-- Setting tests build type to MinSizeRel as none was specified
-- Building tests with Eigen v3.3.7
-- Found Boost: /usr/lib/x86_64-linux-gnu/cmake/Boost-1.71.0/BoostConfig.cmake (found suitable version "1.71.0", minimum required is "1.56")  
-- Found pytest 8.3.5
-- Catch not detected. Interpreter tests will be skipped. Install Catch headers manually or use `cmake -DDOWNLOAD_CATCH=ON` to fetch them automatically.
-- Configuring done
-- Generating done
-- Build files have been written to: /home/zihaoye/devel/workspace/build/pybind11
[35m[1mScanning dependencies of target pybind11_cross_module_tests[0m
[35m[1mScanning dependencies of target cross_module_interleaved_error_already_set[0m
[35m[1mScanning dependencies of target cross_module_gil_utils[0m
[35m[1mScanning dependencies of target pybind11_tests[0m
[  2%] [32mBuilding CXX object tests/CMakeFiles/pybind11_cross_module_tests.dir/pybind11_cross_module_tests.cpp.o[0m
[  4%] [32mBuilding CXX object tests/CMakeFiles/cross_module_interleaved_error_already_set.dir/cross_module_interleaved_error_already_set.cpp.o[0m
[  6%] [32mBuilding CXX object tests/CMakeFiles/cross_module_gil_utils.dir/cross_module_gil_utils.cpp.o[0m
[  8%] [32mBuilding CXX object tests/CMakeFiles/pybind11_tests.dir/pybind11_tests.cpp.o[0m
[ 12%] [32mBuilding CXX object tests/CMakeFiles/pybind11_tests.dir/test_callbacks.cpp.o[0m
[ 12%] [32mBuilding CXX object tests/CMakeFiles/pybind11_tests.dir/test_chrono.cpp.o[0m
[ 14%] [32mBuilding CXX object tests/CMakeFiles/pybind11_tests.dir/test_async.cpp.o[0m
[ 16%] [32mBuilding CXX object tests/CMakeFiles/pybind11_tests.dir/test_buffers.cpp.o[0m
[ 18%] [32mBuilding CXX object tests/CMakeFiles/pybind11_tests.dir/test_builtin_casters.cpp.o[0m
[ 20%] [32mBuilding CXX object tests/CMakeFiles/pybind11_tests.dir/test_const_name.cpp.o[0m
[ 22%] [32mBuilding CXX object tests/CMakeFiles/pybind11_tests.dir/test_class.cpp.o[0m
[ 25%] [32mBuilding CXX object tests/CMakeFiles/pybind11_tests.dir/test_copy_move.cpp.o[0m
[ 27%] [32mBuilding CXX object tests/CMakeFiles/pybind11_tests.dir/test_call_policies.cpp.o[0m
[ 29%] [32mBuilding CXX object tests/CMakeFiles/pybind11_tests.dir/test_constants_and_functions.cpp.o[0m
[ 31%] [32mBuilding CXX object tests/CMakeFiles/pybind11_tests.dir/test_custom_type_casters.cpp.o[0m
[ 33%] [32mBuilding CXX object tests/CMakeFiles/pybind11_tests.dir/test_custom_type_setup.cpp.o[0m
[ 35%] [32m[1mLinking CXX shared module cross_module_gil_utils.cpython-38-x86_64-linux-gnu.so[0m
[ 37%] [32mBuilding CXX object tests/CMakeFiles/pybind11_tests.dir/test_docstring_options.cpp.o[0m
[ 39%] [32m[1mLinking CXX shared module cross_module_interleaved_error_already_set.cpython-38-x86_64-linux-gnu.so[0m
[ 41%] [32mBuilding CXX object tests/CMakeFiles/pybind11_tests.dir/test_eigen.cpp.o[0m
[ 43%] [32mBuilding CXX object tests/CMakeFiles/pybind11_tests.dir/test_enum.cpp.o[0m
[ 43%] Built target cross_module_gil_utils
[ 45%] [32mBuilding CXX object tests/CMakeFiles/pybind11_tests.dir/test_eval.cpp.o[0m
[ 47%] [32mBuilding CXX object tests/CMakeFiles/pybind11_tests.dir/test_exceptions.cpp.o[0m
[ 47%] Built target cross_module_interleaved_error_already_set
[ 50%] [32mBuilding CXX object tests/CMakeFiles/pybind11_tests.dir/test_factory_constructors.cpp.o[0m
[ 54%] [32mBuilding CXX object tests/CMakeFiles/pybind11_tests.dir/test_iostream.cpp.o[0m
[ 54%] [32mBuilding CXX object tests/CMakeFiles/pybind11_tests.dir/test_gil_scoped.cpp.o[0m
[ 56%] [32mBuilding CXX object tests/CMakeFiles/pybind11_tests.dir/test_kwargs_and_defaults.cpp.o[0m
[ 58%] [32mBuilding CXX object tests/CMakeFiles/pybind11_tests.dir/test_local_bindings.cpp.o[0m
[ 60%] [32mBuilding CXX object tests/CMakeFiles/pybind11_tests.dir/test_methods_and_attributes.cpp.o[0m
[ 62%] [32mBuilding CXX object tests/CMakeFiles/pybind11_tests.dir/test_modules.cpp.o[0m
[ 64%] [32mBuilding CXX object tests/CMakeFiles/pybind11_tests.dir/test_multiple_inheritance.cpp.o[0m
[ 66%] [32mBuilding CXX object tests/CMakeFiles/pybind11_tests.dir/test_numpy_array.cpp.o[0m
[ 68%] [32mBuilding CXX object tests/CMakeFiles/pybind11_tests.dir/test_numpy_dtypes.cpp.o[0m
[ 70%] [32mBuilding CXX object tests/CMakeFiles/pybind11_tests.dir/test_numpy_vectorize.cpp.o[0m
[ 72%] [32mBuilding CXX object tests/CMakeFiles/pybind11_tests.dir/test_opaque_types.cpp.o[0m
[ 75%] [32mBuilding CXX object tests/CMakeFiles/pybind11_tests.dir/test_operator_overloading.cpp.o[0m
[ 77%] [32mBuilding CXX object tests/CMakeFiles/pybind11_tests.dir/test_pickling.cpp.o[0m
[ 79%] [32mBuilding CXX object tests/CMakeFiles/pybind11_tests.dir/test_pytypes.cpp.o[0m
[ 81%] [32mBuilding CXX object tests/CMakeFiles/pybind11_tests.dir/test_sequences_and_iterators.cpp.o[0m
[ 83%] [32mBuilding CXX object tests/CMakeFiles/pybind11_tests.dir/test_smart_ptr.cpp.o[0m
[ 85%] [32mBuilding CXX object tests/CMakeFiles/pybind11_tests.dir/test_stl.cpp.o[0m
[ 87%] [32mBuilding CXX object tests/CMakeFiles/pybind11_tests.dir/test_stl_binders.cpp.o[0m
[ 89%] [32mBuilding CXX object tests/CMakeFiles/pybind11_tests.dir/test_tagbased_polymorphic.cpp.o[0m
[ 91%] [32mBuilding CXX object tests/CMakeFiles/pybind11_tests.dir/test_thread.cpp.o[0m
[ 93%] [32mBuilding CXX object tests/CMakeFiles/pybind11_tests.dir/test_union.cpp.o[0m
[ 95%] [32mBuilding CXX object tests/CMakeFiles/pybind11_tests.dir/test_virtual_functions.cpp.o[0m
[ 97%] [32m[1mLinking CXX shared module pybind11_cross_module_tests.cpython-38-x86_64-linux-gnu.so[0m
[ 97%] Built target pybind11_cross_module_tests
[100%] [32m[1mLinking CXX shared module pybind11_tests.cpython-38-x86_64-linux-gnu.so[0m
------ pybind11_tests.cpython-38-x86_64-linux-gnu.so file size: 2843752
[100%] Built target pybind11_tests
-- Install configuration: "MinSizeRel"
-- Installing: /home/zihaoye/devel/workspace/install/pybind11/include/pybind11
-- Installing: /home/zihaoye/devel/workspace/install/pybind11/include/pybind11/stl.h
-- Installing: /home/zihaoye/devel/workspace/install/pybind11/include/pybind11/embed.h
-- Installing: /home/zihaoye/devel/workspace/install/pybind11/include/pybind11/detail
-- Installing: /home/zihaoye/devel/workspace/install/pybind11/include/pybind11/detail/class.h
-- Installing: /home/zihaoye/devel/workspace/install/pybind11/include/pybind11/detail/internals.h
-- Installing: /home/zihaoye/devel/workspace/install/pybind11/include/pybind11/detail/init.h
-- Installing: /home/zihaoye/devel/workspace/install/pybind11/include/pybind11/detail/common.h
-- Installing: /home/zihaoye/devel/workspace/install/pybind11/include/pybind11/detail/type_caster_base.h
-- Installing: /home/zihaoye/devel/workspace/install/pybind11/include/pybind11/detail/descr.h
-- Installing: /home/zihaoye/devel/workspace/install/pybind11/include/pybind11/detail/typeid.h
-- Installing: /home/zihaoye/devel/workspace/install/pybind11/include/pybind11/pytypes.h
-- Installing: /home/zihaoye/devel/workspace/install/pybind11/include/pybind11/eval.h
-- Installing: /home/zihaoye/devel/workspace/install/pybind11/include/pybind11/stl_bind.h
-- Installing: /home/zihaoye/devel/workspace/install/pybind11/include/pybind11/numpy.h
-- Installing: /home/zihaoye/devel/workspace/install/pybind11/include/pybind11/functional.h
-- Installing: /home/zihaoye/devel/workspace/install/pybind11/include/pybind11/gil.h
-- Installing: /home/zihaoye/devel/workspace/install/pybind11/include/pybind11/common.h
-- Installing: /home/zihaoye/devel/workspace/install/pybind11/include/pybind11/options.h
-- Installing: /home/zihaoye/devel/workspace/install/pybind11/include/pybind11/pybind11.h
-- Installing: /home/zihaoye/devel/workspace/install/pybind11/include/pybind11/stl
-- Installing: /home/zihaoye/devel/workspace/install/pybind11/include/pybind11/stl/filesystem.h
-- Installing: /home/zihaoye/devel/workspace/install/pybind11/include/pybind11/attr.h
-- Installing: /home/zihaoye/devel/workspace/install/pybind11/include/pybind11/iostream.h
-- Installing: /home/zihaoye/devel/workspace/install/pybind11/include/pybind11/cast.h
-- Installing: /home/zihaoye/devel/workspace/install/pybind11/include/pybind11/operators.h
-- Installing: /home/zihaoye/devel/workspace/install/pybind11/include/pybind11/buffer_info.h
-- Installing: /home/zihaoye/devel/workspace/install/pybind11/include/pybind11/eigen.h
-- Installing: /home/zihaoye/devel/workspace/install/pybind11/include/pybind11/complex.h
-- Installing: /home/zihaoye/devel/workspace/install/pybind11/include/pybind11/chrono.h
-- Installing: /home/zihaoye/devel/workspace/install/pybind11/share/cmake/pybind11/pybind11Config.cmake
-- Installing: /home/zihaoye/devel/workspace/install/pybind11/share/cmake/pybind11/pybind11ConfigVersion.cmake
-- Installing: /home/zihaoye/devel/workspace/install/pybind11/share/cmake/pybind11/FindPythonLibsNew.cmake
-- Installing: /home/zihaoye/devel/workspace/install/pybind11/share/cmake/pybind11/pybind11Common.cmake
-- Installing: /home/zihaoye/devel/workspace/install/pybind11/share/cmake/pybind11/pybind11Tools.cmake
-- Installing: /home/zihaoye/devel/workspace/install/pybind11/share/cmake/pybind11/pybind11NewTools.cmake
-- Installing: /home/zihaoye/devel/workspace/install/pybind11/share/cmake/pybind11/pybind11Targets.cmake
