[0.012s] Invoking command in '/home/zihaoye/devel/workspace/build/odri_control_interface': CMAKE_MODULE_PATH=/home/zihaoye/devel/workspace/install/pybind11/share/cmake/pybind11 CMAKE_PREFIX_PATH=/home/zihaoye/devel/workspace/install/pybind11:/home/zihaoye/devel/workspace/install/mpi_cmake_modules:/home/zihaoye/devel/workspace/install/master_board_sdk:${CMAKE_PREFIX_PATH} LD_LIBRARY_PATH=/home/zihaoye/devel/workspace/install/master_board_sdk/lib:${LD_LIBRARY_PATH} PATH=/home/zihaoye/devel/workspace/install/mpi_cmake_modules/bin:/home/zihaoye/devel/workspace/install/master_board_sdk/bin:${PATH} PKG_CONFIG_PATH=/home/zihaoye/devel/workspace/install/master_board_sdk/lib/x86_64-linux-gnu/pkgconfig:/home/zihaoye/devel/workspace/install/master_board_sdk/lib/pkgconfig:${PKG_CONFIG_PATH} PS1=(myenv) \[\e]0;\u@\h: \w\a\]${debian_chroot:+($debian_chroot)}\[\033[01;32m\]\u@\h\[\033[00m\]:\[\033[01;34m\]\w\[\033[00m\]\$ PYTHONPATH=/home/zihaoye/devel/workspace/install/mpi_cmake_modules/lib/python3.8/site-packages:/home/zihaoye/devel/workspace/install/master_board_sdk/lib/python3.8/site-packages:${PYTHONPATH} /usr/bin/cmake /home/zihaoye/devel/workspace/src/odri_control_interface -DCATKIN_INSTALL_INTO_PREFIX_ROOT=0 -DCMAKE_INSTALL_PREFIX=/home/zihaoye/devel/workspace/install/odri_control_interface
[0.020s] -- JRL cmakemodules found in 'cmake/' git submodule
[0.023s] -- Configuring "odri_control_interface" (https://github.com/open-dynamic-robot-initiative/odri_control_interface)
[0.023s] -- Package version (ROS package.xml): 1.0.1
[0.038s] -- Could NOT find Doxygen (missing: DOXYGEN_EXECUTABLE) 
[0.038s] -- Failed to find Doxygen, documentation will not be generated.
[0.208s] -- Default C++ standard: 201402
[0.209s] -- C++ standard sufficient: Minimal required 11, currently defined: 14
[0.209s] -- CMAKE_CXX_STANDARD was not set: automatically set to currently defined standard 14
[0.211s] -- C++ standard sufficient: Minimal required 11, currently defined: 14
[0.211s] -- eigenpy FOUND. eigenpy at /opt/ros/noetic/lib/x86_64-linux-gnu/libeigenpy.so
[0.213s] -- For CMake < 3.18, Development.Module is not available. Falling back to Development
[0.228s] -- Checking for NumPy
[0.415s] --   NUMPY_INCLUDE_DIRS=/home/zihaoye/myenv/lib/python3.8/site-packages/numpy/core/include
[0.483s] --   NUMPY_VERSION=1.24.4
[0.733s] -- Found Python3: /home/zihaoye/myenv/bin/python (found version "3.8.10") found components: Interpreter NumPy Development 
[0.733s] -- PythonLibraryDirs: /usr/lib/x86_64-linux-gnu
[0.733s] -- PythonLibVersionString: 3.8.10
[0.746s] -- Python site lib: lib/python3.8/site-packages
[0.746s] -- Python include dirs: /usr/include/python3.8
[0.772s] -- Checking for NumPy
[0.840s] --   NUMPY_INCLUDE_DIRS=/home/zihaoye/myenv/lib/python3.8/site-packages/numpy/core/include
[0.909s] --   NUMPY_VERSION=1.24.4
[0.909s] -- NumPy include dir: /home/zihaoye/myenv/lib/python3.8/site-packages/numpy/core/include
[0.939s] -- Found Boost: /usr/include (found version "1.71.0") found components: python38 
[0.940s] -- Boost_PYTHON_LIBRARY: /usr/lib/x86_64-linux-gnu/libboost_python38.so
[0.941s] -- C++ standard sufficient: Minimal required 11, currently defined: 14
[0.949s] -- Configuring done
[0.958s] -- Generating done
[0.964s] -- Build files have been written to: /home/zihaoye/devel/workspace/build/odri_control_interface
[0.968s] Invoked command in '/home/zihaoye/devel/workspace/build/odri_control_interface' returned '0': CMAKE_MODULE_PATH=/home/zihaoye/devel/workspace/install/pybind11/share/cmake/pybind11 CMAKE_PREFIX_PATH=/home/zihaoye/devel/workspace/install/pybind11:/home/zihaoye/devel/workspace/install/mpi_cmake_modules:/home/zihaoye/devel/workspace/install/master_board_sdk:${CMAKE_PREFIX_PATH} LD_LIBRARY_PATH=/home/zihaoye/devel/workspace/install/master_board_sdk/lib:${LD_LIBRARY_PATH} PATH=/home/zihaoye/devel/workspace/install/mpi_cmake_modules/bin:/home/zihaoye/devel/workspace/install/master_board_sdk/bin:${PATH} PKG_CONFIG_PATH=/home/zihaoye/devel/workspace/install/master_board_sdk/lib/x86_64-linux-gnu/pkgconfig:/home/zihaoye/devel/workspace/install/master_board_sdk/lib/pkgconfig:${PKG_CONFIG_PATH} PS1=(myenv) \[\e]0;\u@\h: \w\a\]${debian_chroot:+($debian_chroot)}\[\033[01;32m\]\u@\h\[\033[00m\]:\[\033[01;34m\]\w\[\033[00m\]\$ PYTHONPATH=/home/zihaoye/devel/workspace/install/mpi_cmake_modules/lib/python3.8/site-packages:/home/zihaoye/devel/workspace/install/master_board_sdk/lib/python3.8/site-packages:${PYTHONPATH} /usr/bin/cmake /home/zihaoye/devel/workspace/src/odri_control_interface -DCATKIN_INSTALL_INTO_PREFIX_ROOT=0 -DCMAKE_INSTALL_PREFIX=/home/zihaoye/devel/workspace/install/odri_control_interface
[0.969s] Invoking command in '/home/zihaoye/devel/workspace/build/odri_control_interface': CMAKE_MODULE_PATH=/home/zihaoye/devel/workspace/install/pybind11/share/cmake/pybind11 CMAKE_PREFIX_PATH=/home/zihaoye/devel/workspace/install/pybind11:/home/zihaoye/devel/workspace/install/mpi_cmake_modules:/home/zihaoye/devel/workspace/install/master_board_sdk:${CMAKE_PREFIX_PATH} LD_LIBRARY_PATH=/home/zihaoye/devel/workspace/install/master_board_sdk/lib:${LD_LIBRARY_PATH} PATH=/home/zihaoye/devel/workspace/install/mpi_cmake_modules/bin:/home/zihaoye/devel/workspace/install/master_board_sdk/bin:${PATH} PKG_CONFIG_PATH=/home/zihaoye/devel/workspace/install/master_board_sdk/lib/x86_64-linux-gnu/pkgconfig:/home/zihaoye/devel/workspace/install/master_board_sdk/lib/pkgconfig:${PKG_CONFIG_PATH} PS1=(myenv) \[\e]0;\u@\h: \w\a\]${debian_chroot:+($debian_chroot)}\[\033[01;32m\]\u@\h\[\033[00m\]:\[\033[01;34m\]\w\[\033[00m\]\$ PYTHONPATH=/home/zihaoye/devel/workspace/install/mpi_cmake_modules/lib/python3.8/site-packages:/home/zihaoye/devel/workspace/install/master_board_sdk/lib/python3.8/site-packages:${PYTHONPATH} /usr/bin/cmake --build /home/zihaoye/devel/workspace/build/odri_control_interface -- -j16 -l16
[0.976s] /usr/bin/cmake -S/home/zihaoye/devel/workspace/src/odri_control_interface -B/home/zihaoye/devel/workspace/build/odri_control_interface --check-build-system CMakeFiles/Makefile.cmake 0
[0.982s] /usr/bin/cmake -E cmake_progress_start /home/zihaoye/devel/workspace/build/odri_control_interface/CMakeFiles /home/zihaoye/devel/workspace/build/odri_control_interface/CMakeFiles/progress.marks
[0.987s] /usr/bin/make -f CMakeFiles/Makefile2 all
[0.989s] make[1]: 进入目录“/home/zihaoye/devel/workspace/build/odri_control_interface”
[0.989s] /usr/bin/make -f CMakeFiles/odri_control_interface.dir/build.make CMakeFiles/odri_control_interface.dir/depend
[0.990s] make[2]: 进入目录“/home/zihaoye/devel/workspace/build/odri_control_interface”
[0.990s] cd /home/zihaoye/devel/workspace/build/odri_control_interface && /usr/bin/cmake -E cmake_depends "Unix Makefiles" /home/zihaoye/devel/workspace/src/odri_control_interface /home/zihaoye/devel/workspace/src/odri_control_interface /home/zihaoye/devel/workspace/build/odri_control_interface /home/zihaoye/devel/workspace/build/odri_control_interface /home/zihaoye/devel/workspace/build/odri_control_interface/CMakeFiles/odri_control_interface.dir/DependInfo.cmake --color=
[0.996s] [35m[1mScanning dependencies of target odri_control_interface[0m
[1.014s] make[2]: 离开目录“/home/zihaoye/devel/workspace/build/odri_control_interface”
[1.015s] /usr/bin/make -f CMakeFiles/odri_control_interface.dir/build.make CMakeFiles/odri_control_interface.dir/build
[1.018s] make[2]: 进入目录“/home/zihaoye/devel/workspace/build/odri_control_interface”
[1.024s] [  8%] [32mBuilding CXX object CMakeFiles/odri_control_interface.dir/src/joint_modules.cpp.o[0m
[1.024s] [ 25%] [32mBuilding CXX object CMakeFiles/odri_control_interface.dir/src/imu.cpp.o[0m
[1.024s] [ 25%] [32mBuilding CXX object CMakeFiles/odri_control_interface.dir/src/calibration.cpp.o[0m
[1.025s] /usr/bin/c++  -Dodri_control_interface_EXPORTS -I/home/zihaoye/devel/workspace/build/odri_control_interface -I/home/zihaoye/devel/workspace/build/odri_control_interface/include -I/home/zihaoye/devel/workspace/src/odri_control_interface/include -isystem /home/zihaoye/devel/workspace/install/master_board_sdk/include -isystem /usr/include/eigen3  -pedantic -Wno-long-long -Wall -Wextra -Wcast-align -Wcast-qual -Wformat -Wwrite-strings -Wconversion  -fPIC   -std=gnu++14 -o CMakeFiles/odri_control_interface.dir/src/joint_modules.cpp.o -c /home/zihaoye/devel/workspace/src/odri_control_interface/src/joint_modules.cpp
[1.025s] /usr/bin/c++  -Dodri_control_interface_EXPORTS -I/home/zihaoye/devel/workspace/build/odri_control_interface -I/home/zihaoye/devel/workspace/build/odri_control_interface/include -I/home/zihaoye/devel/workspace/src/odri_control_interface/include -isystem /home/zihaoye/devel/workspace/install/master_board_sdk/include -isystem /usr/include/eigen3  -pedantic -Wno-long-long -Wall -Wextra -Wcast-align -Wcast-qual -Wformat -Wwrite-strings -Wconversion  -fPIC   -std=gnu++14 -o CMakeFiles/odri_control_interface.dir/src/imu.cpp.o -c /home/zihaoye/devel/workspace/src/odri_control_interface/src/imu.cpp
[1.025s] /usr/bin/c++  -Dodri_control_interface_EXPORTS -I/home/zihaoye/devel/workspace/build/odri_control_interface -I/home/zihaoye/devel/workspace/build/odri_control_interface/include -I/home/zihaoye/devel/workspace/src/odri_control_interface/include -isystem /home/zihaoye/devel/workspace/install/master_board_sdk/include -isystem /usr/include/eigen3  -pedantic -Wno-long-long -Wall -Wextra -Wcast-align -Wcast-qual -Wformat -Wwrite-strings -Wconversion  -fPIC   -std=gnu++14 -o CMakeFiles/odri_control_interface.dir/src/calibration.cpp.o -c /home/zihaoye/devel/workspace/src/odri_control_interface/src/calibration.cpp
[1.027s] [ 33%] [32mBuilding CXX object CMakeFiles/odri_control_interface.dir/src/robot.cpp.o[0m
[1.028s] [ 41%] [32mBuilding CXX object CMakeFiles/odri_control_interface.dir/src/utils.cpp.o[0m
[1.028s] /usr/bin/c++  -Dodri_control_interface_EXPORTS -I/home/zihaoye/devel/workspace/build/odri_control_interface -I/home/zihaoye/devel/workspace/build/odri_control_interface/include -I/home/zihaoye/devel/workspace/src/odri_control_interface/include -isystem /home/zihaoye/devel/workspace/install/master_board_sdk/include -isystem /usr/include/eigen3  -pedantic -Wno-long-long -Wall -Wextra -Wcast-align -Wcast-qual -Wformat -Wwrite-strings -Wconversion  -fPIC   -std=gnu++14 -o CMakeFiles/odri_control_interface.dir/src/robot.cpp.o -c /home/zihaoye/devel/workspace/src/odri_control_interface/src/robot.cpp
[1.029s] /usr/bin/c++  -Dodri_control_interface_EXPORTS -I/home/zihaoye/devel/workspace/build/odri_control_interface -I/home/zihaoye/devel/workspace/build/odri_control_interface/include -I/home/zihaoye/devel/workspace/src/odri_control_interface/include -isystem /home/zihaoye/devel/workspace/install/master_board_sdk/include -isystem /usr/include/eigen3  -pedantic -Wno-long-long -Wall -Wextra -Wcast-align -Wcast-qual -Wformat -Wwrite-strings -Wconversion  -fPIC   -std=gnu++14 -o CMakeFiles/odri_control_interface.dir/src/utils.cpp.o -c /home/zihaoye/devel/workspace/src/odri_control_interface/src/utils.cpp
[2.417s] [ 50%] [32m[1mLinking CXX shared library libodri_control_interface.so[0m
[2.418s] /usr/bin/cmake -E cmake_link_script CMakeFiles/odri_control_interface.dir/link.txt --verbose=1
[2.422s] /usr/bin/c++ -fPIC -pedantic -Wno-long-long -Wall -Wextra -Wcast-align -Wcast-qual -Wformat -Wwrite-strings -Wconversion   -shared -Wl,-soname,libodri_control_interface.so -o libodri_control_interface.so CMakeFiles/odri_control_interface.dir/src/joint_modules.cpp.o CMakeFiles/odri_control_interface.dir/src/imu.cpp.o CMakeFiles/odri_control_interface.dir/src/robot.cpp.o CMakeFiles/odri_control_interface.dir/src/calibration.cpp.o CMakeFiles/odri_control_interface.dir/src/utils.cpp.o  -Wl,-rpath,/home/zihaoye/devel/workspace/install/master_board_sdk/lib: /usr/lib/x86_64-linux-gnu/libyaml-cpp.so.0.6.2 /home/zihaoye/devel/workspace/install/master_board_sdk/lib/libmaster_board_sdk.so -lpthread 
[2.480s] make[2]: 离开目录“/home/zihaoye/devel/workspace/build/odri_control_interface”
[2.487s] [ 50%] Built target odri_control_interface
[2.487s] /usr/bin/make -f CMakeFiles/odri_control_interface_pywrap.dir/build.make CMakeFiles/odri_control_interface_pywrap.dir/depend
[2.487s] /usr/bin/make -f CMakeFiles/odri_control_interface_demo_solo12.dir/build.make CMakeFiles/odri_control_interface_demo_solo12.dir/depend
[2.488s] /usr/bin/make -f CMakeFiles/odri_control_interface_demo_testbench.dir/build.make CMakeFiles/odri_control_interface_demo_testbench.dir/depend
[2.489s] make[2]: 进入目录“/home/zihaoye/devel/workspace/build/odri_control_interface”
[2.489s] cd /home/zihaoye/devel/workspace/build/odri_control_interface && /usr/bin/cmake -E cmake_depends "Unix Makefiles" /home/zihaoye/devel/workspace/src/odri_control_interface /home/zihaoye/devel/workspace/src/odri_control_interface /home/zihaoye/devel/workspace/build/odri_control_interface /home/zihaoye/devel/workspace/build/odri_control_interface /home/zihaoye/devel/workspace/build/odri_control_interface/CMakeFiles/odri_control_interface_pywrap.dir/DependInfo.cmake --color=
[2.489s] make[2]: 进入目录“/home/zihaoye/devel/workspace/build/odri_control_interface”
[2.489s] cd /home/zihaoye/devel/workspace/build/odri_control_interface && /usr/bin/cmake -E cmake_depends "Unix Makefiles" /home/zihaoye/devel/workspace/src/odri_control_interface /home/zihaoye/devel/workspace/src/odri_control_interface /home/zihaoye/devel/workspace/build/odri_control_interface /home/zihaoye/devel/workspace/build/odri_control_interface /home/zihaoye/devel/workspace/build/odri_control_interface/CMakeFiles/odri_control_interface_demo_solo12.dir/DependInfo.cmake --color=
[2.489s] make[2]: 进入目录“/home/zihaoye/devel/workspace/build/odri_control_interface”
[2.489s] cd /home/zihaoye/devel/workspace/build/odri_control_interface && /usr/bin/cmake -E cmake_depends "Unix Makefiles" /home/zihaoye/devel/workspace/src/odri_control_interface /home/zihaoye/devel/workspace/src/odri_control_interface /home/zihaoye/devel/workspace/build/odri_control_interface /home/zihaoye/devel/workspace/build/odri_control_interface /home/zihaoye/devel/workspace/build/odri_control_interface/CMakeFiles/odri_control_interface_demo_testbench.dir/DependInfo.cmake --color=
[2.495s] [35m[1mScanning dependencies of target odri_control_interface_pywrap[0m
[2.495s] [35m[1mScanning dependencies of target odri_control_interface_demo_testbench[0m
[2.495s] [35m[1mScanning dependencies of target odri_control_interface_demo_solo12[0m
[2.508s] make[2]: 离开目录“/home/zihaoye/devel/workspace/build/odri_control_interface”
[2.508s] make[2]: 离开目录“/home/zihaoye/devel/workspace/build/odri_control_interface”
[2.508s] /usr/bin/make -f CMakeFiles/odri_control_interface_demo_solo12.dir/build.make CMakeFiles/odri_control_interface_demo_solo12.dir/build
[2.508s] /usr/bin/make -f CMakeFiles/odri_control_interface_demo_testbench.dir/build.make CMakeFiles/odri_control_interface_demo_testbench.dir/build
[2.511s] make[2]: 进入目录“/home/zihaoye/devel/workspace/build/odri_control_interface”
[2.511s] make[2]: 进入目录“/home/zihaoye/devel/workspace/build/odri_control_interface”
[2.517s] [ 66%] [32mBuilding CXX object CMakeFiles/odri_control_interface_demo_testbench.dir/demos/demo_testbench.cpp.o[0m
[2.517s] [ 66%] [32mBuilding CXX object CMakeFiles/odri_control_interface_demo_solo12.dir/demos/demo_solo12.cpp.o[0m
[2.517s] /usr/bin/c++  -DCONFIG_SOLO12_YAML=\"/home/zihaoye/devel/workspace/src/odri_control_interface/demos/config_solo12.yaml\" -DCONFIG_TESTBENCH_YAML=\"/home/zihaoye/devel/workspace/src/odri_control_interface/demos/config_testbench.yaml\" -I/home/zihaoye/devel/workspace/build/odri_control_interface -I/home/zihaoye/devel/workspace/build/odri_control_interface/include -I/home/zihaoye/devel/workspace/src/odri_control_interface/include -isystem /home/zihaoye/devel/workspace/install/master_board_sdk/include -isystem /usr/include/eigen3  -pedantic -Wno-long-long -Wall -Wextra -Wcast-align -Wcast-qual -Wformat -Wwrite-strings -Wconversion    -std=gnu++14 -o CMakeFiles/odri_control_interface_demo_solo12.dir/demos/demo_solo12.cpp.o -c /home/zihaoye/devel/workspace/src/odri_control_interface/demos/demo_solo12.cpp
[2.517s] /usr/bin/c++  -DCONFIG_SOLO12_YAML=\"/home/zihaoye/devel/workspace/src/odri_control_interface/demos/config_solo12.yaml\" -DCONFIG_TESTBENCH_YAML=\"/home/zihaoye/devel/workspace/src/odri_control_interface/demos/config_testbench.yaml\" -I/home/zihaoye/devel/workspace/build/odri_control_interface -I/home/zihaoye/devel/workspace/build/odri_control_interface/include -I/home/zihaoye/devel/workspace/src/odri_control_interface/include -isystem /home/zihaoye/devel/workspace/install/master_board_sdk/include -isystem /usr/include/eigen3  -pedantic -Wno-long-long -Wall -Wextra -Wcast-align -Wcast-qual -Wformat -Wwrite-strings -Wconversion    -std=gnu++14 -o CMakeFiles/odri_control_interface_demo_testbench.dir/demos/demo_testbench.cpp.o -c /home/zihaoye/devel/workspace/src/odri_control_interface/demos/demo_testbench.cpp
[2.532s] make[2]: 离开目录“/home/zihaoye/devel/workspace/build/odri_control_interface”
[2.532s] /usr/bin/make -f CMakeFiles/odri_control_interface_pywrap.dir/build.make CMakeFiles/odri_control_interface_pywrap.dir/build
[2.537s] make[2]: 进入目录“/home/zihaoye/devel/workspace/build/odri_control_interface”
[2.543s] [ 75%] [32mBuilding CXX object CMakeFiles/odri_control_interface_pywrap.dir/srcpy/bindings.cpp.o[0m
[2.544s] /usr/bin/c++  -Dodri_control_interface_pywrap_EXPORTS -I/home/zihaoye/devel/workspace/build/odri_control_interface -I/home/zihaoye/devel/workspace/build/odri_control_interface/include -I/home/zihaoye/devel/workspace/src/odri_control_interface/include -isystem /usr/include/python3.8 -isystem /home/zihaoye/devel/workspace/install/master_board_sdk/include -isystem /usr/include/eigen3 -isystem /opt/ros/noetic/include -isystem /home/zihaoye/myenv/lib/python3.8/site-packages/numpy/core/include  -pedantic -Wno-long-long -Wall -Wextra -Wcast-align -Wcast-qual -Wformat -Wwrite-strings -Wconversion  -fPIC   -std=gnu++14 -o CMakeFiles/odri_control_interface_pywrap.dir/srcpy/bindings.cpp.o -c /home/zihaoye/devel/workspace/src/odri_control_interface/srcpy/bindings.cpp
[3.119s] [ 91%] [32m[1mLinking CXX executable odri_control_interface_demo_testbench[0m
[3.119s] [ 91%] [32m[1mLinking CXX executable odri_control_interface_demo_solo12[0m
[3.119s] /usr/bin/cmake -E cmake_link_script CMakeFiles/odri_control_interface_demo_solo12.dir/link.txt --verbose=1
[3.119s] /usr/bin/cmake -E cmake_link_script CMakeFiles/odri_control_interface_demo_testbench.dir/link.txt --verbose=1
[3.124s] /usr/bin/c++  -pedantic -Wno-long-long -Wall -Wextra -Wcast-align -Wcast-qual -Wformat -Wwrite-strings -Wconversion    CMakeFiles/odri_control_interface_demo_testbench.dir/demos/demo_testbench.cpp.o  -o odri_control_interface_demo_testbench  -Wl,-rpath,/home/zihaoye/devel/workspace/build/odri_control_interface:/home/zihaoye/devel/workspace/install/master_board_sdk/lib: libodri_control_interface.so /usr/lib/x86_64-linux-gnu/libyaml-cpp.so.0.6.2 /home/zihaoye/devel/workspace/install/master_board_sdk/lib/libmaster_board_sdk.so -lpthread 
[3.124s] /usr/bin/c++  -pedantic -Wno-long-long -Wall -Wextra -Wcast-align -Wcast-qual -Wformat -Wwrite-strings -Wconversion    CMakeFiles/odri_control_interface_demo_solo12.dir/demos/demo_solo12.cpp.o  -o odri_control_interface_demo_solo12  -Wl,-rpath,/home/zihaoye/devel/workspace/build/odri_control_interface:/home/zihaoye/devel/workspace/install/master_board_sdk/lib: libodri_control_interface.so /usr/lib/x86_64-linux-gnu/libyaml-cpp.so.0.6.2 /home/zihaoye/devel/workspace/install/master_board_sdk/lib/libmaster_board_sdk.so -lpthread 
[3.168s] make[2]: 离开目录“/home/zihaoye/devel/workspace/build/odri_control_interface”
[3.168s] make[2]: 离开目录“/home/zihaoye/devel/workspace/build/odri_control_interface”
[3.175s] [ 91%] Built target odri_control_interface_demo_solo12
[3.175s] [ 91%] Built target odri_control_interface_demo_testbench
[7.433s] [100%] [32m[1mLinking CXX shared library libodri_control_interface_pywrap.cpython-38-x86_64-linux-gnu.so[0m
[7.433s] /usr/bin/cmake -E cmake_link_script CMakeFiles/odri_control_interface_pywrap.dir/link.txt --verbose=1
[7.438s] /usr/bin/c++ -fPIC -pedantic -Wno-long-long -Wall -Wextra -Wcast-align -Wcast-qual -Wformat -Wwrite-strings -Wconversion   -shared -Wl,-soname,libodri_control_interface_pywrap.cpython-38-x86_64-linux-gnu.so -o libodri_control_interface_pywrap.cpython-38-x86_64-linux-gnu.so CMakeFiles/odri_control_interface_pywrap.dir/srcpy/bindings.cpp.o  -Wl,-rpath,/home/zihaoye/devel/workspace/build/odri_control_interface:/opt/ros/noetic/lib/x86_64-linux-gnu:/home/zihaoye/devel/workspace/install/master_board_sdk/lib: libodri_control_interface.so /opt/ros/noetic/lib/x86_64-linux-gnu/libeigenpy.so /usr/lib/x86_64-linux-gnu/libboost_python38.so /usr/lib/x86_64-linux-gnu/libyaml-cpp.so.0.6.2 /home/zihaoye/devel/workspace/install/master_board_sdk/lib/libmaster_board_sdk.so -lpthread 
[7.596s] make[2]: 离开目录“/home/zihaoye/devel/workspace/build/odri_control_interface”
[7.603s] [100%] Built target odri_control_interface_pywrap
[7.604s] make[1]: 离开目录“/home/zihaoye/devel/workspace/build/odri_control_interface”
[7.604s] /usr/bin/cmake -E cmake_progress_start /home/zihaoye/devel/workspace/build/odri_control_interface/CMakeFiles 0
[7.611s] Invoked command in '/home/zihaoye/devel/workspace/build/odri_control_interface' returned '0': CMAKE_MODULE_PATH=/home/zihaoye/devel/workspace/install/pybind11/share/cmake/pybind11 CMAKE_PREFIX_PATH=/home/zihaoye/devel/workspace/install/pybind11:/home/zihaoye/devel/workspace/install/mpi_cmake_modules:/home/zihaoye/devel/workspace/install/master_board_sdk:${CMAKE_PREFIX_PATH} LD_LIBRARY_PATH=/home/zihaoye/devel/workspace/install/master_board_sdk/lib:${LD_LIBRARY_PATH} PATH=/home/zihaoye/devel/workspace/install/mpi_cmake_modules/bin:/home/zihaoye/devel/workspace/install/master_board_sdk/bin:${PATH} PKG_CONFIG_PATH=/home/zihaoye/devel/workspace/install/master_board_sdk/lib/x86_64-linux-gnu/pkgconfig:/home/zihaoye/devel/workspace/install/master_board_sdk/lib/pkgconfig:${PKG_CONFIG_PATH} PS1=(myenv) \[\e]0;\u@\h: \w\a\]${debian_chroot:+($debian_chroot)}\[\033[01;32m\]\u@\h\[\033[00m\]:\[\033[01;34m\]\w\[\033[00m\]\$ PYTHONPATH=/home/zihaoye/devel/workspace/install/mpi_cmake_modules/lib/python3.8/site-packages:/home/zihaoye/devel/workspace/install/master_board_sdk/lib/python3.8/site-packages:${PYTHONPATH} /usr/bin/cmake --build /home/zihaoye/devel/workspace/build/odri_control_interface -- -j16 -l16
[7.620s] Invoking command in '/home/zihaoye/devel/workspace/build/odri_control_interface': CMAKE_MODULE_PATH=/home/zihaoye/devel/workspace/install/pybind11/share/cmake/pybind11 CMAKE_PREFIX_PATH=/home/zihaoye/devel/workspace/install/pybind11:/home/zihaoye/devel/workspace/install/mpi_cmake_modules:/home/zihaoye/devel/workspace/install/master_board_sdk:${CMAKE_PREFIX_PATH} LD_LIBRARY_PATH=/home/zihaoye/devel/workspace/install/master_board_sdk/lib:${LD_LIBRARY_PATH} PATH=/home/zihaoye/devel/workspace/install/mpi_cmake_modules/bin:/home/zihaoye/devel/workspace/install/master_board_sdk/bin:${PATH} PKG_CONFIG_PATH=/home/zihaoye/devel/workspace/install/master_board_sdk/lib/x86_64-linux-gnu/pkgconfig:/home/zihaoye/devel/workspace/install/master_board_sdk/lib/pkgconfig:${PKG_CONFIG_PATH} PS1=(myenv) \[\e]0;\u@\h: \w\a\]${debian_chroot:+($debian_chroot)}\[\033[01;32m\]\u@\h\[\033[00m\]:\[\033[01;34m\]\w\[\033[00m\]\$ PYTHONPATH=/home/zihaoye/devel/workspace/install/mpi_cmake_modules/lib/python3.8/site-packages:/home/zihaoye/devel/workspace/install/master_board_sdk/lib/python3.8/site-packages:${PYTHONPATH} /usr/bin/cmake --install /home/zihaoye/devel/workspace/build/odri_control_interface
[7.625s] -- Install configuration: ""
[7.632s] /usr/bin/cmake -S/home/zihaoye/devel/workspace/src/odri_control_interface -B/home/zihaoye/devel/workspace/build/odri_control_interface --check-build-system CMakeFiles/Makefile.cmake 0
[7.638s] /usr/bin/make -f CMakeFiles/Makefile2 uninstall
[7.640s] make[1]: 进入目录“/home/zihaoye/devel/workspace/build/odri_control_interface”
[7.640s] /usr/bin/cmake -S/home/zihaoye/devel/workspace/src/odri_control_interface -B/home/zihaoye/devel/workspace/build/odri_control_interface --check-build-system CMakeFiles/Makefile.cmake 0
[7.646s] /usr/bin/cmake -E cmake_progress_start /home/zihaoye/devel/workspace/build/odri_control_interface/CMakeFiles 0
[7.652s] /usr/bin/make -f CMakeFiles/Makefile2 CMakeFiles/uninstall.dir/all
[7.653s] make[2]: 进入目录“/home/zihaoye/devel/workspace/build/odri_control_interface”
[7.653s] /usr/bin/make -f CMakeFiles/uninstall.dir/build.make CMakeFiles/uninstall.dir/depend
[7.654s] make[3]: 进入目录“/home/zihaoye/devel/workspace/build/odri_control_interface”
[7.655s] cd /home/zihaoye/devel/workspace/build/odri_control_interface && /usr/bin/cmake -E cmake_depends "Unix Makefiles" /home/zihaoye/devel/workspace/src/odri_control_interface /home/zihaoye/devel/workspace/src/odri_control_interface /home/zihaoye/devel/workspace/build/odri_control_interface /home/zihaoye/devel/workspace/build/odri_control_interface /home/zihaoye/devel/workspace/build/odri_control_interface/CMakeFiles/uninstall.dir/DependInfo.cmake --color=
[7.661s] Scanning dependencies of target uninstall
[7.661s] make[3]: 离开目录“/home/zihaoye/devel/workspace/build/odri_control_interface”
[7.661s] /usr/bin/make -f CMakeFiles/uninstall.dir/build.make CMakeFiles/uninstall.dir/build
[7.663s] make[3]: 进入目录“/home/zihaoye/devel/workspace/build/odri_control_interface”
[7.663s] /usr/bin/cmake -DPACKAGE_CREATES_DOT_CATKIN=TRUE -P /home/zihaoye/devel/workspace/build/odri_control_interface/cmake/cmake_uninstall.cmake
[7.668s] make[3]: 离开目录“/home/zihaoye/devel/workspace/build/odri_control_interface”
[7.674s] Built target uninstall
[7.675s] make[2]: 离开目录“/home/zihaoye/devel/workspace/build/odri_control_interface”
[7.675s] /usr/bin/cmake -E cmake_progress_start /home/zihaoye/devel/workspace/build/odri_control_interface/CMakeFiles 0
[7.680s] make[1]: 离开目录“/home/zihaoye/devel/workspace/build/odri_control_interface”
[7.681s] -- Installing: /home/zihaoye/devel/workspace/install/odri_control_interface/include/odri/control/interface/config.hh
[7.681s] -- Installing: /home/zihaoye/devel/workspace/install/odri_control_interface/include/odri/control/interface/deprecated.hh
[7.681s] -- Installing: /home/zihaoye/devel/workspace/install/odri_control_interface/include/odri/control/interface/warning.hh
[7.681s] -- Installing: /home/zihaoye/devel/workspace/install/odri_control_interface/lib/libodri_control_interface.so
[7.682s] -- Set runtime path of "/home/zihaoye/devel/workspace/install/odri_control_interface/lib/libodri_control_interface.so" to ""
[7.682s] -- Up-to-date: /home/zihaoye/devel/workspace/install/odri_control_interface/include
[7.682s] -- Installing: /home/zihaoye/devel/workspace/install/odri_control_interface/include/odri_control_interface
[7.682s] -- Installing: /home/zihaoye/devel/workspace/install/odri_control_interface/include/odri_control_interface/joint_modules.hpp
[7.682s] -- Installing: /home/zihaoye/devel/workspace/install/odri_control_interface/include/odri_control_interface/device.hpp
[7.683s] -- Installing: /home/zihaoye/devel/workspace/install/odri_control_interface/include/odri_control_interface/imu.hpp
[7.683s] -- Installing: /home/zihaoye/devel/workspace/install/odri_control_interface/include/odri_control_interface/common.hpp
[7.683s] -- Installing: /home/zihaoye/devel/workspace/install/odri_control_interface/include/odri_control_interface/robot.hpp
[7.683s] -- Installing: /home/zihaoye/devel/workspace/install/odri_control_interface/include/odri_control_interface/calibration.hpp
[7.683s] -- Installing: /home/zihaoye/devel/workspace/install/odri_control_interface/include/odri_control_interface/utils.hpp
[7.683s] -- Installing: /home/zihaoye/devel/workspace/install/odri_control_interface/lib/python3.8/site-packages/libodri_control_interface_pywrap.cpython-38-x86_64-linux-gnu.so
[7.685s] -- Set runtime path of "/home/zihaoye/devel/workspace/install/odri_control_interface/lib/python3.8/site-packages/libodri_control_interface_pywrap.cpython-38-x86_64-linux-gnu.so" to "$ORIGIN/../../../lib"
[7.685s] -- Installing: /home/zihaoye/devel/workspace/install/odri_control_interface/bin/odri_control_interface_demo_solo12
[7.685s] -- Set runtime path of "/home/zihaoye/devel/workspace/install/odri_control_interface/bin/odri_control_interface_demo_solo12" to ""
[7.686s] -- Installing: /home/zihaoye/devel/workspace/install/odri_control_interface/bin/odri_control_interface_demo_testbench
[7.686s] -- Set runtime path of "/home/zihaoye/devel/workspace/install/odri_control_interface/bin/odri_control_interface_demo_testbench" to ""
[7.686s] -- Installing: /home/zihaoye/devel/workspace/install/odri_control_interface/lib/pkgconfig/odri_control_interface.pc
[7.686s] -- Installing: /home/zihaoye/devel/workspace/install/odri_control_interface/lib/cmake/odri_control_interface/cxx-standard.cmake
[7.686s] -- Installing: /home/zihaoye/devel/workspace/install/odri_control_interface/lib/cmake/odri_control_interface/odri_control_interfaceConfig.cmake
[7.686s] -- Installing: /home/zihaoye/devel/workspace/install/odri_control_interface/lib/cmake/odri_control_interface/odri_control_interfaceConfigVersion.cmake
[7.686s] -- Installing: /home/zihaoye/devel/workspace/install/odri_control_interface/lib/cmake/odri_control_interface/odri_control_interfaceTargets.cmake
[7.686s] -- Installing: /home/zihaoye/devel/workspace/install/odri_control_interface/lib/cmake/odri_control_interface/odri_control_interfaceTargets-noconfig.cmake
[7.687s] Invoked command in '/home/zihaoye/devel/workspace/build/odri_control_interface' returned '0': CMAKE_MODULE_PATH=/home/zihaoye/devel/workspace/install/pybind11/share/cmake/pybind11 CMAKE_PREFIX_PATH=/home/zihaoye/devel/workspace/install/pybind11:/home/zihaoye/devel/workspace/install/mpi_cmake_modules:/home/zihaoye/devel/workspace/install/master_board_sdk:${CMAKE_PREFIX_PATH} LD_LIBRARY_PATH=/home/zihaoye/devel/workspace/install/master_board_sdk/lib:${LD_LIBRARY_PATH} PATH=/home/zihaoye/devel/workspace/install/mpi_cmake_modules/bin:/home/zihaoye/devel/workspace/install/master_board_sdk/bin:${PATH} PKG_CONFIG_PATH=/home/zihaoye/devel/workspace/install/master_board_sdk/lib/x86_64-linux-gnu/pkgconfig:/home/zihaoye/devel/workspace/install/master_board_sdk/lib/pkgconfig:${PKG_CONFIG_PATH} PS1=(myenv) \[\e]0;\u@\h: \w\a\]${debian_chroot:+($debian_chroot)}\[\033[01;32m\]\u@\h\[\033[00m\]:\[\033[01;34m\]\w\[\033[00m\]\$ PYTHONPATH=/home/zihaoye/devel/workspace/install/mpi_cmake_modules/lib/python3.8/site-packages:/home/zihaoye/devel/workspace/install/master_board_sdk/lib/python3.8/site-packages:${PYTHONPATH} /usr/bin/cmake --install /home/zihaoye/devel/workspace/build/odri_control_interface
