This file contains any messages produced by compilers while
running CMake, to aid debugging if configure makes a mistake.

It was created by odri_control_interface CMake configuration process 1.0.1, which was
generated by CMake 3.16.3.

## --------- ##
## Platform. ##
## --------- ##

hostname = zihaoye-Legion-Y7000P-IAH7
system = Linux-5.15.0-134-generic
processor = x86_64
generator = Unix Makefiles

PATH /home/zihaoye/devel/workspace/install/mpi_cmake_modules/bin
PATH /home/zihaoye/devel/workspace/install/master_board_sdk/bin
PATH /opt/ros/noetic/bin
PATH /home/zihaoye/myenv/bin
PATH /home/zihaoye/.local/bin
PATH /usr/local/sbin
PATH /usr/local/bin
PATH /usr/sbin
PATH /usr/bin
PATH /sbin
PATH /bin
PATH /usr/games
PATH /usr/local/games
PATH /snap/bin
PATH /usr/local/go/bin
PATH /usr/local/go/bin

PKG_CONFIG_PATH /home/zihaoye/devel/workspace/install/master_board_sdk/lib/x86_64-linux-gnu/pkgconfig
PKG_CONFIG_PATH /home/zihaoye/devel/workspace/install/master_board_sdk/lib/pkgconfig
PKG_CONFIG_PATH /opt/ros/noetic/lib/pkgconfig
PKG_CONFIG_PATH /opt/ros/noetic/lib/x86_64-linux-gnu/pkgconfig

## ---------------- ##
## CMake variables. ##
## ---------------- ##

CMAKE_ROOT = /usr/share/cmake-3.16
CMAKE_INCLUDE_PATH = 
CMAKE_LIBRARY_PATH = 
CMAKE_PREFIX_PATH = 
CMAKE_INSTALL_ALWAYS = 
CMAKE_SKIP_RPATH = NO
CMAKE_SUPPRESS_REGENERATION = 
BUILD_SHARED_LIBS = 

CMAKE_INSTALL_PREFIX = /home/zihaoye/devel/workspace/install/odri_control_interface
PROJECT_SOURCE_DIR = /home/zihaoye/devel/workspace/src/odri_control_interface
PROJECT_SOURCE_DIR = /home/zihaoye/devel/workspace/src/odri_control_interface
PROJECT_BINARY_DIR = /home/zihaoye/devel/workspace/build/odri_control_interface
CMAKE_BINARY_DIR = /home/zihaoye/devel/workspace/build/odri_control_interface

CMAKE_AR = /usr/bin/ar
CMAKE_RANLIB = /usr/bin/ranlib
CMAKE_BUILD_TYPE = 
CMAKE_CONFIGURATION_TYPES = 
CMAKE_SHARED_LINKER_FLAGS = 

CMAKE_C_COMPILER = 
CMAKE_C_FLAGS = 
CMAKE_C_FLAGS_DEBUG = 
CMAKE_C_FLAGS_RELEASE = 
CMAKE_CXX_COMPILER = /usr/bin/c++
CMAKE_CXX_FLAGS = -pedantic -Wno-long-long -Wall -Wextra -Wcast-align -Wcast-qual -Wformat -Wwrite-strings -Wconversion 
CMAKE_CXX_FLAGS_DEBUG = -g
CMAKE_CXX_FLAGS_RELEASE = -O3 -DNDEBUG
CMAKE_CXX_FLAGS_RELWITHDEBINFO = -O2 -g -DNDEBUG

CMAKE_STATIC_LIBRARY_PREFIX = lib
CMAKE_STATIC_LIBRARY_SUFFIX = .a
CMAKE_SHARED_LIBRARY_PREFIX = lib
CMAKE_SHARED_LIBRARY_SUFFIX = .so
CMAKE_SHARED_MODULE_PREFIX = lib
CMAKE_SHARED_MODULE_SUFFIX = .so

## ------------------ ##
## Watched variables. ##
## ------------------ ##

WARNING_CXX_FLAGS = -pedantic -Wno-long-long -Wall -Wextra -Wcast-align -Wcast-qual -Wformat -Wwrite-strings -Wconversion
_PKG_CONFIG_FOUND = undefined
PKG_CONFIG_EXECUTABLE = /usr/bin/pkg-config
_PKG_CONFIG_PREFIX = ${pcfiledir}/../..
_PKG_CONFIG_EXEC_PREFIX = ${pcfiledir}/../..
_PKG_CONFIG_LIBDIR = ${pcfiledir}/../../lib
_PKG_CONFIG_BINDIR = ${pcfiledir}/../../bin
_PKG_CONFIG_PKGLIBDIR = ${pcfiledir}/../../lib/odri_control_interface
_PKG_CONFIG_INCLUDEDIR = ${pcfiledir}/../../include
_PKG_CONFIG_DATAROOTDIR = ${pcfiledir}/../../share
_PKG_CONFIG_PKGDATAROOTDIR = ${pcfiledir}/../../share
_PKG_CONFIG_DOCDIR = ${pcfiledir}/../../share/doc/odri_control_interface
_PKG_CONFIG_DOXYGENDOCDIR = ${pcfiledir}/../../share/doc/odri_control_interface/doxygen-html
_PKG_CONFIG_PROJECT_NAME = odri_control_interface
_PKG_CONFIG_DESCRIPTION = Common interface for controlling robots build with the odri master board.
_PKG_CONFIG_URL = https://github.com/open-dynamic-robot-initiative/odri_control_interface
_PKG_CONFIG_VERSION = 1.0.1
_PKG_CONFIG_REQUIRES = eigen3 >= 3.0.5;eigenpy >= 2.7.10
_PKG_CONFIG_REQUIRES_DEBUG = 
_PKG_CONFIG_REQUIRES_OPTIMIZED = 
_PKG_CONFIG_COMPILE_TIME_REQUIRES = 
_PKG_CONFIG_CONFLICTS = 
_PKG_CONFIG_LIBS = 
_PKG_CONFIG_LIBS_DEBUG = -L${libdir}
_PKG_CONFIG_LIBS_OPTIMIZED = -L${libdir}
_PKG_CONFIG_LIBS_PRIVATE = 
_PKG_CONFIG_CFLAGS = -I${includedir}
_PKG_CONFIG_CFLAGS_DEBUG = 
_PKG_CONFIG_CFLAGS_OPTIMIZED = 
_PKG_CONFIG_FILENAME = odri_control_interface.pc
PKG_CONFIG_EXTRA = 
PYTHONINTERP_FOUND = undefined
PYTHONLIBS_FOUND = TRUE
PYTHON_LIBRARY_DIRS = /usr/lib/x86_64-linux-gnu
PYTHONLIBS_VERSION_STRING = 3.8.10
PYTHON_EXECUTABLE = /home/zihaoye/myenv/bin/python
PYTHON_SOABI = .cpython-38-x86_64-linux-gnu
PYTHON_EXT_SUFFIX = .cpython-38-x86_64-linux-gnu.so
Boost_PYTHON38_FOUND = ON
Boost_PYTHON38_LIBRARY = /usr/lib/x86_64-linux-gnu/libboost_python38.so
Boost_PYTHON38_LIBRARY_DEBUG = /usr/lib/x86_64-linux-gnu/libboost_python38.so
Boost_PYTHON38_LIBRARY_RELEASE = /usr/lib/x86_64-linux-gnu/libboost_python38.so
Boost_PYTHON_LIBRARY = /usr/lib/x86_64-linux-gnu/libboost_python38.so
## ---------------- ##
## Watched targets. ##
## ---------------- ##

